------------------------------------------------------------
Running PITOT3 version: 16-Dec-2023
------------------------------------------------------------
Let's get started, shall we:
Calculation mode is 'fully_theoretical'.
Chosen facility is 'HYPULSE_rst_Mach_8_to_10_nozzle_area_ratio_175'.
Facility type is 'reflected_shock_tunnel'.
------------------------------------------------------------
Setting up facility driver condition.
Chosen driver condition is 'HYPULSE_RST_M8_driver_condition'.
Driver gas model is CEAGas.
Driver gas composition is {'Ar': 0.6, 'O2': 0.133, 'H2': 0.267} (by moles) (gam = 1.41, R = 289.07 J/kg K).
Driver rupture conditions are p4 = 37.31 MPa, T4 = 3861.00 K, M_throat = 0.00.
------------------------------------------------------------
The configuration in the driven tube is as follows:
test_gas_file_name =  None
shock_tube_fill_state_name =  s1
Test gas is n2-o2-with-ions. Test gas gas model is CEAGas.
Shock tube fill pressure (p1) is 58570.21 Pa.
Shock tube fill temperature (T1) is 298.15 K.
Nozzle area ratio is 175.0.
------------------------------------------------------------
Facility_State(state s5: p = 22622285.72 Pa, T = 3985.67 K, rho = 1.93e+01 kg/m**3, gam = 1.17, R = 293.45 J/kg K, V = 0.00 m/s, M = 0.00)
species in s5 at equilibrium (by moles): 
{'N': 9.555e-05, 'N2': 0.729, 'N2O': 8.178e-05, 'O': 0.0362, 'O2': 0.142, 'NO': 0.0924, 'NO2': 4.013e-04}
The total enthalpy (Ht) at state s5 is 5.18 MJ/kg.
------------------------------------------------------------
Facility_State(state s5d: p = 29885268.14 Pa, T = 4903.44 K, rho = 2.11e+01 kg/m**3, gam = 1.40, R = 289.07 J/kg K, V = 0.00 m/s, M = 0.00)
species in s5d at equilibrium (by moles): 
{'Ar': 0.6, 'O2': 0.133, 'H2': 0.267}
The total enthalpy (Ht) at state s5d is 4.33 MJ/kg.
------------------------------------------------------------
Starting steady expansion through the nozzle using an area ratio of 175.0
Due to the fact that this is a reflected shock simulation, we must first expand to the throat condition (state 6).
M6 expected is 1.0 and M6 found is 0.9961.
M6 is just below 1.0 so it is being set to 1.0 so the code can continue.
The velocity has also been slightly adjusted from 1127.8298 m/s to 1132.3008 m/s.
Facility_State(state s6: p = 12779355.93 Pa, T = 3632.92 K, rho = 1.21e+01 kg/m**3, gam = 1.18, R = 291.63 J/kg K, V = 1132.30 m/s, M = 1.00)
species in s6 at equilibrium (by moles): 
{'N': 3.101e-05, 'N2': 0.743, 'N2O': 4.925e-05, 'O': 0.0239, 'O2': 0.157, 'NO': 0.0756, 'NO2': 3.008e-04}
The total enthalpy (Ht) at state s6 is 5.18 MJ/kg.
Facility_State(state s8: p = 4481.15 Pa, T = 621.02 K, rho = 2.50e-02 kg/m**3, gam = 1.37, R = 288.20 J/kg K, V = 3113.96 m/s, M = 6.28)
species in s8 at equilibrium (by moles): 
{'N2': 0.79, 'O2': 0.21}
The total enthalpy (Ht) at state s8 is 5.18 MJ/kg.
------------------------------------------------------------
Starting frozen normal shock calculation over the test model.
Facility_State(state s10f: p = 204007.73 Pa, T = 5037.25 K, rho = 1.41e-01 kg/m**3, gam = 1.37, R = 288.20 J/kg K, V = 554.81 m/s, M = 0.39)
------------------------------------------------------------
Starting equilibrium normal shock calculation over the test model.
Facility_State(state s10e: p = 217580.00 Pa, T = 3485.07 K, rho = 2.05e-01 kg/m**3, gam = 1.09, R = 304.88 J/kg K, V = 380.76 m/s, M = 0.34)
species in s10e at equilibrium (by moles): 
{'N': 1.185e-04, 'N2': 0.719, 'N2O': 4.641e-06, 'O': 0.109, 'O2': 0.116, 'NO': 0.0561, 'NO2': 2.683e-05}
The total enthalpy (Ht) at state s10e is 5.18 MJ/kg.
------------------------------------------------------------
Test completed. Printing output now.
------------------------------------------------------------
PITOT3 Version 16-Dec-2023 doing a reflected_shock_tunnel calculation.
Calculation mode is 'fully_theoretical'.
Facility is 'HYPULSE_rst_Mach_8_to_10_nozzle_area_ratio_175'.
Driver condition is 'HYPULSE_RST_M8_driver_condition'. Driver gas model is CEAGas.
Driver gas composition is {'Ar': 0.6, 'O2': 0.133, 'H2': 0.267} (by moles) (gam = 1.41, R = 289.07 J/kg K).
Nozzle area ratio is 175.0.
Test gas (s1) is n2-o2-with-ions. Test gas gas model is CEAGas.
Test gas composition is {'N2': 0.79, 'O2': 0.21} (by moles) (gam = 1.40, R = 288.20 J/kg K)
vs1 = 2219.69 m/s, Ms1 = 6.40
state p         T       a     v       M     rho      pitot_p stgn_p Ht     h    
      Pa        K       m/s   m/s           kg/m^3   kPa     MPa    MJ/kg  MJ/kg
s4    3.731e+07 3861.0  1257  0.0     0.00  33.42900 37310   37.31  3.29   3.29 
s1    58570.21  298.15  347   0.0     0.00  0.68164  58.6    0.06   0.00   0.00 
s2    2.892e+06 2301.6  915   1872.6  2.05  4.35909  15954   24.28  4.16   2.40 
s3    2.892e+06 1774.0  866   1872.6  2.16  5.63930  19464   29.88  3.05   1.29 
s5    2.262e+07 3985.7  1189  0.0     0.00  19.34200 22622   22.62  5.18   5.18 
s5d   2.989e+07 4903.4  1409  0.0     0.00  21.08400 29885   29.89  4.33   4.33 
s6    1.278e+07 3632.9  1132  1132.3  1.00  12.06200 22720   22.72  5.18   4.54 
s8    4481.148  621.02  496   3114.0  6.28  2.50e-02 232.9   22.72  5.18   0.33 
s10f  204007.7  5037.3  1411  554.8   0.39  0.14053  226.5   0.23   -     -     
s10e  217580.0  3485.1  1115  380.8   0.34  0.20477  232.9   0.23   5.18   5.11 
The freestream (s8) total temperature (Tt) is 3988.44 K.
The freestream (s8) flight equivalent velocity (Ue) is 3219.16 m/s.
Freestream (s8) unit Reynolds number is 2476487.08 /m (related mu is 3.15e-05 Pa.s).
Post normal shock equilibrium (s10e) unit Reynolds number is 743749.33 /m (related mu is 1.05e-04 Pa.s).
Species in the freestream state (s8) at equilibrium (by moles):
{'N2': 0.79, 'O2': 0.21}
Species in the shock layer at equilibrium (s10e) (by moles):
{'N': 1.185e-04, 'N2': 0.719, 'N2O': 4.641e-06, 'O': 0.109, 'O2': 0.116, 'NO': 0.0561, 'NO2': 2.683e-05}
This FacilityState does not have a reference gas state which is required to calculate enthalpy.
None will be returned.
This FacilityState does not have a reference gas state which is required to calculate the flight equivalent velocity.
None will be returned.
------------------------------------------------------------
Exporting facility states data to the json file HYPULSE_RST_M8_condition_builder_38.json.
------------------------------------------------------------
Cannot return the total enthalpy as PITOT3 failed to calculate it.
Will return None.
Total enthalpy could not be calculated, so the flight equivalent velocity could not be calculated either.
self.flight_equivalent_velocity will be set to None.
Cannot return the flight equivalent velocity as PITOT3 failed to calculate it.
Will return None.
This FacilityState does not have a reference gas state which is required to calculate enthalpy.
None will be returned.
This FacilityState does not have a reference gas state which is required to calculate the flight equivalent velocity.
None will be returned.
------------------------------------------------------------
Removing temporary files created during the running of the program.
------------------------------------------------------------
------------------------------------------------------------
Run finished successfully.
------------------------------------------------------------
