------------------------------------------------------------
Running PITOT3 version: 16-Dec-2023
------------------------------------------------------------
Let's get started, shall we:
Calculation mode is 'fully_theoretical'.
Chosen facility is 'HYPULSE_rst_Mach_8_to_10_nozzle_area_ratio_175'.
Facility type is 'reflected_shock_tunnel'.
------------------------------------------------------------
Setting up facility driver condition.
Chosen driver condition is 'HYPULSE_RST_M8_driver_condition'.
Driver gas model is CEAGas.
Driver gas composition is {'Ar': 0.6, 'O2': 0.133, 'H2': 0.267} (by moles) (gam = 1.41, R = 289.07 J/kg K).
Driver rupture conditions are p4 = 37.31 MPa, T4 = 3861.00 K, M_throat = 0.00.
------------------------------------------------------------
The configuration in the driven tube is as follows:
test_gas_file_name =  None
shock_tube_fill_state_name =  s1
Test gas is n2-o2-with-ions. Test gas gas model is CEAGas.
Shock tube fill pressure (p1) is 394420.61 Pa.
Shock tube fill temperature (T1) is 298.15 K.
Nozzle area ratio is 175.0.
------------------------------------------------------------
Facility_State(state s5: p = 53671089.66 Pa, T = 2213.89 K, rho = 8.41e+01 kg/m**3, gam = 1.27, R = 288.15 J/kg K, V = 0.00 m/s, M = 0.00)
species in s5 at equilibrium (by moles): 
{'N2': 0.784, 'N2O': 1.648e-05, 'O': 5.741e-05, 'O2': 0.203, 'NO': 0.0128, 'NO2': 3.673e-04}
The total enthalpy (Ht) at state s5 is 2.28 MJ/kg.
------------------------------------------------------------
Facility_State(state s5d: p = 35570215.69 Pa, T = 4131.19 K, rho = 2.98e+01 kg/m**3, gam = 1.41, R = 289.07 J/kg K, V = 0.00 m/s, M = 0.00)
species in s5d at equilibrium (by moles): 
{'Ar': 0.6, 'O2': 0.133, 'H2': 0.267}
The total enthalpy (Ht) at state s5d is 3.55 MJ/kg.
------------------------------------------------------------
Starting steady expansion through the nozzle using an area ratio of 175.0
Due to the fact that this is a reflected shock simulation, we must first expand to the throat condition (state 6).
M6 expected is 1.0 and M6 found is 1.0058.
Facility_State(state s6: p = 29277254.67 Pa, T = 1943.46 K, rho = 5.23e+01 kg/m**3, gam = 1.28, R = 288.17 J/kg K, V = 851.61 m/s, M = 1.01)
species in s6 at equilibrium (by moles): 
{'N2': 0.787, 'N2O': 6.269e-06, 'O': 1.137e-05, 'O2': 0.207, 'NO': 0.00647, 'NO2': 2.105e-04}
The total enthalpy (Ht) at state s6 is 2.28 MJ/kg.
Facility_State(state s8: p = 7598.77 Pa, T = 225.05 K, rho = 1.17e-01 kg/m**3, gam = 1.40, R = 288.20 J/kg K, V = 2169.93 m/s, M = 7.20)
species in s8 at equilibrium (by moles): 
{'N2': 0.79, 'O2': 0.21}
The total enthalpy (Ht) at state s8 is 2.28 MJ/kg.
------------------------------------------------------------
Starting frozen normal shock calculation over the test model.
Facility_State(state s10f: p = 458506.63 Pa, T = 2479.85 K, rho = 6.42e-01 kg/m**3, gam = 1.40, R = 288.20 J/kg K, V = 396.27 m/s, M = 0.40)
------------------------------------------------------------
Starting equilibrium normal shock calculation over the test model.
Facility_State(state s10e: p = 473950.00 Pa, T = 2170.12 K, rho = 7.58e-01 kg/m**3, gam = 1.26, R = 288.26 J/kg K, V = 335.55 m/s, M = 0.38)
species in s10e at equilibrium (by moles): 
{'N2': 0.784, 'N2O': 1.406e-06, 'O': 4.624e-04, 'O2': 0.204, 'NO': 0.0116, 'NO2': 3.329e-05}
The total enthalpy (Ht) at state s10e is 2.28 MJ/kg.
------------------------------------------------------------
Test completed. Printing output now.
------------------------------------------------------------
PITOT3 Version 16-Dec-2023 doing a reflected_shock_tunnel calculation.
Calculation mode is 'fully_theoretical'.
Facility is 'HYPULSE_rst_Mach_8_to_10_nozzle_area_ratio_175'.
Driver condition is 'HYPULSE_RST_M8_driver_condition'. Driver gas model is CEAGas.
Driver gas composition is {'Ar': 0.6, 'O2': 0.133, 'H2': 0.267} (by moles) (gam = 1.41, R = 289.07 J/kg K).
Nozzle area ratio is 175.0.
Test gas (s1) is n2-o2-with-ions. Test gas gas model is CEAGas.
Test gas composition is {'N2': 0.79, 'O2': 0.21} (by moles) (gam = 1.40, R = 288.20 J/kg K)
vs1 = 1472.63 m/s, Ms1 = 4.25
state p         T       a     v       M     rho      pitot_p stgn_p Ht     h    
      Pa        K       m/s   m/s           kg/m^3   kPa     MPa    MJ/kg  MJ/kg
s4    3.731e+07 3861.0  1257  0.0     0.00  33.42900 37310   37.31  3.29   3.29 
s1    394420.6  298.15  347   0.0     0.00  4.59030  394.4   0.39   0.00   0.00 
s2    8.393e+06 1246.5  688   1183.3  1.72  23.36547 34906   41.77  1.74   1.04 
s3    8.393e+06 2470.0  1014  1183.3  1.17  11.75500 19715   19.80  2.64   1.94 
s5    5.367e+07 2213.9  899   0.0     0.00  84.13400 53671   53.67  2.28   2.28 
s5d   3.557e+07 4131.2  1298  0.0     0.00  29.78600 35570   35.57  3.55   3.55 
s6    2.928e+07 1943.5  847   851.6   1.01  52.27700 53669   53.67  2.28   1.92 
s8    7598.766  225.05  301   2169.9  7.20  0.11716  518.1   53.67  2.28   -0.07
s10f  458506.6  2479.9  1000  396.3   0.40  0.64155  510.9   0.51   -     -     
s10e  473950.0  2170.1  890   335.5   0.38  0.75766  518.1   0.52   2.28   2.22 
The freestream (s8) total temperature (Tt) is 2213.89 K.
The freestream (s8) flight equivalent velocity (Ue) is 2135.63 m/s.
Freestream (s8) unit Reynolds number is 16982532.22 /m (related mu is 1.50e-05 Pa.s).
Post normal shock equilibrium (s10e) unit Reynolds number is 3465350.48 /m (related mu is 7.34e-05 Pa.s).
Species in the freestream state (s8) at equilibrium (by moles):
{'N2': 0.79, 'O2': 0.21}
Species in the shock layer at equilibrium (s10e) (by moles):
{'N2': 0.784, 'N2O': 1.406e-06, 'O': 4.624e-04, 'O2': 0.204, 'NO': 0.0116, 'NO2': 3.329e-05}
This FacilityState does not have a reference gas state which is required to calculate enthalpy.
None will be returned.
This FacilityState does not have a reference gas state which is required to calculate the flight equivalent velocity.
None will be returned.
------------------------------------------------------------
Exporting facility states data to the json file HYPULSE_RST_M8_condition_builder_79.json.
------------------------------------------------------------
math domain error
Failed to calculate flight equivalent velocity.
self.flight_equivalent_velocity will be set to None.
Cannot return the flight equivalent velocity as PITOT3 failed to calculate it.
Will return None.
This FacilityState does not have a reference gas state which is required to calculate enthalpy.
None will be returned.
This FacilityState does not have a reference gas state which is required to calculate the flight equivalent velocity.
None will be returned.
------------------------------------------------------------
Removing temporary files created during the running of the program.
------------------------------------------------------------
------------------------------------------------------------
Run finished successfully.
------------------------------------------------------------
