------------------------------------------------------------
Running PITOT3 version: 16-Dec-2023
------------------------------------------------------------
Let's get started, shall we:
Calculation mode is 'fully_theoretical'.
Chosen facility is 'HYPULSE_rst_Mach_8_to_10_nozzle_area_ratio_175'.
Facility type is 'reflected_shock_tunnel'.
------------------------------------------------------------
Setting up facility driver condition.
Chosen driver condition is 'HYPULSE_RST_M8_driver_condition'.
Driver gas model is CEAGas.
Driver gas composition is {'Ar': 0.6, 'O2': 0.133, 'H2': 0.267} (by moles) (gam = 1.41, R = 289.07 J/kg K).
Driver rupture conditions are p4 = 37.31 MPa, T4 = 3861.00 K, M_throat = 0.00.
------------------------------------------------------------
The configuration in the driven tube is as follows:
test_gas_file_name =  None
shock_tube_fill_state_name =  s1
Test gas is n2-o2-with-ions. Test gas gas model is CEAGas.
Shock tube fill pressure (p1) is 14508.29 Pa.
Shock tube fill temperature (T1) is 298.15 K.
Nozzle area ratio is 175.0.
------------------------------------------------------------
Facility_State(state s5: p = 9970510.98 Pa, T = 5023.05 K, rho = 6.29e+00 kg/m**3, gam = 1.13, R = 315.74 J/kg K, V = 0.00 m/s, M = 0.00)
species in s5 at equilibrium (by moles): 
{'N': 0.00287, 'N2': 0.671, 'N2O': 6.046e-05, 'O': 0.172, 'O2': 0.0568, 'NO': 0.0976, 'O-': 2.570e-06, 'NO2': 1.342e-04, 'NO+': 1.170e-05}
The total enthalpy (Ht) at state s5 is 8.01 MJ/kg.
------------------------------------------------------------
Facility_State(state s5d: p = 22928912.66 Pa, T = 5912.05 K, rho = 1.34e+01 kg/m**3, gam = 1.39, R = 289.07 J/kg K, V = 0.00 m/s, M = 0.00)
species in s5d at equilibrium (by moles): 
{'Ar': 0.6, 'O2': 0.133, 'H2': 0.267}
The total enthalpy (Ht) at state s5d is 5.35 MJ/kg.
------------------------------------------------------------
Starting steady expansion through the nozzle using an area ratio of 175.0
Due to the fact that this is a reflected shock simulation, we must first expand to the throat condition (state 6).
M6 expected is 1.0 and M6 found is 0.9862.
M6 is just below 1.0 so it is being set to 1.0 so the code can continue.
The velocity has also been slightly adjusted from 1299.4691 m/s to 1317.6001 m/s.
Facility_State(state s6: p = 5700496.65 Pa, T = 4612.18 K, rho = 3.97e+00 kg/m**3, gam = 1.12, R = 311.59 J/kg K, V = 1317.60 m/s, M = 1.00)
species in s6 at equilibrium (by moles): 
{'N': 0.00135, 'N2': 0.684, 'N2O': 4.220e-05, 'O': 0.149, 'O2': 0.0732, 'NO': 0.0927, 'NO2': 1.201e-04, 'NO+': 5.152e-06}
The total enthalpy (Ht) at state s6 is 8.03 MJ/kg.
Facility_State(state s8: p = 2730.35 Pa, T = 1192.58 K, rho = 7.94e-03 kg/m**3, gam = 1.32, R = 288.20 J/kg K, V = 3755.62 m/s, M = 5.57)
species in s8 at equilibrium (by moles): 
{'N2': 0.79, 'O2': 0.21, 'NO': 1.849e-04}
The total enthalpy (Ht) at state s8 is 8.03 MJ/kg.
------------------------------------------------------------
Starting frozen normal shock calculation over the test model.
Facility_State(state s10f: p = 96184.18 Pa, T = 6971.74 K, rho = 4.79e-02 kg/m**3, gam = 1.32, R = 288.20 J/kg K, V = 623.23 m/s, M = 0.38)
------------------------------------------------------------
Starting equilibrium normal shock calculation over the test model.
Facility_State(state s10e: p = 102600.00 Pa, T = 4174.95 K, rho = 7.31e-02 kg/m**3, gam = 1.14, R = 336.39 J/kg K, V = 408.40 m/s, M = 0.31)
species in s10e at equilibrium (by moles): 
{'N': 0.00262, 'N2': 0.657, 'N2O': 2.119e-06, 'O': 0.284, 'O2': 0.0195, 'NO': 0.0368, 'NO2': 3.749e-06, 'NO+': 5.755e-06}
The total enthalpy (Ht) at state s10e is 8.03 MJ/kg.
------------------------------------------------------------
Test completed. Printing output now.
------------------------------------------------------------
PITOT3 Version 16-Dec-2023 doing a reflected_shock_tunnel calculation.
Calculation mode is 'fully_theoretical'.
Facility is 'HYPULSE_rst_Mach_8_to_10_nozzle_area_ratio_175'.
Driver condition is 'HYPULSE_RST_M8_driver_condition'. Driver gas model is CEAGas.
Driver gas composition is {'Ar': 0.6, 'O2': 0.133, 'H2': 0.267} (by moles) (gam = 1.41, R = 289.07 J/kg K).
Nozzle area ratio is 175.0.
Test gas (s1) is n2-o2-with-ions. Test gas gas model is CEAGas.
Test gas composition is {'N2': 0.79, 'O2': 0.21} (by moles) (gam = 1.40, R = 288.20 J/kg K)
vs1 = 2763.69 m/s, Ms1 = 7.97
state p         T       a     v       M     rho      pitot_p stgn_p Ht     h    
      Pa        K       m/s   m/s           kg/m^3   kPa     MPa    MJ/kg  MJ/kg
s4    3.731e+07 3861.0  1257  0.0     0.00  33.42900 37310   37.31  3.29   3.29 
s1    14508.29  298.15  347   0.0     0.00  0.16885  14.5    0.01   0.00   0.00 
s2    1.129e+06 3118.1  1045  2388.4  2.29  1.24351  7360.6  14.19  6.60   3.75 
s3    1.129e+06 1313.2  749   2388.4  3.19  2.97430  16034   54.28  3.73   0.88 
s5    9.971e+06 5023.1  1391  0.0     0.00  6.28650  9970.5  9.97   8.01   8.01 
s5d   2.293e+07 5912.0  1543  0.0     0.00  13.41700 22929   22.93  5.35   5.35 
s6    5.700e+06 4612.2  1318  1317.6  1.00  3.96660  10122   10.12  8.03   7.16 
s8    2730.352  1192.6  674   3755.6  5.57  7.94e-03 108.8   10.12  8.03   0.98 
s10f  96184.18  6971.7  1629  623.2   0.38  4.79e-02 105.8   0.11   -     -     
s10e  102600.0  4175.0  1309  408.4   0.31  7.31e-02 108.8   0.11   8.03   7.95 
The freestream (s8) total temperature (Tt) is 5034.88 K.
The freestream (s8) flight equivalent velocity (Ue) is 4007.63 m/s.
Freestream (s8) unit Reynolds number is 608840.45 /m (related mu is 4.90e-05 Pa.s).
Post normal shock equilibrium (s10e) unit Reynolds number is 239273.47 /m (related mu is 1.25e-04 Pa.s).
Species in the freestream state (s8) at equilibrium (by moles):
{'N2': 0.79, 'O2': 0.21, 'NO': 1.849e-04}
Species in the shock layer at equilibrium (s10e) (by moles):
{'N': 0.00262, 'N2': 0.657, 'N2O': 2.119e-06, 'O': 0.284, 'O2': 0.0195, 'NO': 0.0368, 'NO2': 3.749e-06, 'NO+': 5.755e-06}
This FacilityState does not have a reference gas state which is required to calculate enthalpy.
None will be returned.
This FacilityState does not have a reference gas state which is required to calculate the flight equivalent velocity.
None will be returned.
------------------------------------------------------------
Exporting facility states data to the json file HYPULSE_RST_M8_condition_builder_8.json.
------------------------------------------------------------
Cannot return the total enthalpy as PITOT3 failed to calculate it.
Will return None.
Total enthalpy could not be calculated, so the flight equivalent velocity could not be calculated either.
self.flight_equivalent_velocity will be set to None.
Cannot return the flight equivalent velocity as PITOT3 failed to calculate it.
Will return None.
This FacilityState does not have a reference gas state which is required to calculate enthalpy.
None will be returned.
This FacilityState does not have a reference gas state which is required to calculate the flight equivalent velocity.
None will be returned.
------------------------------------------------------------
Removing temporary files created during the running of the program.
------------------------------------------------------------
------------------------------------------------------------
Run finished successfully.
------------------------------------------------------------
