------------------------------------------------------------
Running PITOT3 version: 16-Dec-2023
------------------------------------------------------------
Let's get started, shall we:
Calculation mode is 'fully_theoretical'.
Chosen facility is 'HYPULSE_rst_Mach_8_to_10_nozzle_area_ratio_175'.
Facility type is 'reflected_shock_tunnel'.
------------------------------------------------------------
Setting up facility driver condition.
Chosen driver condition is 'HYPULSE_RST_M8_driver_condition'.
Driver gas model is CEAGas.
Driver gas composition is {'Ar': 0.6, 'O2': 0.133, 'H2': 0.267} (by moles) (gam = 1.41, R = 289.07 J/kg K).
Driver rupture conditions are p4 = 37.31 MPa, T4 = 3861.00 K, M_throat = 0.00.
------------------------------------------------------------
The configuration in the driven tube is as follows:
test_gas_file_name =  None
shock_tube_fill_state_name =  s1
Test gas is n2-o2-with-ions. Test gas gas model is CEAGas.
Shock tube fill pressure (p1) is 162975.08 Pa.
Shock tube fill temperature (T1) is 298.15 K.
Nozzle area ratio is 175.0.
------------------------------------------------------------
Facility_State(state s5: p = 37794783.77 Pa, T = 3028.23 K, rho = 4.33e+01 kg/m**3, gam = 1.23, R = 288.52 J/kg K, V = 0.00 m/s, M = 0.00)
species in s5 at equilibrium (by moles): 
{'N2': 0.766, 'N2O': 4.985e-05, 'O': 0.00276, 'O2': 0.185, 'NO': 0.0457, 'NO2': 4.772e-04}
The total enthalpy (Ht) at state s5 is 3.46 MJ/kg.
------------------------------------------------------------
Facility_State(state s5d: p = 33591121.43 Pa, T = 4404.47 K, rho = 2.64e+01 kg/m**3, gam = 1.41, R = 289.07 J/kg K, V = 0.00 m/s, M = 0.00)
species in s5d at equilibrium (by moles): 
{'Ar': 0.6, 'O2': 0.133, 'H2': 0.267}
The total enthalpy (Ht) at state s5d is 3.83 MJ/kg.
------------------------------------------------------------
Starting steady expansion through the nozzle using an area ratio of 175.0
Due to the fact that this is a reflected shock simulation, we must first expand to the throat condition (state 6).
M6 expected is 1.0 and M6 found is 1.0046.
Facility_State(state s6: p = 20884279.68 Pa, T = 2700.29 K, rho = 2.68e+01 kg/m**3, gam = 1.24, R = 288.31 J/kg K, V = 989.70 m/s, M = 1.00)
species in s6 at equilibrium (by moles): 
{'N2': 0.774, 'N2O': 2.434e-05, 'O': 0.0011, 'O2': 0.194, 'NO': 0.0303, 'NO2': 3.115e-04}
The total enthalpy (Ht) at state s6 is 3.46 MJ/kg.
Facility_State(state s8: p = 6137.22 Pa, T = 365.84 K, rho = 5.82e-02 kg/m**3, gam = 1.40, R = 288.20 J/kg K, V = 2604.10 m/s, M = 6.79)
species in s8 at equilibrium (by moles): 
{'N2': 0.79, 'O2': 0.21}
The total enthalpy (Ht) at state s8 is 3.46 MJ/kg.
------------------------------------------------------------
Starting frozen normal shock calculation over the test model.
Facility_State(state s10f: p = 328504.84 Pa, T = 3589.99 K, rho = 3.18e-01 kg/m**3, gam = 1.40, R = 288.20 J/kg K, V = 477.41 m/s, M = 0.40)
------------------------------------------------------------
Starting equilibrium normal shock calculation over the test model.
Facility_State(state s10e: p = 344860.00 Pa, T = 2891.81 K, rho = 4.10e-01 kg/m**3, gam = 1.17, R = 290.75 J/kg K, V = 369.57 m/s, M = 0.37)
species in s10e at equilibrium (by moles): 
{'N': 3.176e-06, 'N2': 0.764, 'N2O': 3.925e-06, 'O': 0.0176, 'O2': 0.18, 'NO': 0.038, 'NO2': 4.131e-05}
The total enthalpy (Ht) at state s10e is 3.46 MJ/kg.
------------------------------------------------------------
Test completed. Printing output now.
------------------------------------------------------------
PITOT3 Version 16-Dec-2023 doing a reflected_shock_tunnel calculation.
Calculation mode is 'fully_theoretical'.
Facility is 'HYPULSE_rst_Mach_8_to_10_nozzle_area_ratio_175'.
Driver condition is 'HYPULSE_RST_M8_driver_condition'. Driver gas model is CEAGas.
Driver gas composition is {'Ar': 0.6, 'O2': 0.133, 'H2': 0.267} (by moles) (gam = 1.41, R = 289.07 J/kg K).
Nozzle area ratio is 175.0.
Test gas (s1) is n2-o2-with-ions. Test gas gas model is CEAGas.
Test gas composition is {'N2': 0.79, 'O2': 0.21} (by moles) (gam = 1.40, R = 288.20 J/kg K)
vs1 = 1811.13 m/s, Ms1 = 5.22
state p         T       a     v       M     rho      pitot_p stgn_p Ht     h    
      Pa        K       m/s   m/s           kg/m^3   kPa     MPa    MJ/kg  MJ/kg
s4    3.731e+07 3861.0  1257  0.0     0.00  33.42900 37310   37.31  3.29   3.29 
s1    162975.1  298.15  347   0.0     0.00  1.89670  163.0   0.16   0.00   0.00 
s2    5.300e+06 1690.4  794   1495.4  1.88  10.87922 25584   34.05  2.71   1.59 
s3    5.300e+06 2144.0  948   1495.4  1.58  8.55130  20157   22.30  2.75   1.64 
s5    3.779e+07 3028.2  1039  0.0     0.00  43.25900 37795   37.79  3.46   3.46 
s5d   3.359e+07 4404.5  1339  0.0     0.00  26.38300 33591   33.59  3.83   3.83 
s6    2.088e+07 2700.3  985   989.7   1.00  26.82600 37800   37.80  3.46   2.97 
s8    6137.22   365.84  384   2604.1  6.79  5.82e-02 373.8   37.80  3.46   0.07 
s10f  328504.8  3590.0  1202  477.4   0.40  0.31751  366.1   0.37   -     -     
s10e  344860.0  2891.8  1006  369.6   0.37  0.41016  373.8   0.37   3.46   3.39 
The freestream (s8) total temperature (Tt) is 3028.24 K.
The freestream (s8) flight equivalent velocity (Ue) is 2630.32 m/s.
Freestream (s8) unit Reynolds number is 7000304.10 /m (related mu is 2.17e-05 Pa.s).
Post normal shock equilibrium (s10e) unit Reynolds number is 1686071.64 /m (related mu is 8.99e-05 Pa.s).
Species in the freestream state (s8) at equilibrium (by moles):
{'N2': 0.79, 'O2': 0.21}
Species in the shock layer at equilibrium (s10e) (by moles):
{'N': 3.176e-06, 'N2': 0.764, 'N2O': 3.925e-06, 'O': 0.0176, 'O2': 0.18, 'NO': 0.038, 'NO2': 4.131e-05}
This FacilityState does not have a reference gas state which is required to calculate enthalpy.
None will be returned.
This FacilityState does not have a reference gas state which is required to calculate the flight equivalent velocity.
None will be returned.
------------------------------------------------------------
Exporting facility states data to the json file HYPULSE_RST_M8_condition_builder_60.json.
------------------------------------------------------------
Cannot return the total enthalpy as PITOT3 failed to calculate it.
Will return None.
Total enthalpy could not be calculated, so the flight equivalent velocity could not be calculated either.
self.flight_equivalent_velocity will be set to None.
Cannot return the flight equivalent velocity as PITOT3 failed to calculate it.
Will return None.
This FacilityState does not have a reference gas state which is required to calculate enthalpy.
None will be returned.
This FacilityState does not have a reference gas state which is required to calculate the flight equivalent velocity.
None will be returned.
------------------------------------------------------------
Removing temporary files created during the running of the program.
------------------------------------------------------------
------------------------------------------------------------
Run finished successfully.
------------------------------------------------------------
