------------------------------------------------------------
Running PITOT3 version: 16-Dec-2023
------------------------------------------------------------
Let's get started, shall we:
Calculation mode is 'fully_theoretical'.
Chosen facility is 'HYPULSE_rst_Mach_8_to_10_nozzle_area_ratio_175'.
Facility type is 'reflected_shock_tunnel'.
------------------------------------------------------------
Setting up facility driver condition.
Chosen driver condition is 'HYPULSE_RST_M8_driver_condition'.
Driver gas model is CEAGas.
Driver gas composition is {'Ar': 0.6, 'O2': 0.133, 'H2': 0.267} (by moles) (gam = 1.41, R = 289.07 J/kg K).
Driver rupture conditions are p4 = 37.31 MPa, T4 = 3861.00 K, M_throat = 0.00.
------------------------------------------------------------
The configuration in the driven tube is as follows:
test_gas_file_name =  None
shock_tube_fill_state_name =  s1
Test gas is n2-o2-with-ions. Test gas gas model is CEAGas.
Shock tube fill pressure (p1) is 27825.59 Pa.
Shock tube fill temperature (T1) is 298.15 K.
Nozzle area ratio is 175.0.
------------------------------------------------------------
Facility_State(state s5: p = 14774339.93 Pa, T = 4568.64 K, rho = 1.07e+01 kg/m**3, gam = 1.14, R = 303.38 J/kg K, V = 0.00 m/s, M = 0.00)
species in s5 at equilibrium (by moles): 
{'N': 7.513e-04, 'N2': 0.697, 'N2O': 7.758e-05, 'O': 0.0997, 'O2': 0.0967, 'NO': 0.105, 'NO2': 2.550e-04, 'NO+': 3.247e-06}
The total enthalpy (Ht) at state s5 is 6.62 MJ/kg.
------------------------------------------------------------
Facility_State(state s5d: p = 26363508.17 Pa, T = 5396.61 K, rho = 1.69e+01 kg/m**3, gam = 1.40, R = 289.07 J/kg K, V = 0.00 m/s, M = 0.00)
species in s5d at equilibrium (by moles): 
{'Ar': 0.6, 'O2': 0.133, 'H2': 0.267}
The total enthalpy (Ht) at state s5d is 4.83 MJ/kg.
------------------------------------------------------------
Starting steady expansion through the nozzle using an area ratio of 175.0
Due to the fact that this is a reflected shock simulation, we must first expand to the throat condition (state 6).
M6 expected is 1.0 and M6 found is 0.9892.
M6 is just below 1.0 so it is being set to 1.0 so the code can continue.
The velocity has also been slightly adjusted from 1216.9717 m/s to 1230.3007 m/s.
Facility_State(state s6: p = 8436120.95 Pa, T = 4199.52 K, rho = 6.69e+00 kg/m**3, gam = 1.14, R = 300.09 J/kg K, V = 1230.30 m/s, M = 1.00)
species in s6 at equilibrium (by moles): 
{'N': 3.258e-04, 'N2': 0.711, 'N2O': 5.127e-05, 'O': 0.0792, 'O2': 0.115, 'NO': 0.0942, 'NO2': 2.091e-04, 'NO+': 1.262e-06}
The total enthalpy (Ht) at state s6 is 6.64 MJ/kg.
Facility_State(state s8: p = 3469.88 Pa, T = 888.31 K, rho = 1.36e-02 kg/m**3, gam = 1.34, R = 288.20 J/kg K, V = 3468.51 m/s, M = 5.91)
species in s8 at equilibrium (by moles): 
{'N2': 0.79, 'O2': 0.21, 'NO': 7.861e-06}
The total enthalpy (Ht) at state s8 is 6.64 MJ/kg.
------------------------------------------------------------
Starting frozen normal shock calculation over the test model.
Facility_State(state s10f: p = 138637.72 Pa, T = 6070.96 K, rho = 7.92e-02 kg/m**3, gam = 1.34, R = 288.20 J/kg K, V = 593.29 m/s, M = 0.39)
------------------------------------------------------------
Starting equilibrium normal shock calculation over the test model.
Facility_State(state s10e: p = 148240.00 Pa, T = 3816.83 K, rho = 1.21e-01 kg/m**3, gam = 1.09, R = 321.36 J/kg K, V = 388.99 m/s, M = 0.32)
species in s10e at equilibrium (by moles): 
{'N': 5.977e-04, 'N2': 0.682, 'N2O': 3.516e-06, 'O': 0.206, 'O2': 0.0597, 'NO': 0.0515, 'NO2': 1.254e-05, 'NO+': 1.529e-06}
The total enthalpy (Ht) at state s10e is 6.64 MJ/kg.
------------------------------------------------------------
Test completed. Printing output now.
------------------------------------------------------------
PITOT3 Version 16-Dec-2023 doing a reflected_shock_tunnel calculation.
Calculation mode is 'fully_theoretical'.
Facility is 'HYPULSE_rst_Mach_8_to_10_nozzle_area_ratio_175'.
Driver condition is 'HYPULSE_RST_M8_driver_condition'. Driver gas model is CEAGas.
Driver gas composition is {'Ar': 0.6, 'O2': 0.133, 'H2': 0.267} (by moles) (gam = 1.41, R = 289.07 J/kg K).
Nozzle area ratio is 175.0.
Test gas (s1) is n2-o2-with-ions. Test gas gas model is CEAGas.
Test gas composition is {'N2': 0.79, 'O2': 0.21} (by moles) (gam = 1.40, R = 288.20 J/kg K)
vs1 = 2515.22 m/s, Ms1 = 7.25
state p         T       a     v       M     rho      pitot_p stgn_p Ht     h    
      Pa        K       m/s   m/s           kg/m^3   kPa     MPa    MJ/kg  MJ/kg
s4    3.731e+07 3861.0  1257  0.0     0.00  33.42900 37310   37.31  3.29   3.29 
s1    27825.59  298.15  347   0.0     0.00  0.32384  27.8    0.03   0.00   0.00 
s2    1.778e+06 2765.5  992   2149.3  2.17  2.22605  10710   18.32  5.41   3.10 
s3    1.778e+06 1520.1  804   2149.3  2.67  4.04740  17925   40.25  3.37   1.06 
s5    1.477e+07 4568.6  1294  0.0     0.00  10.65900 14774   14.77  6.62   6.62 
s5d   2.636e+07 5396.6  1476  0.0     0.00  16.90000 26364   26.36  4.83   4.83 
s6    8.436e+06 4199.5  1230  1230.3  1.00  6.69400  14947   14.95  6.64   5.88 
s8    3469.88   888.31  586   3468.5  5.91  1.36e-02 157.6   14.95  6.64   0.63 
s10f  138637.7  6071.0  1533  593.3   0.39  7.92e-02 153.1   0.15   -     -     
s10e  148240.0  3816.8  1204  389.0   0.32  0.12086  157.6   0.16   6.64   6.57 
The freestream (s8) total temperature (Tt) is 4576.83 K.
The freestream (s8) flight equivalent velocity (Ue) is 3644.50 m/s.
Freestream (s8) unit Reynolds number is 1169225.52 /m (related mu is 4.02e-05 Pa.s).
Post normal shock equilibrium (s10e) unit Reynolds number is 410479.52 /m (related mu is 1.15e-04 Pa.s).
Species in the freestream state (s8) at equilibrium (by moles):
{'N2': 0.79, 'O2': 0.21, 'NO': 7.861e-06}
Species in the shock layer at equilibrium (s10e) (by moles):
{'N': 5.977e-04, 'N2': 0.682, 'N2O': 3.516e-06, 'O': 0.206, 'O2': 0.0597, 'NO': 0.0515, 'NO2': 1.254e-05, 'NO+': 1.529e-06}
This FacilityState does not have a reference gas state which is required to calculate enthalpy.
None will be returned.
This FacilityState does not have a reference gas state which is required to calculate the flight equivalent velocity.
None will be returned.
------------------------------------------------------------
Exporting facility states data to the json file HYPULSE_RST_M8_condition_builder_22.json.
------------------------------------------------------------
Cannot return the total enthalpy as PITOT3 failed to calculate it.
Will return None.
Total enthalpy could not be calculated, so the flight equivalent velocity could not be calculated either.
self.flight_equivalent_velocity will be set to None.
Cannot return the flight equivalent velocity as PITOT3 failed to calculate it.
Will return None.
This FacilityState does not have a reference gas state which is required to calculate enthalpy.
None will be returned.
This FacilityState does not have a reference gas state which is required to calculate the flight equivalent velocity.
None will be returned.
------------------------------------------------------------
Removing temporary files created during the running of the program.
------------------------------------------------------------
------------------------------------------------------------
Run finished successfully.
------------------------------------------------------------
