------------------------------------------------------------
Running PITOT3 version: 16-Dec-2023
------------------------------------------------------------
Let's get started, shall we:
Calculation mode is 'fully_theoretical'.
Chosen facility is 'HYPULSE_rst_Mach_8_to_10_nozzle_area_ratio_175'.
Facility type is 'reflected_shock_tunnel'.
------------------------------------------------------------
Setting up facility driver condition.
Chosen driver condition is 'HYPULSE_RST_M8_driver_condition'.
Driver gas model is CEAGas.
Driver gas composition is {'Ar': 0.6, 'O2': 0.133, 'H2': 0.267} (by moles) (gam = 1.41, R = 289.07 J/kg K).
Driver rupture conditions are p4 = 37.31 MPa, T4 = 3861.00 K, M_throat = 0.00.
------------------------------------------------------------
The configuration in the driven tube is as follows:
test_gas_file_name =  None
shock_tube_fill_state_name =  s1
Test gas is n2-o2-with-ions. Test gas gas model is CEAGas.
Shock tube fill pressure (p1) is 73907.22 Pa.
Shock tube fill temperature (T1) is 298.15 K.
Nozzle area ratio is 175.0.
------------------------------------------------------------
Facility_State(state s5: p = 25641265.24 Pa, T = 3781.04 K, rho = 2.33e+01 kg/m**3, gam = 1.18, R = 291.51 J/kg K, V = 0.00 m/s, M = 0.00)
species in s5 at equilibrium (by moles): 
{'N': 4.092e-05, 'N2': 0.739, 'N2O': 7.800e-05, 'O': 0.0233, 'O2': 0.154, 'NO': 0.0837, 'NO2': 4.369e-04}
The total enthalpy (Ht) at state s5 is 4.76 MJ/kg.
------------------------------------------------------------
Facility_State(state s5d: p = 30854596.54 Pa, T = 4771.61 K, rho = 2.24e+01 kg/m**3, gam = 1.40, R = 289.07 J/kg K, V = 0.00 m/s, M = 0.00)
species in s5d at equilibrium (by moles): 
{'Ar': 0.6, 'O2': 0.133, 'H2': 0.267}
The total enthalpy (Ht) at state s5d is 4.19 MJ/kg.
------------------------------------------------------------
Starting steady expansion through the nozzle using an area ratio of 175.0
Due to the fact that this is a reflected shock simulation, we must first expand to the throat condition (state 6).
M6 expected is 1.0 and M6 found is 0.9984.
M6 is just below 1.0 so it is being set to 1.0 so the code can continue.
The velocity has also been slightly adjusted from 1098.9085 m/s to 1100.7005 m/s.
Facility_State(state s6: p = 14412703.26 Pa, T = 3430.56 K, rho = 1.45e+01 kg/m**3, gam = 1.19, R = 290.19 J/kg K, V = 1100.70 m/s, M = 1.00)
species in s6 at equilibrium (by moles): 
{'N': 1.142e-05, 'N2': 0.751, 'N2O': 4.514e-05, 'O': 0.0141, 'O2': 0.168, 'NO': 0.0659, 'NO2': 3.178e-04}
The total enthalpy (Ht) at state s6 is 4.76 MJ/kg.
Facility_State(state s8: p = 4830.85 Pa, T = 552.60 K, rho = 3.03e-02 kg/m**3, gam = 1.38, R = 288.20 J/kg K, V = 2999.13 m/s, M = 6.40)
species in s8 at equilibrium (by moles): 
{'N2': 0.79, 'O2': 0.21}
The total enthalpy (Ht) at state s8 is 4.76 MJ/kg.
------------------------------------------------------------
Starting frozen normal shock calculation over the test model.
Facility_State(state s10f: p = 228541.33 Pa, T = 4707.62 K, rho = 1.68e-01 kg/m**3, gam = 1.38, R = 288.20 J/kg K, V = 540.06 m/s, M = 0.39)
------------------------------------------------------------
Starting equilibrium normal shock calculation over the test model.
Facility_State(state s10e: p = 243180.00 Pa, T = 3372.30 K, rho = 2.40e-01 kg/m**3, gam = 1.10, R = 300.59 J/kg K, V = 379.22 m/s, M = 0.35)
species in s10e at equilibrium (by moles): 
{'N': 6.464e-05, 'N2': 0.73, 'N2O': 4.771e-06, 'O': 0.0824, 'O2': 0.133, 'NO': 0.0546, 'NO2': 3.136e-05}
The total enthalpy (Ht) at state s10e is 4.76 MJ/kg.
------------------------------------------------------------
Test completed. Printing output now.
------------------------------------------------------------
PITOT3 Version 16-Dec-2023 doing a reflected_shock_tunnel calculation.
Calculation mode is 'fully_theoretical'.
Facility is 'HYPULSE_rst_Mach_8_to_10_nozzle_area_ratio_175'.
Driver condition is 'HYPULSE_RST_M8_driver_condition'. Driver gas model is CEAGas.
Driver gas composition is {'Ar': 0.6, 'O2': 0.133, 'H2': 0.267} (by moles) (gam = 1.41, R = 289.07 J/kg K).
Nozzle area ratio is 175.0.
Test gas (s1) is n2-o2-with-ions. Test gas gas model is CEAGas.
Test gas composition is {'N2': 0.79, 'O2': 0.21} (by moles) (gam = 1.40, R = 288.20 J/kg K)
vs1 = 2126.35 m/s, Ms1 = 6.13
state p         T       a     v       M     rho      pitot_p stgn_p Ht     h    
      Pa        K       m/s   m/s           kg/m^3   kPa     MPa    MJ/kg  MJ/kg
s4    3.731e+07 3861.0  1257  0.0     0.00  33.42900 37310   37.31  3.29   3.29 
s1    73907.22  298.15  347   0.0     0.00  0.86014  73.9    0.07   0.00   0.00 
s2    3.341e+06 2156.3  888   1786.1  2.01  5.37563  17917   26.41  3.80   2.20 
s3    3.341e+06 1856.4  885   1786.1  2.02  6.22510  19771   27.59  2.96   1.37 
s5    2.564e+07 3781.0  1156  0.0     0.00  23.26300 25641   25.64  4.76   4.76 
s5d   3.085e+07 4771.6  1391  0.0     0.00  22.36900 30855   30.85  4.19   4.19 
s6    1.441e+07 3430.6  1101  1100.7  1.00  14.47800 25688   25.69  4.76   4.15 
s8    4830.846  552.60  469   2999.1  6.40  3.03e-02 261.0   25.69  4.76   0.26 
s10f  228541.3  4707.6  1368  540.1   0.39  0.16845  254.1   0.25   -     -     
s10e  243180.0  3372.3  1090  379.2   0.35  0.23990  261.0   0.26   4.76   4.69 
The freestream (s8) total temperature (Tt) is 3782.17 K.
The freestream (s8) flight equivalent velocity (Ue) is 3084.91 m/s.
Freestream (s8) unit Reynolds number is 3133413.00 /m (related mu is 2.90e-05 Pa.s).
Post normal shock equilibrium (s10e) unit Reynolds number is 894108.24 /m (related mu is 1.02e-04 Pa.s).
Species in the freestream state (s8) at equilibrium (by moles):
{'N2': 0.79, 'O2': 0.21}
Species in the shock layer at equilibrium (s10e) (by moles):
{'N': 6.464e-05, 'N2': 0.73, 'N2O': 4.771e-06, 'O': 0.0824, 'O2': 0.133, 'NO': 0.0546, 'NO2': 3.136e-05}
This FacilityState does not have a reference gas state which is required to calculate enthalpy.
None will be returned.
This FacilityState does not have a reference gas state which is required to calculate the flight equivalent velocity.
None will be returned.
------------------------------------------------------------
Exporting facility states data to the json file HYPULSE_RST_M8_condition_builder_43.json.
------------------------------------------------------------
Cannot return the total enthalpy as PITOT3 failed to calculate it.
Will return None.
Total enthalpy could not be calculated, so the flight equivalent velocity could not be calculated either.
self.flight_equivalent_velocity will be set to None.
Cannot return the flight equivalent velocity as PITOT3 failed to calculate it.
Will return None.
This FacilityState does not have a reference gas state which is required to calculate enthalpy.
None will be returned.
This FacilityState does not have a reference gas state which is required to calculate the flight equivalent velocity.
None will be returned.
------------------------------------------------------------
Removing temporary files created during the running of the program.
------------------------------------------------------------
------------------------------------------------------------
Run finished successfully.
------------------------------------------------------------
