------------------------------------------------------------
Running PITOT3 version: 16-Dec-2023
------------------------------------------------------------
Let's get started, shall we:
Calculation mode is 'fully_theoretical'.
Chosen facility is 'HYPULSE_rst_Mach_8_to_10_nozzle_area_ratio_175'.
Facility type is 'reflected_shock_tunnel'.
------------------------------------------------------------
Setting up facility driver condition.
Chosen driver condition is 'HYPULSE_RST_M8_driver_condition'.
Driver gas model is CEAGas.
Driver gas composition is {'Ar': 0.6, 'O2': 0.133, 'H2': 0.267} (by moles) (gam = 1.41, R = 289.07 J/kg K).
Driver rupture conditions are p4 = 37.31 MPa, T4 = 3861.00 K, M_throat = 0.00.
------------------------------------------------------------
The configuration in the driven tube is as follows:
test_gas_file_name =  None
shock_tube_fill_state_name =  s1
Test gas is n2-o2-with-ions. Test gas gas model is CEAGas.
Shock tube fill pressure (p1) is 187381.74 Pa.
Shock tube fill temperature (T1) is 298.15 K.
Nozzle area ratio is 175.0.
------------------------------------------------------------
Facility_State(state s5: p = 40197701.94 Pa, T = 2893.37 K, rho = 4.82e+01 kg/m**3, gam = 1.24, R = 288.36 J/kg K, V = 0.00 m/s, M = 0.00)
species in s5 at equilibrium (by moles): 
{'N2': 0.77, 'N2O': 4.380e-05, 'O': 0.00168, 'O2': 0.189, 'NO': 0.0391, 'NO2': 4.696e-04}
The total enthalpy (Ht) at state s5 is 3.25 MJ/kg.
------------------------------------------------------------
Facility_State(state s5d: p = 33977031.67 Pa, T = 4352.13 K, rho = 2.70e+01 kg/m**3, gam = 1.41, R = 289.07 J/kg K, V = 0.00 m/s, M = 0.00)
species in s5d at equilibrium (by moles): 
{'Ar': 0.6, 'O2': 0.133, 'H2': 0.267}
The total enthalpy (Ht) at state s5d is 3.77 MJ/kg.
------------------------------------------------------------
Starting steady expansion through the nozzle using an area ratio of 175.0
Due to the fact that this is a reflected shock simulation, we must first expand to the throat condition (state 6).
M6 expected is 1.0 and M6 found is 1.0052.
Facility_State(state s6: p = 22158384.68 Pa, T = 2573.03 K, rho = 2.99e+01 kg/m**3, gam = 1.25, R = 288.24 J/kg K, V = 968.58 m/s, M = 1.01)
species in s6 at equilibrium (by moles): 
{'N2': 0.777, 'N2O': 2.066e-05, 'O': 6.124e-04, 'O2': 0.197, 'NO': 0.025, 'NO2': 3.006e-04}
The total enthalpy (Ht) at state s6 is 3.25 MJ/kg.
Facility_State(state s8: p = 6375.32 Pa, T = 339.30 K, rho = 6.52e-02 kg/m**3, gam = 1.40, R = 288.20 J/kg K, V = 2534.37 m/s, M = 6.86)
species in s8 at equilibrium (by moles): 
{'N2': 0.79, 'O2': 0.21}
The total enthalpy (Ht) at state s8 is 3.25 MJ/kg.
------------------------------------------------------------
Starting frozen normal shock calculation over the test model.
Facility_State(state s10f: p = 348328.70 Pa, T = 3400.22 K, rho = 3.55e-01 kg/m**3, gam = 1.40, R = 288.20 J/kg K, V = 464.84 m/s, M = 0.40)
------------------------------------------------------------
Starting equilibrium normal shock calculation over the test model.
Facility_State(state s10e: p = 364660.00 Pa, T = 2786.75 K, rho = 4.51e-01 kg/m**3, gam = 1.19, R = 289.88 J/kg K, V = 366.04 m/s, M = 0.37)
species in s10e at equilibrium (by moles): 
{'N2': 0.769, 'N2O': 3.559e-06, 'O': 0.0116, 'O2': 0.186, 'NO': 0.0336, 'NO2': 4.146e-05}
The total enthalpy (Ht) at state s10e is 3.25 MJ/kg.
------------------------------------------------------------
Test completed. Printing output now.
------------------------------------------------------------
PITOT3 Version 16-Dec-2023 doing a reflected_shock_tunnel calculation.
Calculation mode is 'fully_theoretical'.
Facility is 'HYPULSE_rst_Mach_8_to_10_nozzle_area_ratio_175'.
Driver condition is 'HYPULSE_RST_M8_driver_condition'. Driver gas model is CEAGas.
Driver gas composition is {'Ar': 0.6, 'O2': 0.133, 'H2': 0.267} (by moles) (gam = 1.41, R = 289.07 J/kg K).
Nozzle area ratio is 175.0.
Test gas (s1) is n2-o2-with-ions. Test gas gas model is CEAGas.
Test gas composition is {'N2': 0.79, 'O2': 0.21} (by moles) (gam = 1.40, R = 288.20 J/kg K)
vs1 = 1756.36 m/s, Ms1 = 5.07
state p         T       a     v       M     rho      pitot_p stgn_p Ht     h    
      Pa        K       m/s   m/s           kg/m^3   kPa     MPa    MJ/kg  MJ/kg
s4    3.731e+07 3861.0  1257  0.0     0.00  33.42900 37310   37.31  3.29   3.29 
s1    187381.7  298.15  347   0.0     0.00  2.18080  187.4   0.19   0.00   0.00 
s2    5.722e+06 1614.3  777   1444.9  1.86  12.29971 27054   35.39  2.54   1.49 
s3    5.722e+06 2195.5  958   1444.9  1.51  9.01580  20129   21.70  2.73   1.68 
s5    4.020e+07 2893.4  1018  0.0     0.00  48.17900 40198   40.20  3.25   3.25 
s5d   3.398e+07 4352.1  1331  0.0     0.00  27.00700 33977   33.98  3.77   3.77 
s6    2.216e+07 2573.0  964   968.6   1.01  29.87800 40205   40.20  3.25   2.78 
s8    6375.317  339.30  370   2534.4  6.86  6.52e-02 395.9   40.20  3.25   0.04 
s10f  348328.7  3400.2  1170  464.8   0.40  0.35546  388.3   0.39   -     -     
s10e  364660.0  2786.7  990   366.0   0.37  0.45141  395.9   0.40   3.25   3.19 
The freestream (s8) total temperature (Tt) is 2893.36 K.
The freestream (s8) flight equivalent velocity (Ue) is 2550.75 m/s.
Freestream (s8) unit Reynolds number is 8063025.49 /m (related mu is 2.05e-05 Pa.s).
Post normal shock equilibrium (s10e) unit Reynolds number is 1888795.20 /m (related mu is 8.75e-05 Pa.s).
Species in the freestream state (s8) at equilibrium (by moles):
{'N2': 0.79, 'O2': 0.21}
Species in the shock layer at equilibrium (s10e) (by moles):
{'N2': 0.769, 'N2O': 3.559e-06, 'O': 0.0116, 'O2': 0.186, 'NO': 0.0336, 'NO2': 4.146e-05}
This FacilityState does not have a reference gas state which is required to calculate enthalpy.
None will be returned.
This FacilityState does not have a reference gas state which is required to calculate the flight equivalent velocity.
None will be returned.
------------------------------------------------------------
Exporting facility states data to the json file HYPULSE_RST_M8_condition_builder_63.json.
------------------------------------------------------------
math domain error
Failed to calculate flight equivalent velocity.
self.flight_equivalent_velocity will be set to None.
Cannot return the flight equivalent velocity as PITOT3 failed to calculate it.
Will return None.
This FacilityState does not have a reference gas state which is required to calculate enthalpy.
None will be returned.
This FacilityState does not have a reference gas state which is required to calculate the flight equivalent velocity.
None will be returned.
------------------------------------------------------------
Removing temporary files created during the running of the program.
------------------------------------------------------------
------------------------------------------------------------
Run finished successfully.
------------------------------------------------------------
