------------------------------------------------------------
Running PITOT3 version: 16-Dec-2023
------------------------------------------------------------
Let's get started, shall we:
Calculation mode is 'fully_theoretical'.
Chosen facility is 'HYPULSE_rst_Mach_8_to_10_nozzle_area_ratio_175'.
Facility type is 'reflected_shock_tunnel'.
------------------------------------------------------------
Setting up facility driver condition.
Chosen driver condition is 'HYPULSE_RST_M8_driver_condition'.
Driver gas model is CEAGas.
Driver gas composition is {'Ar': 0.6, 'O2': 0.133, 'H2': 0.267} (by moles) (gam = 1.41, R = 289.07 J/kg K).
Driver rupture conditions are p4 = 37.31 MPa, T4 = 3861.00 K, M_throat = 0.00.
------------------------------------------------------------
The configuration in the driven tube is as follows:
test_gas_file_name =  None
shock_tube_fill_state_name =  s1
Test gas is n2-o2-with-ions. Test gas gas model is CEAGas.
Shock tube fill pressure (p1) is 84975.34 Pa.
Shock tube fill temperature (T1) is 298.15 K.
Nozzle area ratio is 175.0.
------------------------------------------------------------
Facility_State(state s5: p = 27580761.82 Pa, T = 3653.29 K, rho = 2.60e+01 kg/m**3, gam = 1.19, R = 290.63 J/kg K, V = 0.00 m/s, M = 0.00)
species in s5 at equilibrium (by moles): 
{'N': 2.311e-05, 'N2': 0.744, 'N2O': 7.452e-05, 'O': 0.0172, 'O2': 0.16, 'NO': 0.0776, 'NO2': 4.538e-04}
The total enthalpy (Ht) at state s5 is 4.51 MJ/kg.
------------------------------------------------------------
Facility_State(state s5d: p = 31401606.94 Pa, T = 4697.69 K, rho = 2.31e+01 kg/m**3, gam = 1.40, R = 289.07 J/kg K, V = 0.00 m/s, M = 0.00)
species in s5d at equilibrium (by moles): 
{'Ar': 0.6, 'O2': 0.133, 'H2': 0.267}
The total enthalpy (Ht) at state s5d is 4.12 MJ/kg.
------------------------------------------------------------
Starting steady expansion through the nozzle using an area ratio of 175.0
Due to the fact that this is a reflected shock simulation, we must first expand to the throat condition (state 6).
M6 expected is 1.0 and M6 found is 0.9998.
M6 is just below 1.0 so it is being set to 1.0 so the code can continue.
The velocity has also been slightly adjusted from 1081.0365 m/s to 1081.2005 m/s.
Facility_State(state s6: p = 15453690.21 Pa, T = 3304.53 K, rho = 1.61e+01 kg/m**3, gam = 1.20, R = 289.56 J/kg K, V = 1081.20 m/s, M = 1.00)
species in s6 at equilibrium (by moles): 
{'N': 5.795e-06, 'N2': 0.756, 'N2O': 4.200e-05, 'O': 0.00981, 'O2': 0.174, 'NO': 0.0595, 'NO2': 3.240e-04}
The total enthalpy (Ht) at state s6 is 4.51 MJ/kg.
Facility_State(state s8: p = 5046.43 Pa, T = 514.60 K, rho = 3.40e-02 kg/m**3, gam = 1.38, R = 288.20 J/kg K, V = 2929.56 m/s, M = 6.47)
species in s8 at equilibrium (by moles): 
{'N2': 0.79, 'O2': 0.21}
The total enthalpy (Ht) at state s8 is 4.51 MJ/kg.
------------------------------------------------------------
Starting frozen normal shock calculation over the test model.
Facility_State(state s10f: p = 244205.50 Pa, T = 4508.55 K, rho = 1.88e-01 kg/m**3, gam = 1.38, R = 288.20 J/kg K, V = 530.39 m/s, M = 0.40)
------------------------------------------------------------
Starting equilibrium normal shock calculation over the test model.
Facility_State(state s10e: p = 259380.00 Pa, T = 3299.58 K, rho = 2.64e-01 kg/m**3, gam = 1.11, R = 298.27 J/kg K, V = 378.24 m/s, M = 0.35)
species in s10e at equilibrium (by moles): 
{'N': 4.300e-05, 'N2': 0.737, 'N2O': 4.774e-06, 'O': 0.0676, 'O2': 0.143, 'NO': 0.0529, 'NO2': 3.389e-05}
The total enthalpy (Ht) at state s10e is 4.51 MJ/kg.
------------------------------------------------------------
Test completed. Printing output now.
------------------------------------------------------------
PITOT3 Version 16-Dec-2023 doing a reflected_shock_tunnel calculation.
Calculation mode is 'fully_theoretical'.
Facility is 'HYPULSE_rst_Mach_8_to_10_nozzle_area_ratio_175'.
Driver condition is 'HYPULSE_RST_M8_driver_condition'. Driver gas model is CEAGas.
Driver gas composition is {'Ar': 0.6, 'O2': 0.133, 'H2': 0.267} (by moles) (gam = 1.41, R = 289.07 J/kg K).
Nozzle area ratio is 175.0.
Test gas (s1) is n2-o2-with-ions. Test gas gas model is CEAGas.
Test gas composition is {'N2': 0.79, 'O2': 0.21} (by moles) (gam = 1.40, R = 288.20 J/kg K)
vs1 = 2070.35 m/s, Ms1 = 5.97
state p         T       a     v       M     rho      pitot_p stgn_p Ht     h    
      Pa        K       m/s   m/s           kg/m^3   kPa     MPa    MJ/kg  MJ/kg
s4    3.731e+07 3861.0  1257  0.0     0.00  33.42900 37310   37.31  3.29   3.29 
s1    84975.34  298.15  347   0.0     0.00  0.98895  85.0    0.08   0.00   0.00 
s2    3.636e+06 2070.4  872   1734.4  1.99  6.09380  19167   27.73  3.59   2.09 
s3    3.636e+06 1906.5  896   1734.3  1.94  6.59790  19913   26.39  2.92   1.42 
s5    2.758e+07 3653.3  1136  0.0     0.00  25.97700 27581   27.58  4.51   4.51 
s5d   3.140e+07 4697.7  1381  0.0     0.00  23.12400 31402   31.40  4.12   4.12 
s6    1.545e+07 3304.5  1081  1081.2  1.00  16.15000 27589   27.59  4.51   3.93 
s8    5046.426  514.60  453   2929.6  6.47  3.40e-02 278.8   27.59  4.51   0.22 
s10f  244205.5  4508.5  1341  530.4   0.40  0.18794  271.7   0.27   -     -     
s10e  259380.0  3299.6  1075  378.2   0.35  0.26355  278.8   0.28   4.51   4.44 
The freestream (s8) total temperature (Tt) is 3653.40 K.
The freestream (s8) flight equivalent velocity (Ue) is 3004.15 m/s.
Freestream (s8) unit Reynolds number is 3608739.55 /m (related mu is 2.76e-05 Pa.s).
Post normal shock equilibrium (s10e) unit Reynolds number is 998489.63 /m (related mu is 9.98e-05 Pa.s).
Species in the freestream state (s8) at equilibrium (by moles):
{'N2': 0.79, 'O2': 0.21}
Species in the shock layer at equilibrium (s10e) (by moles):
{'N': 4.300e-05, 'N2': 0.737, 'N2O': 4.774e-06, 'O': 0.0676, 'O2': 0.143, 'NO': 0.0529, 'NO2': 3.389e-05}
This FacilityState does not have a reference gas state which is required to calculate enthalpy.
None will be returned.
This FacilityState does not have a reference gas state which is required to calculate the flight equivalent velocity.
None will be returned.
------------------------------------------------------------
Exporting facility states data to the json file HYPULSE_RST_M8_condition_builder_46.json.
------------------------------------------------------------
math domain error
Failed to calculate flight equivalent velocity.
self.flight_equivalent_velocity will be set to None.
Cannot return the flight equivalent velocity as PITOT3 failed to calculate it.
Will return None.
This FacilityState does not have a reference gas state which is required to calculate enthalpy.
None will be returned.
This FacilityState does not have a reference gas state which is required to calculate the flight equivalent velocity.
None will be returned.
------------------------------------------------------------
Removing temporary files created during the running of the program.
------------------------------------------------------------
------------------------------------------------------------
Run finished successfully.
------------------------------------------------------------
