------------------------------------------------------------
Running PITOT3 version: 16-Dec-2023
------------------------------------------------------------
Let's get started, shall we:
Calculation mode is 'fully_theoretical'.
Chosen facility is 'HYPULSE_rst_Mach_8_to_10_nozzle_area_ratio_175'.
Facility type is 'reflected_shock_tunnel'.
------------------------------------------------------------
Setting up facility driver condition.
Chosen driver condition is 'HYPULSE_RST_M8_driver_condition'.
Driver gas model is CEAGas.
Driver gas composition is {'Ar': 0.6, 'O2': 0.133, 'H2': 0.267} (by moles) (gam = 1.41, R = 289.07 J/kg K).
Driver rupture conditions are p4 = 37.31 MPa, T4 = 3861.00 K, M_throat = 0.00.
------------------------------------------------------------
The configuration in the driven tube is as follows:
test_gas_file_name =  None
shock_tube_fill_state_name =  s1
Test gas is n2-o2-with-ions. Test gas gas model is CEAGas.
Shock tube fill pressure (p1) is 81113.08 Pa.
Shock tube fill temperature (T1) is 298.15 K.
Nozzle area ratio is 175.0.
------------------------------------------------------------
Facility_State(state s5: p = 26923532.81 Pa, T = 3696.24 K, rho = 2.50e+01 kg/m**3, gam = 1.19, R = 290.90 J/kg K, V = 0.00 m/s, M = 0.00)
species in s5 at equilibrium (by moles): 
{'N': 2.811e-05, 'N2': 0.742, 'N2O': 7.577e-05, 'O': 0.0191, 'O2': 0.158, 'NO': 0.0797, 'NO2': 4.486e-04}
The total enthalpy (Ht) at state s5 is 4.59 MJ/kg.
------------------------------------------------------------
Facility_State(state s5d: p = 31222316.68 Pa, T = 4721.91 K, rho = 2.29e+01 kg/m**3, gam = 1.40, R = 289.07 J/kg K, V = 0.00 m/s, M = 0.00)
species in s5d at equilibrium (by moles): 
{'Ar': 0.6, 'O2': 0.133, 'H2': 0.267}
The total enthalpy (Ht) at state s5d is 4.14 MJ/kg.
------------------------------------------------------------
Starting steady expansion through the nozzle using an area ratio of 175.0
Due to the fact that this is a reflected shock simulation, we must first expand to the throat condition (state 6).
M6 expected is 1.0 and M6 found is 0.9992.
M6 is just below 1.0 so it is being set to 1.0 so the code can continue.
The velocity has also been slightly adjusted from 1086.9499 m/s to 1087.8009 m/s.
Facility_State(state s6: p = 15101542.72 Pa, T = 3346.90 K, rho = 1.56e+01 kg/m**3, gam = 1.20, R = 289.75 J/kg K, V = 1087.80 m/s, M = 1.00)
species in s6 at equilibrium (by moles): 
{'N': 7.317e-06, 'N2': 0.755, 'N2O': 4.310e-05, 'O': 0.0111, 'O2': 0.172, 'NO': 0.0617, 'NO2': 3.223e-04}
The total enthalpy (Ht) at state s6 is 4.59 MJ/kg.
Facility_State(state s8: p = 4974.29 Pa, T = 527.04 K, rho = 3.27e-02 kg/m**3, gam = 1.38, R = 288.20 J/kg K, V = 2952.83 m/s, M = 6.44)
species in s8 at equilibrium (by moles): 
{'N2': 0.79, 'O2': 0.21}
The total enthalpy (Ht) at state s8 is 4.59 MJ/kg.
------------------------------------------------------------
Starting frozen normal shock calculation over the test model.
Facility_State(state s10f: p = 238911.08 Pa, T = 4575.04 K, rho = 1.81e-01 kg/m**3, gam = 1.38, R = 288.20 J/kg K, V = 533.69 m/s, M = 0.40)
------------------------------------------------------------
Starting equilibrium normal shock calculation over the test model.
Facility_State(state s10e: p = 253910.00 Pa, T = 3324.35 K, rho = 2.55e-01 kg/m**3, gam = 1.11, R = 299.02 J/kg K, V = 378.58 m/s, M = 0.35)
species in s10e at equilibrium (by moles): 
{'N': 4.948e-05, 'N2': 0.735, 'N2O': 4.780e-06, 'O': 0.0724, 'O2': 0.139, 'NO': 0.0536, 'NO2': 3.307e-05}
The total enthalpy (Ht) at state s10e is 4.59 MJ/kg.
------------------------------------------------------------
Test completed. Printing output now.
------------------------------------------------------------
PITOT3 Version 16-Dec-2023 doing a reflected_shock_tunnel calculation.
Calculation mode is 'fully_theoretical'.
Facility is 'HYPULSE_rst_Mach_8_to_10_nozzle_area_ratio_175'.
Driver condition is 'HYPULSE_RST_M8_driver_condition'. Driver gas model is CEAGas.
Driver gas composition is {'Ar': 0.6, 'O2': 0.133, 'H2': 0.267} (by moles) (gam = 1.41, R = 289.07 J/kg K).
Nozzle area ratio is 175.0.
Test gas (s1) is n2-o2-with-ions. Test gas gas model is CEAGas.
Test gas composition is {'N2': 0.79, 'O2': 0.21} (by moles) (gam = 1.40, R = 288.20 J/kg K)
vs1 = 2089.00 m/s, Ms1 = 6.03
state p         T       a     v       M     rho      pitot_p stgn_p Ht     h    
      Pa        K       m/s   m/s           kg/m^3   kPa     MPa    MJ/kg  MJ/kg
s4    3.731e+07 3861.0  1257  0.0     0.00  33.42900 37310   37.31  3.29   3.29 
s1    81113.08  298.15  347   0.0     0.00  0.94400  81.1    0.08   0.00   0.00 
s2    3.535e+06 2098.9  877   1751.6  2.00  5.84450  18745   27.28  3.66   2.13 
s3    3.535e+06 1889.7  892   1751.6  1.96  6.47180  19871   26.77  2.93   1.40 
s5    2.692e+07 3696.2  1143  0.0     0.00  25.04000 26924   26.92  4.59   4.59 
s5d   3.122e+07 4721.9  1384  0.0     0.00  22.87400 31222   31.22  4.14   4.14 
s6    1.510e+07 3346.9  1088  1087.8  1.00  15.57200 26944   26.95  4.59   4.00 
s8    4974.291  527.04  458   2952.8  6.44  3.27e-02 272.8   26.95  4.59   0.23 
s10f  238911.1  4575.0  1350  533.7   0.40  0.18120  265.7   0.27   -     -     
s10e  253910.0  3324.4  1080  378.6   0.35  0.25543  272.8   0.27   4.59   4.52 
The freestream (s8) total temperature (Tt) is 3696.77 K.
The freestream (s8) flight equivalent velocity (Ue) is 3031.12 m/s.
Freestream (s8) unit Reynolds number is 3442713.24 /m (related mu is 2.81e-05 Pa.s).
Post normal shock equilibrium (s10e) unit Reynolds number is 962404.18 /m (related mu is 1.00e-04 Pa.s).
Species in the freestream state (s8) at equilibrium (by moles):
{'N2': 0.79, 'O2': 0.21}
Species in the shock layer at equilibrium (s10e) (by moles):
{'N': 4.948e-05, 'N2': 0.735, 'N2O': 4.780e-06, 'O': 0.0724, 'O2': 0.139, 'NO': 0.0536, 'NO2': 3.307e-05}
This FacilityState does not have a reference gas state which is required to calculate enthalpy.
None will be returned.
This FacilityState does not have a reference gas state which is required to calculate the flight equivalent velocity.
None will be returned.
------------------------------------------------------------
Exporting facility states data to the json file HYPULSE_RST_M8_condition_builder_45.json.
------------------------------------------------------------
math domain error
Failed to calculate flight equivalent velocity.
self.flight_equivalent_velocity will be set to None.
Cannot return the flight equivalent velocity as PITOT3 failed to calculate it.
Will return None.
This FacilityState does not have a reference gas state which is required to calculate enthalpy.
None will be returned.
This FacilityState does not have a reference gas state which is required to calculate the flight equivalent velocity.
None will be returned.
------------------------------------------------------------
Removing temporary files created during the running of the program.
------------------------------------------------------------
------------------------------------------------------------
Run finished successfully.
------------------------------------------------------------
