------------------------------------------------------------
Running PITOT3 version: 16-Dec-2023
------------------------------------------------------------
Let's get started, shall we:
Calculation mode is 'fully_theoretical'.
Chosen facility is 'HYPULSE_rst_Mach_8_to_10_nozzle_area_ratio_175'.
Facility type is 'reflected_shock_tunnel'.
------------------------------------------------------------
Setting up facility driver condition.
Chosen driver condition is 'HYPULSE_RST_M8_driver_condition'.
Driver gas model is CEAGas.
Driver gas composition is {'Ar': 0.6, 'O2': 0.133, 'H2': 0.267} (by moles) (gam = 1.41, R = 289.07 J/kg K).
Driver rupture conditions are p4 = 37.31 MPa, T4 = 3861.00 K, M_throat = 0.00.
------------------------------------------------------------
The configuration in the driven tube is as follows:
test_gas_file_name =  None
shock_tube_fill_state_name =  s1
Test gas is n2-o2-with-ions. Test gas gas model is CEAGas.
Shock tube fill pressure (p1) is 413201.24 Pa.
Shock tube fill temperature (T1) is 298.15 K.
Nozzle area ratio is 175.0.
------------------------------------------------------------
Facility_State(state s5: p = 54518657.67 Pa, T = 2174.46 K, rho = 8.70e+01 kg/m**3, gam = 1.27, R = 288.15 J/kg K, V = 0.00 m/s, M = 0.00)
species in s5 at equilibrium (by moles): 
{'N2': 0.784, 'N2O': 1.523e-05, 'O': 4.434e-05, 'O2': 0.204, 'NO': 0.0117, 'NO2': 3.583e-04}
The total enthalpy (Ht) at state s5 is 2.23 MJ/kg.
------------------------------------------------------------
Facility_State(state s5d: p = 35644980.81 Pa, T = 4120.36 K, rho = 2.99e+01 kg/m**3, gam = 1.41, R = 289.07 J/kg K, V = 0.00 m/s, M = 0.00)
species in s5d at equilibrium (by moles): 
{'Ar': 0.6, 'O2': 0.133, 'H2': 0.267}
The total enthalpy (Ht) at state s5d is 3.54 MJ/kg.
------------------------------------------------------------
Starting steady expansion through the nozzle using an area ratio of 175.0
Due to the fact that this is a reflected shock simulation, we must first expand to the throat condition (state 6).
M6 expected is 1.0 and M6 found is 1.0060.
Facility_State(state s6: p = 29721689.97 Pa, T = 1907.31 K, rho = 5.41e+01 kg/m**3, gam = 1.28, R = 288.17 J/kg K, V = 844.30 m/s, M = 1.01)
species in s6 at equilibrium (by moles): 
{'N2': 0.787, 'N2O': 5.701e-06, 'O': 8.370e-06, 'O2': 0.207, 'NO': 0.00582, 'NO2': 2.038e-04}
The total enthalpy (Ht) at state s6 is 2.23 MJ/kg.
Facility_State(state s8: p = 7671.54 Pa, T = 219.27 K, rho = 1.21e-01 kg/m**3, gam = 1.40, R = 288.20 J/kg K, V = 2147.76 m/s, M = 7.22)
species in s8 at equilibrium (by moles): 
{'N2': 0.79, 'O2': 0.21}
The total enthalpy (Ht) at state s8 is 2.23 MJ/kg.
------------------------------------------------------------
Starting frozen normal shock calculation over the test model.
Facility_State(state s10f: p = 465440.19 Pa, T = 2428.53 K, rho = 6.65e-01 kg/m**3, gam = 1.40, R = 288.20 J/kg K, V = 392.07 m/s, M = 0.40)
------------------------------------------------------------
Starting equilibrium normal shock calculation over the test model.
Facility_State(state s10e: p = 480800.00 Pa, T = 2131.65 K, rho = 7.83e-01 kg/m**3, gam = 1.27, R = 288.24 J/kg K, V = 333.21 m/s, M = 0.38)
species in s10e at equilibrium (by moles): 
{'N2': 0.785, 'N2O': 1.297e-06, 'O': 3.561e-04, 'O2': 0.204, 'NO': 0.0106, 'NO2': 3.244e-05}
The total enthalpy (Ht) at state s10e is 2.23 MJ/kg.
------------------------------------------------------------
Test completed. Printing output now.
------------------------------------------------------------
PITOT3 Version 16-Dec-2023 doing a reflected_shock_tunnel calculation.
Calculation mode is 'fully_theoretical'.
Facility is 'HYPULSE_rst_Mach_8_to_10_nozzle_area_ratio_175'.
Driver condition is 'HYPULSE_RST_M8_driver_condition'. Driver gas model is CEAGas.
Driver gas composition is {'Ar': 0.6, 'O2': 0.133, 'H2': 0.267} (by moles) (gam = 1.41, R = 289.07 J/kg K).
Nozzle area ratio is 175.0.
Test gas (s1) is n2-o2-with-ions. Test gas gas model is CEAGas.
Test gas composition is {'N2': 0.79, 'O2': 0.21} (by moles) (gam = 1.40, R = 288.20 J/kg K)
vs1 = 1455.47 m/s, Ms1 = 4.20
state p         T       a     v       M     rho      pitot_p stgn_p Ht     h    
      Pa        K       m/s   m/s           kg/m^3   kPa     MPa    MJ/kg  MJ/kg
s4    3.731e+07 3861.0  1257  0.0     0.00  33.42900 37310   37.31  3.29   3.29 
s1    413201.2  298.15  347   0.0     0.00  4.80890  413.2   0.41   0.00   0.00 
s2    8.584e+06 1225.8  682   1167.4  1.71  24.30108 35379   42.10  1.70   1.02 
s3    8.584e+06 2487.1  1018  1167.4  1.15  11.94000 19688   19.75  2.64   1.96 
s5    5.452e+07 2174.5  892   0.0     0.00  87.01200 54519   54.52  2.23   2.23 
s5d   3.564e+07 4120.4  1296  0.0     0.00  29.92700 35645   35.64  3.54   3.54 
s6    2.972e+07 1907.3  839   844.3   1.01  54.07700 54519   54.52  2.23   1.87 
s8    7671.538  219.27  297   2147.8  7.22  0.12140  525.9   54.52  2.23   -0.08
s10f  465440.2  2428.5  990   392.1   0.40  0.66501  518.6   0.52   -     -     
s10e  480800.0  2131.7  883   333.2   0.38  0.78251  525.9   0.53   2.23   2.17 
The freestream (s8) total temperature (Tt) is 2174.45 K.
The freestream (s8) flight equivalent velocity (Ue) is 2110.34 m/s.
Freestream (s8) unit Reynolds number is 17784487.71 /m (related mu is 1.47e-05 Pa.s).
Post normal shock equilibrium (s10e) unit Reynolds number is 3598128.40 /m (related mu is 7.25e-05 Pa.s).
Species in the freestream state (s8) at equilibrium (by moles):
{'N2': 0.79, 'O2': 0.21}
Species in the shock layer at equilibrium (s10e) (by moles):
{'N2': 0.785, 'N2O': 1.297e-06, 'O': 3.561e-04, 'O2': 0.204, 'NO': 0.0106, 'NO2': 3.244e-05}
This FacilityState does not have a reference gas state which is required to calculate enthalpy.
None will be returned.
This FacilityState does not have a reference gas state which is required to calculate the flight equivalent velocity.
None will be returned.
------------------------------------------------------------
Exporting facility states data to the json file HYPULSE_RST_M8_condition_builder_80.json.
------------------------------------------------------------
math domain error
Failed to calculate flight equivalent velocity.
self.flight_equivalent_velocity will be set to None.
Cannot return the flight equivalent velocity as PITOT3 failed to calculate it.
Will return None.
This FacilityState does not have a reference gas state which is required to calculate enthalpy.
None will be returned.
This FacilityState does not have a reference gas state which is required to calculate the flight equivalent velocity.
None will be returned.
------------------------------------------------------------
Removing temporary files created during the running of the program.
------------------------------------------------------------
------------------------------------------------------------
Run finished successfully.
------------------------------------------------------------
