------------------------------------------------------------
Running PITOT3 version: 16-Dec-2023
------------------------------------------------------------
Let's get started, shall we:
Calculation mode is 'fully_theoretical'.
Chosen facility is 'HYPULSE_rst_Mach_8_to_10_nozzle_area_ratio_175'.
Facility type is 'reflected_shock_tunnel'.
------------------------------------------------------------
Setting up facility driver condition.
Chosen driver condition is 'HYPULSE_RST_M8_driver_condition'.
Driver gas model is CEAGas.
Driver gas composition is {'Ar': 0.6, 'O2': 0.133, 'H2': 0.267} (by moles) (gam = 1.41, R = 289.07 J/kg K).
Driver rupture conditions are p4 = 37.31 MPa, T4 = 3861.00 K, M_throat = 0.00.
------------------------------------------------------------
The configuration in the driven tube is as follows:
test_gas_file_name =  None
shock_tube_fill_state_name =  s1
Test gas is n2-o2-with-ions. Test gas gas model is CEAGas.
Shock tube fill pressure (p1) is 53366.99 Pa.
Shock tube fill temperature (T1) is 298.15 K.
Nozzle area ratio is 175.0.
------------------------------------------------------------
Facility_State(state s5: p = 21491089.56 Pa, T = 4064.41 K, rho = 1.80e+01 kg/m**3, gam = 1.16, R = 294.38 J/kg K, V = 0.00 m/s, M = 0.00)
species in s5 at equilibrium (by moles): 
{'N': 1.298e-04, 'N2': 0.725, 'N2O': 8.256e-05, 'O': 0.0424, 'O2': 0.136, 'NO': 0.0953, 'NO2': 3.850e-04}
The total enthalpy (Ht) at state s5 is 5.35 MJ/kg.
------------------------------------------------------------
Facility_State(state s5d: p = 29478073.56 Pa, T = 4959.20 K, rho = 2.06e+01 kg/m**3, gam = 1.40, R = 289.07 J/kg K, V = 0.00 m/s, M = 0.00)
species in s5d at equilibrium (by moles): 
{'Ar': 0.6, 'O2': 0.133, 'H2': 0.267}
The total enthalpy (Ht) at state s5d is 4.38 MJ/kg.
------------------------------------------------------------
Starting steady expansion through the nozzle using an area ratio of 175.0
Due to the fact that this is a reflected shock simulation, we must first expand to the throat condition (state 6).
M6 expected is 1.0 and M6 found is 0.9953.
M6 is just below 1.0 so it is being set to 1.0 so the code can continue.
The velocity has also been slightly adjusted from 1139.2805 m/s to 1144.7005 m/s.
Facility_State(state s6: p = 12162530.31 Pa, T = 3710.60 K, rho = 1.12e+01 kg/m**3, gam = 1.17, R = 292.36 J/kg K, V = 1144.70 m/s, M = 1.00)
species in s6 at equilibrium (by moles): 
{'N': 4.435e-05, 'N2': 0.739, 'N2O': 5.044e-05, 'O': 0.0288, 'O2': 0.153, 'NO': 0.079, 'NO2': 2.920e-04}
The total enthalpy (Ht) at state s6 is 5.36 MJ/kg.
Facility_State(state s8: p = 4345.22 Pa, T = 650.23 K, rho = 2.32e-02 kg/m**3, gam = 1.37, R = 288.20 J/kg K, V = 3159.40 m/s, M = 6.24)
species in s8 at equilibrium (by moles): 
{'N2': 0.79, 'O2': 0.21}
The total enthalpy (Ht) at state s8 is 5.36 MJ/kg.
------------------------------------------------------------
Starting frozen normal shock calculation over the test model.
Facility_State(state s10f: p = 194759.68 Pa, T = 5167.57 K, rho = 1.31e-01 kg/m**3, gam = 1.37, R = 288.20 J/kg K, V = 560.19 m/s, M = 0.39)
------------------------------------------------------------
Starting equilibrium normal shock calculation over the test model.
Facility_State(state s10e: p = 207860.00 Pa, T = 3527.90 K, rho = 1.92e-01 kg/m**3, gam = 1.09, R = 306.74 J/kg K, V = 381.41 m/s, M = 0.34)
species in s10e at equilibrium (by moles): 
{'N': 1.480e-04, 'N2': 0.714, 'N2O': 4.552e-06, 'O': 0.121, 'O2': 0.109, 'NO': 0.0563, 'NO2': 2.497e-05}
The total enthalpy (Ht) at state s10e is 5.36 MJ/kg.
------------------------------------------------------------
Test completed. Printing output now.
------------------------------------------------------------
PITOT3 Version 16-Dec-2023 doing a reflected_shock_tunnel calculation.
Calculation mode is 'fully_theoretical'.
Facility is 'HYPULSE_rst_Mach_8_to_10_nozzle_area_ratio_175'.
Driver condition is 'HYPULSE_RST_M8_driver_condition'. Driver gas model is CEAGas.
Driver gas composition is {'Ar': 0.6, 'O2': 0.133, 'H2': 0.267} (by moles) (gam = 1.41, R = 289.07 J/kg K).
Nozzle area ratio is 175.0.
Test gas (s1) is n2-o2-with-ions. Test gas gas model is CEAGas.
Test gas composition is {'N2': 0.79, 'O2': 0.21} (by moles) (gam = 1.40, R = 288.20 J/kg K)
vs1 = 2256.98 m/s, Ms1 = 6.51
state p         T       a     v       M     rho      pitot_p stgn_p Ht     h    
      Pa        K       m/s   m/s           kg/m^3   kPa     MPa    MJ/kg  MJ/kg
s4    3.731e+07 3861.0  1257  0.0     0.00  33.42900 37310   37.31  3.29   3.29 
s1    53366.99  298.15  347   0.0     0.00  0.62109  53.4    0.05   0.00   0.00 
s2    2.727e+06 2360.2  925   1907.2  2.06  4.00797  15212   23.47  4.30   2.49 
s3    2.727e+06 1741.4  858   1907.2  2.22  5.41710  19316   30.91  3.08   1.26 
s5    2.149e+07 4064.4  1202  0.0     0.00  17.96200 21491   21.49  5.35   5.35 
s5d   2.948e+07 4959.2  1417  0.0     0.00  20.56300 29478   29.48  4.38   4.38 
s6    1.216e+07 3710.6  1145  1144.7  1.00  11.21100 21605   21.61  5.36   4.70 
s8    4345.217  650.23  506   3159.4  6.24  2.32e-02 222.3   21.61  5.36   0.36 
s10f  194759.7  5167.6  1428  560.2   0.39  0.13077  216.1   0.22   -     -     
s10e  207860.0  3527.9  1125  381.4   0.34  0.19208  222.3   0.22   5.36   5.28 
The freestream (s8) total temperature (Tt) is 4067.76 K.
The freestream (s8) flight equivalent velocity (Ue) is 3272.67 m/s.
Freestream (s8) unit Reynolds number is 2254368.31 /m (related mu is 3.25e-05 Pa.s).
Post normal shock equilibrium (s10e) unit Reynolds number is 690873.32 /m (related mu is 1.06e-04 Pa.s).
Species in the freestream state (s8) at equilibrium (by moles):
{'N2': 0.79, 'O2': 0.21}
Species in the shock layer at equilibrium (s10e) (by moles):
{'N': 1.480e-04, 'N2': 0.714, 'N2O': 4.552e-06, 'O': 0.121, 'O2': 0.109, 'NO': 0.0563, 'NO2': 2.497e-05}
This FacilityState does not have a reference gas state which is required to calculate enthalpy.
None will be returned.
This FacilityState does not have a reference gas state which is required to calculate the flight equivalent velocity.
None will be returned.
------------------------------------------------------------
Exporting facility states data to the json file HYPULSE_RST_M8_condition_builder_36.json.
------------------------------------------------------------
math domain error
Failed to calculate flight equivalent velocity.
self.flight_equivalent_velocity will be set to None.
Cannot return the flight equivalent velocity as PITOT3 failed to calculate it.
Will return None.
This FacilityState does not have a reference gas state which is required to calculate enthalpy.
None will be returned.
This FacilityState does not have a reference gas state which is required to calculate the flight equivalent velocity.
None will be returned.
------------------------------------------------------------
Removing temporary files created during the running of the program.
------------------------------------------------------------
------------------------------------------------------------
Run finished successfully.
------------------------------------------------------------
