------------------------------------------------------------
Running PITOT3 version: 16-Dec-2023
------------------------------------------------------------
Let's get started, shall we:
Calculation mode is 'fully_theoretical'.
Chosen facility is 'HYPULSE_rst_Mach_8_to_10_nozzle_area_ratio_175'.
Facility type is 'reflected_shock_tunnel'.
------------------------------------------------------------
Setting up facility driver condition.
Chosen driver condition is 'HYPULSE_RST_M8_driver_condition'.
Driver gas model is CEAGas.
Driver gas composition is {'Ar': 0.6, 'O2': 0.133, 'H2': 0.267} (by moles) (gam = 1.41, R = 289.07 J/kg K).
Driver rupture conditions are p4 = 37.31 MPa, T4 = 3861.00 K, M_throat = 0.00.
------------------------------------------------------------
The configuration in the driven tube is as follows:
test_gas_file_name =  None
shock_tube_fill_state_name =  s1
Test gas is n2-o2-with-ions. Test gas gas model is CEAGas.
Shock tube fill pressure (p1) is 61359.07 Pa.
Shock tube fill temperature (T1) is 298.15 K.
Nozzle area ratio is 175.0.
------------------------------------------------------------
Facility_State(state s5: p = 23204740.30 Pa, T = 3945.64 K, rho = 2.01e+01 kg/m**3, gam = 1.17, R = 293.01 J/kg K, V = 0.00 m/s, M = 0.00)
species in s5 at equilibrium (by moles): 
{'N': 8.143e-05, 'N2': 0.731, 'N2O': 8.123e-05, 'O': 0.0333, 'O2': 0.144, 'NO': 0.0908, 'NO2': 4.091e-04}
The total enthalpy (Ht) at state s5 is 5.09 MJ/kg.
------------------------------------------------------------
Facility_State(state s5d: p = 30084922.67 Pa, T = 4876.27 K, rho = 2.13e+01 kg/m**3, gam = 1.40, R = 289.07 J/kg K, V = 0.00 m/s, M = 0.00)
species in s5d at equilibrium (by moles): 
{'Ar': 0.6, 'O2': 0.133, 'H2': 0.267}
The total enthalpy (Ht) at state s5d is 4.30 MJ/kg.
------------------------------------------------------------
Starting steady expansion through the nozzle using an area ratio of 175.0
Due to the fact that this is a reflected shock simulation, we must first expand to the throat condition (state 6).
M6 expected is 1.0 and M6 found is 0.9967.
M6 is just below 1.0 so it is being set to 1.0 so the code can continue.
The velocity has also been slightly adjusted from 1122.2388 m/s to 1126.0008 m/s.
Facility_State(state s6: p = 13095877.28 Pa, T = 3593.28 K, rho = 1.25e+01 kg/m**3, gam = 1.18, R = 291.30 J/kg K, V = 1126.00 m/s, M = 1.00)
species in s6 at equilibrium (by moles): 
{'N': 2.570e-05, 'N2': 0.745, 'N2O': 4.855e-05, 'O': 0.0216, 'O2': 0.16, 'NO': 0.0737, 'NO2': 3.048e-04}
The total enthalpy (Ht) at state s6 is 5.10 MJ/kg.
Facility_State(state s8: p = 4549.56 Pa, T = 606.78 K, rho = 2.60e-02 kg/m**3, gam = 1.37, R = 288.20 J/kg K, V = 3091.08 m/s, M = 6.31)
species in s8 at equilibrium (by moles): 
{'N2': 0.79, 'O2': 0.21}
The total enthalpy (Ht) at state s8 is 5.10 MJ/kg.
------------------------------------------------------------
Starting frozen normal shock calculation over the test model.
Facility_State(state s10f: p = 208737.94 Pa, T = 4971.65 K, rho = 1.46e-01 kg/m**3, gam = 1.37, R = 288.20 J/kg K, V = 552.01 m/s, M = 0.39)
------------------------------------------------------------
Starting equilibrium normal shock calculation over the test model.
Facility_State(state s10e: p = 222540.00 Pa, T = 3463.17 K, rho = 2.11e-01 kg/m**3, gam = 1.10, R = 303.98 J/kg K, V = 380.44 m/s, M = 0.34)
species in s10e at equilibrium (by moles): 
{'N': 1.056e-04, 'N2': 0.721, 'N2O': 4.678e-06, 'O': 0.104, 'O2': 0.119, 'NO': 0.0559, 'NO2': 2.776e-05}
The total enthalpy (Ht) at state s10e is 5.10 MJ/kg.
------------------------------------------------------------
Test completed. Printing output now.
------------------------------------------------------------
PITOT3 Version 16-Dec-2023 doing a reflected_shock_tunnel calculation.
Calculation mode is 'fully_theoretical'.
Facility is 'HYPULSE_rst_Mach_8_to_10_nozzle_area_ratio_175'.
Driver condition is 'HYPULSE_RST_M8_driver_condition'. Driver gas model is CEAGas.
Driver gas composition is {'Ar': 0.6, 'O2': 0.133, 'H2': 0.267} (by moles) (gam = 1.41, R = 289.07 J/kg K).
Nozzle area ratio is 175.0.
Test gas (s1) is n2-o2-with-ions. Test gas gas model is CEAGas.
Test gas composition is {'N2': 0.79, 'O2': 0.21} (by moles) (gam = 1.40, R = 288.20 J/kg K)
vs1 = 2201.04 m/s, Ms1 = 6.35
state p         T       a     v       M     rho      pitot_p stgn_p Ht     h    
      Pa        K       m/s   m/s           kg/m^3   kPa     MPa    MJ/kg  MJ/kg
s4    3.731e+07 3861.0  1257  0.0     0.00  33.42900 37310   37.31  3.29   3.29 
s1    61359.07  298.15  347   0.0     0.00  0.71410  61.4    0.06   0.00   0.00 
s2    2.977e+06 2272.3  910   1855.3  2.04  4.54597  16333   24.70  4.08   2.36 
s3    2.977e+06 1790.4  869   1855.3  2.13  5.75290  19533   29.39  3.03   1.31 
s5    2.320e+07 3945.6  1183  0.0     0.00  20.07100 23205   23.20  5.09   5.09 
s5d   3.008e+07 4876.3  1406  0.0     0.00  21.34300 30085   30.08  4.30   4.30 
s6    1.310e+07 3593.3  1126  1126.0  1.00  12.51100 23292   23.29  5.10   4.46 
s8    4549.558  606.78  490   3091.1  6.31  2.60e-02 238.3   23.29  5.10   0.32 
s10f  208737.9  4971.7  1403  552.0   0.39  0.14568  231.8   0.23   -     -     
s10e  222540.0  3463.2  1110  380.4   0.34  0.21139  238.3   0.24   5.10   5.02 
The freestream (s8) total temperature (Tt) is 3947.99 K.
The freestream (s8) flight equivalent velocity (Ue) is 3192.30 m/s.
Freestream (s8) unit Reynolds number is 2595718.61 /m (related mu is 3.10e-05 Pa.s).
Post normal shock equilibrium (s10e) unit Reynolds number is 771642.24 /m (related mu is 1.04e-04 Pa.s).
Species in the freestream state (s8) at equilibrium (by moles):
{'N2': 0.79, 'O2': 0.21}
Species in the shock layer at equilibrium (s10e) (by moles):
{'N': 1.056e-04, 'N2': 0.721, 'N2O': 4.678e-06, 'O': 0.104, 'O2': 0.119, 'NO': 0.0559, 'NO2': 2.776e-05}
This FacilityState does not have a reference gas state which is required to calculate enthalpy.
None will be returned.
This FacilityState does not have a reference gas state which is required to calculate the flight equivalent velocity.
None will be returned.
------------------------------------------------------------
Exporting facility states data to the json file HYPULSE_RST_M8_condition_builder_39.json.
------------------------------------------------------------
Cannot return the total enthalpy as PITOT3 failed to calculate it.
Will return None.
Total enthalpy could not be calculated, so the flight equivalent velocity could not be calculated either.
self.flight_equivalent_velocity will be set to None.
Cannot return the flight equivalent velocity as PITOT3 failed to calculate it.
Will return None.
This FacilityState does not have a reference gas state which is required to calculate enthalpy.
None will be returned.
This FacilityState does not have a reference gas state which is required to calculate the flight equivalent velocity.
None will be returned.
------------------------------------------------------------
Removing temporary files created during the running of the program.
------------------------------------------------------------
------------------------------------------------------------
Run finished successfully.
------------------------------------------------------------
