------------------------------------------------------------
Running PITOT3 version: 16-Dec-2023
------------------------------------------------------------
Let's get started, shall we:
Calculation mode is 'fully_theoretical'.
Chosen facility is 'HYPULSE_rst_Mach_8_to_10_nozzle_area_ratio_175'.
Facility type is 'reflected_shock_tunnel'.
------------------------------------------------------------
Setting up facility driver condition.
Chosen driver condition is 'HYPULSE_RST_M8_driver_condition'.
Driver gas model is CEAGas.
Driver gas composition is {'Ar': 0.6, 'O2': 0.133, 'H2': 0.267} (by moles) (gam = 1.41, R = 289.07 J/kg K).
Driver rupture conditions are p4 = 37.31 MPa, T4 = 3861.00 K, M_throat = 0.00.
------------------------------------------------------------
The configuration in the driven tube is as follows:
test_gas_file_name =  None
shock_tube_fill_state_name =  s1
Test gas is n2-o2-with-ions. Test gas gas model is CEAGas.
Shock tube fill pressure (p1) is 25353.64 Pa.
Shock tube fill temperature (T1) is 298.15 K.
Nozzle area ratio is 175.0.
------------------------------------------------------------
Facility_State(state s5: p = 13980661.70 Pa, T = 4635.23 K, rho = 9.89e+00 kg/m**3, gam = 1.13, R = 305.00 J/kg K, V = 0.00 m/s, M = 0.00)
species in s5 at equilibrium (by moles): 
{'N': 9.259e-04, 'N2': 0.693, 'N2O': 7.566e-05, 'O': 0.11, 'O2': 0.0908, 'NO': 0.105, 'NO2': 2.361e-04, 'NO+': 3.989e-06}
The total enthalpy (Ht) at state s5 is 6.82 MJ/kg.
------------------------------------------------------------
Facility_State(state s5d: p = 25887557.23 Pa, T = 5465.69 K, rho = 1.64e+01 kg/m**3, gam = 1.40, R = 289.07 J/kg K, V = 0.00 m/s, M = 0.00)
species in s5d at equilibrium (by moles): 
{'Ar': 0.6, 'O2': 0.133, 'H2': 0.267}
The total enthalpy (Ht) at state s5d is 4.90 MJ/kg.
------------------------------------------------------------
Starting steady expansion through the nozzle using an area ratio of 175.0
Due to the fact that this is a reflected shock simulation, we must first expand to the throat condition (state 6).
M6 expected is 1.0 and M6 found is 0.9887.
M6 is just below 1.0 so it is being set to 1.0 so the code can continue.
The velocity has also been slightly adjusted from 1228.4869 m/s to 1242.5009 m/s.
Facility_State(state s6: p = 7988179.22 Pa, T = 4261.93 K, rho = 6.22e+00 kg/m**3, gam = 1.13, R = 301.53 J/kg K, V = 1242.50 m/s, M = 1.00)
species in s6 at equilibrium (by moles): 
{'N': 4.093e-04, 'N2': 0.707, 'N2O': 5.043e-05, 'O': 0.0883, 'O2': 0.109, 'NO': 0.095, 'NO2': 1.959e-04, 'NO+': 1.591e-06}
The total enthalpy (Ht) at state s6 is 6.83 MJ/kg.
Facility_State(state s8: p = 3355.98 Pa, T = 927.38 K, rho = 1.26e-02 kg/m**3, gam = 1.34, R = 288.20 J/kg K, V = 3510.96 m/s, M = 5.87)
species in s8 at equilibrium (by moles): 
{'N2': 0.79, 'O2': 0.21, 'NO': 1.324e-05}
The total enthalpy (Ht) at state s8 is 6.83 MJ/kg.
------------------------------------------------------------
Starting frozen normal shock calculation over the test model.
Facility_State(state s10f: p = 131788.22 Pa, T = 6199.85 K, rho = 7.38e-02 kg/m**3, gam = 1.34, R = 288.20 J/kg K, V = 597.71 m/s, M = 0.39)
------------------------------------------------------------
Starting equilibrium normal shock calculation over the test model.
Facility_State(state s10e: p = 140910.00 Pa, T = 3860.01 K, rho = 1.13e-01 kg/m**3, gam = 1.10, R = 323.58 J/kg K, V = 390.78 m/s, M = 0.32)
species in s10e at equilibrium (by moles): 
{'N': 7.250e-04, 'N2': 0.678, 'N2O': 3.329e-06, 'O': 0.218, 'O2': 0.053, 'NO': 0.0499, 'NO2': 1.100e-05, 'NO+': 1.831e-06}
The total enthalpy (Ht) at state s10e is 6.83 MJ/kg.
------------------------------------------------------------
Test completed. Printing output now.
------------------------------------------------------------
PITOT3 Version 16-Dec-2023 doing a reflected_shock_tunnel calculation.
Calculation mode is 'fully_theoretical'.
Facility is 'HYPULSE_rst_Mach_8_to_10_nozzle_area_ratio_175'.
Driver condition is 'HYPULSE_RST_M8_driver_condition'. Driver gas model is CEAGas.
Driver gas composition is {'Ar': 0.6, 'O2': 0.133, 'H2': 0.267} (by moles) (gam = 1.41, R = 289.07 J/kg K).
Nozzle area ratio is 175.0.
Test gas (s1) is n2-o2-with-ions. Test gas gas model is CEAGas.
Test gas composition is {'N2': 0.79, 'O2': 0.21} (by moles) (gam = 1.40, R = 288.20 J/kg K)
vs1 = 2551.42 m/s, Ms1 = 7.36
state p         T       a     v       M     rho      pitot_p stgn_p Ht     h    
      Pa        K       m/s   m/s           kg/m^3   kPa     MPa    MJ/kg  MJ/kg
s4    3.731e+07 3861.0  1257  0.0     0.00  33.42900 37310   37.31  3.29   3.29 
s1    25353.64  298.15  347   0.0     0.00  0.29507  25.4    0.03   0.00   0.00 
s2    1.669e+06 2820.5  1000  2183.7  2.18  2.04747  10165   17.68  5.57   3.19 
s3    1.669e+06 1489.6  796   2183.7  2.74  3.87690  17681   41.93  3.42   1.04 
s5    1.398e+07 4635.2  1308  0.0     0.00  9.88940  13981   13.98  6.82   6.82 
s5d   2.589e+07 5465.7  1485  0.0     0.00  16.38500 25888   25.89  4.90   4.90 
s6    7.988e+06 4261.9  1242  1242.5  1.00  6.21580  14154   14.15  6.83   6.06 
s8    3355.984  927.38  598   3511.0  5.87  1.26e-02 149.8   14.15  6.83   0.67 
s10f  131788.2  6199.9  1548  597.7   0.39  7.38e-02 145.5   0.15   -     -     
s10e  140910.0  3860.0  1217  390.8   0.32  0.11282  149.8   0.15   6.83   6.76 
The freestream (s8) total temperature (Tt) is 4643.91 K.
The freestream (s8) flight equivalent velocity (Ue) is 3696.89 m/s.
Freestream (s8) unit Reynolds number is 1065034.52 /m (related mu is 4.14e-05 Pa.s).
Post normal shock equilibrium (s10e) unit Reynolds number is 380717.65 /m (related mu is 1.16e-04 Pa.s).
Species in the freestream state (s8) at equilibrium (by moles):
{'N2': 0.79, 'O2': 0.21, 'NO': 1.324e-05}
Species in the shock layer at equilibrium (s10e) (by moles):
{'N': 7.250e-04, 'N2': 0.678, 'N2O': 3.329e-06, 'O': 0.218, 'O2': 0.053, 'NO': 0.0499, 'NO2': 1.100e-05, 'NO+': 1.831e-06}
This FacilityState does not have a reference gas state which is required to calculate enthalpy.
None will be returned.
This FacilityState does not have a reference gas state which is required to calculate the flight equivalent velocity.
None will be returned.
------------------------------------------------------------
Exporting facility states data to the json file HYPULSE_RST_M8_condition_builder_20.json.
------------------------------------------------------------
math domain error
Failed to calculate flight equivalent velocity.
self.flight_equivalent_velocity will be set to None.
Cannot return the flight equivalent velocity as PITOT3 failed to calculate it.
Will return None.
This FacilityState does not have a reference gas state which is required to calculate enthalpy.
None will be returned.
This FacilityState does not have a reference gas state which is required to calculate the flight equivalent velocity.
None will be returned.
------------------------------------------------------------
Removing temporary files created during the running of the program.
------------------------------------------------------------
------------------------------------------------------------
Run finished successfully.
------------------------------------------------------------
