------------------------------------------------------------
Running PITOT3 version: 16-Dec-2023
------------------------------------------------------------
Let's get started, shall we:
Calculation mode is 'fully_theoretical'.
Chosen facility is 'HYPULSE_rst_Mach_8_to_10_nozzle_area_ratio_175'.
Facility type is 'reflected_shock_tunnel'.
------------------------------------------------------------
Setting up facility driver condition.
Chosen driver condition is 'HYPULSE_RST_M8_driver_condition'.
Driver gas model is CEAGas.
Driver gas composition is {'Ar': 0.6, 'O2': 0.133, 'H2': 0.267} (by moles) (gam = 1.41, R = 289.07 J/kg K).
Driver rupture conditions are p4 = 37.31 MPa, T4 = 3861.00 K, M_throat = 0.00.
------------------------------------------------------------
The configuration in the driven tube is as follows:
test_gas_file_name =  None
shock_tube_fill_state_name =  s1
Test gas is n2-o2-with-ions. Test gas gas model is CEAGas.
Shock tube fill pressure (p1) is 31992.67 Pa.
Shock tube fill temperature (T1) is 298.15 K.
Nozzle area ratio is 175.0.
------------------------------------------------------------
Facility_State(state s5: p = 16040666.99 Pa, T = 4466.72 K, rho = 1.19e+01 kg/m**3, gam = 1.14, R = 301.12 J/kg K, V = 0.00 m/s, M = 0.00)
species in s5 at equilibrium (by moles): 
{'N': 5.404e-04, 'N2': 0.703, 'N2O': 8.000e-05, 'O': 0.0857, 'O2': 0.105, 'NO': 0.105, 'NO2': 2.836e-04, 'NO+': 2.338e-06}
The total enthalpy (Ht) at state s5 is 6.34 MJ/kg.
------------------------------------------------------------
Facility_State(state s5d: p = 27064072.02 Pa, T = 5295.97 K, rho = 1.77e+01 kg/m**3, gam = 1.40, R = 289.07 J/kg K, V = 0.00 m/s, M = 0.00)
species in s5d at equilibrium (by moles): 
{'Ar': 0.6, 'O2': 0.133, 'H2': 0.267}
The total enthalpy (Ht) at state s5d is 4.73 MJ/kg.
------------------------------------------------------------
Starting steady expansion through the nozzle using an area ratio of 175.0
Due to the fact that this is a reflected shock simulation, we must first expand to the throat condition (state 6).
M6 expected is 1.0 and M6 found is 0.9904.
M6 is just below 1.0 so it is being set to 1.0 so the code can continue.
The velocity has also been slightly adjusted from 1200.3083 m/s to 1212.0003 m/s.
Facility_State(state s6: p = 9147439.93 Pa, T = 4102.62 K, rho = 7.48e+00 kg/m**3, gam = 1.14, R = 298.06 J/kg K, V = 1212.00 m/s, M = 1.00)
species in s6 at equilibrium (by moles): 
{'N': 2.262e-04, 'N2': 0.717, 'N2O': 5.212e-05, 'O': 0.0663, 'O2': 0.123, 'NO': 0.0924, 'NO2': 2.287e-04}
The total enthalpy (Ht) at state s6 is 6.36 MJ/kg.
Facility_State(state s8: p = 3646.20 Pa, T = 832.11 K, rho = 1.52e-02 kg/m**3, gam = 1.35, R = 288.20 J/kg K, V = 3403.87 m/s, M = 5.98)
species in s8 at equilibrium (by moles): 
{'N2': 0.79, 'O2': 0.21, 'NO': 3.408e-06}
The total enthalpy (Ht) at state s8 is 6.36 MJ/kg.
------------------------------------------------------------
Starting frozen normal shock calculation over the test model.
Facility_State(state s10f: p = 149448.16 Pa, T = 5877.96 K, rho = 8.82e-02 kg/m**3, gam = 1.35, R = 288.20 J/kg K, V = 586.64 m/s, M = 0.39)
------------------------------------------------------------
Starting equilibrium normal shock calculation over the test model.
Facility_State(state s10e: p = 159800.00 Pa, T = 3754.06 K, rho = 1.34e-01 kg/m**3, gam = 1.09, R = 318.06 J/kg K, V = 386.72 m/s, M = 0.33)
species in s10e at equilibrium (by moles): 
{'N': 4.480e-04, 'N2': 0.689, 'N2O': 3.784e-06, 'O': 0.187, 'O2': 0.0699, 'NO': 0.0534, 'NO2': 1.501e-05, 'NO+': 1.163e-06}
The total enthalpy (Ht) at state s10e is 6.36 MJ/kg.
------------------------------------------------------------
Test completed. Printing output now.
------------------------------------------------------------
PITOT3 Version 16-Dec-2023 doing a reflected_shock_tunnel calculation.
Calculation mode is 'fully_theoretical'.
Facility is 'HYPULSE_rst_Mach_8_to_10_nozzle_area_ratio_175'.
Driver condition is 'HYPULSE_RST_M8_driver_condition'. Driver gas model is CEAGas.
Driver gas composition is {'Ar': 0.6, 'O2': 0.133, 'H2': 0.267} (by moles) (gam = 1.41, R = 289.07 J/kg K).
Nozzle area ratio is 175.0.
Test gas (s1) is n2-o2-with-ions. Test gas gas model is CEAGas.
Test gas composition is {'N2': 0.79, 'O2': 0.21} (by moles) (gam = 1.40, R = 288.20 J/kg K)
vs1 = 2460.49 m/s, Ms1 = 7.10
state p         T       a     v       M     rho      pitot_p stgn_p Ht     h    
      Pa        K       m/s   m/s           kg/m^3   kPa     MPa    MJ/kg  MJ/kg
s4    3.731e+07 3861.0  1257  0.0     0.00  33.42900 37310   37.31  3.29   3.29 
s1    31992.67  298.15  347   0.0     0.00  0.37233  32.0    0.03   0.00   0.00 
s2    1.954e+06 2681.1  979   2097.6  2.14  2.52436  11570   19.34  5.16   2.96 
s3    1.954e+06 1566.4  816   2097.6  2.57  4.31450  18271   37.90  3.30   1.10 
s5    1.604e+07 4466.7  1274  0.0     0.00  11.92600 16041   16.04  6.34   6.34 
s5d   2.706e+07 5296.0  1463  0.0     0.00  17.67800 27064   27.06  4.73   4.73 
s6    9.147e+06 4102.6  1212  1212.0  1.00  7.48040  16225   16.21  6.36   5.62 
s8    3646.196  832.11  569   3403.9  5.98  1.52e-02 170.1   16.21  6.36   0.56 
s10f  149448.2  5878.0  1512  586.6   0.39  8.82e-02 165.2   0.17   -     -     
s10e  159800.0  3754.1  1186  386.7   0.33  0.13383  170.1   0.17   6.36   6.28 
The freestream (s8) total temperature (Tt) is 4473.88 K.
The freestream (s8) flight equivalent velocity (Ue) is 3565.41 m/s.
Freestream (s8) unit Reynolds number is 1345529.30 /m (related mu is 3.85e-05 Pa.s).
Post normal shock equilibrium (s10e) unit Reynolds number is 459398.05 /m (related mu is 1.13e-04 Pa.s).
Species in the freestream state (s8) at equilibrium (by moles):
{'N2': 0.79, 'O2': 0.21, 'NO': 3.408e-06}
Species in the shock layer at equilibrium (s10e) (by moles):
{'N': 4.480e-04, 'N2': 0.689, 'N2O': 3.784e-06, 'O': 0.187, 'O2': 0.0699, 'NO': 0.0534, 'NO2': 1.501e-05, 'NO+': 1.163e-06}
This FacilityState does not have a reference gas state which is required to calculate enthalpy.
None will be returned.
This FacilityState does not have a reference gas state which is required to calculate the flight equivalent velocity.
None will be returned.
------------------------------------------------------------
Exporting facility states data to the json file HYPULSE_RST_M8_condition_builder_25.json.
------------------------------------------------------------
Cannot return the total enthalpy as PITOT3 failed to calculate it.
Will return None.
Total enthalpy could not be calculated, so the flight equivalent velocity could not be calculated either.
self.flight_equivalent_velocity will be set to None.
Cannot return the flight equivalent velocity as PITOT3 failed to calculate it.
Will return None.
This FacilityState does not have a reference gas state which is required to calculate enthalpy.
None will be returned.
This FacilityState does not have a reference gas state which is required to calculate the flight equivalent velocity.
None will be returned.
------------------------------------------------------------
Removing temporary files created during the running of the program.
------------------------------------------------------------
------------------------------------------------------------
Run finished successfully.
------------------------------------------------------------
