------------------------------------------------------------
Running PITOT3 version: 16-Dec-2023
------------------------------------------------------------
Let's get started, shall we:
Calculation mode is 'fully_theoretical'.
Chosen facility is 'HYPULSE_rst_Mach_8_to_10_nozzle_area_ratio_175'.
Facility type is 'reflected_shock_tunnel'.
------------------------------------------------------------
Setting up facility driver condition.
Chosen driver condition is 'HYPULSE_RST_M8_driver_condition'.
Driver gas model is CEAGas.
Driver gas composition is {'Ar': 0.6, 'O2': 0.133, 'H2': 0.267} (by moles) (gam = 1.41, R = 289.07 J/kg K).
Driver rupture conditions are p4 = 37.31 MPa, T4 = 3861.00 K, M_throat = 0.00.
------------------------------------------------------------
The configuration in the driven tube is as follows:
test_gas_file_name =  None
shock_tube_fill_state_name =  s1
Test gas is n2-o2-with-ions. Test gas gas model is CEAGas.
Shock tube fill pressure (p1) is 22051.31 Pa.
Shock tube fill temperature (T1) is 298.15 K.
Nozzle area ratio is 175.0.
------------------------------------------------------------
Facility_State(state s5: p = 12860048.88 Pa, T = 4733.51 K, rho = 8.83e+00 kg/m**3, gam = 1.13, R = 307.51 J/kg K, V = 0.00 m/s, M = 0.00)
species in s5 at equilibrium (by moles): 
{'N': 0.00125, 'N2': 0.687, 'N2O': 7.237e-05, 'O': 0.125, 'O2': 0.082, 'NO': 0.104, 'NO2': 2.086e-04, 'NO+': 5.344e-06}
The total enthalpy (Ht) at state s5 is 7.11 MJ/kg.
------------------------------------------------------------
Facility_State(state s5d: p = 25162207.34 Pa, T = 5572.17 K, rho = 1.56e+01 kg/m**3, gam = 1.39, R = 289.07 J/kg K, V = 0.00 m/s, M = 0.00)
species in s5d at equilibrium (by moles): 
{'Ar': 0.6, 'O2': 0.133, 'H2': 0.267}
The total enthalpy (Ht) at state s5d is 5.01 MJ/kg.
------------------------------------------------------------
Starting steady expansion through the nozzle using an area ratio of 175.0
Due to the fact that this is a reflected shock simulation, we must first expand to the throat condition (state 6).
M6 expected is 1.0 and M6 found is 0.9878.
M6 is just below 1.0 so it is being set to 1.0 so the code can continue.
The velocity has also been slightly adjusted from 1245.6725 m/s to 1261.0005 m/s.
Facility_State(state s6: p = 7352971.71 Pa, T = 4353.01 K, rho = 5.56e+00 kg/m**3, gam = 1.13, R = 303.85 J/kg K, V = 1261.00 m/s, M = 1.00)
species in s6 at equilibrium (by moles): 
{'N': 5.660e-04, 'N2': 0.701, 'N2O': 4.884e-05, 'O': 0.103, 'O2': 0.0999, 'NO': 0.0955, 'NO2': 1.761e-04, 'NO+': 2.202e-06}
The total enthalpy (Ht) at state s6 is 7.13 MJ/kg.
Facility_State(state s8: p = 3190.70 Pa, T = 988.75 K, rho = 1.12e-02 kg/m**3, gam = 1.34, R = 288.20 J/kg K, V = 3573.87 m/s, M = 5.79)
species in s8 at equilibrium (by moles): 
{'N2': 0.79, 'O2': 0.21, 'NO': 2.763e-05}
The total enthalpy (Ht) at state s8 is 7.13 MJ/kg.
------------------------------------------------------------
Starting frozen normal shock calculation over the test model.
Facility_State(state s10f: p = 122029.85 Pa, T = 6392.72 K, rho = 6.62e-02 kg/m**3, gam = 1.34, R = 288.20 J/kg K, V = 604.17 m/s, M = 0.39)
------------------------------------------------------------
Starting equilibrium normal shock calculation over the test model.
Facility_State(state s10e: p = 130440.00 Pa, T = 3928.21 K, rho = 1.02e-01 kg/m**3, gam = 1.10, R = 326.92 J/kg K, V = 393.98 m/s, M = 0.32)
species in s10e at equilibrium (by moles): 
{'N': 9.753e-04, 'N2': 0.672, 'N2O': 3.036e-06, 'O': 0.236, 'O2': 0.0435, 'NO': 0.0473, 'NO2': 8.837e-06, 'NO+': 2.405e-06}
The total enthalpy (Ht) at state s10e is 7.13 MJ/kg.
------------------------------------------------------------
Test completed. Printing output now.
------------------------------------------------------------
PITOT3 Version 16-Dec-2023 doing a reflected_shock_tunnel calculation.
Calculation mode is 'fully_theoretical'.
Facility is 'HYPULSE_rst_Mach_8_to_10_nozzle_area_ratio_175'.
Driver condition is 'HYPULSE_RST_M8_driver_condition'. Driver gas model is CEAGas.
Driver gas composition is {'Ar': 0.6, 'O2': 0.133, 'H2': 0.267} (by moles) (gam = 1.41, R = 289.07 J/kg K).
Nozzle area ratio is 175.0.
Test gas (s1) is n2-o2-with-ions. Test gas gas model is CEAGas.
Test gas composition is {'N2': 0.79, 'O2': 0.21} (by moles) (gam = 1.40, R = 288.20 J/kg K)
vs1 = 2605.36 m/s, Ms1 = 7.51
state p         T       a     v       M     rho      pitot_p stgn_p Ht     h    
      Pa        K       m/s   m/s           kg/m^3   kPa     MPa    MJ/kg  MJ/kg
s4    3.731e+07 3861.0  1257  0.0     0.00  33.42900 37310   37.31  3.29   3.29 
s1    22051.31  298.15  347   0.0     0.00  0.25663  22.1    0.02   0.00   0.00 
s2    1.517e+06 2900.5  1012  2235.2  2.21  1.80642  9390.1  16.74  5.82   3.33 
s3    1.517e+06 1444.4  784   2235.2  2.85  3.63230  17295   44.64  3.49   0.99 
s5    1.286e+07 4733.5  1328  0.0     0.00  8.83470  12860   12.86  7.11   7.11 
s5d   2.516e+07 5572.2  1499  0.0     0.00  15.62100 25162   25.16  5.01   5.01 
s6    7.353e+06 4353.0  1261  1261.0  1.00  5.55930  13033   13.03  7.13   6.33 
s8    3190.701  988.75  617   3573.9  5.79  1.12e-02 138.5   13.03  7.13   0.74 
s10f  122029.9  6392.7  1568  604.2   0.39  6.62e-02 134.6   0.13   -     -     
s10e  130440.0  3928.2  1237  394.0   0.32  0.10157  138.5   0.14   7.13   7.05 
The freestream (s8) total temperature (Tt) is 4743.09 K.
The freestream (s8) flight equivalent velocity (Ue) is 3775.29 m/s.
Freestream (s8) unit Reynolds number is 925774.07 /m (related mu is 4.32e-05 Pa.s).
Post normal shock equilibrium (s10e) unit Reynolds number is 339699.36 /m (related mu is 1.18e-04 Pa.s).
Species in the freestream state (s8) at equilibrium (by moles):
{'N2': 0.79, 'O2': 0.21, 'NO': 2.763e-05}
Species in the shock layer at equilibrium (s10e) (by moles):
{'N': 9.753e-04, 'N2': 0.672, 'N2O': 3.036e-06, 'O': 0.236, 'O2': 0.0435, 'NO': 0.0473, 'NO2': 8.837e-06, 'NO+': 2.405e-06}
This FacilityState does not have a reference gas state which is required to calculate enthalpy.
None will be returned.
This FacilityState does not have a reference gas state which is required to calculate the flight equivalent velocity.
None will be returned.
------------------------------------------------------------
Exporting facility states data to the json file HYPULSE_RST_M8_condition_builder_17.json.
------------------------------------------------------------
math domain error
Failed to calculate flight equivalent velocity.
self.flight_equivalent_velocity will be set to None.
Cannot return the flight equivalent velocity as PITOT3 failed to calculate it.
Will return None.
This FacilityState does not have a reference gas state which is required to calculate enthalpy.
None will be returned.
This FacilityState does not have a reference gas state which is required to calculate the flight equivalent velocity.
None will be returned.
------------------------------------------------------------
Removing temporary files created during the running of the program.
------------------------------------------------------------
------------------------------------------------------------
Run finished successfully.
------------------------------------------------------------
