------------------------------------------------------------
Running PITOT3 version: 16-Dec-2023
------------------------------------------------------------
Let's get started, shall we:
Calculation mode is 'fully_theoretical'.
Chosen facility is 'HYPULSE_rst_Mach_8_to_10_nozzle_area_ratio_175'.
Facility type is 'reflected_shock_tunnel'.
------------------------------------------------------------
Setting up facility driver condition.
Chosen driver condition is 'HYPULSE_RST_M8_driver_condition'.
Driver gas model is CEAGas.
Driver gas composition is {'Ar': 0.6, 'O2': 0.133, 'H2': 0.267} (by moles) (gam = 1.41, R = 289.07 J/kg K).
Driver rupture conditions are p4 = 37.31 MPa, T4 = 3861.00 K, M_throat = 0.00.
------------------------------------------------------------
The configuration in the driven tube is as follows:
test_gas_file_name =  None
shock_tube_fill_state_name =  s1
Test gas is n2-o2-with-ions. Test gas gas model is CEAGas.
Shock tube fill pressure (p1) is 23101.30 Pa.
Shock tube fill temperature (T1) is 298.15 K.
Nozzle area ratio is 175.0.
------------------------------------------------------------
Facility_State(state s5: p = 13223614.33 Pa, T = 4700.96 K, rho = 9.17e+00 kg/m**3, gam = 1.13, R = 306.66 J/kg K, V = 0.00 m/s, M = 0.00)
species in s5 at equilibrium (by moles): 
{'N': 0.00113, 'N2': 0.689, 'N2O': 7.351e-05, 'O': 0.12, 'O2': 0.0849, 'NO': 0.105, 'NO2': 2.177e-04, 'NO+': 4.858e-06}
The total enthalpy (Ht) at state s5 is 7.01 MJ/kg.
------------------------------------------------------------
Facility_State(state s5d: p = 25404397.78 Pa, T = 5536.29 K, rho = 1.59e+01 kg/m**3, gam = 1.40, R = 289.07 J/kg K, V = 0.00 m/s, M = 0.00)
species in s5d at equilibrium (by moles): 
{'Ar': 0.6, 'O2': 0.133, 'H2': 0.267}
The total enthalpy (Ht) at state s5d is 4.97 MJ/kg.
------------------------------------------------------------
Starting steady expansion through the nozzle using an area ratio of 175.0
Due to the fact that this is a reflected shock simulation, we must first expand to the throat condition (state 6).
M6 expected is 1.0 and M6 found is 0.9881.
M6 is just below 1.0 so it is being set to 1.0 so the code can continue.
The velocity has also been slightly adjusted from 1239.8710 m/s to 1254.8010 m/s.
Facility_State(state s6: p = 7559403.37 Pa, T = 4323.03 K, rho = 5.77e+00 kg/m**3, gam = 1.13, R = 303.06 J/kg K, V = 1254.80 m/s, M = 1.00)
species in s6 at equilibrium (by moles): 
{'N': 5.093e-04, 'N2': 0.703, 'N2O': 4.941e-05, 'O': 0.0978, 'O2': 0.103, 'NO': 0.0954, 'NO2': 1.827e-04, 'NO+': 1.982e-06}
The total enthalpy (Ht) at state s6 is 7.03 MJ/kg.
Facility_State(state s8: p = 3245.02 Pa, T = 967.97 K, rho = 1.16e-02 kg/m**3, gam = 1.34, R = 288.20 J/kg K, V = 3553.04 m/s, M = 5.82)
species in s8 at equilibrium (by moles): 
{'N2': 0.79, 'O2': 0.21, 'NO': 2.177e-05}
The total enthalpy (Ht) at state s8 is 7.03 MJ/kg.
------------------------------------------------------------
Starting frozen normal shock calculation over the test model.
Facility_State(state s10f: p = 125210.33 Pa, T = 6328.50 K, rho = 6.87e-02 kg/m**3, gam = 1.34, R = 288.20 J/kg K, V = 602.03 m/s, M = 0.39)
------------------------------------------------------------
Starting equilibrium normal shock calculation over the test model.
Facility_State(state s10e: p = 133850.00 Pa, T = 3904.98 K, rho = 1.05e-01 kg/m**3, gam = 1.10, R = 325.80 J/kg K, V = 392.83 m/s, M = 0.32)
species in s10e at equilibrium (by moles): 
{'N': 8.826e-04, 'N2': 0.674, 'N2O': 3.135e-06, 'O': 0.23, 'O2': 0.0466, 'NO': 0.0482, 'NO2': 9.534e-06, 'NO+': 2.196e-06}
The total enthalpy (Ht) at state s10e is 7.03 MJ/kg.
------------------------------------------------------------
Test completed. Printing output now.
------------------------------------------------------------
PITOT3 Version 16-Dec-2023 doing a reflected_shock_tunnel calculation.
Calculation mode is 'fully_theoretical'.
Facility is 'HYPULSE_rst_Mach_8_to_10_nozzle_area_ratio_175'.
Driver condition is 'HYPULSE_RST_M8_driver_condition'. Driver gas model is CEAGas.
Driver gas composition is {'Ar': 0.6, 'O2': 0.133, 'H2': 0.267} (by moles) (gam = 1.41, R = 289.07 J/kg K).
Nozzle area ratio is 175.0.
Test gas (s1) is n2-o2-with-ions. Test gas gas model is CEAGas.
Test gas composition is {'N2': 0.79, 'O2': 0.21} (by moles) (gam = 1.40, R = 288.20 J/kg K)
vs1 = 2587.47 m/s, Ms1 = 7.46
state p         T       a     v       M     rho      pitot_p stgn_p Ht     h    
      Pa        K       m/s   m/s           kg/m^3   kPa     MPa    MJ/kg  MJ/kg
s4    3.731e+07 3861.0  1257  0.0     0.00  33.42900 37310   37.31  3.29   3.29 
s1    23101.3   298.15  347   0.0     0.00  0.26885  23.1    0.02   0.00   0.00 
s2    1.566e+06 2874.2  1008  2218.1  2.20  1.88326  9640.7  17.05  5.74   3.28 
s3    1.566e+06 1459.3  788   2218.1  2.81  3.71220  17429   43.71  3.47   1.01 
s5    1.322e+07 4701.0  1321  0.0     0.00  9.17290  13224   13.22  7.01   7.01 
s5d   2.540e+07 5536.3  1494  0.0     0.00  15.87400 25404   25.40  4.97   4.97 
s6    7.559e+06 4323.0  1255  1254.8  1.00  5.76990  13397   13.40  7.03   6.24 
s8    3245.02   967.97  611   3553.0  5.82  1.16e-02 142.2   13.40  7.03   0.72 
s10f  125210.3  6328.5  1561  602.0   0.39  6.87e-02 138.1   0.14   -     -     
s10e  133850.0  3905.0  1230  392.8   0.32  0.10521  142.2   0.14   7.03   6.95 
The freestream (s8) total temperature (Tt) is 4710.25 K.
The freestream (s8) flight equivalent velocity (Ue) is 3749.23 m/s.
Freestream (s8) unit Reynolds number is 969936.19 /m (related mu is 4.26e-05 Pa.s).
Post normal shock equilibrium (s10e) unit Reynolds number is 352877.23 /m (related mu is 1.17e-04 Pa.s).
Species in the freestream state (s8) at equilibrium (by moles):
{'N2': 0.79, 'O2': 0.21, 'NO': 2.177e-05}
Species in the shock layer at equilibrium (s10e) (by moles):
{'N': 8.826e-04, 'N2': 0.674, 'N2O': 3.135e-06, 'O': 0.23, 'O2': 0.0466, 'NO': 0.0482, 'NO2': 9.534e-06, 'NO+': 2.196e-06}
This FacilityState does not have a reference gas state which is required to calculate enthalpy.
None will be returned.
This FacilityState does not have a reference gas state which is required to calculate the flight equivalent velocity.
None will be returned.
------------------------------------------------------------
Exporting facility states data to the json file HYPULSE_RST_M8_condition_builder_18.json.
------------------------------------------------------------
math domain error
Failed to calculate flight equivalent velocity.
self.flight_equivalent_velocity will be set to None.
Cannot return the flight equivalent velocity as PITOT3 failed to calculate it.
Will return None.
This FacilityState does not have a reference gas state which is required to calculate enthalpy.
None will be returned.
This FacilityState does not have a reference gas state which is required to calculate the flight equivalent velocity.
None will be returned.
------------------------------------------------------------
Removing temporary files created during the running of the program.
------------------------------------------------------------
------------------------------------------------------------
Run finished successfully.
------------------------------------------------------------
