------------------------------------------------------------
Running PITOT3 version: 16-Dec-2023
------------------------------------------------------------
Let's get started, shall we:
Calculation mode is 'fully_theoretical'.
Chosen facility is 'HYPULSE_rst_Mach_8_to_10_nozzle_area_ratio_175'.
Facility type is 'reflected_shock_tunnel'.
------------------------------------------------------------
Setting up facility driver condition.
Chosen driver condition is 'HYPULSE_RST_M8_driver_condition'.
Driver gas model is CEAGas.
Driver gas composition is {'Ar': 0.6, 'O2': 0.133, 'H2': 0.267} (by moles) (gam = 1.41, R = 289.07 J/kg K).
Driver rupture conditions are p4 = 37.31 MPa, T4 = 3861.00 K, M_throat = 0.00.
------------------------------------------------------------
The configuration in the driven tube is as follows:
test_gas_file_name =  None
shock_tube_fill_state_name =  s1
Test gas is n2-o2-with-ions. Test gas gas model is CEAGas.
Shock tube fill pressure (p1) is 432876.13 Pa.
Shock tube fill temperature (T1) is 298.15 K.
Nozzle area ratio is 175.0.
------------------------------------------------------------
Facility_State(state s5: p = 55363356.50 Pa, T = 2135.48 K, rho = 9.00e+01 kg/m**3, gam = 1.27, R = 288.15 J/kg K, V = 0.00 m/s, M = 0.00)
species in s5 at equilibrium (by moles): 
{'N2': 0.785, 'N2O': 1.404e-05, 'O': 3.404e-05, 'O2': 0.204, 'NO': 0.0107, 'NO2': 3.491e-04}
The total enthalpy (Ht) at state s5 is 2.17 MJ/kg.
------------------------------------------------------------
Facility_State(state s5d: p = 35717325.69 Pa, T = 4109.83 K, rho = 3.01e+01 kg/m**3, gam = 1.41, R = 289.07 J/kg K, V = 0.00 m/s, M = 0.00)
species in s5d at equilibrium (by moles): 
{'Ar': 0.6, 'O2': 0.133, 'H2': 0.267}
The total enthalpy (Ht) at state s5d is 3.53 MJ/kg.
------------------------------------------------------------
Starting steady expansion through the nozzle using an area ratio of 175.0
Due to the fact that this is a reflected shock simulation, we must first expand to the throat condition (state 6).
M6 expected is 1.0 and M6 found is 1.0059.
Facility_State(state s6: p = 30164047.21 Pa, T = 1871.68 K, rho = 5.59e+01 kg/m**3, gam = 1.28, R = 288.17 J/kg K, V = 836.91 m/s, M = 1.01)
species in s6 at equilibrium (by moles): 
{'N2': 0.787, 'N2O': 5.172e-06, 'O': 6.121e-06, 'O2': 0.207, 'NO': 0.00522, 'NO2': 1.971e-04}
The total enthalpy (Ht) at state s6 is 2.17 MJ/kg.
Facility_State(state s8: p = 7741.49 Pa, T = 213.64 K, rho = 1.26e-01 kg/m**3, gam = 1.40, R = 288.20 J/kg K, V = 2125.72 m/s, M = 7.24)
species in s8 at equilibrium (by moles): 
{'N2': 0.79, 'O2': 0.21}
The total enthalpy (Ht) at state s8 is 2.17 MJ/kg.
------------------------------------------------------------
Starting frozen normal shock calculation over the test model.
Facility_State(state s10f: p = 472213.96 Pa, T = 2378.05 K, rho = 6.89e-01 kg/m**3, gam = 1.40, R = 288.20 J/kg K, V = 387.91 m/s, M = 0.40)
------------------------------------------------------------
Starting equilibrium normal shock calculation over the test model.
Facility_State(state s10e: p = 487490.00 Pa, T = 2093.53 K, rho = 8.08e-01 kg/m**3, gam = 1.27, R = 288.23 J/kg K, V = 330.85 m/s, M = 0.38)
species in s10e at equilibrium (by moles): 
{'N2': 0.785, 'N2O': 1.193e-06, 'O': 2.723e-04, 'O2': 0.205, 'NO': 0.00966, 'NO2': 3.157e-05}
The total enthalpy (Ht) at state s10e is 2.17 MJ/kg.
------------------------------------------------------------
Test completed. Printing output now.
------------------------------------------------------------
PITOT3 Version 16-Dec-2023 doing a reflected_shock_tunnel calculation.
Calculation mode is 'fully_theoretical'.
Facility is 'HYPULSE_rst_Mach_8_to_10_nozzle_area_ratio_175'.
Driver condition is 'HYPULSE_RST_M8_driver_condition'. Driver gas model is CEAGas.
Driver gas composition is {'Ar': 0.6, 'O2': 0.133, 'H2': 0.267} (by moles) (gam = 1.41, R = 289.07 J/kg K).
Nozzle area ratio is 175.0.
Test gas (s1) is n2-o2-with-ions. Test gas gas model is CEAGas.
Test gas composition is {'N2': 0.79, 'O2': 0.21} (by moles) (gam = 1.40, R = 288.20 J/kg K)
vs1 = 1438.40 m/s, Ms1 = 4.15
state p         T       a     v       M     rho      pitot_p stgn_p Ht     h    
      Pa        K       m/s   m/s           kg/m^3   kPa     MPa    MJ/kg  MJ/kg
s4    3.731e+07 3861.0  1257  0.0     0.00  33.42900 37310   37.31  3.29   3.29 
s1    432876.1  298.15  347   0.0     0.00  5.03780  432.9   0.43   0.00   0.00 
s2    8.778e+06 1205.3  677   1151.7  1.70  25.27076 35843   42.43  1.66   0.99 
s3    8.778e+06 2504.1  1021  1151.7  1.13  12.12700 19662   19.70  2.64   1.97 
s5    5.536e+07 2135.5  884   0.0     0.00  89.97300 55363   55.36  2.17   2.17 
s5d   3.572e+07 4109.8  1295  0.0     0.00  30.06400 35717   35.72  3.53   3.53 
s6    3.016e+07 1871.7  832   836.9   1.01  55.92600 55361   55.36  2.17   1.82 
s8    7741.492  213.64  294   2125.7  7.24  0.12574  533.4   55.36  2.17   -0.09
s10f  472214.0  2378.1  979   387.9   0.40  0.68901  526.1   0.53   -     -     
s10e  487490.0  2093.5  876   330.8   0.38  0.80789  533.4   0.53   2.17   2.12 
The freestream (s8) total temperature (Tt) is 2135.48 K.
The freestream (s8) flight equivalent velocity (Ue) is 2085.18 m/s.
Freestream (s8) unit Reynolds number is 18619861.11 /m (related mu is 1.44e-05 Pa.s).
Post normal shock equilibrium (s10e) unit Reynolds number is 3734482.36 /m (related mu is 7.16e-05 Pa.s).
Species in the freestream state (s8) at equilibrium (by moles):
{'N2': 0.79, 'O2': 0.21}
Species in the shock layer at equilibrium (s10e) (by moles):
{'N2': 0.785, 'N2O': 1.193e-06, 'O': 2.723e-04, 'O2': 0.205, 'NO': 0.00966, 'NO2': 3.157e-05}
This FacilityState does not have a reference gas state which is required to calculate enthalpy.
None will be returned.
This FacilityState does not have a reference gas state which is required to calculate the flight equivalent velocity.
None will be returned.
------------------------------------------------------------
Exporting facility states data to the json file HYPULSE_RST_M8_condition_builder_81.json.
------------------------------------------------------------
math domain error
Failed to calculate flight equivalent velocity.
self.flight_equivalent_velocity will be set to None.
Cannot return the flight equivalent velocity as PITOT3 failed to calculate it.
Will return None.
This FacilityState does not have a reference gas state which is required to calculate enthalpy.
None will be returned.
This FacilityState does not have a reference gas state which is required to calculate the flight equivalent velocity.
None will be returned.
------------------------------------------------------------
Removing temporary files created during the running of the program.
------------------------------------------------------------
------------------------------------------------------------
Run finished successfully.
------------------------------------------------------------
