------------------------------------------------------------
Running PITOT3 version: 16-Dec-2023
------------------------------------------------------------
Let's get started, shall we:
Calculation mode is 'fully_theoretical'.
Chosen facility is 'HYPULSE_rst_Mach_8_to_10_nozzle_area_ratio_175'.
Facility type is 'reflected_shock_tunnel'.
------------------------------------------------------------
Setting up facility driver condition.
Chosen driver condition is 'HYPULSE_RST_M8_driver_condition'.
Driver gas model is CEAGas.
Driver gas composition is {'Ar': 0.6, 'O2': 0.133, 'H2': 0.267} (by moles) (gam = 1.41, R = 289.07 J/kg K).
Driver rupture conditions are p4 = 37.31 MPa, T4 = 3861.00 K, M_throat = 0.00.
------------------------------------------------------------
The configuration in the driven tube is as follows:
test_gas_file_name =  None
shock_tube_fill_state_name =  s1
Test gas is n2-o2-with-ions. Test gas gas model is CEAGas.
Shock tube fill pressure (p1) is 129154.97 Pa.
Shock tube fill temperature (T1) is 298.15 K.
Nozzle area ratio is 175.0.
------------------------------------------------------------
Facility_State(state s5: p = 33942587.93 Pa, T = 3254.21 K, rho = 3.61e+01 kg/m**3, gam = 1.22, R = 288.95 J/kg K, V = 0.00 m/s, M = 0.00)
species in s5 at equilibrium (by moles): 
{'N': 2.984e-06, 'N2': 0.759, 'N2O': 5.974e-05, 'O': 0.00578, 'O2': 0.177, 'NO': 0.0572, 'NO2': 4.800e-04}
The total enthalpy (Ht) at state s5 is 3.82 MJ/kg.
------------------------------------------------------------
Facility_State(state s5d: p = 32871995.15 Pa, T = 4499.03 K, rho = 2.53e+01 kg/m**3, gam = 1.41, R = 289.07 J/kg K, V = 0.00 m/s, M = 0.00)
species in s5d at equilibrium (by moles): 
{'Ar': 0.6, 'O2': 0.133, 'H2': 0.267}
The total enthalpy (Ht) at state s5d is 3.92 MJ/kg.
------------------------------------------------------------
Starting steady expansion through the nozzle using an area ratio of 175.0
Due to the fact that this is a reflected shock simulation, we must first expand to the throat condition (state 6).
M6 expected is 1.0 and M6 found is 1.0032.
Facility_State(state s6: p = 18841074.86 Pa, T = 2915.95 K, rho = 2.24e+01 kg/m**3, gam = 1.23, R = 288.53 J/kg K, V = 1023.79 m/s, M = 1.00)
species in s6 at equilibrium (by moles): 
{'N2': 0.769, 'N2O': 3.080e-05, 'O': 0.00266, 'O2': 0.188, 'NO': 0.0402, 'NO2': 3.236e-04}
The total enthalpy (Ht) at state s6 is 3.82 MJ/kg.
Facility_State(state s8: p = 5741.46 Pa, T = 414.07 K, rho = 4.81e-02 kg/m**3, gam = 1.39, R = 288.20 J/kg K, V = 2720.55 m/s, M = 6.67)
species in s8 at equilibrium (by moles): 
{'N2': 0.79, 'O2': 0.21}
The total enthalpy (Ht) at state s8 is 3.82 MJ/kg.
------------------------------------------------------------
Starting frozen normal shock calculation over the test model.
Facility_State(state s10f: p = 296706.01 Pa, T = 3913.95 K, rho = 2.63e-01 kg/m**3, gam = 1.39, R = 288.20 J/kg K, V = 497.62 m/s, M = 0.40)
------------------------------------------------------------
Starting equilibrium normal shock calculation over the test model.
Facility_State(state s10e: p = 312900.00 Pa, T = 3052.78 K, rho = 3.50e-01 kg/m**3, gam = 1.14, R = 292.79 J/kg K, V = 373.90 m/s, M = 0.36)
species in s10e at equilibrium (by moles): 
{'N': 9.550e-06, 'N2': 0.755, 'N2O': 4.402e-06, 'O': 0.0314, 'O2': 0.169, 'NO': 0.0446, 'NO2': 3.978e-05}
The total enthalpy (Ht) at state s10e is 3.82 MJ/kg.
------------------------------------------------------------
Test completed. Printing output now.
------------------------------------------------------------
PITOT3 Version 16-Dec-2023 doing a reflected_shock_tunnel calculation.
Calculation mode is 'fully_theoretical'.
Facility is 'HYPULSE_rst_Mach_8_to_10_nozzle_area_ratio_175'.
Driver condition is 'HYPULSE_RST_M8_driver_condition'. Driver gas model is CEAGas.
Driver gas composition is {'Ar': 0.6, 'O2': 0.133, 'H2': 0.267} (by moles) (gam = 1.41, R = 289.07 J/kg K).
Nozzle area ratio is 175.0.
Test gas (s1) is n2-o2-with-ions. Test gas gas model is CEAGas.
Test gas composition is {'N2': 0.79, 'O2': 0.21} (by moles) (gam = 1.40, R = 288.20 J/kg K)
vs1 = 1903.13 m/s, Ms1 = 5.49
state p         T       a     v       M     rho      pitot_p stgn_p Ht     h    
      Pa        K       m/s   m/s           kg/m^3   kPa     MPa    MJ/kg  MJ/kg
s4    3.731e+07 3861.0  1257  0.0     0.00  33.42900 37310   37.31  3.29   3.29 
s1    129155.0  298.15  347   0.0     0.00  1.50310  129.2   0.13   0.00   0.00 
s2    4.649e+06 1821.7  822   1580.1  1.92  8.85583  23196   31.78  3.01   1.76 
s3    4.649e+06 2058.5  929   1580.1  1.70  7.81290  20148   23.50  2.80   1.56 
s5    3.394e+07 3254.2  1075  0.0     0.00  36.09700 33943   33.94  3.82   3.82 
s5d   3.287e+07 4499.0  1352  0.0     0.00  25.27600 32872   32.87  3.92   3.92 
s6    1.884e+07 2915.9  1020  1023.8  1.00  22.39400 33946   33.95  3.82   3.29 
s8    5741.457  414.07  408   2720.5  6.67  4.81e-02 338.2   33.95  3.82   0.12 
s10f  296706.0  3914.0  1253  497.6   0.40  0.26304  330.6   0.33   -     -     
s10e  312900.0  3052.8  1031  373.9   0.36  0.35007  338.2   0.34   3.82   3.75 
The freestream (s8) total temperature (Tt) is 3254.21 K.
The freestream (s8) flight equivalent velocity (Ue) is 2763.49 m/s.
Freestream (s8) unit Reynolds number is 5527372.72 /m (related mu is 2.37e-05 Pa.s).
Post normal shock equilibrium (s10e) unit Reynolds number is 1397019.19 /m (related mu is 9.37e-05 Pa.s).
Species in the freestream state (s8) at equilibrium (by moles):
{'N2': 0.79, 'O2': 0.21}
Species in the shock layer at equilibrium (s10e) (by moles):
{'N': 9.550e-06, 'N2': 0.755, 'N2O': 4.402e-06, 'O': 0.0314, 'O2': 0.169, 'NO': 0.0446, 'NO2': 3.978e-05}
This FacilityState does not have a reference gas state which is required to calculate enthalpy.
None will be returned.
This FacilityState does not have a reference gas state which is required to calculate the flight equivalent velocity.
None will be returned.
------------------------------------------------------------
Exporting facility states data to the json file HYPULSE_RST_M8_condition_builder_55.json.
------------------------------------------------------------
Cannot return the total enthalpy as PITOT3 failed to calculate it.
Will return None.
Total enthalpy could not be calculated, so the flight equivalent velocity could not be calculated either.
self.flight_equivalent_velocity will be set to None.
Cannot return the flight equivalent velocity as PITOT3 failed to calculate it.
Will return None.
This FacilityState does not have a reference gas state which is required to calculate enthalpy.
None will be returned.
This FacilityState does not have a reference gas state which is required to calculate the flight equivalent velocity.
None will be returned.
------------------------------------------------------------
Removing temporary files created during the running of the program.
------------------------------------------------------------
------------------------------------------------------------
Run finished successfully.
------------------------------------------------------------
