------------------------------------------------------------
Running PITOT3 version: 16-Dec-2023
------------------------------------------------------------
Let's get started, shall we:
Calculation mode is 'fully_theoretical'.
Chosen facility is 'HYPULSE_rst_Mach_8_to_10_nozzle_area_ratio_175'.
Facility type is 'reflected_shock_tunnel'.
------------------------------------------------------------
Setting up facility driver condition.
Chosen driver condition is 'HYPULSE_RST_M8_driver_condition'.
Driver gas model is CEAGas.
Driver gas composition is {'Ar': 0.6, 'O2': 0.133, 'H2': 0.267} (by moles) (gam = 1.41, R = 289.07 J/kg K).
Driver rupture conditions are p4 = 37.31 MPa, T4 = 3861.00 K, M_throat = 0.00.
------------------------------------------------------------
The configuration in the driven tube is as follows:
test_gas_file_name =  None
shock_tube_fill_state_name =  s1
Test gas is n2-o2-with-ions. Test gas gas model is CEAGas.
Shock tube fill pressure (p1) is 17475.28 Pa.
Shock tube fill temperature (T1) is 298.15 K.
Nozzle area ratio is 175.0.
------------------------------------------------------------
Facility_State(state s5: p = 11172221.20 Pa, T = 4894.63 K, rho = 7.32e+00 kg/m**3, gam = 1.13, R = 311.99 J/kg K, V = 0.00 m/s, M = 0.00)
species in s5 at equilibrium (by moles): 
{'N': 0.002, 'N2': 0.678, 'N2O': 6.605e-05, 'O': 0.151, 'O2': 0.0677, 'NO': 0.101, 'O-': 2.045e-06, 'NO2': 1.655e-04, 'NO+': 8.381e-06}
The total enthalpy (Ht) at state s5 is 7.60 MJ/kg.
------------------------------------------------------------
Facility_State(state s5d: p = 23929542.61 Pa, T = 5757.39 K, rho = 1.44e+01 kg/m**3, gam = 1.39, R = 289.07 J/kg K, V = 0.00 m/s, M = 0.00)
species in s5d at equilibrium (by moles): 
{'Ar': 0.6, 'O2': 0.133, 'H2': 0.267}
The total enthalpy (Ht) at state s5d is 5.20 MJ/kg.
------------------------------------------------------------
Starting steady expansion through the nozzle using an area ratio of 175.0
Due to the fact that this is a reflected shock simulation, we must first expand to the throat condition (state 6).
M6 expected is 1.0 and M6 found is 0.9867.
M6 is just below 1.0 so it is being set to 1.0 so the code can continue.
The velocity has also been slightly adjusted from 1275.0529 m/s to 1292.2009 m/s.
Facility_State(state s6: p = 6390181.92 Pa, T = 4498.97 K, rho = 4.61e+00 kg/m**3, gam = 1.12, R = 308.02 J/kg K, V = 1292.20 m/s, M = 1.00)
species in s6 at equilibrium (by moles): 
{'N': 9.325e-04, 'N2': 0.691, 'N2O': 4.544e-05, 'O': 0.128, 'O2': 0.085, 'NO': 0.0947, 'NO2': 1.441e-04, 'NO+': 3.602e-06}
The total enthalpy (Ht) at state s6 is 7.62 MJ/kg.
Facility_State(state s8: p = 2928.54 Pa, T = 1098.23 K, rho = 9.25e-03 kg/m**3, gam = 1.33, R = 288.20 J/kg K, V = 3676.19 m/s, M = 5.67)
species in s8 at equilibrium (by moles): 
{'N2': 0.79, 'O2': 0.21, 'NO': 8.373e-05}
The total enthalpy (Ht) at state s8 is 7.62 MJ/kg.
------------------------------------------------------------
Starting frozen normal shock calculation over the test model.
Facility_State(state s10f: p = 107061.75 Pa, T = 6714.01 K, rho = 5.53e-02 kg/m**3, gam = 1.33, R = 288.20 J/kg K, V = 614.76 m/s, M = 0.38)
------------------------------------------------------------
Starting equilibrium normal shock calculation over the test model.
Facility_State(state s10e: p = 114340.00 Pa, T = 4055.37 K, rho = 8.48e-02 kg/m**3, gam = 1.12, R = 332.34 J/kg K, V = 400.95 m/s, M = 0.31)
species in s10e at equilibrium (by moles): 
{'N': 0.00165, 'N2': 0.663, 'N2O': 2.529e-06, 'O': 0.264, 'O2': 0.0292, 'NO': 0.0419, 'NO2': 5.726e-06, 'NO+': 3.849e-06}
The total enthalpy (Ht) at state s10e is 7.62 MJ/kg.
------------------------------------------------------------
Test completed. Printing output now.
------------------------------------------------------------
PITOT3 Version 16-Dec-2023 doing a reflected_shock_tunnel calculation.
Calculation mode is 'fully_theoretical'.
Facility is 'HYPULSE_rst_Mach_8_to_10_nozzle_area_ratio_175'.
Driver condition is 'HYPULSE_RST_M8_driver_condition'. Driver gas model is CEAGas.
Driver gas composition is {'Ar': 0.6, 'O2': 0.133, 'H2': 0.267} (by moles) (gam = 1.41, R = 289.07 J/kg K).
Nozzle area ratio is 175.0.
Test gas (s1) is n2-o2-with-ions. Test gas gas model is CEAGas.
Test gas composition is {'N2': 0.79, 'O2': 0.21} (by moles) (gam = 1.40, R = 288.20 J/kg K)
vs1 = 2693.99 m/s, Ms1 = 7.77
state p         T       a     v       M     rho      pitot_p stgn_p Ht     h    
      Pa        K       m/s   m/s           kg/m^3   kPa     MPa    MJ/kg  MJ/kg
s4    3.731e+07 3861.0  1257  0.0     0.00  33.42900 37310   37.31  3.29   3.29 
s1    17475.28  298.15  347   0.0     0.00  0.20338  17.5    0.02   0.00   0.00 
s2    1.289e+06 3025.9  1031  2320.6  2.25  1.46739  8211.0  15.28  6.25   3.56 
s3    1.289e+06 1370.7  765   2320.6  3.03  3.25300  16612   49.70  3.62   0.93 
s5    1.117e+07 4894.6  1363  0.0     0.00  7.31600  11172   11.17  7.60   7.60 
s5d   2.393e+07 5757.4  1523  0.0     0.00  14.37800 23930   23.93  5.20   5.20 
s6    6.390e+06 4499.0  1292  1292.2  1.00  4.61130  11336   11.34  7.62   6.79 
s8    2928.539  1098.2  648   3676.2  5.67  9.25e-03 121.3   11.34  7.62   0.87 
s10f  107061.8  6714.0  1602  614.8   0.38  5.53e-02 117.9   0.12   -     -     
s10e  114340.0  4055.4  1275  400.9   0.31  8.48e-02 121.3   0.12   7.62   7.54 
The freestream (s8) total temperature (Tt) is 4905.57 K.
The freestream (s8) flight equivalent velocity (Ue) is 3904.92 m/s.
Freestream (s8) unit Reynolds number is 733383.04 /m (related mu is 4.64e-05 Pa.s).
Post normal shock equilibrium (s10e) unit Reynolds number is 280143.62 /m (related mu is 1.21e-04 Pa.s).
Species in the freestream state (s8) at equilibrium (by moles):
{'N2': 0.79, 'O2': 0.21, 'NO': 8.373e-05}
Species in the shock layer at equilibrium (s10e) (by moles):
{'N': 0.00165, 'N2': 0.663, 'N2O': 2.529e-06, 'O': 0.264, 'O2': 0.0292, 'NO': 0.0419, 'NO2': 5.726e-06, 'NO+': 3.849e-06}
This FacilityState does not have a reference gas state which is required to calculate enthalpy.
None will be returned.
This FacilityState does not have a reference gas state which is required to calculate the flight equivalent velocity.
None will be returned.
------------------------------------------------------------
Exporting facility states data to the json file HYPULSE_RST_M8_condition_builder_12.json.
------------------------------------------------------------
math domain error
Failed to calculate flight equivalent velocity.
self.flight_equivalent_velocity will be set to None.
Cannot return the flight equivalent velocity as PITOT3 failed to calculate it.
Will return None.
This FacilityState does not have a reference gas state which is required to calculate enthalpy.
None will be returned.
This FacilityState does not have a reference gas state which is required to calculate the flight equivalent velocity.
None will be returned.
------------------------------------------------------------
Removing temporary files created during the running of the program.
------------------------------------------------------------
------------------------------------------------------------
Run finished successfully.
------------------------------------------------------------
