------------------------------------------------------------
Running PITOT3 version: 16-Dec-2023
------------------------------------------------------------
Let's get started, shall we:
Calculation mode is 'fully_theoretical'.
Chosen facility is 'HYPULSE_rst_Mach_8_to_10_nozzle_area_ratio_175'.
Facility type is 'reflected_shock_tunnel'.
------------------------------------------------------------
Setting up facility driver condition.
Chosen driver condition is 'HYPULSE_RST_M8_driver_condition'.
Driver gas model is CEAGas.
Driver gas composition is {'Ar': 0.6, 'O2': 0.133, 'H2': 0.267} (by moles) (gam = 1.41, R = 289.07 J/kg K).
Driver rupture conditions are p4 = 37.31 MPa, T4 = 3861.00 K, M_throat = 0.00.
------------------------------------------------------------
The configuration in the driven tube is as follows:
test_gas_file_name =  None
shock_tube_fill_state_name =  s1
Test gas is n2-o2-with-ions. Test gas gas model is CEAGas.
Shock tube fill pressure (p1) is 10974.99 Pa.
Shock tube fill temperature (T1) is 298.15 K.
Nozzle area ratio is 175.0.
------------------------------------------------------------
Facility_State(state s5: p = 8388128.83 Pa, T = 5219.04 K, rho = 5.00e+00 kg/m**3, gam = 1.14, R = 321.53 J/kg K, V = 0.00 m/s, M = 0.00)
species in s5 at equilibrium (by moles): 
{'N': 0.00482, 'N2': 0.661, 'N2O': 5.165e-05, 'O': 0.203, 'O2': 0.0418, 'NO': 0.0899, 'O-': 3.418e-06, 'NO2': 9.378e-05, 'NO+': 1.873e-05}
The total enthalpy (Ht) at state s5 is 8.63 MJ/kg.
------------------------------------------------------------
Facility_State(state s5d: p = 21407320.36 Pa, T = 6153.06 K, rho = 1.20e+01 kg/m**3, gam = 1.39, R = 289.07 J/kg K, V = 0.00 m/s, M = 0.00)
species in s5d at equilibrium (by moles): 
{'Ar': 0.6, 'O2': 0.133, 'H2': 0.267}
The total enthalpy (Ht) at state s5d is 5.60 MJ/kg.
------------------------------------------------------------
Starting steady expansion through the nozzle using an area ratio of 175.0
Due to the fact that this is a reflected shock simulation, we must first expand to the throat condition (state 6).
M6 expected is 1.0 and M6 found is 0.9857.
M6 is just below 1.0 so it is being set to 1.0 so the code can continue.
The velocity has also been slightly adjusted from 1337.6248 m/s to 1357.0008 m/s.
Facility_State(state s6: p = 4788031.98 Pa, T = 4780.26 K, rho = 3.16e+00 kg/m**3, gam = 1.13, R = 317.21 J/kg K, V = 1357.00 m/s, M = 1.00)
species in s6 at equilibrium (by moles): 
{'N': 0.00229, 'N2': 0.673, 'N2O': 3.682e-05, 'O': 0.181, 'O2': 0.0565, 'NO': 0.0876, 'NO2': 8.768e-05, 'NO+': 8.444e-06}
The total enthalpy (Ht) at state s6 is 8.65 MJ/kg.
Facility_State(state s8: p = 2451.51 Pa, T = 1346.07 K, rho = 6.32e-03 kg/m**3, gam = 1.31, R = 288.20 J/kg K, V = 3870.71 m/s, M = 5.43)
species in s8 at equilibrium (by moles): 
{'N2': 0.79, 'O2': 0.21, 'NO': 5.291e-04, 'NO2': 7.528e-07}
The total enthalpy (Ht) at state s8 is 8.65 MJ/kg.
------------------------------------------------------------
Starting frozen normal shock calculation over the test model.
Facility_State(state s10f: p = 81589.16 Pa, T = 7353.94 K, rho = 3.85e-02 kg/m**3, gam = 1.31, R = 288.20 J/kg K, V = 635.40 m/s, M = 0.38)
------------------------------------------------------------
Starting equilibrium normal shock calculation over the test model.
Facility_State(state s10e: p = 86787.00 Pa, T = 4392.55 K, rho = 5.78e-02 kg/m**3, gam = 1.17, R = 341.63 J/kg K, V = 422.94 m/s, M = 0.31)
species in s10e at equilibrium (by moles): 
{'N': 0.00566, 'N2': 0.649, 'N2O': 1.536e-06, 'O': 0.307, 'O2': 0.00927, 'NO': 0.0286, 'NO2': 1.728e-06, 'NO+': 1.107e-05}
The total enthalpy (Ht) at state s10e is 8.65 MJ/kg.
------------------------------------------------------------
Test completed. Printing output now.
------------------------------------------------------------
PITOT3 Version 16-Dec-2023 doing a reflected_shock_tunnel calculation.
Calculation mode is 'fully_theoretical'.
Facility is 'HYPULSE_rst_Mach_8_to_10_nozzle_area_ratio_175'.
Driver condition is 'HYPULSE_RST_M8_driver_condition'. Driver gas model is CEAGas.
Driver gas composition is {'Ar': 0.6, 'O2': 0.133, 'H2': 0.267} (by moles) (gam = 1.41, R = 289.07 J/kg K).
Nozzle area ratio is 175.0.
Test gas (s1) is n2-o2-with-ions. Test gas gas model is CEAGas.
Test gas composition is {'N2': 0.79, 'O2': 0.21} (by moles) (gam = 1.40, R = 288.20 J/kg K)
vs1 = 2866.19 m/s, Ms1 = 8.27
state p         T       a     v       M     rho      pitot_p stgn_p Ht     h    
      Pa        K       m/s   m/s           kg/m^3   kPa     MPa    MJ/kg  MJ/kg
s4    3.731e+07 3861.0  1257  0.0     0.00  33.42900 37310   37.31  3.29   3.29 
s1    10974.99  298.15  347   0.0     0.00  0.12773  11.0    0.01   0.00   0.00 
s2    922260.0  3242.1  1064  2489.2  2.34  0.97104  6229.5  12.66  7.13   4.04 
s3    922260.0  1229.7  726   2489.2  3.43  2.59440  15120   62.13  3.90   0.80 
s5    8.388e+06 5219.0  1434  0.0     0.00  4.99860  8388.1  8.39   8.63   8.63 
s5d   2.141e+07 6153.1  1573  0.0     0.00  12.03600 21407   21.41  5.60   5.60 
s6    4.788e+06 4780.3  1357  1357.0  1.00  3.15760  8522.3  8.52   8.65   7.73 
s8    2451.509  1346.1  713   3870.7  5.43  6.32e-03 92.1    8.52   8.65   1.16 
s10f  81589.16  7353.9  1667  635.4   0.38  3.85e-02 89.6    0.09   -     -     
s10e  86787.0   4392.5  1362  422.9   0.31  5.78e-02 92.1    0.09   8.65   8.56 
The freestream (s8) total temperature (Tt) is 5232.15 K.
The freestream (s8) flight equivalent velocity (Ue) is 4160.19 m/s.
Freestream (s8) unit Reynolds number is 460485.33 /m (related mu is 5.31e-05 Pa.s).
Post normal shock equilibrium (s10e) unit Reynolds number is 187656.16 /m (related mu is 1.30e-04 Pa.s).
Species in the freestream state (s8) at equilibrium (by moles):
{'N2': 0.79, 'O2': 0.21, 'NO': 5.291e-04, 'NO2': 7.528e-07}
Species in the shock layer at equilibrium (s10e) (by moles):
{'N': 0.00566, 'N2': 0.649, 'N2O': 1.536e-06, 'O': 0.307, 'O2': 0.00927, 'NO': 0.0286, 'NO2': 1.728e-06, 'NO+': 1.107e-05}
This FacilityState does not have a reference gas state which is required to calculate enthalpy.
None will be returned.
This FacilityState does not have a reference gas state which is required to calculate the flight equivalent velocity.
None will be returned.
------------------------------------------------------------
Exporting facility states data to the json file HYPULSE_RST_M8_condition_builder_2.json.
------------------------------------------------------------
math domain error
Failed to calculate flight equivalent velocity.
self.flight_equivalent_velocity will be set to None.
Cannot return the flight equivalent velocity as PITOT3 failed to calculate it.
Will return None.
This FacilityState does not have a reference gas state which is required to calculate enthalpy.
None will be returned.
This FacilityState does not have a reference gas state which is required to calculate the flight equivalent velocity.
None will be returned.
------------------------------------------------------------
Removing temporary files created during the running of the program.
------------------------------------------------------------
------------------------------------------------------------
Run finished successfully.
------------------------------------------------------------
