------------------------------------------------------------
Running PITOT3 version: 16-Dec-2023
------------------------------------------------------------
Let's get started, shall we:
Calculation mode is 'fully_theoretical'.
Chosen facility is 'HYPULSE_rst_Mach_8_to_10_nozzle_area_ratio_175'.
Facility type is 'reflected_shock_tunnel'.
------------------------------------------------------------
Setting up facility driver condition.
Chosen driver condition is 'HYPULSE_RST_M8_driver_condition'.
Driver gas model is CEAGas.
Driver gas composition is {'Ar': 0.6, 'O2': 0.133, 'H2': 0.267} (by moles) (gam = 1.41, R = 289.07 J/kg K).
Driver rupture conditions are p4 = 37.31 MPa, T4 = 3861.00 K, M_throat = 0.00.
------------------------------------------------------------
The configuration in the driven tube is as follows:
test_gas_file_name =  None
shock_tube_fill_state_name =  s1
Test gas is n2-o2-with-ions. Test gas gas model is CEAGas.
Shock tube fill pressure (p1) is 12045.04 Pa.
Shock tube fill temperature (T1) is 298.15 K.
Nozzle area ratio is 175.0.
------------------------------------------------------------
Facility_State(state s5: p = 8887977.45 Pa, T = 5153.01 K, rho = 5.40e+00 kg/m**3, gam = 1.14, R = 319.59 J/kg K, V = 0.00 m/s, M = 0.00)
species in s5 at equilibrium (by moles): 
{'N': 0.00406, 'N2': 0.664, 'N2O': 5.462e-05, 'O': 0.193, 'O2': 0.0466, 'NO': 0.0927, 'O-': 3.131e-06, 'NO2': 1.063e-04, 'NO+': 1.607e-05}
The total enthalpy (Ht) at state s5 is 8.42 MJ/kg.
------------------------------------------------------------
Facility_State(state s5d: p = 21912098.90 Pa, T = 6070.94 K, rho = 1.25e+01 kg/m**3, gam = 1.39, R = 289.07 J/kg K, V = 0.00 m/s, M = 0.00)
species in s5d at equilibrium (by moles): 
{'Ar': 0.6, 'O2': 0.133, 'H2': 0.267}
The total enthalpy (Ht) at state s5d is 5.52 MJ/kg.
------------------------------------------------------------
Starting steady expansion through the nozzle using an area ratio of 175.0
Due to the fact that this is a reflected shock simulation, we must first expand to the throat condition (state 6).
M6 expected is 1.0 and M6 found is 0.9859.
M6 is just below 1.0 so it is being set to 1.0 so the code can continue.
The velocity has also been slightly adjusted from 1324.7339 m/s to 1343.7009 m/s.
Facility_State(state s6: p = 5076660.54 Pa, T = 4724.16 K, rho = 3.41e+00 kg/m**3, gam = 1.12, R = 315.31 J/kg K, V = 1343.70 m/s, M = 1.00)
species in s6 at equilibrium (by moles): 
{'N': 0.00193, 'N2': 0.676, 'N2O': 3.866e-05, 'O': 0.17, 'O2': 0.0619, 'NO': 0.0896, 'NO2': 9.793e-05, 'NO+': 7.195e-06}
The total enthalpy (Ht) at state s6 is 8.44 MJ/kg.
Facility_State(state s8: p = 2542.14 Pa, T = 1293.30 K, rho = 6.82e-03 kg/m**3, gam = 1.31, R = 288.20 J/kg K, V = 3832.91 m/s, M = 5.48)
species in s8 at equilibrium (by moles): 
{'N2': 0.79, 'O2': 0.21, 'NO': 3.791e-04, 'NO2': 6.771e-07}
The total enthalpy (Ht) at state s8 is 8.44 MJ/kg.
------------------------------------------------------------
Starting frozen normal shock calculation over the test model.
Facility_State(state s10f: p = 86233.80 Pa, T = 7227.71 K, rho = 4.14e-02 kg/m**3, gam = 1.31, R = 288.20 J/kg K, V = 631.47 m/s, M = 0.38)
------------------------------------------------------------
Starting equilibrium normal shock calculation over the test model.
Facility_State(state s10e: p = 91823.00 Pa, T = 4315.06 K, rho = 6.26e-02 kg/m**3, gam = 1.16, R = 340.01 J/kg K, V = 417.70 m/s, M = 0.31)
species in s10e at equilibrium (by moles): 
{'N': 0.00434, 'N2': 0.652, 'N2O': 1.722e-06, 'O': 0.3, 'O2': 0.0121, 'NO': 0.0314, 'NO2': 2.274e-06, 'NO+': 8.858e-06}
The total enthalpy (Ht) at state s10e is 8.44 MJ/kg.
------------------------------------------------------------
Test completed. Printing output now.
------------------------------------------------------------
PITOT3 Version 16-Dec-2023 doing a reflected_shock_tunnel calculation.
Calculation mode is 'fully_theoretical'.
Facility is 'HYPULSE_rst_Mach_8_to_10_nozzle_area_ratio_175'.
Driver condition is 'HYPULSE_RST_M8_driver_condition'. Driver gas model is CEAGas.
Driver gas composition is {'Ar': 0.6, 'O2': 0.133, 'H2': 0.267} (by moles) (gam = 1.41, R = 289.07 J/kg K).
Nozzle area ratio is 175.0.
Test gas (s1) is n2-o2-with-ions. Test gas gas model is CEAGas.
Test gas composition is {'N2': 0.79, 'O2': 0.21} (by moles) (gam = 1.40, R = 288.20 J/kg K)
vs1 = 2832.31 m/s, Ms1 = 8.17
state p         T       a     v       M     rho      pitot_p stgn_p Ht     h    
      Pa        K       m/s   m/s           kg/m^3   kPa     MPa    MJ/kg  MJ/kg
s4    3.731e+07 3861.0  1257  0.0     0.00  33.42900 37310   37.31  3.29   3.29 
s1    12045.04  298.15  347   0.0     0.00  0.14018  12.0    0.01   0.00   0.00 
s2    987050.0  3202.7  1058  2455.7  2.32  1.05435  6588.9  13.16  6.96   3.94 
s3    987050.0  1257.2  734   2455.7  3.35  2.71600  15432   59.37  3.84   0.83 
s5    8.888e+06 5153.0  1420  0.0     0.00  5.39680  8888.0  8.89   8.42   8.42 
s5d   2.191e+07 6070.9  1563  0.0     0.00  12.48600 21912   21.91  5.52   5.52 
s6    5.077e+06 4724.2  1344  1343.7  1.00  3.40810  9030.6  9.03   8.44   7.54 
s8    2542.136  1293.3  700   3832.9  5.48  6.82e-03 97.4    9.03   8.44   1.10 
s10f  86233.8   7227.7  1655  631.5   0.38  4.14e-02 94.8    0.09   -     -     
s10e  91823.0   4315.1  1345  417.7   0.31  6.26e-02 97.4    0.10   8.44   8.36 
The freestream (s8) total temperature (Tt) is 5165.70 K.
The freestream (s8) flight equivalent velocity (Ue) is 4109.55 m/s.
Freestream (s8) unit Reynolds number is 505439.44 /m (related mu is 5.17e-05 Pa.s).
Post normal shock equilibrium (s10e) unit Reynolds number is 203648.35 /m (related mu is 1.28e-04 Pa.s).
Species in the freestream state (s8) at equilibrium (by moles):
{'N2': 0.79, 'O2': 0.21, 'NO': 3.791e-04, 'NO2': 6.771e-07}
Species in the shock layer at equilibrium (s10e) (by moles):
{'N': 0.00434, 'N2': 0.652, 'N2O': 1.722e-06, 'O': 0.3, 'O2': 0.0121, 'NO': 0.0314, 'NO2': 2.274e-06, 'NO+': 8.858e-06}
This FacilityState does not have a reference gas state which is required to calculate enthalpy.
None will be returned.
This FacilityState does not have a reference gas state which is required to calculate the flight equivalent velocity.
None will be returned.
------------------------------------------------------------
Exporting facility states data to the json file HYPULSE_RST_M8_condition_builder_4.json.
------------------------------------------------------------
Cannot return the total enthalpy as PITOT3 failed to calculate it.
Will return None.
Total enthalpy could not be calculated, so the flight equivalent velocity could not be calculated either.
self.flight_equivalent_velocity will be set to None.
Cannot return the flight equivalent velocity as PITOT3 failed to calculate it.
Will return None.
This FacilityState does not have a reference gas state which is required to calculate enthalpy.
None will be returned.
This FacilityState does not have a reference gas state which is required to calculate the flight equivalent velocity.
None will be returned.
------------------------------------------------------------
Removing temporary files created during the running of the program.
------------------------------------------------------------
------------------------------------------------------------
Run finished successfully.
------------------------------------------------------------
