------------------------------------------------------------
Running PITOT3 version: 16-Dec-2023
------------------------------------------------------------
Let's get started, shall we:
Calculation mode is 'fully_theoretical'.
Chosen facility is 'HYPULSE_rst_Mach_8_to_10_nozzle_area_ratio_175'.
Facility type is 'reflected_shock_tunnel'.
------------------------------------------------------------
Setting up facility driver condition.
Chosen driver condition is 'HYPULSE_RST_M8_driver_condition'.
Driver gas model is CEAGas.
Driver gas composition is {'Ar': 0.6, 'O2': 0.133, 'H2': 0.267} (by moles) (gam = 1.41, R = 289.07 J/kg K).
Driver rupture conditions are p4 = 37.31 MPa, T4 = 3861.00 K, M_throat = 0.00.
------------------------------------------------------------
The configuration in the driven tube is as follows:
test_gas_file_name =  None
shock_tube_fill_state_name =  s1
Test gas is n2-o2-with-ions. Test gas gas model is CEAGas.
Shock tube fill pressure (p1) is 225701.97 Pa.
Shock tube fill temperature (T1) is 298.15 K.
Nozzle area ratio is 175.0.
------------------------------------------------------------
Facility_State(state s5: p = 43487159.64 Pa, T = 2716.18 K, rho = 5.55e+01 kg/m**3, gam = 1.25, R = 288.24 J/kg K, V = 0.00 m/s, M = 0.00)
species in s5 at equilibrium (by moles): 
{'N2': 0.774, 'N2O': 3.594e-05, 'O': 8.151e-04, 'O2': 0.194, 'NO': 0.031, 'NO2': 4.530e-04}
The total enthalpy (Ht) at state s5 is 2.99 MJ/kg.
------------------------------------------------------------
Facility_State(state s5d: p = 34448860.20 Pa, T = 4288.06 K, rho = 2.78e+01 kg/m**3, gam = 1.41, R = 289.07 J/kg K, V = 0.00 m/s, M = 0.00)
species in s5d at equilibrium (by moles): 
{'Ar': 0.6, 'O2': 0.133, 'H2': 0.267}
The total enthalpy (Ht) at state s5d is 3.71 MJ/kg.
------------------------------------------------------------
Starting steady expansion through the nozzle using an area ratio of 175.0
Due to the fact that this is a reflected shock simulation, we must first expand to the throat condition (state 6).
M6 expected is 1.0 and M6 found is 1.0055.
Facility_State(state s6: p = 23901824.65 Pa, T = 2407.31 K, rho = 3.45e+01 kg/m**3, gam = 1.26, R = 288.19 J/kg K, V = 939.71 m/s, M = 1.01)
species in s6 at equilibrium (by moles): 
{'N2': 0.78, 'N2O': 1.616e-05, 'O': 2.608e-04, 'O2': 0.2, 'NO': 0.0189, 'NO2': 2.825e-04}
The total enthalpy (Ht) at state s6 is 2.99 MJ/kg.
Facility_State(state s8: p = 6689.37 Pa, T = 306.60 K, rho = 7.57e-02 kg/m**3, gam = 1.40, R = 288.20 J/kg K, V = 2441.88 m/s, M = 6.95)
species in s8 at equilibrium (by moles): 
{'N2': 0.79, 'O2': 0.21}
The total enthalpy (Ht) at state s8 is 2.99 MJ/kg.
------------------------------------------------------------
Starting frozen normal shock calculation over the test model.
Facility_State(state s10f: p = 375333.42 Pa, T = 3154.17 K, rho = 4.13e-01 kg/m**3, gam = 1.40, R = 288.20 J/kg K, V = 447.72 m/s, M = 0.40)
------------------------------------------------------------
Starting equilibrium normal shock calculation over the test model.
Facility_State(state s10e: p = 391540.00 Pa, T = 2638.37 K, rho = 5.13e-01 kg/m**3, gam = 1.21, R = 289.07 J/kg K, V = 360.10 m/s, M = 0.37)
species in s10e at equilibrium (by moles): 
{'N2': 0.774, 'N2O': 3.011e-06, 'O': 0.00613, 'O2': 0.193, 'NO': 0.0275, 'NO2': 4.071e-05}
The total enthalpy (Ht) at state s10e is 2.99 MJ/kg.
------------------------------------------------------------
Test completed. Printing output now.
------------------------------------------------------------
PITOT3 Version 16-Dec-2023 doing a reflected_shock_tunnel calculation.
Calculation mode is 'fully_theoretical'.
Facility is 'HYPULSE_rst_Mach_8_to_10_nozzle_area_ratio_175'.
Driver condition is 'HYPULSE_RST_M8_driver_condition'. Driver gas model is CEAGas.
Driver gas composition is {'Ar': 0.6, 'O2': 0.133, 'H2': 0.267} (by moles) (gam = 1.41, R = 289.07 J/kg K).
Nozzle area ratio is 175.0.
Test gas (s1) is n2-o2-with-ions. Test gas gas model is CEAGas.
Test gas composition is {'N2': 0.79, 'O2': 0.21} (by moles) (gam = 1.40, R = 288.20 J/kg K)
vs1 = 1684.01 m/s, Ms1 = 4.86
state p         T       a     v       M     rho      pitot_p stgn_p Ht     h    
      Pa        K       m/s   m/s           kg/m^3   kPa     MPa    MJ/kg  MJ/kg
s4    3.731e+07 3861.0  1257  0.0     0.00  33.42900 37310   37.31  3.29   3.29 
s1    225702.0  298.15  347   0.0     0.00  2.62670  225.7   0.23   0.00   0.00 
s2    6.322e+06 1516.2  754   1378.3  1.83  14.47018 29032   37.12  2.32   1.37 
s3    6.322e+06 2264.2  973   1378.3  1.42  9.65980  20062   21.03  2.70   1.75 
s5    4.349e+07 2716.2  988   0.0     0.00  55.54500 43487   43.49  2.99   2.99 
s5d   3.445e+07 4288.1  1322  0.0     0.00  27.79100 34449   34.45  3.71   3.71 
s6    2.390e+07 2407.3  935   939.7   1.01  34.45300 43489   43.49  2.99   2.55 
s8    6689.365  306.60  352   2441.9  6.95  7.57e-02 426.0   43.49  2.99   0.01 
s10f  375333.4  3154.2  1127  447.7   0.40  0.41290  418.4   0.42   -     -     
s10e  391540.0  2638.4  968   360.1   0.37  0.51337  426.0   0.43   2.99   2.93 
The freestream (s8) total temperature (Tt) is 2716.18 K.
The freestream (s8) flight equivalent velocity (Ue) is 2445.38 m/s.
Freestream (s8) unit Reynolds number is 9725645.71 /m (related mu is 1.90e-05 Pa.s).
Post normal shock equilibrium (s10e) unit Reynolds number is 2198288.53 /m (related mu is 8.41e-05 Pa.s).
Species in the freestream state (s8) at equilibrium (by moles):
{'N2': 0.79, 'O2': 0.21}
Species in the shock layer at equilibrium (s10e) (by moles):
{'N2': 0.774, 'N2O': 3.011e-06, 'O': 0.00613, 'O2': 0.193, 'NO': 0.0275, 'NO2': 4.071e-05}
This FacilityState does not have a reference gas state which is required to calculate enthalpy.
None will be returned.
This FacilityState does not have a reference gas state which is required to calculate the flight equivalent velocity.
None will be returned.
------------------------------------------------------------
Exporting facility states data to the json file HYPULSE_RST_M8_condition_builder_67.json.
------------------------------------------------------------
math domain error
Failed to calculate flight equivalent velocity.
self.flight_equivalent_velocity will be set to None.
Cannot return the flight equivalent velocity as PITOT3 failed to calculate it.
Will return None.
This FacilityState does not have a reference gas state which is required to calculate enthalpy.
None will be returned.
This FacilityState does not have a reference gas state which is required to calculate the flight equivalent velocity.
None will be returned.
------------------------------------------------------------
Removing temporary files created during the running of the program.
------------------------------------------------------------
------------------------------------------------------------
Run finished successfully.
------------------------------------------------------------
