------------------------------------------------------------
Running PITOT3 version: 16-Dec-2023
------------------------------------------------------------
Let's get started, shall we:
Calculation mode is 'fully_theoretical'.
Chosen facility is 'HYPULSE_rst_Mach_8_to_10_nozzle_area_ratio_175'.
Facility type is 'reflected_shock_tunnel'.
------------------------------------------------------------
Setting up facility driver condition.
Chosen driver condition is 'HYPULSE_RST_M8_driver_condition'.
Driver gas model is CEAGas.
Driver gas composition is {'Ar': 0.6, 'O2': 0.133, 'H2': 0.267} (by moles) (gam = 1.41, R = 289.07 J/kg K).
Driver rupture conditions are p4 = 37.31 MPa, T4 = 3861.00 K, M_throat = 0.00.
------------------------------------------------------------
The configuration in the driven tube is as follows:
test_gas_file_name =  None
shock_tube_fill_state_name =  s1
Test gas is n2-o2-with-ions. Test gas gas model is CEAGas.
Shock tube fill pressure (p1) is 18307.38 Pa.
Shock tube fill temperature (T1) is 298.15 K.
Nozzle area ratio is 175.0.
------------------------------------------------------------
Facility_State(state s5: p = 11492764.86 Pa, T = 4862.52 K, rho = 7.60e+00 kg/m**3, gam = 1.13, R = 311.08 J/kg K, V = 0.00 m/s, M = 0.00)
species in s5 at equilibrium (by moles): 
{'N': 0.00183, 'N2': 0.68, 'N2O': 6.738e-05, 'O': 0.145, 'O2': 0.0705, 'NO': 0.102, 'O-': 1.921e-06, 'NO2': 1.738e-04, 'NO+': 7.684e-06}
The total enthalpy (Ht) at state s5 is 7.50 MJ/kg.
------------------------------------------------------------
Facility_State(state s5d: p = 24178287.38 Pa, T = 5719.58 K, rho = 1.46e+01 kg/m**3, gam = 1.39, R = 289.07 J/kg K, V = 0.00 m/s, M = 0.00)
species in s5d at equilibrium (by moles): 
{'Ar': 0.6, 'O2': 0.133, 'H2': 0.267}
The total enthalpy (Ht) at state s5d is 5.16 MJ/kg.
------------------------------------------------------------
Starting steady expansion through the nozzle using an area ratio of 175.0
Due to the fact that this is a reflected shock simulation, we must first expand to the throat condition (state 6).
M6 expected is 1.0 and M6 found is 0.9869.
M6 is just below 1.0 so it is being set to 1.0 so the code can continue.
The velocity has also been slightly adjusted from 1269.0154 m/s to 1285.9004 m/s.
Facility_State(state s6: p = 6573565.94 Pa, T = 4470.26 K, rho = 4.79e+00 kg/m**3, gam = 1.13, R = 307.16 J/kg K, V = 1285.90 m/s, M = 1.00)
species in s6 at equilibrium (by moles): 
{'N': 8.469e-04, 'N2': 0.693, 'N2O': 4.618e-05, 'O': 0.123, 'O2': 0.0879, 'NO': 0.095, 'NO2': 1.504e-04, 'NO+': 3.279e-06}
The total enthalpy (Ht) at state s6 is 7.52 MJ/kg.
Facility_State(state s8: p = 2979.59 Pa, T = 1075.59 K, rho = 9.61e-03 kg/m**3, gam = 1.33, R = 288.20 J/kg K, V = 3655.99 m/s, M = 5.70)
species in s8 at equilibrium (by moles): 
{'N2': 0.79, 'O2': 0.21, 'NO': 6.782e-05}
The total enthalpy (Ht) at state s8 is 7.52 MJ/kg.
------------------------------------------------------------
Starting frozen normal shock calculation over the test model.
Facility_State(state s10f: p = 109928.21 Pa, T = 6649.65 K, rho = 5.74e-02 kg/m**3, gam = 1.33, R = 288.20 J/kg K, V = 612.64 m/s, M = 0.38)
------------------------------------------------------------
Starting equilibrium normal shock calculation over the test model.
Facility_State(state s10e: p = 117420.00 Pa, T = 4028.21 K, rho = 8.80e-02 kg/m**3, gam = 1.11, R = 331.27 J/kg K, V = 399.38 m/s, M = 0.32)
species in s10e at equilibrium (by moles): 
{'N': 0.00148, 'N2': 0.665, 'N2O': 2.632e-06, 'O': 0.259, 'O2': 0.0318, 'NO': 0.0431, 'NO2': 6.295e-06, 'NO+': 3.495e-06}
The total enthalpy (Ht) at state s10e is 7.52 MJ/kg.
------------------------------------------------------------
Test completed. Printing output now.
------------------------------------------------------------
PITOT3 Version 16-Dec-2023 doing a reflected_shock_tunnel calculation.
Calculation mode is 'fully_theoretical'.
Facility is 'HYPULSE_rst_Mach_8_to_10_nozzle_area_ratio_175'.
Driver condition is 'HYPULSE_RST_M8_driver_condition'. Driver gas model is CEAGas.
Driver gas composition is {'Ar': 0.6, 'O2': 0.133, 'H2': 0.267} (by moles) (gam = 1.41, R = 289.07 J/kg K).
Nozzle area ratio is 175.0.
Test gas (s1) is n2-o2-with-ions. Test gas gas model is CEAGas.
Test gas composition is {'N2': 0.79, 'O2': 0.21} (by moles) (gam = 1.40, R = 288.20 J/kg K)
vs1 = 2676.38 m/s, Ms1 = 7.72
state p         T       a     v       M     rho      pitot_p stgn_p Ht     h    
      Pa        K       m/s   m/s           kg/m^3   kPa     MPa    MJ/kg  MJ/kg
s4    3.731e+07 3861.0  1257  0.0     0.00  33.42900 37310   37.31  3.29   3.29 
s1    18307.38  298.15  347   0.0     0.00  0.21306  18.3    0.02   0.00   0.00 
s2    1.332e+06 3001.6  1028  2303.6  2.24  1.52957  8433.8  15.56  6.17   3.51 
s3    1.332e+06 1385.3  769   2303.6  3.00  3.32610  16751   48.63  3.59   0.94 
s5    1.149e+07 4862.5  1356  0.0     0.00  7.59800  11493   11.49  7.50   7.50 
s5d   2.418e+07 5719.6  1518  0.0     0.00  14.62400 24178   24.18  5.16   5.16 
s6    6.574e+06 4470.3  1286  1285.9  1.00  4.78750  11658   11.66  7.52   6.70 
s8    2979.59   1075.6  642   3656.0  5.70  9.61e-03 124.6   11.66  7.52   0.84 
s10f  109928.2  6649.7  1596  612.6   0.38  5.74e-02 121.1   0.12   -     -     
s10e  117420.0  4028.2  1267  399.4   0.32  8.80e-02 124.6   0.12   7.52   7.44 
The freestream (s8) total temperature (Tt) is 4873.23 K.
The freestream (s8) flight equivalent velocity (Ue) is 3879.10 m/s.
Freestream (s8) unit Reynolds number is 768317.56 /m (related mu is 4.57e-05 Pa.s).
Post normal shock equilibrium (s10e) unit Reynolds number is 291248.77 /m (related mu is 1.21e-04 Pa.s).
Species in the freestream state (s8) at equilibrium (by moles):
{'N2': 0.79, 'O2': 0.21, 'NO': 6.782e-05}
Species in the shock layer at equilibrium (s10e) (by moles):
{'N': 0.00148, 'N2': 0.665, 'N2O': 2.632e-06, 'O': 0.259, 'O2': 0.0318, 'NO': 0.0431, 'NO2': 6.295e-06, 'NO+': 3.495e-06}
This FacilityState does not have a reference gas state which is required to calculate enthalpy.
None will be returned.
This FacilityState does not have a reference gas state which is required to calculate the flight equivalent velocity.
None will be returned.
------------------------------------------------------------
Exporting facility states data to the json file HYPULSE_RST_M8_condition_builder_13.json.
------------------------------------------------------------
math domain error
Failed to calculate flight equivalent velocity.
self.flight_equivalent_velocity will be set to None.
Cannot return the flight equivalent velocity as PITOT3 failed to calculate it.
Will return None.
This FacilityState does not have a reference gas state which is required to calculate enthalpy.
None will be returned.
This FacilityState does not have a reference gas state which is required to calculate the flight equivalent velocity.
None will be returned.
------------------------------------------------------------
Removing temporary files created during the running of the program.
------------------------------------------------------------
------------------------------------------------------------
Run finished successfully.
------------------------------------------------------------
