------------------------------------------------------------
Running PITOT3 version: 16-Dec-2023
------------------------------------------------------------
Let's get started, shall we:
Calculation mode is 'fully_theoretical'.
Chosen facility is 'HYPULSE_rst_Mach_8_to_10_nozzle_area_ratio_175'.
Facility type is 'reflected_shock_tunnel'.
------------------------------------------------------------
Setting up facility driver condition.
Chosen driver condition is 'HYPULSE_RST_M8_driver_condition'.
Driver gas model is CEAGas.
Driver gas composition is {'Ar': 0.6, 'O2': 0.133, 'H2': 0.267} (by moles) (gam = 1.41, R = 289.07 J/kg K).
Driver rupture conditions are p4 = 37.31 MPa, T4 = 3861.00 K, M_throat = 0.00.
------------------------------------------------------------
The configuration in the driven tube is as follows:
test_gas_file_name =  None
shock_tube_fill_state_name =  s1
Test gas is n2-o2-with-ions. Test gas gas model is CEAGas.
Shock tube fill pressure (p1) is 756463.33 Pa.
Shock tube fill temperature (T1) is 298.15 K.
Nozzle area ratio is 175.0.
------------------------------------------------------------
Facility_State(state s5: p = 64949723.24 Pa, T = 1701.47 K, rho = 1.32e+02 kg/m**3, gam = 1.29, R = 288.16 J/kg K, V = 0.00 m/s, M = 0.00)
species in s5 at equilibrium (by moles): 
{'N2': 0.789, 'N2O': 4.340e-06, 'O2': 0.208, 'NO': 0.00291, 'NO2': 2.320e-04}
The total enthalpy (Ht) at state s5 is 1.60 MJ/kg.
------------------------------------------------------------
Facility_State(state s5d: p = 36422356.40 Pa, T = 4007.92 K, rho = 3.14e+01 kg/m**3, gam = 1.41, R = 289.07 J/kg K, V = 0.00 m/s, M = 0.00)
species in s5d at equilibrium (by moles): 
{'Ar': 0.6, 'O2': 0.133, 'H2': 0.267}
The total enthalpy (Ht) at state s5d is 3.43 MJ/kg.
------------------------------------------------------------
Starting steady expansion through the nozzle using an area ratio of 175.0
Due to the fact that this is a reflected shock simulation, we must first expand to the throat condition (state 6).
M6 expected is 1.0 and M6 found is 1.0062.
Facility_State(state s6: p = 35135649.61 Pa, T = 1477.54 K, rho = 8.25e+01 kg/m**3, gam = 1.30, R = 288.18 J/kg K, V = 749.71 m/s, M = 1.01)
species in s6 at equilibrium (by moles): 
{'N2': 0.789, 'N2O': 1.270e-06, 'O2': 0.209, 'NO': 0.00109, 'NO2': 1.182e-04}
The total enthalpy (Ht) at state s6 is 1.60 MJ/kg.
Facility_State(state s8: p = 8499.06 Pa, T = 156.06 K, rho = 1.89e-01 kg/m**3, gam = 1.40, R = 288.20 J/kg K, V = 1869.74 m/s, M = 7.45)
species in s8 at equilibrium (by moles): 
{'N2': 0.79, 'O2': 0.21}
The total enthalpy (Ht) at state s8 is 1.60 MJ/kg.
------------------------------------------------------------
Starting frozen normal shock calculation over the test model.
Facility_State(state s10f: p = 549243.76 Pa, T = 1830.07 K, rho = 1.04e+00 kg/m**3, gam = 1.40, R = 288.20 J/kg K, V = 339.28 m/s, M = 0.39)
------------------------------------------------------------
Starting equilibrium normal shock calculation over the test model.
Facility_State(state s10e: p = 562590.00 Pa, T = 1665.87 K, rho = 1.17e+00 kg/m**3, gam = 1.29, R = 288.19 J/kg K, V = 301.51 m/s, M = 0.38)
species in s10e at equilibrium (by moles): 
{'N2': 0.789, 'O': 5.951e-06, 'O2': 0.209, 'NO': 0.00253, 'NO2': 2.052e-05}
The total enthalpy (Ht) at state s10e is 1.60 MJ/kg.
------------------------------------------------------------
Test completed. Printing output now.
------------------------------------------------------------
PITOT3 Version 16-Dec-2023 doing a reflected_shock_tunnel calculation.
Calculation mode is 'fully_theoretical'.
Facility is 'HYPULSE_rst_Mach_8_to_10_nozzle_area_ratio_175'.
Driver condition is 'HYPULSE_RST_M8_driver_condition'. Driver gas model is CEAGas.
Driver gas composition is {'Ar': 0.6, 'O2': 0.133, 'H2': 0.267} (by moles) (gam = 1.41, R = 289.07 J/kg K).
Nozzle area ratio is 175.0.
Test gas (s1) is n2-o2-with-ions. Test gas gas model is CEAGas.
Test gas composition is {'N2': 0.79, 'O2': 0.21} (by moles) (gam = 1.40, R = 288.20 J/kg K)
vs1 = 1240.40 m/s, Ms1 = 3.58
state p         T       a     v       M     rho      pitot_p stgn_p Ht     h    
      Pa        K       m/s   m/s           kg/m^3   kPa     MPa    MJ/kg  MJ/kg
s4    3.731e+07 3861.0  1257  0.0     0.00  33.42900 37310   37.31  3.29   3.29 
s1    756463.3  298.15  347   0.0     0.00  8.80380  756.5   0.76   0.00   0.00 
s2    1.132e+07 981.68  615   967.5   1.57  40.01830 40794   45.36  1.20   0.73 
s3    1.132e+07 2705.8  1060  967.5   0.91  14.47500 19626   19.63  2.63   2.17 
s5    6.495e+07 1701.5  796   0.0     0.00  132.4700064950   64.95  1.60   1.60 
s5d   3.642e+07 4007.9  1279  0.0     0.00  31.43700 36422   36.42  3.43   3.43 
s6    3.514e+07 1477.5  745   749.7   1.01  82.51800 64945   64.95  1.60   1.32 
s8    8499.061  156.06  251   1869.7  7.45  0.18897  617.9   64.95  1.60   -0.14
s10f  549243.8  1830.1  859   339.3   0.39  1.04137  611.6   0.61   -     -     
s10e  562590.0  1665.9  788   301.5   0.38  1.17185  617.9   0.62   1.60   1.56 
The freestream (s8) total temperature (Tt) is 1701.47 K.
The freestream (s8) flight equivalent velocity (Ue) is 1791.37 m/s.
Freestream (s8) unit Reynolds number could not be found, so it is not being printed.
Post normal shock equilibrium (s10e) unit Reynolds number is 5766224.25 /m (related mu is 6.13e-05 Pa.s).
Species in the freestream state (s8) at equilibrium (by moles):
{'N2': 0.79, 'O2': 0.21}
Species in the shock layer at equilibrium (s10e) (by moles):
{'N2': 0.789, 'O': 5.951e-06, 'O2': 0.209, 'NO': 0.00253, 'NO2': 2.052e-05}
This FacilityState does not have a reference gas state which is required to calculate enthalpy.
None will be returned.
This FacilityState does not have a reference gas state which is required to calculate the flight equivalent velocity.
None will be returned.
------------------------------------------------------------
Exporting facility states data to the json file HYPULSE_RST_M8_condition_builder_93.json.
------------------------------------------------------------
Cannot return the total enthalpy as PITOT3 failed to calculate it.
Will return None.
Total enthalpy could not be calculated, so the flight equivalent velocity could not be calculated either.
self.flight_equivalent_velocity will be set to None.
Cannot return the flight equivalent velocity as PITOT3 failed to calculate it.
Will return None.
This FacilityState does not have a reference gas state which is required to calculate enthalpy.
None will be returned.
This FacilityState does not have a reference gas state which is required to calculate the flight equivalent velocity.
None will be returned.
------------------------------------------------------------
Removing temporary files created during the running of the program.
------------------------------------------------------------
------------------------------------------------------------
Run finished successfully.
------------------------------------------------------------
