------------------------------------------------------------
Running PITOT3 version: 16-Dec-2023
------------------------------------------------------------
Let's get started, shall we:
Calculation mode is 'fully_theoretical'.
Chosen facility is 'HYPULSE_rst_Mach_8_to_10_nozzle_area_ratio_175'.
Facility type is 'reflected_shock_tunnel'.
------------------------------------------------------------
Setting up facility driver condition.
Chosen driver condition is 'HYPULSE_RST_M8_driver_condition'.
Driver gas model is CEAGas.
Driver gas composition is {'Ar': 0.6, 'O2': 0.133, 'H2': 0.267} (by moles) (gam = 1.41, R = 289.07 J/kg K).
Driver rupture conditions are p4 = 37.31 MPa, T4 = 3861.00 K, M_throat = 0.00.
------------------------------------------------------------
The configuration in the driven tube is as follows:
test_gas_file_name =  None
shock_tube_fill_state_name =  s1
Test gas is n2-o2-with-ions. Test gas gas model is CEAGas.
Shock tube fill pressure (p1) is 50941.38 Pa.
Shock tube fill temperature (T1) is 298.15 K.
Nozzle area ratio is 175.0.
------------------------------------------------------------
Facility_State(state s5: p = 20941389.31 Pa, T = 4103.08 K, rho = 1.73e+01 kg/m**3, gam = 1.16, R = 294.88 J/kg K, V = 0.00 m/s, M = 0.00)
species in s5 at equilibrium (by moles): 
{'N': 1.504e-04, 'N2': 0.723, 'N2O': 8.280e-05, 'O': 0.0456, 'O2': 0.134, 'NO': 0.0966, 'NO2': 3.765e-04}
The total enthalpy (Ht) at state s5 is 5.44 MJ/kg.
------------------------------------------------------------
Facility_State(state s5d: p = 29270459.38 Pa, T = 4987.70 K, rho = 2.03e+01 kg/m**3, gam = 1.40, R = 289.07 J/kg K, V = 0.00 m/s, M = 0.00)
species in s5d at equilibrium (by moles): 
{'Ar': 0.6, 'O2': 0.133, 'H2': 0.267}
The total enthalpy (Ht) at state s5d is 4.41 MJ/kg.
------------------------------------------------------------
Starting steady expansion through the nozzle using an area ratio of 175.0
Due to the fact that this is a reflected shock simulation, we must first expand to the throat condition (state 6).
M6 expected is 1.0 and M6 found is 0.9948.
M6 is just below 1.0 so it is being set to 1.0 so the code can continue.
The velocity has also been slightly adjusted from 1144.8581 m/s to 1150.9001 m/s.
Facility_State(state s6: p = 11861718.05 Pa, T = 3748.75 K, rho = 1.08e+01 kg/m**3, gam = 1.17, R = 292.76 J/kg K, V = 1150.90 m/s, M = 1.00)
species in s6 at equilibrium (by moles): 
{'N': 5.262e-05, 'N2': 0.737, 'N2O': 5.093e-05, 'O': 0.0315, 'O2': 0.15, 'NO': 0.0806, 'NO2': 2.872e-04}
The total enthalpy (Ht) at state s6 is 5.44 MJ/kg.
Facility_State(state s8: p = 4278.62 Pa, T = 665.30 K, rho = 2.23e-02 kg/m**3, gam = 1.37, R = 288.20 J/kg K, V = 3182.04 m/s, M = 6.22)
species in s8 at equilibrium (by moles): 
{'N2': 0.79, 'O2': 0.21}
The total enthalpy (Ht) at state s8 is 5.44 MJ/kg.
------------------------------------------------------------
Starting frozen normal shock calculation over the test model.
Facility_State(state s10f: p = 190259.42 Pa, T = 5232.96 K, rho = 1.26e-01 kg/m**3, gam = 1.37, R = 288.20 J/kg K, V = 562.85 m/s, M = 0.39)
------------------------------------------------------------
Starting equilibrium normal shock calculation over the test model.
Facility_State(state s10e: p = 203120.00 Pa, T = 3548.99 K, rho = 1.86e-01 kg/m**3, gam = 1.09, R = 307.71 J/kg K, V = 381.75 m/s, M = 0.34)
species in s10e at equilibrium (by moles): 
{'N': 1.648e-04, 'N2': 0.712, 'N2O': 4.500e-06, 'O': 0.127, 'O2': 0.105, 'NO': 0.0563, 'NO2': 2.403e-05}
The total enthalpy (Ht) at state s10e is 5.44 MJ/kg.
------------------------------------------------------------
Test completed. Printing output now.
------------------------------------------------------------
PITOT3 Version 16-Dec-2023 doing a reflected_shock_tunnel calculation.
Calculation mode is 'fully_theoretical'.
Facility is 'HYPULSE_rst_Mach_8_to_10_nozzle_area_ratio_175'.
Driver condition is 'HYPULSE_RST_M8_driver_condition'. Driver gas model is CEAGas.
Driver gas composition is {'Ar': 0.6, 'O2': 0.133, 'H2': 0.267} (by moles) (gam = 1.41, R = 289.07 J/kg K).
Nozzle area ratio is 175.0.
Test gas (s1) is n2-o2-with-ions. Test gas gas model is CEAGas.
Test gas composition is {'N2': 0.79, 'O2': 0.21} (by moles) (gam = 1.40, R = 288.20 J/kg K)
vs1 = 2275.59 m/s, Ms1 = 6.56
state p         T       a     v       M     rho      pitot_p stgn_p Ht     h    
      Pa        K       m/s   m/s           kg/m^3   kPa     MPa    MJ/kg  MJ/kg
s4    3.731e+07 3861.0  1257  0.0     0.00  33.42900 37310   37.31  3.29   3.29 
s1    50941.38  298.15  347   0.0     0.00  0.59286  50.9    0.05   0.00   0.00 
s2    2.647e+06 2389.6  930   1924.5  2.07  3.84299  14849   23.07  4.38   2.53 
s3    2.647e+06 1725.2  854   1924.5  2.25  5.30860  19237   31.45  3.10   1.25 
s5    2.094e+07 4103.1  1209  0.0     0.00  17.30800 20941   20.94  5.44   5.44 
s5d   2.927e+07 4987.7  1421  0.0     0.00  20.30100 29270   29.27  4.41   4.41 
s6    1.186e+07 3748.8  1151  1150.9  1.00  10.80800 21065   21.06  5.44   4.78 
s8    4278.616  665.30  512   3182.0  6.22  2.23e-02 217.1   21.06  5.44   0.38 
s10f  190259.4  5233.0  1436  562.9   0.39  0.12616  211.0   0.21   -     -     
s10e  203120.0  3549.0  1130  381.8   0.34  0.18600  217.1   0.22   5.44   5.37 
The freestream (s8) total temperature (Tt) is 4106.82 K.
The freestream (s8) flight equivalent velocity (Ue) is 3299.44 m/s.
Freestream (s8) unit Reynolds number is 2150888.02 /m (related mu is 3.30e-05 Pa.s).
Post normal shock equilibrium (s10e) unit Reynolds number is 665859.58 /m (related mu is 1.07e-04 Pa.s).
Species in the freestream state (s8) at equilibrium (by moles):
{'N2': 0.79, 'O2': 0.21}
Species in the shock layer at equilibrium (s10e) (by moles):
{'N': 1.648e-04, 'N2': 0.712, 'N2O': 4.500e-06, 'O': 0.127, 'O2': 0.105, 'NO': 0.0563, 'NO2': 2.403e-05}
This FacilityState does not have a reference gas state which is required to calculate enthalpy.
None will be returned.
This FacilityState does not have a reference gas state which is required to calculate the flight equivalent velocity.
None will be returned.
------------------------------------------------------------
Exporting facility states data to the json file HYPULSE_RST_M8_condition_builder_35.json.
------------------------------------------------------------
math domain error
Failed to calculate flight equivalent velocity.
self.flight_equivalent_velocity will be set to None.
Cannot return the flight equivalent velocity as PITOT3 failed to calculate it.
Will return None.
This FacilityState does not have a reference gas state which is required to calculate enthalpy.
None will be returned.
This FacilityState does not have a reference gas state which is required to calculate the flight equivalent velocity.
None will be returned.
------------------------------------------------------------
Removing temporary files created during the running of the program.
------------------------------------------------------------
------------------------------------------------------------
Run finished successfully.
------------------------------------------------------------
