------------------------------------------------------------
Running PITOT3 version: 16-Dec-2023
------------------------------------------------------------
Let's get started, shall we:
Calculation mode is 'fully_theoretical'.
Chosen facility is 'HYPULSE_rst_Mach_8_to_10_nozzle_area_ratio_175'.
Facility type is 'reflected_shock_tunnel'.
------------------------------------------------------------
Setting up facility driver condition.
Chosen driver condition is 'HYPULSE_RST_M8_driver_condition'.
Driver gas model is CEAGas.
Driver gas composition is {'Ar': 0.6, 'O2': 0.133, 'H2': 0.267} (by moles) (gam = 1.41, R = 289.07 J/kg K).
Driver rupture conditions are p4 = 37.31 MPa, T4 = 3861.00 K, M_throat = 0.00.
------------------------------------------------------------
The configuration in the driven tube is as follows:
test_gas_file_name =  None
shock_tube_fill_state_name =  s1
Test gas is n2-o2-with-ions. Test gas gas model is CEAGas.
Shock tube fill pressure (p1) is 453487.85 Pa.
Shock tube fill temperature (T1) is 298.15 K.
Nozzle area ratio is 175.0.
------------------------------------------------------------
Facility_State(state s5: p = 56203565.97 Pa, T = 2096.90 K, rho = 9.30e+01 kg/m**3, gam = 1.27, R = 288.15 J/kg K, V = 0.00 m/s, M = 0.00)
species in s5 at equilibrium (by moles): 
{'N2': 0.785, 'N2O': 1.292e-05, 'O': 2.596e-05, 'O2': 0.205, 'NO': 0.00974, 'NO2': 3.398e-04}
The total enthalpy (Ht) at state s5 is 2.12 MJ/kg.
------------------------------------------------------------
Facility_State(state s5d: p = 35786150.89 Pa, T = 4099.60 K, rho = 3.02e+01 kg/m**3, gam = 1.41, R = 289.07 J/kg K, V = 0.00 m/s, M = 0.00)
species in s5d at equilibrium (by moles): 
{'Ar': 0.6, 'O2': 0.133, 'H2': 0.267}
The total enthalpy (Ht) at state s5d is 3.52 MJ/kg.
------------------------------------------------------------
Starting steady expansion through the nozzle using an area ratio of 175.0
Due to the fact that this is a reflected shock simulation, we must first expand to the throat condition (state 6).
M6 expected is 1.0 and M6 found is 1.0059.
Facility_State(state s6: p = 30603454.42 Pa, T = 1836.43 K, rho = 5.78e+01 kg/m**3, gam = 1.29, R = 288.17 J/kg K, V = 829.53 m/s, M = 1.01)
species in s6 at equilibrium (by moles): 
{'N2': 0.788, 'N2O': 4.678e-06, 'O': 4.440e-06, 'O2': 0.207, 'NO': 0.00466, 'NO2': 1.903e-04}
The total enthalpy (Ht) at state s6 is 2.12 MJ/kg.
Facility_State(state s8: p = 7810.76 Pa, T = 208.13 K, rho = 1.30e-01 kg/m**3, gam = 1.40, R = 288.20 J/kg K, V = 2103.77 m/s, M = 7.26)
species in s8 at equilibrium (by moles): 
{'N2': 0.79, 'O2': 0.21}
The total enthalpy (Ht) at state s8 is 2.12 MJ/kg.
------------------------------------------------------------
Starting frozen normal shock calculation over the test model.
Facility_State(state s10f: p = 479009.44 Pa, T = 2328.13 K, rho = 7.14e-01 kg/m**3, gam = 1.40, R = 288.20 J/kg K, V = 383.72 m/s, M = 0.40)
------------------------------------------------------------
Starting equilibrium normal shock calculation over the test model.
Facility_State(state s10e: p = 494160.00 Pa, T = 2055.69 K, rho = 8.34e-01 kg/m**3, gam = 1.27, R = 288.22 J/kg K, V = 328.46 m/s, M = 0.38)
species in s10e at equilibrium (by moles): 
{'N2': 0.786, 'N2O': 1.095e-06, 'O': 2.067e-04, 'O2': 0.205, 'NO': 0.00878, 'NO2': 3.068e-05}
The total enthalpy (Ht) at state s10e is 2.12 MJ/kg.
------------------------------------------------------------
Test completed. Printing output now.
------------------------------------------------------------
PITOT3 Version 16-Dec-2023 doing a reflected_shock_tunnel calculation.
Calculation mode is 'fully_theoretical'.
Facility is 'HYPULSE_rst_Mach_8_to_10_nozzle_area_ratio_175'.
Driver condition is 'HYPULSE_RST_M8_driver_condition'. Driver gas model is CEAGas.
Driver gas composition is {'Ar': 0.6, 'O2': 0.133, 'H2': 0.267} (by moles) (gam = 1.41, R = 289.07 J/kg K).
Nozzle area ratio is 175.0.
Test gas (s1) is n2-o2-with-ions. Test gas gas model is CEAGas.
Test gas composition is {'N2': 0.79, 'O2': 0.21} (by moles) (gam = 1.40, R = 288.20 J/kg K)
vs1 = 1421.41 m/s, Ms1 = 4.10
state p         T       a     v       M     rho      pitot_p stgn_p Ht     h    
      Pa        K       m/s   m/s           kg/m^3   kPa     MPa    MJ/kg  MJ/kg
s4    3.731e+07 3861.0  1257  0.0     0.00  33.42900 37310   37.31  3.29   3.29 
s1    453487.9  298.15  347   0.0     0.00  5.27770  453.5   0.45   0.00   0.00 
s2    8.975e+06 1185.2  672   1135.9  1.69  26.27644 36307   42.74  1.61   0.97 
s3    8.975e+06 2521.1  1024  1135.9  1.11  12.31500 19635   19.66  2.64   1.99 
s5    5.620e+07 2096.9  877   0.0     0.00  93.01900 56204   56.20  2.12   2.12 
s5d   3.579e+07 4099.6  1293  0.0     0.00  30.19700 35786   35.79  3.52   3.52 
s6    3.060e+07 1836.4  825   829.5   1.01  57.83000 56198   56.20  2.12   1.78 
s8    7810.764  208.13  290   2103.8  7.26  0.13022  540.9   56.20  2.12   -0.09
s10f  479009.4  2328.1  969   383.7   0.40  0.71391  533.7   0.53   -     -     
s10e  494160.0  2055.7  868   328.5   0.38  0.83404  540.9   0.54   2.12   2.07 
The freestream (s8) total temperature (Tt) is 2096.89 K.
The freestream (s8) flight equivalent velocity (Ue) is 2060.09 m/s.
Freestream (s8) unit Reynolds number is 19494222.15 /m (related mu is 1.41e-05 Pa.s).
Post normal shock equilibrium (s10e) unit Reynolds number is 3875787.73 /m (related mu is 7.07e-05 Pa.s).
Species in the freestream state (s8) at equilibrium (by moles):
{'N2': 0.79, 'O2': 0.21}
Species in the shock layer at equilibrium (s10e) (by moles):
{'N2': 0.786, 'N2O': 1.095e-06, 'O': 2.067e-04, 'O2': 0.205, 'NO': 0.00878, 'NO2': 3.068e-05}
This FacilityState does not have a reference gas state which is required to calculate enthalpy.
None will be returned.
This FacilityState does not have a reference gas state which is required to calculate the flight equivalent velocity.
None will be returned.
------------------------------------------------------------
Exporting facility states data to the json file HYPULSE_RST_M8_condition_builder_82.json.
------------------------------------------------------------
math domain error
Failed to calculate flight equivalent velocity.
self.flight_equivalent_velocity will be set to None.
Cannot return the flight equivalent velocity as PITOT3 failed to calculate it.
Will return None.
This FacilityState does not have a reference gas state which is required to calculate enthalpy.
None will be returned.
This FacilityState does not have a reference gas state which is required to calculate the flight equivalent velocity.
None will be returned.
------------------------------------------------------------
Removing temporary files created during the running of the program.
------------------------------------------------------------
------------------------------------------------------------
Run finished successfully.
------------------------------------------------------------
