------------------------------------------------------------
Running PITOT3 version: 16-Dec-2023
------------------------------------------------------------
Let's get started, shall we:
Calculation mode is 'fully_theoretical'.
Chosen facility is 'HYPULSE_rst_Mach_8_to_10_nozzle_area_ratio_175'.
Facility type is 'reflected_shock_tunnel'.
------------------------------------------------------------
Setting up facility driver condition.
Chosen driver condition is 'HYPULSE_RST_M8_driver_condition'.
Driver gas model is CEAGas.
Driver gas composition is {'Ar': 0.6, 'O2': 0.133, 'H2': 0.267} (by moles) (gam = 1.41, R = 289.07 J/kg K).
Driver rupture conditions are p4 = 37.31 MPa, T4 = 3861.00 K, M_throat = 0.00.
------------------------------------------------------------
The configuration in the driven tube is as follows:
test_gas_file_name =  None
shock_tube_fill_state_name =  s1
Test gas is n2-o2-with-ions. Test gas gas model is CEAGas.
Shock tube fill pressure (p1) is 628029.14 Pa.
Shock tube fill temperature (T1) is 298.15 K.
Nozzle area ratio is 175.0.
------------------------------------------------------------
Facility_State(state s5: p = 61903952.26 Pa, T = 1838.93 K, rho = 1.17e+02 kg/m**3, gam = 1.29, R = 288.16 J/kg K, V = 0.00 m/s, M = 0.00)
species in s5 at equilibrium (by moles): 
{'N2': 0.788, 'N2O': 6.704e-06, 'O': 3.193e-06, 'O2': 0.207, 'NO': 0.0047, 'NO2': 2.714e-04}
The total enthalpy (Ht) at state s5 is 1.78 MJ/kg.
------------------------------------------------------------
Facility_State(state s5d: p = 36228337.58 Pa, T = 4037.71 K, rho = 3.10e+01 kg/m**3, gam = 1.41, R = 289.07 J/kg K, V = 0.00 m/s, M = 0.00)
species in s5d at equilibrium (by moles): 
{'Ar': 0.6, 'O2': 0.133, 'H2': 0.267}
The total enthalpy (Ht) at state s5d is 3.46 MJ/kg.
------------------------------------------------------------
Starting steady expansion through the nozzle using an area ratio of 175.0
Due to the fact that this is a reflected shock simulation, we must first expand to the throat condition (state 6).
M6 expected is 1.0 and M6 found is 1.0061.
Facility_State(state s6: p = 33566331.92 Pa, T = 1601.71 K, rho = 7.27e+01 kg/m**3, gam = 1.30, R = 288.18 J/kg K, V = 778.55 m/s, M = 1.01)
species in s6 at equilibrium (by moles): 
{'N2': 0.789, 'N2O': 2.134e-06, 'O2': 0.209, 'NO': 0.00195, 'NO2': 1.434e-04}
The total enthalpy (Ht) at state s6 is 1.78 MJ/kg.
Facility_State(state s8: p = 8268.87 Pa, T = 173.31 K, rho = 1.66e-01 kg/m**3, gam = 1.40, R = 288.20 J/kg K, V = 1953.11 m/s, M = 7.39)
species in s8 at equilibrium (by moles): 
{'N2': 0.79, 'O2': 0.21}
The total enthalpy (Ht) at state s8 is 1.78 MJ/kg.
------------------------------------------------------------
Starting frozen normal shock calculation over the test model.
Facility_State(state s10f: p = 524948.69 Pa, T = 2000.75 K, rho = 9.10e-01 kg/m**3, gam = 1.40, R = 288.20 J/kg K, V = 355.16 m/s, M = 0.40)
------------------------------------------------------------
Starting equilibrium normal shock calculation over the test model.
Facility_State(state s10e: p = 539090.00 Pa, T = 1801.56 K, rho = 1.04e+00 kg/m**3, gam = 1.29, R = 288.20 J/kg K, V = 311.40 m/s, M = 0.38)
species in s10e at equilibrium (by moles): 
{'N2': 0.788, 'O': 2.424e-05, 'O2': 0.208, 'NO': 0.00416, 'NO2': 2.420e-05}
The total enthalpy (Ht) at state s10e is 1.78 MJ/kg.
------------------------------------------------------------
Test completed. Printing output now.
------------------------------------------------------------
PITOT3 Version 16-Dec-2023 doing a reflected_shock_tunnel calculation.
Calculation mode is 'fully_theoretical'.
Facility is 'HYPULSE_rst_Mach_8_to_10_nozzle_area_ratio_175'.
Driver condition is 'HYPULSE_RST_M8_driver_condition'. Driver gas model is CEAGas.
Driver gas composition is {'Ar': 0.6, 'O2': 0.133, 'H2': 0.267} (by moles) (gam = 1.41, R = 289.07 J/kg K).
Nozzle area ratio is 175.0.
Test gas (s1) is n2-o2-with-ions. Test gas gas model is CEAGas.
Test gas composition is {'N2': 0.79, 'O2': 0.21} (by moles) (gam = 1.40, R = 288.20 J/kg K)
vs1 = 1304.89 m/s, Ms1 = 3.76
state p         T       a     v       M     rho      pitot_p stgn_p Ht     h    
      Pa        K       m/s   m/s           kg/m^3   kPa     MPa    MJ/kg  MJ/kg
s4    3.731e+07 3861.0  1257  0.0     0.00  33.42900 37310   37.31  3.29   3.29 
s1    628029.1  298.15  347   0.0     0.00  7.30900  628.0   0.63   0.00   0.00 
s2    1.043e+07 1051.8  635   1027.7  1.62  34.40788 39293   44.58  1.34   0.81 
s3    1.043e+07 2639.2  1047  1027.7  0.98  13.67100 19556   19.56  2.63   2.10 
s5    6.190e+07 1838.9  825   0.0     0.00  116.8200061904   61.90  1.78   1.78 
s5d   3.623e+07 4037.7  1284  0.0     0.00  31.03900 36228   36.23  3.46   3.46 
s6    3.357e+07 1601.7  774   778.5   1.01  72.72200 61907   61.91  1.78   1.48 
s8    8268.868  173.31  264   1953.1  7.39  0.16555  591.4   61.91  1.78   -0.13
s10f  524948.7  2000.7  898   355.2   0.40  0.91040  584.6   0.58   -     -     
s10e  539090.0  1801.6  817   311.4   0.38  1.03832  591.4   0.59   1.78   1.73 
The freestream (s8) total temperature (Tt) is 1838.93 K.
The freestream (s8) flight equivalent velocity (Ue) is 1887.47 m/s.
Freestream (s8) unit Reynolds number is 26844119.28 /m (related mu is 1.20e-05 Pa.s).
Post normal shock equilibrium (s10e) unit Reynolds number is 5004835.80 /m (related mu is 6.46e-05 Pa.s).
Species in the freestream state (s8) at equilibrium (by moles):
{'N2': 0.79, 'O2': 0.21}
Species in the shock layer at equilibrium (s10e) (by moles):
{'N2': 0.788, 'O': 2.424e-05, 'O2': 0.208, 'NO': 0.00416, 'NO2': 2.420e-05}
This FacilityState does not have a reference gas state which is required to calculate enthalpy.
None will be returned.
This FacilityState does not have a reference gas state which is required to calculate the flight equivalent velocity.
None will be returned.
------------------------------------------------------------
Exporting facility states data to the json file HYPULSE_RST_M8_condition_builder_89.json.
------------------------------------------------------------
Cannot return the total enthalpy as PITOT3 failed to calculate it.
Will return None.
Total enthalpy could not be calculated, so the flight equivalent velocity could not be calculated either.
self.flight_equivalent_velocity will be set to None.
Cannot return the flight equivalent velocity as PITOT3 failed to calculate it.
Will return None.
This FacilityState does not have a reference gas state which is required to calculate enthalpy.
None will be returned.
This FacilityState does not have a reference gas state which is required to calculate the flight equivalent velocity.
None will be returned.
------------------------------------------------------------
Removing temporary files created during the running of the program.
------------------------------------------------------------
------------------------------------------------------------
Run finished successfully.
------------------------------------------------------------
