------------------------------------------------------------
Running PITOT3 version: 16-Dec-2023
------------------------------------------------------------
Let's get started, shall we:
Calculation mode is 'fully_theoretical'.
Chosen facility is 'HYPULSE_rst_Mach_8_to_10_nozzle_area_ratio_175'.
Facility type is 'reflected_shock_tunnel'.
------------------------------------------------------------
Setting up facility driver condition.
Chosen driver condition is 'HYPULSE_RST_M8_driver_condition'.
Driver gas model is CEAGas.
Driver gas composition is {'Ar': 0.6, 'O2': 0.133, 'H2': 0.267} (by moles) (gam = 1.41, R = 289.07 J/kg K).
Driver rupture conditions are p4 = 37.31 MPa, T4 = 3861.00 K, M_throat = 0.00.
------------------------------------------------------------
The configuration in the driven tube is as follows:
test_gas_file_name =  None
shock_tube_fill_state_name =  s1
Test gas is n2-o2-with-ions. Test gas gas model is CEAGas.
Shock tube fill pressure (p1) is 722080.90 Pa.
Shock tube fill temperature (T1) is 298.15 K.
Nozzle area ratio is 175.0.
------------------------------------------------------------
Facility_State(state s5: p = 64210076.94 Pa, T = 1735.15 K, rho = 1.28e+02 kg/m**3, gam = 1.29, R = 288.16 J/kg K, V = 0.00 m/s, M = 0.00)
species in s5 at equilibrium (by moles): 
{'N2': 0.788, 'N2O': 4.860e-06, 'O2': 0.208, 'NO': 0.00329, 'NO2': 2.418e-04}
The total enthalpy (Ht) at state s5 is 1.65 MJ/kg.
------------------------------------------------------------
Facility_State(state s5d: p = 36379125.08 Pa, T = 4015.02 K, rho = 3.13e+01 kg/m**3, gam = 1.41, R = 289.07 J/kg K, V = 0.00 m/s, M = 0.00)
species in s5d at equilibrium (by moles): 
{'Ar': 0.6, 'O2': 0.133, 'H2': 0.267}
The total enthalpy (Ht) at state s5d is 3.44 MJ/kg.
------------------------------------------------------------
Starting steady expansion through the nozzle using an area ratio of 175.0
Due to the fact that this is a reflected shock simulation, we must first expand to the throat condition (state 6).
M6 expected is 1.0 and M6 found is 1.0061.
Facility_State(state s6: p = 34755828.28 Pa, T = 1507.89 K, rho = 8.00e+01 kg/m**3, gam = 1.30, R = 288.18 J/kg K, V = 756.91 m/s, M = 1.01)
species in s6 at equilibrium (by moles): 
{'N2': 0.789, 'N2O': 1.454e-06, 'O2': 0.209, 'NO': 0.00127, 'NO2': 1.243e-04}
The total enthalpy (Ht) at state s6 is 1.65 MJ/kg.
Facility_State(state s8: p = 8444.44 Pa, T = 160.20 K, rho = 1.83e-01 kg/m**3, gam = 1.40, R = 288.20 J/kg K, V = 1890.39 m/s, M = 7.44)
species in s8 at equilibrium (by moles): 
{'N2': 0.79, 'O2': 0.21}
The total enthalpy (Ht) at state s8 is 1.65 MJ/kg.
------------------------------------------------------------
Starting frozen normal shock calculation over the test model.
Facility_State(state s10f: p = 543386.16 Pa, T = 1871.66 K, rho = 1.01e+00 kg/m**3, gam = 1.40, R = 288.20 J/kg K, V = 343.22 m/s, M = 0.40)
------------------------------------------------------------
Starting equilibrium normal shock calculation over the test model.
Facility_State(state s10e: p = 556950.00 Pa, T = 1699.11 K, rho = 1.14e+00 kg/m**3, gam = 1.29, R = 288.19 J/kg K, V = 303.98 m/s, M = 0.38)
species in s10e at equilibrium (by moles): 
{'N2': 0.789, 'O': 8.566e-06, 'O2': 0.209, 'NO': 0.00288, 'NO2': 2.143e-05}
The total enthalpy (Ht) at state s10e is 1.65 MJ/kg.
------------------------------------------------------------
Test completed. Printing output now.
------------------------------------------------------------
PITOT3 Version 16-Dec-2023 doing a reflected_shock_tunnel calculation.
Calculation mode is 'fully_theoretical'.
Facility is 'HYPULSE_rst_Mach_8_to_10_nozzle_area_ratio_175'.
Driver condition is 'HYPULSE_RST_M8_driver_condition'. Driver gas model is CEAGas.
Driver gas composition is {'Ar': 0.6, 'O2': 0.133, 'H2': 0.267} (by moles) (gam = 1.41, R = 289.07 J/kg K).
Nozzle area ratio is 175.0.
Test gas (s1) is n2-o2-with-ions. Test gas gas model is CEAGas.
Test gas composition is {'N2': 0.79, 'O2': 0.21} (by moles) (gam = 1.40, R = 288.20 J/kg K)
vs1 = 1256.37 m/s, Ms1 = 3.62
state p         T       a     v       M     rho      pitot_p stgn_p Ht     h    
      Pa        K       m/s   m/s           kg/m^3   kPa     MPa    MJ/kg  MJ/kg
s4    3.731e+07 3861.0  1257  0.0     0.00  33.42900 37310   37.31  3.29   3.29 
s1    722080.9  298.15  347   0.0     0.00  8.40360  722.1   0.72   0.00   0.00 
s2    1.110e+07 998.81  620   982.5   1.59  38.54546 40443   45.19  1.23   0.75 
s3    1.110e+07 2689.2  1056  982.5   0.93  14.27300 19600   19.60  2.63   2.15 
s5    6.421e+07 1735.2  803   0.0     0.00  128.4200064210   64.21  1.65   1.65 
s5d   3.638e+07 4015.0  1280  0.0     0.00  31.34400 36379   36.38  3.44   3.44 
s6    3.476e+07 1507.9  752   756.9   1.01  79.98400 64212   64.21  1.65   1.36 
s8    8444.44   160.20  254   1890.4  7.44  0.18290  611.5   64.21  1.65   -0.14
s10f  543386.2  1871.7  869   343.2   0.40  1.00737  605.1   0.61   -     -     
s10e  556950.0  1699.1  796   304.0   0.38  1.13740  611.5   0.61   1.65   1.60 
The freestream (s8) total temperature (Tt) is 1735.15 K.
The freestream (s8) flight equivalent velocity (Ue) is 1815.22 m/s.
Freestream (s8) unit Reynolds number is 30766382.29 /m (related mu is 1.12e-05 Pa.s).
Post normal shock equilibrium (s10e) unit Reynolds number is 5567943.77 /m (related mu is 6.21e-05 Pa.s).
Species in the freestream state (s8) at equilibrium (by moles):
{'N2': 0.79, 'O2': 0.21}
Species in the shock layer at equilibrium (s10e) (by moles):
{'N2': 0.789, 'O': 8.566e-06, 'O2': 0.209, 'NO': 0.00288, 'NO2': 2.143e-05}
This FacilityState does not have a reference gas state which is required to calculate enthalpy.
None will be returned.
This FacilityState does not have a reference gas state which is required to calculate the flight equivalent velocity.
None will be returned.
------------------------------------------------------------
Exporting facility states data to the json file HYPULSE_RST_M8_condition_builder_92.json.
------------------------------------------------------------
Cannot return the total enthalpy as PITOT3 failed to calculate it.
Will return None.
Total enthalpy could not be calculated, so the flight equivalent velocity could not be calculated either.
self.flight_equivalent_velocity will be set to None.
Cannot return the flight equivalent velocity as PITOT3 failed to calculate it.
Will return None.
This FacilityState does not have a reference gas state which is required to calculate enthalpy.
None will be returned.
This FacilityState does not have a reference gas state which is required to calculate the flight equivalent velocity.
None will be returned.
------------------------------------------------------------
Removing temporary files created during the running of the program.
------------------------------------------------------------
------------------------------------------------------------
Run finished successfully.
------------------------------------------------------------
