------------------------------------------------------------
Running PITOT3 version: 16-Dec-2023
------------------------------------------------------------
Let's get started, shall we:
Calculation mode is 'fully_theoretical'.
Chosen facility is 'HYPULSE_rst_Mach_8_to_10_nozzle_area_ratio_175'.
Facility type is 'reflected_shock_tunnel'.
------------------------------------------------------------
Setting up facility driver condition.
Chosen driver condition is 'HYPULSE_RST_M8_driver_condition'.
Driver gas model is CEAGas.
Driver gas composition is {'Ar': 0.6, 'O2': 0.133, 'H2': 0.267} (by moles) (gam = 1.41, R = 289.07 J/kg K).
Driver rupture conditions are p4 = 37.31 MPa, T4 = 3861.00 K, M_throat = 0.00.
------------------------------------------------------------
The configuration in the driven tube is as follows:
test_gas_file_name =  None
shock_tube_fill_state_name =  s1
Test gas is n2-o2-with-ions. Test gas gas model is CEAGas.
Shock tube fill pressure (p1) is 178864.95 Pa.
Shock tube fill temperature (T1) is 298.15 K.
Nozzle area ratio is 175.0.
------------------------------------------------------------
Facility_State(state s5: p = 39388779.65 Pa, T = 2938.23 K, rho = 4.65e+01 kg/m**3, gam = 1.23, R = 288.41 J/kg K, V = 0.00 m/s, M = 0.00)
species in s5 at equilibrium (by moles): 
{'N2': 0.768, 'N2O': 4.581e-05, 'O': 0.00199, 'O2': 0.188, 'NO': 0.0413, 'NO2': 4.726e-04}
The total enthalpy (Ht) at state s5 is 3.32 MJ/kg.
------------------------------------------------------------
Facility_State(state s5d: p = 33851127.55 Pa, T = 4369.16 K, rho = 2.68e+01 kg/m**3, gam = 1.41, R = 289.07 J/kg K, V = 0.00 m/s, M = 0.00)
species in s5d at equilibrium (by moles): 
{'Ar': 0.6, 'O2': 0.133, 'H2': 0.267}
The total enthalpy (Ht) at state s5d is 3.79 MJ/kg.
------------------------------------------------------------
Starting steady expansion through the nozzle using an area ratio of 175.0
Due to the fact that this is a reflected shock simulation, we must first expand to the throat condition (state 6).
M6 expected is 1.0 and M6 found is 1.0050.
Facility_State(state s6: p = 21729367.32 Pa, T = 2615.30 K, rho = 2.88e+01 kg/m**3, gam = 1.25, R = 288.26 J/kg K, V = 975.61 m/s, M = 1.00)
species in s6 at equilibrium (by moles): 
{'N2': 0.776, 'N2O': 2.186e-05, 'O': 7.487e-04, 'O2': 0.196, 'NO': 0.0268, 'NO2': 3.045e-04}
The total enthalpy (Ht) at state s6 is 3.32 MJ/kg.
Facility_State(state s8: p = 6295.38 Pa, T = 347.96 K, rho = 6.28e-02 kg/m**3, gam = 1.40, R = 288.20 J/kg K, V = 2557.61 m/s, M = 6.83)
species in s8 at equilibrium (by moles): 
{'N2': 0.79, 'O2': 0.21}
The total enthalpy (Ht) at state s8 is 3.32 MJ/kg.
------------------------------------------------------------
Starting frozen normal shock calculation over the test model.
Facility_State(state s10f: p = 341630.53 Pa, T = 3463.15 K, rho = 3.42e-01 kg/m**3, gam = 1.40, R = 288.20 J/kg K, V = 469.08 m/s, M = 0.40)
------------------------------------------------------------
Starting equilibrium normal shock calculation over the test model.
Facility_State(state s10e: p = 357970.00 Pa, T = 2822.47 K, rho = 4.37e-01 kg/m**3, gam = 1.18, R = 290.14 J/kg K, V = 367.31 m/s, M = 0.37)
species in s10e at equilibrium (by moles): 
{'N2': 0.767, 'N2O': 3.686e-06, 'O': 0.0134, 'O2': 0.184, 'NO': 0.0351, 'NO2': 4.147e-05}
The total enthalpy (Ht) at state s10e is 3.32 MJ/kg.
------------------------------------------------------------
Test completed. Printing output now.
------------------------------------------------------------
PITOT3 Version 16-Dec-2023 doing a reflected_shock_tunnel calculation.
Calculation mode is 'fully_theoretical'.
Facility is 'HYPULSE_rst_Mach_8_to_10_nozzle_area_ratio_175'.
Driver condition is 'HYPULSE_RST_M8_driver_condition'. Driver gas model is CEAGas.
Driver gas composition is {'Ar': 0.6, 'O2': 0.133, 'H2': 0.267} (by moles) (gam = 1.41, R = 289.07 J/kg K).
Nozzle area ratio is 175.0.
Test gas (s1) is n2-o2-with-ions. Test gas gas model is CEAGas.
Test gas composition is {'N2': 0.79, 'O2': 0.21} (by moles) (gam = 1.40, R = 288.20 J/kg K)
vs1 = 1774.59 m/s, Ms1 = 5.12
state p         T       a     v       M     rho      pitot_p stgn_p Ht     h    
      Pa        K       m/s   m/s           kg/m^3   kPa     MPa    MJ/kg  MJ/kg
s4    3.731e+07 3861.0  1257  0.0     0.00  33.42900 37310   37.31  3.29   3.29 
s1    178865.0  298.15  347   0.0     0.00  2.08160  178.9   0.18   0.00   0.00 
s2    5.578e+06 1639.5  782   1461.7  1.87  11.80704 26561   34.94  2.59   1.53 
s3    5.578e+06 2178.3  955   1461.7  1.53  8.85910  20145   21.89  2.74   1.67 
s5    3.939e+07 2938.2  1025  0.0     0.00  46.48200 39389   39.39  3.32   3.32 
s5d   3.385e+07 4369.2  1334  0.0     0.00  26.80200 33851   33.85  3.79   3.79 
s6    2.173e+07 2615.3  971   975.6   1.00  28.82400 39390   39.39  3.32   2.85 
s8    6295.385  347.96  374   2557.6  6.83  6.28e-02 388.5   39.39  3.32   0.05 
s10f  341630.5  3463.2  1181  469.1   0.40  0.34229  380.8   0.38   -     -     
s10e  357970.0  2822.5  995   367.3   0.37  0.43713  388.5   0.39   3.32   3.25 
The freestream (s8) total temperature (Tt) is 2938.23 K.
The freestream (s8) flight equivalent velocity (Ue) is 2577.26 m/s.
Freestream (s8) unit Reynolds number is 7691214.85 /m (related mu is 2.09e-05 Pa.s).
Post normal shock equilibrium (s10e) unit Reynolds number is 1818325.76 /m (related mu is 8.83e-05 Pa.s).
Species in the freestream state (s8) at equilibrium (by moles):
{'N2': 0.79, 'O2': 0.21}
Species in the shock layer at equilibrium (s10e) (by moles):
{'N2': 0.767, 'N2O': 3.686e-06, 'O': 0.0134, 'O2': 0.184, 'NO': 0.0351, 'NO2': 4.147e-05}
This FacilityState does not have a reference gas state which is required to calculate enthalpy.
None will be returned.
This FacilityState does not have a reference gas state which is required to calculate the flight equivalent velocity.
None will be returned.
------------------------------------------------------------
Exporting facility states data to the json file HYPULSE_RST_M8_condition_builder_62.json.
------------------------------------------------------------
math domain error
Failed to calculate flight equivalent velocity.
self.flight_equivalent_velocity will be set to None.
Cannot return the flight equivalent velocity as PITOT3 failed to calculate it.
Will return None.
This FacilityState does not have a reference gas state which is required to calculate enthalpy.
None will be returned.
This FacilityState does not have a reference gas state which is required to calculate the flight equivalent velocity.
None will be returned.
------------------------------------------------------------
Removing temporary files created during the running of the program.
------------------------------------------------------------
------------------------------------------------------------
Run finished successfully.
------------------------------------------------------------
