------------------------------------------------------------
Running PITOT3 version: 16-Dec-2023
------------------------------------------------------------
Let's get started, shall we:
Calculation mode is 'fully_theoretical'.
Chosen facility is 'HYPULSE_rst_Mach_8_to_10_nozzle_area_ratio_175'.
Facility type is 'reflected_shock_tunnel'.
------------------------------------------------------------
Setting up facility driver condition.
Chosen driver condition is 'HYPULSE_RST_M8_driver_condition'.
Driver gas model is CEAGas.
Driver gas composition is {'Ar': 0.6, 'O2': 0.133, 'H2': 0.267} (by moles) (gam = 1.41, R = 289.07 J/kg K).
Driver rupture conditions are p4 = 37.31 MPa, T4 = 3861.00 K, M_throat = 0.00.
------------------------------------------------------------
The configuration in the driven tube is as follows:
test_gas_file_name =  None
shock_tube_fill_state_name =  s1
Test gas is n2-o2-with-ions. Test gas gas model is CEAGas.
Shock tube fill pressure (p1) is 343046.93 Pa.
Shock tube fill temperature (T1) is 298.15 K.
Nozzle area ratio is 175.0.
------------------------------------------------------------
Facility_State(state s5: p = 51114692.93 Pa, T = 2334.54 K, rho = 7.60e+01 kg/m**3, gam = 1.26, R = 288.15 J/kg K, V = 0.00 m/s, M = 0.00)
species in s5 at equilibrium (by moles): 
{'N2': 0.782, 'N2O': 2.060e-05, 'O': 1.201e-04, 'O2': 0.201, 'NO': 0.0164, 'NO2': 3.929e-04}
The total enthalpy (Ht) at state s5 is 2.45 MJ/kg.
------------------------------------------------------------
Facility_State(state s5d: p = 35329327.32 Pa, T = 4165.70 K, rho = 2.93e+01 kg/m**3, gam = 1.41, R = 289.07 J/kg K, V = 0.00 m/s, M = 0.00)
species in s5d at equilibrium (by moles): 
{'Ar': 0.6, 'O2': 0.133, 'H2': 0.267}
The total enthalpy (Ht) at state s5d is 3.59 MJ/kg.
------------------------------------------------------------
Starting steady expansion through the nozzle using an area ratio of 175.0
Due to the fact that this is a reflected shock simulation, we must first expand to the throat condition (state 6).
M6 expected is 1.0 and M6 found is 1.0057.
Facility_State(state s6: p = 27933309.51 Pa, T = 2054.27 K, rho = 4.72e+01 kg/m**3, gam = 1.27, R = 288.17 J/kg K, V = 873.64 m/s, M = 1.01)
species in s6 at equilibrium (by moles): 
{'N2': 0.786, 'N2O': 8.204e-06, 'O': 2.721e-05, 'O2': 0.205, 'NO': 0.00875, 'NO2': 2.303e-04}
The total enthalpy (Ht) at state s6 is 2.45 MJ/kg.
Facility_State(state s8: p = 7378.26 Pa, T = 243.28 K, rho = 1.05e-01 kg/m**3, gam = 1.40, R = 288.20 J/kg K, V = 2236.91 m/s, M = 7.14)
species in s8 at equilibrium (by moles): 
{'N2': 0.79, 'O2': 0.21}
The total enthalpy (Ht) at state s8 is 2.45 MJ/kg.
------------------------------------------------------------
Starting frozen normal shock calculation over the test model.
Facility_State(state s10f: p = 437670.32 Pa, T = 2638.54 K, rho = 5.76e-01 kg/m**3, gam = 1.40, R = 288.20 J/kg K, V = 408.99 m/s, M = 0.40)
------------------------------------------------------------
Starting equilibrium normal shock calculation over the test model.
Facility_State(state s10e: p = 453380.00 Pa, T = 2286.87 K, rho = 6.88e-01 kg/m**3, gam = 1.25, R = 288.33 J/kg K, V = 342.37 m/s, M = 0.38)
species in s10e at equilibrium (by moles): 
{'N2': 0.782, 'N2O': 1.763e-06, 'O': 9.700e-04, 'O2': 0.202, 'NO': 0.0149, 'NO2': 3.569e-05}
The total enthalpy (Ht) at state s10e is 2.45 MJ/kg.
------------------------------------------------------------
Test completed. Printing output now.
------------------------------------------------------------
PITOT3 Version 16-Dec-2023 doing a reflected_shock_tunnel calculation.
Calculation mode is 'fully_theoretical'.
Facility is 'HYPULSE_rst_Mach_8_to_10_nozzle_area_ratio_175'.
Driver condition is 'HYPULSE_RST_M8_driver_condition'. Driver gas model is CEAGas.
Driver gas composition is {'Ar': 0.6, 'O2': 0.133, 'H2': 0.267} (by moles) (gam = 1.41, R = 289.07 J/kg K).
Nozzle area ratio is 175.0.
Test gas (s1) is n2-o2-with-ions. Test gas gas model is CEAGas.
Test gas composition is {'N2': 0.79, 'O2': 0.21} (by moles) (gam = 1.40, R = 288.20 J/kg K)
vs1 = 1524.55 m/s, Ms1 = 4.40
state p         T       a     v       M     rho      pitot_p stgn_p Ht     h    
      Pa        K       m/s   m/s           kg/m^3   kPa     MPa    MJ/kg  MJ/kg
s4    3.731e+07 3861.0  1257  0.0     0.00  33.42900 37310   37.31  3.29   3.29 
s1    343046.9  298.15  347   0.0     0.00  3.99240  343.0   0.34   0.00   0.00 
s2    7.838e+06 1310.3  704   1231.3  1.75  20.75558 33476   40.71  1.88   1.12 
s3    7.837e+06 2418.8  1004  1231.3  1.23  11.20900 19808   20.01  2.65   1.89 
s5    5.111e+07 2334.5  922   0.0     0.00  75.98400 51115   51.11  2.45   2.45 
s5d   3.533e+07 4165.7  1303  0.0     0.00  29.33900 35329   35.33  3.59   3.59 
s6    2.793e+07 2054.3  869   873.6   1.01  47.18700 51105   51.11  2.45   2.06 
s8    7378.263  243.28  313   2236.9  7.14  0.10524  495.2   51.11  2.45   -0.06
s10f  437670.3  2638.5  1032  409.0   0.40  0.57556  487.7   0.49   -     -     
s10e  453380.0  2286.9  911   342.4   0.38  0.68759  495.2   0.50   2.45   2.39 
The freestream (s8) total temperature (Tt) is 2334.55 K.
The freestream (s8) flight equivalent velocity (Ue) is 2211.99 m/s.
Freestream (s8) unit Reynolds number is 14784436.88 /m (related mu is 1.59e-05 Pa.s).
Post normal shock equilibrium (s10e) unit Reynolds number is 3094805.74 /m (related mu is 7.61e-05 Pa.s).
Species in the freestream state (s8) at equilibrium (by moles):
{'N2': 0.79, 'O2': 0.21}
Species in the shock layer at equilibrium (s10e) (by moles):
{'N2': 0.782, 'N2O': 1.763e-06, 'O': 9.700e-04, 'O2': 0.202, 'NO': 0.0149, 'NO2': 3.569e-05}
This FacilityState does not have a reference gas state which is required to calculate enthalpy.
None will be returned.
This FacilityState does not have a reference gas state which is required to calculate the flight equivalent velocity.
None will be returned.
------------------------------------------------------------
Exporting facility states data to the json file HYPULSE_RST_M8_condition_builder_76.json.
------------------------------------------------------------
Cannot return the total enthalpy as PITOT3 failed to calculate it.
Will return None.
Total enthalpy could not be calculated, so the flight equivalent velocity could not be calculated either.
self.flight_equivalent_velocity will be set to None.
Cannot return the flight equivalent velocity as PITOT3 failed to calculate it.
Will return None.
This FacilityState does not have a reference gas state which is required to calculate enthalpy.
None will be returned.
This FacilityState does not have a reference gas state which is required to calculate the flight equivalent velocity.
None will be returned.
------------------------------------------------------------
Removing temporary files created during the running of the program.
------------------------------------------------------------
------------------------------------------------------------
Run finished successfully.
------------------------------------------------------------
