------------------------------------------------------------
Running PITOT3 version: 16-Dec-2023
------------------------------------------------------------
Let's get started, shall we:
Calculation mode is 'fully_theoretical'.
Chosen facility is 'HYPULSE_rst_Mach_8_to_10_nozzle_area_ratio_175'.
Facility type is 'reflected_shock_tunnel'.
------------------------------------------------------------
Setting up facility driver condition.
Chosen driver condition is 'HYPULSE_RST_M8_driver_condition'.
Driver gas model is CEAGas.
Driver gas composition is {'Ar': 0.6, 'O2': 0.133, 'H2': 0.267} (by moles) (gam = 1.41, R = 289.07 J/kg K).
Driver rupture conditions are p4 = 37.31 MPa, T4 = 3861.00 K, M_throat = 0.00.
------------------------------------------------------------
The configuration in the driven tube is as follows:
test_gas_file_name =  None
shock_tube_fill_state_name =  s1
Test gas is n2-o2-with-ions. Test gas gas model is CEAGas.
Shock tube fill pressure (p1) is 215443.47 Pa.
Shock tube fill temperature (T1) is 298.15 K.
Nozzle area ratio is 175.0.
------------------------------------------------------------
Facility_State(state s5: p = 42655685.45 Pa, T = 2760.13 K, rho = 5.36e+01 kg/m**3, gam = 1.24, R = 288.27 J/kg K, V = 0.00 m/s, M = 0.00)
species in s5 at equilibrium (by moles): 
{'N2': 0.773, 'N2O': 3.787e-05, 'O': 9.833e-04, 'O2': 0.192, 'NO': 0.033, 'NO2': 4.578e-04}
The total enthalpy (Ht) at state s5 is 3.05 MJ/kg.
------------------------------------------------------------
Facility_State(state s5d: p = 34335610.68 Pa, T = 4303.49 K, rho = 2.76e+01 kg/m**3, gam = 1.41, R = 289.07 J/kg K, V = 0.00 m/s, M = 0.00)
species in s5d at equilibrium (by moles): 
{'Ar': 0.6, 'O2': 0.133, 'H2': 0.267}
The total enthalpy (Ht) at state s5d is 3.73 MJ/kg.
------------------------------------------------------------
Starting steady expansion through the nozzle using an area ratio of 175.0
Due to the fact that this is a reflected shock simulation, we must first expand to the throat condition (state 6).
M6 expected is 1.0 and M6 found is 1.0056.
Facility_State(state s6: p = 23461210.00 Pa, T = 2448.22 K, rho = 3.33e+01 kg/m**3, gam = 1.26, R = 288.20 J/kg K, V = 947.08 m/s, M = 1.01)
species in s6 at equilibrium (by moles): 
{'N2': 0.78, 'N2O': 1.723e-05, 'O': 3.253e-04, 'O2': 0.199, 'NO': 0.0203, 'NO2': 2.874e-04}
The total enthalpy (Ht) at state s6 is 3.05 MJ/kg.
Facility_State(state s8: p = 6611.68 Pa, T = 314.50 K, rho = 7.29e-02 kg/m**3, gam = 1.40, R = 288.20 J/kg K, V = 2464.94 m/s, M = 6.92)
species in s8 at equilibrium (by moles): 
{'N2': 0.79, 'O2': 0.21}
The total enthalpy (Ht) at state s8 is 3.05 MJ/kg.
------------------------------------------------------------
Starting frozen normal shock calculation over the test model.
Facility_State(state s10f: p = 368546.01 Pa, T = 3214.91 K, rho = 3.98e-01 kg/m**3, gam = 1.40, R = 288.20 J/kg K, V = 452.04 m/s, M = 0.40)
------------------------------------------------------------
Starting equilibrium normal shock calculation over the test model.
Facility_State(state s10e: p = 384800.00 Pa, T = 2676.23 K, rho = 4.97e-01 kg/m**3, gam = 1.21, R = 289.24 J/kg K, V = 361.71 m/s, M = 0.37)
species in s10e at equilibrium (by moles): 
{'N2': 0.773, 'N2O': 3.152e-06, 'O': 0.00727, 'O2': 0.191, 'NO': 0.029, 'NO2': 4.100e-05}
The total enthalpy (Ht) at state s10e is 3.05 MJ/kg.
------------------------------------------------------------
Test completed. Printing output now.
------------------------------------------------------------
PITOT3 Version 16-Dec-2023 doing a reflected_shock_tunnel calculation.
Calculation mode is 'fully_theoretical'.
Facility is 'HYPULSE_rst_Mach_8_to_10_nozzle_area_ratio_175'.
Driver condition is 'HYPULSE_RST_M8_driver_condition'. Driver gas model is CEAGas.
Driver gas composition is {'Ar': 0.6, 'O2': 0.133, 'H2': 0.267} (by moles) (gam = 1.41, R = 289.07 J/kg K).
Nozzle area ratio is 175.0.
Test gas (s1) is n2-o2-with-ions. Test gas gas model is CEAGas.
Test gas composition is {'N2': 0.79, 'O2': 0.21} (by moles) (gam = 1.40, R = 288.20 J/kg K)
vs1 = 1702.02 m/s, Ms1 = 4.91
state p         T       a     v       M     rho      pitot_p stgn_p Ht     h    
      Pa        K       m/s   m/s           kg/m^3   kPa     MPa    MJ/kg  MJ/kg
s4    3.731e+07 3861.0  1257  0.0     0.00  33.42900 37310   37.31  3.29   3.29 
s1    215443.5  298.15  347   0.0     0.00  2.50730  215.4   0.22   0.00   0.00 
s2    6.168e+06 1540.3  760   1394.9  1.84  13.89542 28537   36.69  2.37   1.40 
s3    6.168e+06 2247.0  969   1394.9  1.44  9.49610  20084   21.18  2.71   1.73 
s5    4.266e+07 2760.1  996   0.0     0.00  53.61100 42656   42.66  3.05   3.05 
s5d   3.434e+07 4303.5  1324  0.0     0.00  27.60100 34336   34.34  3.73   3.73 
s6    2.346e+07 2448.2  942   947.1   1.01  33.25100 42663   42.66  3.05   2.61 
s8    6611.68   314.50  356   2464.9  6.92  7.29e-02 418.4   42.66  3.05   0.02 
s10f  368546.0  3214.9  1138  452.0   0.40  0.39777  410.8   0.41   -     -     
s10e  384800.0  2676.2  973   361.7   0.37  0.49711  418.4   0.42   3.05   2.99 
The freestream (s8) total temperature (Tt) is 2760.13 K.
The freestream (s8) flight equivalent velocity (Ue) is 2471.64 m/s.
Freestream (s8) unit Reynolds number is 9281478.28 /m (related mu is 1.94e-05 Pa.s).
Post normal shock equilibrium (s10e) unit Reynolds number is 2116483.38 /m (related mu is 8.50e-05 Pa.s).
Species in the freestream state (s8) at equilibrium (by moles):
{'N2': 0.79, 'O2': 0.21}
Species in the shock layer at equilibrium (s10e) (by moles):
{'N2': 0.773, 'N2O': 3.152e-06, 'O': 0.00727, 'O2': 0.191, 'NO': 0.029, 'NO2': 4.100e-05}
This FacilityState does not have a reference gas state which is required to calculate enthalpy.
None will be returned.
This FacilityState does not have a reference gas state which is required to calculate the flight equivalent velocity.
None will be returned.
------------------------------------------------------------
Exporting facility states data to the json file HYPULSE_RST_M8_condition_builder_66.json.
------------------------------------------------------------
math domain error
Failed to calculate flight equivalent velocity.
self.flight_equivalent_velocity will be set to None.
Cannot return the flight equivalent velocity as PITOT3 failed to calculate it.
Will return None.
This FacilityState does not have a reference gas state which is required to calculate enthalpy.
None will be returned.
This FacilityState does not have a reference gas state which is required to calculate the flight equivalent velocity.
None will be returned.
------------------------------------------------------------
Removing temporary files created during the running of the program.
------------------------------------------------------------
------------------------------------------------------------
Run finished successfully.
------------------------------------------------------------
