------------------------------------------------------------
Running PITOT3 version: 16-Dec-2023
------------------------------------------------------------
Let's get started, shall we:
Calculation mode is 'fully_theoretical'.
Chosen facility is 'HYPULSE_rst_Mach_8_to_10_nozzle_area_ratio_175'.
Facility type is 'reflected_shock_tunnel'.
------------------------------------------------------------
Setting up facility driver condition.
Chosen driver condition is 'HYPULSE_RST_M8_driver_condition'.
Driver gas model is CEAGas.
Driver gas composition is {'Ar': 0.6, 'O2': 0.133, 'H2': 0.267} (by moles) (gam = 1.41, R = 289.07 J/kg K).
Driver rupture conditions are p4 = 37.31 MPa, T4 = 3861.00 K, M_throat = 0.00.
------------------------------------------------------------
The configuration in the driven tube is as follows:
test_gas_file_name =  None
shock_tube_fill_state_name =  s1
Test gas is n2-o2-with-ions. Test gas gas model is CEAGas.
Shock tube fill pressure (p1) is 46415.89 Pa.
Shock tube fill temperature (T1) is 298.15 K.
Nozzle area ratio is 175.0.
------------------------------------------------------------
Facility_State(state s5: p = 19875673.31 Pa, T = 4179.15 K, rho = 1.61e+01 kg/m**3, gam = 1.15, R = 295.95 J/kg K, V = 0.00 m/s, M = 0.00)
species in s5 at equilibrium (by moles): 
{'N': 1.995e-04, 'N2': 0.719, 'N2O': 8.297e-05, 'O': 0.0527, 'O2': 0.128, 'NO': 0.099, 'NO2': 3.589e-04}
The total enthalpy (Ht) at state s5 is 5.61 MJ/kg.
------------------------------------------------------------
Facility_State(state s5d: p = 28847693.56 Pa, T = 5046.01 K, rho = 1.98e+01 kg/m**3, gam = 1.40, R = 289.07 J/kg K, V = 0.00 m/s, M = 0.00)
species in s5d at equilibrium (by moles): 
{'Ar': 0.6, 'O2': 0.133, 'H2': 0.267}
The total enthalpy (Ht) at state s5d is 4.47 MJ/kg.
------------------------------------------------------------
Starting steady expansion through the nozzle using an area ratio of 175.0
Due to the fact that this is a reflected shock simulation, we must first expand to the throat condition (state 6).
M6 expected is 1.0 and M6 found is 0.9940.
M6 is just below 1.0 so it is being set to 1.0 so the code can continue.
The velocity has also been slightly adjusted from 1156.0969 m/s to 1163.1009 m/s.
Facility_State(state s6: p = 11276552.39 Pa, T = 3823.51 K, rho = 1.00e+01 kg/m**3, gam = 1.16, R = 293.64 J/kg K, V = 1163.10 m/s, M = 1.00)
species in s6 at equilibrium (by moles): 
{'N': 7.295e-05, 'N2': 0.733, 'N2O': 5.171e-05, 'O': 0.0374, 'O2': 0.145, 'NO': 0.0837, 'NO2': 2.768e-04}
The total enthalpy (Ht) at state s6 is 5.62 MJ/kg.
Facility_State(state s8: p = 4146.36 Pa, T = 696.22 K, rho = 2.07e-02 kg/m**3, gam = 1.36, R = 288.20 J/kg K, V = 3227.06 m/s, M = 6.17)
species in s8 at equilibrium (by moles): 
{'N2': 0.79, 'O2': 0.21}
The total enthalpy (Ht) at state s8 is 5.62 MJ/kg.
------------------------------------------------------------
Starting frozen normal shock calculation over the test model.
Facility_State(state s10f: p = 181475.05 Pa, T = 5362.54 K, rho = 1.17e-01 kg/m**3, gam = 1.36, R = 288.20 J/kg K, V = 567.91 m/s, M = 0.39)
------------------------------------------------------------
Starting equilibrium normal shock calculation over the test model.
Facility_State(state s10e: p = 193840.00 Pa, T = 3590.52 K, rho = 1.74e-01 kg/m**3, gam = 1.09, R = 309.67 J/kg K, V = 382.51 m/s, M = 0.34)
species in s10e at equilibrium (by moles): 
{'N': 2.033e-04, 'N2': 0.707, 'N2O': 4.384e-06, 'O': 0.138, 'O2': 0.0981, 'NO': 0.0562, 'NO2': 2.217e-05}
The total enthalpy (Ht) at state s10e is 5.62 MJ/kg.
------------------------------------------------------------
Test completed. Printing output now.
------------------------------------------------------------
PITOT3 Version 16-Dec-2023 doing a reflected_shock_tunnel calculation.
Calculation mode is 'fully_theoretical'.
Facility is 'HYPULSE_rst_Mach_8_to_10_nozzle_area_ratio_175'.
Driver condition is 'HYPULSE_RST_M8_driver_condition'. Driver gas model is CEAGas.
Driver gas composition is {'Ar': 0.6, 'O2': 0.133, 'H2': 0.267} (by moles) (gam = 1.41, R = 289.07 J/kg K).
Nozzle area ratio is 175.0.
Test gas (s1) is n2-o2-with-ions. Test gas gas model is CEAGas.
Test gas composition is {'N2': 0.79, 'O2': 0.21} (by moles) (gam = 1.40, R = 288.20 J/kg K)
vs1 = 2312.78 m/s, Ms1 = 6.67
state p         T       a     v       M     rho      pitot_p stgn_p Ht     h    
      Pa        K       m/s   m/s           kg/m^3   kPa     MPa    MJ/kg  MJ/kg
s4    3.731e+07 3861.0  1257  0.0     0.00  33.42900 37310   37.31  3.29   3.29 
s1    46415.89  298.15  347   0.0     0.00  0.54019  46.4    0.05   0.00   0.00 
s2    2.494e+06 2448.4  941   1959.2  2.08  3.53311  14142   22.28  4.53   2.61 
s3    2.494e+06 1692.9  846   1959.2  2.31  5.09660  19068   32.58  3.14   1.22 
s5    1.988e+07 4179.1  1222  0.0     0.00  16.07000 19876   19.88  5.61   5.61 
s5d   2.885e+07 5046.0  1429  0.0     0.00  19.77700 28848   28.85  4.47   4.47 
s6    1.128e+07 3823.5  1163  1163.1  1.00  10.04400 20008   20.01  5.62   4.94 
s8    4146.364  696.22  523   3227.1  6.17  2.07e-02 207.0   20.01  5.62   0.41 
s10f  181475.1  5362.5  1452  567.9   0.39  0.11742  201.1   0.20   -     -     
s10e  193840.0  3590.5  1141  382.5   0.34  0.17434  207.0   0.21   5.62   5.55 
The freestream (s8) total temperature (Tt) is 4183.47 K.
The freestream (s8) flight equivalent velocity (Ue) is 3352.82 m/s.
Freestream (s8) unit Reynolds number is 1957989.21 /m (related mu is 3.41e-05 Pa.s).
Post normal shock equilibrium (s10e) unit Reynolds number is 618389.79 /m (related mu is 1.08e-04 Pa.s).
Species in the freestream state (s8) at equilibrium (by moles):
{'N2': 0.79, 'O2': 0.21}
Species in the shock layer at equilibrium (s10e) (by moles):
{'N': 2.033e-04, 'N2': 0.707, 'N2O': 4.384e-06, 'O': 0.138, 'O2': 0.0981, 'NO': 0.0562, 'NO2': 2.217e-05}
This FacilityState does not have a reference gas state which is required to calculate enthalpy.
None will be returned.
This FacilityState does not have a reference gas state which is required to calculate the flight equivalent velocity.
None will be returned.
------------------------------------------------------------
Exporting facility states data to the json file HYPULSE_RST_M8_condition_builder_33.json.
------------------------------------------------------------
math domain error
Failed to calculate flight equivalent velocity.
self.flight_equivalent_velocity will be set to None.
Cannot return the flight equivalent velocity as PITOT3 failed to calculate it.
Will return None.
This FacilityState does not have a reference gas state which is required to calculate enthalpy.
None will be returned.
This FacilityState does not have a reference gas state which is required to calculate the flight equivalent velocity.
None will be returned.
------------------------------------------------------------
Removing temporary files created during the running of the program.
------------------------------------------------------------
------------------------------------------------------------
Run finished successfully.
------------------------------------------------------------
