------------------------------------------------------------
Running PITOT3 version: 16-Dec-2023
------------------------------------------------------------
Let's get started, shall we:
Calculation mode is 'fully_theoretical'.
Chosen facility is 'HYPULSE_rst_Mach_8_to_10_nozzle_area_ratio_175'.
Facility type is 'reflected_shock_tunnel'.
------------------------------------------------------------
Setting up facility driver condition.
Chosen driver condition is 'HYPULSE_RST_M8_driver_condition'.
Driver gas model is CEAGas.
Driver gas composition is {'Ar': 0.6, 'O2': 0.133, 'H2': 0.267} (by moles) (gam = 1.41, R = 289.07 J/kg K).
Driver rupture conditions are p4 = 37.31 MPa, T4 = 3861.00 K, M_throat = 0.00.
------------------------------------------------------------
The configuration in the driven tube is as follows:
test_gas_file_name =  None
shock_tube_fill_state_name =  s1
Test gas is n2-o2-with-ions. Test gas gas model is CEAGas.
Shock tube fill pressure (p1) is 123284.67 Pa.
Shock tube fill temperature (T1) is 298.15 K.
Nozzle area ratio is 175.0.
------------------------------------------------------------
Facility_State(state s5: p = 33198703.74 Pa, T = 3299.32 K, rho = 3.48e+01 kg/m**3, gam = 1.21, R = 289.07 J/kg K, V = 0.00 m/s, M = 0.00)
species in s5 at equilibrium (by moles): 
{'N': 3.848e-06, 'N2': 0.758, 'N2O': 6.162e-05, 'O': 0.00663, 'O2': 0.176, 'NO': 0.0596, 'NO2': 4.790e-04}
The total enthalpy (Ht) at state s5 is 3.89 MJ/kg.
------------------------------------------------------------
Facility_State(state s5d: p = 32721947.04 Pa, T = 4519.41 K, rho = 2.50e+01 kg/m**3, gam = 1.41, R = 289.07 J/kg K, V = 0.00 m/s, M = 0.00)
species in s5d at equilibrium (by moles): 
{'Ar': 0.6, 'O2': 0.133, 'H2': 0.267}
The total enthalpy (Ht) at state s5d is 3.94 MJ/kg.
------------------------------------------------------------
Starting steady expansion through the nozzle using an area ratio of 175.0
Due to the fact that this is a reflected shock simulation, we must first expand to the throat condition (state 6).
M6 expected is 1.0 and M6 found is 1.0028.
Facility_State(state s6: p = 18446310.70 Pa, T = 2959.50 K, rho = 2.16e+01 kg/m**3, gam = 1.23, R = 288.60 J/kg K, V = 1030.26 m/s, M = 1.00)
species in s6 at equilibrium (by moles): 
{'N2': 0.768, 'N2O': 3.211e-05, 'O': 0.00313, 'O2': 0.187, 'NO': 0.0423, 'NO2': 3.250e-04}
The total enthalpy (Ht) at state s6 is 3.89 MJ/kg.
Facility_State(state s8: p = 5662.38 Pa, T = 424.36 K, rho = 4.63e-02 kg/m**3, gam = 1.39, R = 288.20 J/kg K, V = 2743.85 m/s, M = 6.65)
species in s8 at equilibrium (by moles): 
{'N2': 0.79, 'O2': 0.21}
The total enthalpy (Ht) at state s8 is 3.89 MJ/kg.
------------------------------------------------------------
Starting frozen normal shock calculation over the test model.
Facility_State(state s10f: p = 290521.49 Pa, T = 3979.74 K, rho = 2.53e-01 kg/m**3, gam = 1.39, R = 288.20 J/kg K, V = 501.54 m/s, M = 0.40)
------------------------------------------------------------
Starting equilibrium normal shock calculation over the test model.
Facility_State(state s10e: p = 306660.00 Pa, T = 3082.82 K, rho = 3.39e-01 kg/m**3, gam = 1.14, R = 293.28 J/kg K, V = 374.56 m/s, M = 0.36)
species in s10e at equilibrium (by moles): 
{'N': 1.160e-05, 'N2': 0.753, 'N2O': 4.475e-06, 'O': 0.0347, 'O2': 0.166, 'NO': 0.0458, 'NO2': 3.930e-05}
The total enthalpy (Ht) at state s10e is 3.89 MJ/kg.
------------------------------------------------------------
Test completed. Printing output now.
------------------------------------------------------------
PITOT3 Version 16-Dec-2023 doing a reflected_shock_tunnel calculation.
Calculation mode is 'fully_theoretical'.
Facility is 'HYPULSE_rst_Mach_8_to_10_nozzle_area_ratio_175'.
Driver condition is 'HYPULSE_RST_M8_driver_condition'. Driver gas model is CEAGas.
Driver gas composition is {'Ar': 0.6, 'O2': 0.133, 'H2': 0.267} (by moles) (gam = 1.41, R = 289.07 J/kg K).
Nozzle area ratio is 175.0.
Test gas (s1) is n2-o2-with-ions. Test gas gas model is CEAGas.
Test gas composition is {'N2': 0.79, 'O2': 0.21} (by moles) (gam = 1.40, R = 288.20 J/kg K)
vs1 = 1921.62 m/s, Ms1 = 5.54
state p         T       a     v       M     rho      pitot_p stgn_p Ht     h    
      Pa        K       m/s   m/s           kg/m^3   kPa     MPa    MJ/kg  MJ/kg
s4    3.731e+07 3861.0  1257  0.0     0.00  33.42900 37310   37.31  3.29   3.29 
s1    123284.7  298.15  347   0.0     0.00  1.43480  123.3   0.12   0.00   0.00 
s2    4.527e+06 1848.6  827   1597.2  1.93  8.49737  22731   31.33  3.07   1.79 
s3    4.527e+06 2041.5  926   1597.1  1.73  7.67080  20137   23.77  2.82   1.54 
s5    3.320e+07 3299.3  1082  0.0     0.00  34.80900 33199   33.20  3.89   3.89 
s5d   3.272e+07 4519.4  1355  0.0     0.00  25.04700 32722   32.72  3.94   3.94 
s6    1.845e+07 2959.5  1027  1030.3  1.00  21.59800 33204   33.20  3.89   3.36 
s8    5662.385  424.36  413   2743.8  6.65  4.63e-02 331.3   33.20  3.89   0.13 
s10f  290521.5  3979.7  1264  501.5   0.40  0.25330  323.7   0.32   -     -     
s10e  306660.0  3082.8  1036  374.6   0.36  0.33917  331.3   0.33   3.89   3.82 
The freestream (s8) total temperature (Tt) is 3299.32 K.
The freestream (s8) flight equivalent velocity (Ue) is 2790.20 m/s.
Freestream (s8) unit Reynolds number is 5271375.39 /m (related mu is 2.41e-05 Pa.s).
Post normal shock equilibrium (s10e) unit Reynolds number is 1345521.96 /m (related mu is 9.44e-05 Pa.s).
Species in the freestream state (s8) at equilibrium (by moles):
{'N2': 0.79, 'O2': 0.21}
Species in the shock layer at equilibrium (s10e) (by moles):
{'N': 1.160e-05, 'N2': 0.753, 'N2O': 4.475e-06, 'O': 0.0347, 'O2': 0.166, 'NO': 0.0458, 'NO2': 3.930e-05}
This FacilityState does not have a reference gas state which is required to calculate enthalpy.
None will be returned.
This FacilityState does not have a reference gas state which is required to calculate the flight equivalent velocity.
None will be returned.
------------------------------------------------------------
Exporting facility states data to the json file HYPULSE_RST_M8_condition_builder_54.json.
------------------------------------------------------------
math domain error
Failed to calculate flight equivalent velocity.
self.flight_equivalent_velocity will be set to None.
Cannot return the flight equivalent velocity as PITOT3 failed to calculate it.
Will return None.
This FacilityState does not have a reference gas state which is required to calculate enthalpy.
None will be returned.
This FacilityState does not have a reference gas state which is required to calculate the flight equivalent velocity.
None will be returned.
------------------------------------------------------------
Removing temporary files created during the running of the program.
------------------------------------------------------------
------------------------------------------------------------
Run finished successfully.
------------------------------------------------------------
