------------------------------------------------------------
Running PITOT3 version: 16-Dec-2023
------------------------------------------------------------
Let's get started, shall we:
Calculation mode is 'fully_theoretical'.
Chosen facility is 'HYPULSE_rst_Mach_8_to_10_nozzle_area_ratio_175'.
Facility type is 'reflected_shock_tunnel'.
------------------------------------------------------------
Setting up facility driver condition.
Chosen driver condition is 'HYPULSE_RST_M8_driver_condition'.
Driver gas model is CEAGas.
Driver gas composition is {'Ar': 0.6, 'O2': 0.133, 'H2': 0.267} (by moles) (gam = 1.41, R = 289.07 J/kg K).
Driver rupture conditions are p4 = 37.31 MPa, T4 = 3861.00 K, M_throat = 0.00.
------------------------------------------------------------
The configuration in the driven tube is as follows:
test_gas_file_name =  None
shock_tube_fill_state_name =  s1
Test gas is n2-o2-with-ions. Test gas gas model is CEAGas.
Shock tube fill pressure (p1) is 13848.86 Pa.
Shock tube fill temperature (T1) is 298.15 K.
Nozzle area ratio is 175.0.
------------------------------------------------------------
Facility_State(state s5: p = 9689107.89 Pa, T = 5055.42 K, rho = 6.05e+00 kg/m**3, gam = 1.13, R = 316.71 J/kg K, V = 0.00 m/s, M = 0.00)
species in s5 at equilibrium (by moles): 
{'N': 0.00313, 'N2': 0.669, 'N2O': 5.902e-05, 'O': 0.177, 'O2': 0.0541, 'NO': 0.0965, 'O-': 2.708e-06, 'NO2': 1.269e-04, 'NO+': 1.269e-05}
The total enthalpy (Ht) at state s5 is 8.11 MJ/kg.
------------------------------------------------------------
Facility_State(state s5d: p = 22669710.24 Pa, T = 5950.43 K, rho = 1.32e+01 kg/m**3, gam = 1.39, R = 289.07 J/kg K, V = 0.00 m/s, M = 0.00)
species in s5d at equilibrium (by moles): 
{'Ar': 0.6, 'O2': 0.133, 'H2': 0.267}
The total enthalpy (Ht) at state s5d is 5.39 MJ/kg.
------------------------------------------------------------
Starting steady expansion through the nozzle using an area ratio of 175.0
Due to the fact that this is a reflected shock simulation, we must first expand to the throat condition (state 6).
M6 expected is 1.0 and M6 found is 0.9859.
M6 is just below 1.0 so it is being set to 1.0 so the code can continue.
The velocity has also been slightly adjusted from 1305.3888 m/s to 1324.1008 m/s.
Facility_State(state s6: p = 5538530.14 Pa, T = 4640.45 K, rho = 3.82e+00 kg/m**3, gam = 1.12, R = 312.52 J/kg K, V = 1324.10 m/s, M = 1.00)
species in s6 at equilibrium (by moles): 
{'N': 0.00148, 'N2': 0.682, 'N2O': 4.134e-05, 'O': 0.154, 'O2': 0.0703, 'NO': 0.092, 'NO2': 1.143e-04, 'NO+': 5.615e-06}
The total enthalpy (Ht) at state s6 is 8.13 MJ/kg.
Facility_State(state s8: p = 2682.52 Pa, T = 1217.32 K, rho = 7.65e-03 kg/m**3, gam = 1.32, R = 288.20 J/kg K, V = 3775.28 m/s, M = 5.55)
species in s8 at equilibrium (by moles): 
{'N2': 0.79, 'O2': 0.21, 'NO': 2.230e-04}
The total enthalpy (Ht) at state s8 is 8.13 MJ/kg.
------------------------------------------------------------
Starting frozen normal shock calculation over the test model.
Facility_State(state s10f: p = 93611.79 Pa, T = 7036.21 K, rho = 4.62e-02 kg/m**3, gam = 1.32, R = 288.20 J/kg K, V = 625.31 m/s, M = 0.38)
------------------------------------------------------------
Starting equilibrium normal shock calculation over the test model.
Facility_State(state s10e: p = 99812.00 Pa, T = 4208.24 K, rho = 7.03e-02 kg/m**3, gam = 1.14, R = 337.34 J/kg K, V = 410.58 m/s, M = 0.31)
species in s10e at equilibrium (by moles): 
{'N': 0.00296, 'N2': 0.656, 'N2O': 2.017e-06, 'O': 0.288, 'O2': 0.0174, 'NO': 0.0355, 'NO2': 3.329e-06, 'NO+': 6.399e-06}
The total enthalpy (Ht) at state s10e is 8.13 MJ/kg.
------------------------------------------------------------
Test completed. Printing output now.
------------------------------------------------------------
PITOT3 Version 16-Dec-2023 doing a reflected_shock_tunnel calculation.
Calculation mode is 'fully_theoretical'.
Facility is 'HYPULSE_rst_Mach_8_to_10_nozzle_area_ratio_175'.
Driver condition is 'HYPULSE_RST_M8_driver_condition'. Driver gas model is CEAGas.
Driver gas composition is {'Ar': 0.6, 'O2': 0.133, 'H2': 0.267} (by moles) (gam = 1.41, R = 289.07 J/kg K).
Nozzle area ratio is 175.0.
Test gas (s1) is n2-o2-with-ions. Test gas gas model is CEAGas.
Test gas composition is {'N2': 0.79, 'O2': 0.21} (by moles) (gam = 1.40, R = 288.20 J/kg K)
vs1 = 2780.99 m/s, Ms1 = 8.02
state p         T       a     v       M     rho      pitot_p stgn_p Ht     h    
      Pa        K       m/s   m/s           kg/m^3   kPa     MPa    MJ/kg  MJ/kg
s4    3.731e+07 3861.0  1257  0.0     0.00  33.42900 37310   37.31  3.29   3.29 
s1    13848.86  298.15  347   0.0     0.00  0.16117  13.8    0.01   0.00   0.00 
s2    1.092e+06 3140.0  1048  2405.3  2.29  1.19317  7161.0  13.92  6.69   3.80 
s3    1.092e+06 1299.1  745   2405.3  3.23  2.90770  15883   55.51  3.76   0.86 
s5    9.689e+06 5055.4  1398  0.0     0.00  6.05160  9689.1  9.69   8.11   8.11 
s5d   2.267e+07 5950.4  1548  0.0     0.00  13.17900 22670   22.67  5.39   5.39 
s6    5.539e+06 4640.4  1324  1324.1  1.00  3.81910  9837.6  9.84   8.13   7.26 
s8    2682.52   1217.3  680   3775.3  5.55  7.65e-03 105.9   9.84   8.13   1.01 
s10f  93611.79  7036.2  1636  625.3   0.38  4.62e-02 103.0   0.10   -     -     
s10e  99812.0   4208.2  1318  410.6   0.31  7.03e-02 105.9   0.11   8.13   8.05 
The freestream (s8) total temperature (Tt) is 5067.64 K.
The freestream (s8) flight equivalent velocity (Ue) is 4033.36 m/s.
Freestream (s8) unit Reynolds number is 581081.12 /m (related mu is 4.97e-05 Pa.s).
Post normal shock equilibrium (s10e) unit Reynolds number is 229868.99 /m (related mu is 1.26e-04 Pa.s).
Species in the freestream state (s8) at equilibrium (by moles):
{'N2': 0.79, 'O2': 0.21, 'NO': 2.230e-04}
Species in the shock layer at equilibrium (s10e) (by moles):
{'N': 0.00296, 'N2': 0.656, 'N2O': 2.017e-06, 'O': 0.288, 'O2': 0.0174, 'NO': 0.0355, 'NO2': 3.329e-06, 'NO+': 6.399e-06}
This FacilityState does not have a reference gas state which is required to calculate enthalpy.
None will be returned.
This FacilityState does not have a reference gas state which is required to calculate the flight equivalent velocity.
None will be returned.
------------------------------------------------------------
Exporting facility states data to the json file HYPULSE_RST_M8_condition_builder_7.json.
------------------------------------------------------------
Cannot return the total enthalpy as PITOT3 failed to calculate it.
Will return None.
Total enthalpy could not be calculated, so the flight equivalent velocity could not be calculated either.
self.flight_equivalent_velocity will be set to None.
Cannot return the flight equivalent velocity as PITOT3 failed to calculate it.
Will return None.
This FacilityState does not have a reference gas state which is required to calculate enthalpy.
None will be returned.
This FacilityState does not have a reference gas state which is required to calculate the flight equivalent velocity.
None will be returned.
------------------------------------------------------------
Removing temporary files created during the running of the program.
------------------------------------------------------------
------------------------------------------------------------
Run finished successfully.
------------------------------------------------------------
