------------------------------------------------------------
Running PITOT3 version: 16-Dec-2023
------------------------------------------------------------
Let's get started, shall we:
Calculation mode is 'fully_theoretical'.
Chosen facility is 'HYPULSE_rst_Mach_8_to_10_nozzle_area_ratio_175'.
Facility type is 'reflected_shock_tunnel'.
------------------------------------------------------------
Setting up facility driver condition.
Chosen driver condition is 'HYPULSE_RST_M8_driver_condition'.
Driver gas model is CEAGas.
Driver gas composition is {'Ar': 0.6, 'O2': 0.133, 'H2': 0.267} (by moles) (gam = 1.41, R = 289.07 J/kg K).
Driver rupture conditions are p4 = 37.31 MPa, T4 = 3861.00 K, M_throat = 0.00.
------------------------------------------------------------
The configuration in the driven tube is as follows:
test_gas_file_name =  None
shock_tube_fill_state_name =  s1
Test gas is n2-o2-with-ions. Test gas gas model is CEAGas.
Shock tube fill pressure (p1) is 521400.83 Pa.
Shock tube fill temperature (T1) is 298.15 K.
Nozzle area ratio is 175.0.
------------------------------------------------------------
Facility_State(state s5: p = 58694118.74 Pa, T = 1983.74 K, rho = 1.03e+02 kg/m**3, gam = 1.28, R = 288.15 J/kg K, V = 0.00 m/s, M = 0.00)
species in s5 at equilibrium (by moles): 
{'N2': 0.786, 'N2O': 9.906e-06, 'O': 1.105e-05, 'O2': 0.206, 'NO': 0.00725, 'NO2': 3.110e-04}
The total enthalpy (Ht) at state s5 is 1.97 MJ/kg.
------------------------------------------------------------
Facility_State(state s5d: p = 35999045.21 Pa, T = 4071.76 K, rho = 3.06e+01 kg/m**3, gam = 1.41, R = 289.07 J/kg K, V = 0.00 m/s, M = 0.00)
species in s5d at equilibrium (by moles): 
{'Ar': 0.6, 'O2': 0.133, 'H2': 0.267}
The total enthalpy (Ht) at state s5d is 3.50 MJ/kg.
------------------------------------------------------------
Starting steady expansion through the nozzle using an area ratio of 175.0
Due to the fact that this is a reflected shock simulation, we must first expand to the throat condition (state 6).
M6 expected is 1.0 and M6 found is 1.0060.
Facility_State(state s6: p = 31902104.04 Pa, T = 1733.22 K, rho = 6.39e+01 kg/m**3, gam = 1.29, R = 288.17 J/kg K, V = 807.61 m/s, M = 1.01)
species in s6 at equilibrium (by moles): 
{'N2': 0.788, 'N2O': 3.403e-06, 'O2': 0.208, 'NO': 0.00327, 'NO2': 1.700e-04}
The total enthalpy (Ht) at state s6 is 1.97 MJ/kg.
Facility_State(state s8: p = 8015.01 Pa, T = 192.45 K, rho = 1.45e-01 kg/m**3, gam = 1.40, R = 288.20 J/kg K, V = 2038.54 m/s, M = 7.32)
species in s8 at equilibrium (by moles): 
{'N2': 0.79, 'O2': 0.21}
The total enthalpy (Ht) at state s8 is 1.97 MJ/kg.
------------------------------------------------------------
Starting frozen normal shock calculation over the test model.
Facility_State(state s10f: p = 499140.00 Pa, T = 2183.39 K, rho = 7.93e-01 kg/m**3, gam = 1.40, R = 288.20 J/kg K, V = 371.38 m/s, M = 0.40)
------------------------------------------------------------
Starting equilibrium normal shock calculation over the test model.
Facility_State(state s10e: p = 513920.00 Pa, T = 1944.39 K, rho = 9.17e-01 kg/m**3, gam = 1.28, R = 288.20 J/kg K, V = 321.22 m/s, M = 0.38)
species in s10e at equilibrium (by moles): 
{'N2': 0.787, 'N2O': 8.329e-07, 'O': 8.646e-05, 'O2': 0.207, 'NO': 0.00649, 'NO2': 2.794e-05}
The total enthalpy (Ht) at state s10e is 1.97 MJ/kg.
------------------------------------------------------------
Test completed. Printing output now.
------------------------------------------------------------
PITOT3 Version 16-Dec-2023 doing a reflected_shock_tunnel calculation.
Calculation mode is 'fully_theoretical'.
Facility is 'HYPULSE_rst_Mach_8_to_10_nozzle_area_ratio_175'.
Driver condition is 'HYPULSE_RST_M8_driver_condition'. Driver gas model is CEAGas.
Driver gas composition is {'Ar': 0.6, 'O2': 0.133, 'H2': 0.267} (by moles) (gam = 1.41, R = 289.07 J/kg K).
Nozzle area ratio is 175.0.
Test gas (s1) is n2-o2-with-ions. Test gas gas model is CEAGas.
Test gas composition is {'N2': 0.79, 'O2': 0.21} (by moles) (gam = 1.40, R = 288.20 J/kg K)
vs1 = 1370.94 m/s, Ms1 = 3.95
state p         T       a     v       M     rho      pitot_p stgn_p Ht     h    
      Pa        K       m/s   m/s           kg/m^3   kPa     MPa    MJ/kg  MJ/kg
s4    3.731e+07 3861.0  1257  0.0     0.00  33.42900 37310   37.31  3.29   3.29 
s1    521400.8  298.15  347   0.0     0.00  6.06810  521.4   0.52   0.00   0.00 
s2    9.582e+06 1126.4  656   1089.1  1.66  29.51812 37637   43.60  1.49   0.90 
s3    9.582e+06 2571.9  1034  1089.1  1.05  12.88800 19579   19.58  2.63   2.04 
s5    5.869e+07 1983.7  855   0.0     0.00  102.6800058694   58.69  1.97   1.97 
s5d   3.600e+07 4071.8  1289  0.0     0.00  30.58500 35999   36.00  3.50   3.50 
s6    3.190e+07 1733.2  803   807.6   1.01  63.87300 58694   58.69  1.97   1.64 
s8    8015.007  192.45  279   2038.5  7.32  0.14451  563.0   58.69  1.97   -0.11
s10f  499140.0  2183.4  939   371.4   0.40  0.79323  556.0   0.56   -     -     
s10e  513920.0  1944.4  847   321.2   0.38  0.91710  563.0   0.56   1.97   1.92 
The freestream (s8) total temperature (Tt) is 1983.73 K.
The freestream (s8) flight equivalent velocity (Ue) is 1985.48 m/s.
Freestream (s8) unit Reynolds number is 22366504.17 /m (related mu is 1.32e-05 Pa.s).
Post normal shock equilibrium (s10e) unit Reynolds number is 4329393.13 /m (related mu is 6.80e-05 Pa.s).
Species in the freestream state (s8) at equilibrium (by moles):
{'N2': 0.79, 'O2': 0.21}
Species in the shock layer at equilibrium (s10e) (by moles):
{'N2': 0.787, 'N2O': 8.329e-07, 'O': 8.646e-05, 'O2': 0.207, 'NO': 0.00649, 'NO2': 2.794e-05}
This FacilityState does not have a reference gas state which is required to calculate enthalpy.
None will be returned.
This FacilityState does not have a reference gas state which is required to calculate the flight equivalent velocity.
None will be returned.
------------------------------------------------------------
Exporting facility states data to the json file HYPULSE_RST_M8_condition_builder_85.json.
------------------------------------------------------------
math domain error
Failed to calculate flight equivalent velocity.
self.flight_equivalent_velocity will be set to None.
Cannot return the flight equivalent velocity as PITOT3 failed to calculate it.
Will return None.
This FacilityState does not have a reference gas state which is required to calculate enthalpy.
None will be returned.
This FacilityState does not have a reference gas state which is required to calculate the flight equivalent velocity.
None will be returned.
------------------------------------------------------------
Removing temporary files created during the running of the program.
------------------------------------------------------------
------------------------------------------------------------
Run finished successfully.
------------------------------------------------------------
