------------------------------------------------------------
Running PITOT3 version: 16-Dec-2023
------------------------------------------------------------
Let's get started, shall we:
Calculation mode is 'fully_theoretical'.
Chosen facility is 'HYPULSE_rst_Mach_8_to_10_nozzle_area_ratio_175'.
Facility type is 'reflected_shock_tunnel'.
------------------------------------------------------------
Setting up facility driver condition.
Chosen driver condition is 'HYPULSE_RST_M8_driver_condition'.
Driver gas model is CEAGas.
Driver gas composition is {'Ar': 0.6, 'O2': 0.133, 'H2': 0.267} (by moles) (gam = 1.41, R = 289.07 J/kg K).
Driver rupture conditions are p4 = 37.31 MPa, T4 = 3861.00 K, M_throat = 0.00.
------------------------------------------------------------
The configuration in the driven tube is as follows:
test_gas_file_name =  None
shock_tube_fill_state_name =  s1
Test gas is n2-o2-with-ions. Test gas gas model is CEAGas.
Shock tube fill pressure (p1) is 12618.57 Pa.
Shock tube fill temperature (T1) is 298.15 K.
Nozzle area ratio is 175.0.
------------------------------------------------------------
Facility_State(state s5: p = 9148693.74 Pa, T = 5120.30 K, rho = 5.61e+00 kg/m**3, gam = 1.13, R = 318.62 J/kg K, V = 0.00 m/s, M = 0.00)
species in s5 at equilibrium (by moles): 
{'N': 0.00372, 'N2': 0.666, 'N2O': 5.610e-05, 'O': 0.187, 'O2': 0.049, 'NO': 0.094, 'O-': 2.988e-06, 'NO2': 1.130e-04, 'NO+': 1.486e-05}
The total enthalpy (Ht) at state s5 is 8.32 MJ/kg.
------------------------------------------------------------
Facility_State(state s5d: p = 22164785.49 Pa, T = 6030.34 K, rho = 1.27e+01 kg/m**3, gam = 1.39, R = 289.07 J/kg K, V = 0.00 m/s, M = 0.00)
species in s5d at equilibrium (by moles): 
{'Ar': 0.6, 'O2': 0.133, 'H2': 0.267}
The total enthalpy (Ht) at state s5d is 5.48 MJ/kg.
------------------------------------------------------------
Starting steady expansion through the nozzle using an area ratio of 175.0
Due to the fact that this is a reflected shock simulation, we must first expand to the throat condition (state 6).
M6 expected is 1.0 and M6 found is 0.9859.
M6 is just below 1.0 so it is being set to 1.0 so the code can continue.
The velocity has also been slightly adjusted from 1318.2792 m/s to 1337.1002 m/s.
Facility_State(state s6: p = 5227080.23 Pa, T = 4696.22 K, rho = 3.54e+00 kg/m**3, gam = 1.12, R = 314.37 J/kg K, V = 1337.10 m/s, M = 1.00)
species in s6 at equilibrium (by moles): 
{'N': 0.00176, 'N2': 0.678, 'N2O': 3.957e-05, 'O': 0.165, 'O2': 0.0647, 'NO': 0.0905, 'NO2': 1.033e-04, 'NO+': 6.632e-06}
The total enthalpy (Ht) at state s6 is 8.34 MJ/kg.
Facility_State(state s8: p = 2588.44 Pa, T = 1267.52 K, rho = 7.09e-03 kg/m**3, gam = 1.32, R = 288.20 J/kg K, V = 3813.81 m/s, M = 5.50)
species in s8 at equilibrium (by moles): 
{'N2': 0.79, 'O2': 0.21, 'NO': 3.189e-04, 'NO2': 6.408e-07}
The total enthalpy (Ht) at state s8 is 8.34 MJ/kg.
------------------------------------------------------------
Starting frozen normal shock calculation over the test model.
Facility_State(state s10f: p = 88643.36 Pa, T = 7163.89 K, rho = 4.29e-02 kg/m**3, gam = 1.32, R = 288.20 J/kg K, V = 629.43 m/s, M = 0.38)
------------------------------------------------------------
Starting equilibrium normal shock calculation over the test model.
Facility_State(state s10e: p = 94435.00 Pa, T = 4278.09 K, rho = 6.51e-02 kg/m**3, gam = 1.15, R = 339.15 J/kg K, V = 415.21 m/s, M = 0.31)
species in s10e at equilibrium (by moles): 
{'N': 0.00381, 'N2': 0.653, 'N2O': 1.819e-06, 'O': 0.297, 'O2': 0.0137, 'NO': 0.0327, 'NO2': 2.595e-06, 'NO+': 7.935e-06}
The total enthalpy (Ht) at state s10e is 8.34 MJ/kg.
------------------------------------------------------------
Test completed. Printing output now.
------------------------------------------------------------
PITOT3 Version 16-Dec-2023 doing a reflected_shock_tunnel calculation.
Calculation mode is 'fully_theoretical'.
Facility is 'HYPULSE_rst_Mach_8_to_10_nozzle_area_ratio_175'.
Driver condition is 'HYPULSE_RST_M8_driver_condition'. Driver gas model is CEAGas.
Driver gas composition is {'Ar': 0.6, 'O2': 0.133, 'H2': 0.267} (by moles) (gam = 1.41, R = 289.07 J/kg K).
Nozzle area ratio is 175.0.
Test gas (s1) is n2-o2-with-ions. Test gas gas model is CEAGas.
Test gas composition is {'N2': 0.79, 'O2': 0.21} (by moles) (gam = 1.40, R = 288.20 J/kg K)
vs1 = 2815.25 m/s, Ms1 = 8.12
state p         T       a     v       M     rho      pitot_p stgn_p Ht     h    
      Pa        K       m/s   m/s           kg/m^3   kPa     MPa    MJ/kg  MJ/kg
s4    3.731e+07 3861.0  1257  0.0     0.00  33.42900 37310   37.31  3.29   3.29 
s1    12618.57  298.15  347   0.0     0.00  0.14686  12.6    0.01   0.00   0.00 
s2    1.021e+06 3182.3  1055  2439.0  2.31  1.09879  6775.5  13.41  6.87   3.89 
s3    1.021e+06 1271.1  738   2439.0  3.31  2.77870  15581   58.05  3.81   0.84 
s5    9.149e+06 5120.3  1413  0.0     0.00  5.60760  9148.7  9.15   8.32   8.32 
s5d   2.216e+07 6030.3  1558  0.0     0.00  12.71500 22165   22.16  5.48   5.48 
s6    5.227e+06 4696.2  1337  1337.1  1.00  3.54050  9290.7  9.29   8.34   7.45 
s8    2588.439  1267.5  693   3813.8  5.50  7.09e-03 100.2   9.29   8.34   1.07 
s10f  88643.36  7163.9  1648  629.4   0.38  4.29e-02 97.5    0.10   -     -     
s10e  94435.0   4278.1  1336  415.2   0.31  6.51e-02 100.2   0.10   8.34   8.25 
The freestream (s8) total temperature (Tt) is 5132.80 K.
The freestream (s8) flight equivalent velocity (Ue) is 4084.16 m/s.
Freestream (s8) unit Reynolds number is 529552.05 /m (related mu is 5.10e-05 Pa.s).
Post normal shock equilibrium (s10e) unit Reynolds number is 212107.61 /m (related mu is 1.27e-04 Pa.s).
Species in the freestream state (s8) at equilibrium (by moles):
{'N2': 0.79, 'O2': 0.21, 'NO': 3.189e-04, 'NO2': 6.408e-07}
Species in the shock layer at equilibrium (s10e) (by moles):
{'N': 0.00381, 'N2': 0.653, 'N2O': 1.819e-06, 'O': 0.297, 'O2': 0.0137, 'NO': 0.0327, 'NO2': 2.595e-06, 'NO+': 7.935e-06}
This FacilityState does not have a reference gas state which is required to calculate enthalpy.
None will be returned.
This FacilityState does not have a reference gas state which is required to calculate the flight equivalent velocity.
None will be returned.
------------------------------------------------------------
Exporting facility states data to the json file HYPULSE_RST_M8_condition_builder_5.json.
------------------------------------------------------------
Cannot return the total enthalpy as PITOT3 failed to calculate it.
Will return None.
Total enthalpy could not be calculated, so the flight equivalent velocity could not be calculated either.
self.flight_equivalent_velocity will be set to None.
Cannot return the flight equivalent velocity as PITOT3 failed to calculate it.
Will return None.
This FacilityState does not have a reference gas state which is required to calculate enthalpy.
None will be returned.
This FacilityState does not have a reference gas state which is required to calculate the flight equivalent velocity.
None will be returned.
------------------------------------------------------------
Removing temporary files created during the running of the program.
------------------------------------------------------------
------------------------------------------------------------
Run finished successfully.
------------------------------------------------------------
