------------------------------------------------------------
Running PITOT3 version: 16-Dec-2023
------------------------------------------------------------
Let's get started, shall we:
Calculation mode is 'fully_theoretical'.
Chosen facility is 'HYPULSE_rst_Mach_8_to_10_nozzle_area_ratio_175'.
Facility type is 'reflected_shock_tunnel'.
------------------------------------------------------------
Setting up facility driver condition.
Chosen driver condition is 'HYPULSE_RST_M8_driver_condition'.
Driver gas model is CEAGas.
Driver gas composition is {'Ar': 0.6, 'O2': 0.133, 'H2': 0.267} (by moles) (gam = 1.41, R = 289.07 J/kg K).
Driver rupture conditions are p4 = 37.31 MPa, T4 = 3861.00 K, M_throat = 0.00.
------------------------------------------------------------
The configuration in the driven tube is as follows:
test_gas_file_name =  None
shock_tube_fill_state_name =  s1
Test gas is n2-o2-with-ions. Test gas gas model is CEAGas.
Shock tube fill pressure (p1) is 67341.51 Pa.
Shock tube fill temperature (T1) is 298.15 K.
Nozzle area ratio is 175.0.
------------------------------------------------------------
Facility_State(state s5: p = 24400696.66 Pa, T = 3864.14 K, rho = 2.16e+01 kg/m**3, gam = 1.17, R = 292.22 J/kg K, V = 0.00 m/s, M = 0.00)
species in s5 at equilibrium (by moles): 
{'N': 5.829e-05, 'N2': 0.735, 'N2O': 7.981e-05, 'O': 0.028, 'O2': 0.149, 'NO': 0.0874, 'NO2': 4.237e-04}
The total enthalpy (Ht) at state s5 is 4.92 MJ/kg.
------------------------------------------------------------
Facility_State(state s5d: p = 30476236.66 Pa, T = 4823.14 K, rho = 2.19e+01 kg/m**3, gam = 1.40, R = 289.07 J/kg K, V = 0.00 m/s, M = 0.00)
species in s5d at equilibrium (by moles): 
{'Ar': 0.6, 'O2': 0.133, 'H2': 0.267}
The total enthalpy (Ht) at state s5d is 4.25 MJ/kg.
------------------------------------------------------------
Starting steady expansion through the nozzle using an area ratio of 175.0
Due to the fact that this is a reflected shock simulation, we must first expand to the throat condition (state 6).
M6 expected is 1.0 and M6 found is 0.9974.
M6 is just below 1.0 so it is being set to 1.0 so the code can continue.
The velocity has also been slightly adjusted from 1110.5584 m/s to 1113.4004 m/s.
Facility_State(state s6: p = 13743616.59 Pa, T = 3512.75 K, rho = 1.35e+01 kg/m**3, gam = 1.19, R = 290.70 J/kg K, V = 1113.40 m/s, M = 1.00)
species in s6 at equilibrium (by moles): 
{'N': 1.735e-05, 'N2': 0.748, 'N2O': 4.697e-05, 'O': 0.0176, 'O2': 0.164, 'NO': 0.0699, 'NO2': 3.119e-04}
The total enthalpy (Ht) at state s6 is 4.93 MJ/kg.
Facility_State(state s8: p = 4688.77 Pa, T = 579.16 K, rho = 2.81e-02 kg/m**3, gam = 1.38, R = 288.20 J/kg K, V = 3045.21 m/s, M = 6.35)
species in s8 at equilibrium (by moles): 
{'N2': 0.79, 'O2': 0.21}
The total enthalpy (Ht) at state s8 is 4.93 MJ/kg.
------------------------------------------------------------
Starting frozen normal shock calculation over the test model.
Facility_State(state s10f: p = 218463.50 Pa, T = 4839.97 K, rho = 1.57e-01 kg/m**3, gam = 1.38, R = 288.20 J/kg K, V = 546.19 m/s, M = 0.39)
------------------------------------------------------------
Starting equilibrium normal shock calculation over the test model.
Facility_State(state s10e: p = 232700.00 Pa, T = 3418.47 K, rho = 2.25e-01 kg/m**3, gam = 1.10, R = 302.24 J/kg K, V = 379.83 m/s, M = 0.35)
species in s10e at equilibrium (by moles): 
{'N': 8.315e-05, 'N2': 0.726, 'N2O': 4.736e-06, 'O': 0.0929, 'O2': 0.126, 'NO': 0.0554, 'NO2': 2.958e-05}
The total enthalpy (Ht) at state s10e is 4.93 MJ/kg.
------------------------------------------------------------
Test completed. Printing output now.
------------------------------------------------------------
PITOT3 Version 16-Dec-2023 doing a reflected_shock_tunnel calculation.
Calculation mode is 'fully_theoretical'.
Facility is 'HYPULSE_rst_Mach_8_to_10_nozzle_area_ratio_175'.
Driver condition is 'HYPULSE_RST_M8_driver_condition'. Driver gas model is CEAGas.
Driver gas composition is {'Ar': 0.6, 'O2': 0.133, 'H2': 0.267} (by moles) (gam = 1.41, R = 289.07 J/kg K).
Nozzle area ratio is 175.0.
Test gas (s1) is n2-o2-with-ions. Test gas gas model is CEAGas.
Test gas composition is {'N2': 0.79, 'O2': 0.21} (by moles) (gam = 1.40, R = 288.20 J/kg K)
vs1 = 2163.68 m/s, Ms1 = 6.24
state p         T       a     v       M     rho      pitot_p stgn_p Ht     h    
      Pa        K       m/s   m/s           kg/m^3   kPa     MPa    MJ/kg  MJ/kg
s4    3.731e+07 3861.0  1257  0.0     0.00  33.42900 37310   37.31  3.29   3.29 
s1    67341.51  298.15  347   0.0     0.00  0.78372  67.3    0.07   0.00   0.00 
s2    3.155e+06 2214.1  899   1820.7  2.03  4.94372  17114   25.54  3.94   2.28 
s3    3.155e+06 1823.3  877   1820.7  2.08  5.98550  19654   28.46  3.00   1.34 
s5    2.440e+07 3864.1  1170  0.0     0.00  21.60900 24401   24.40  4.92   4.92 
s5d   3.048e+07 4823.1  1398  0.0     0.00  21.85900 30476   30.48  4.25   4.25 
s6    1.374e+07 3512.8  1113  1113.4  1.00  13.45900 24469   24.47  4.93   4.31 
s8    4688.775  579.16  479   3045.2  6.35  2.81e-02 249.5   24.47  4.93   0.29 
s10f  218463.5  4840.0  1386  546.2   0.39  0.15662  242.7   0.24   -     -     
s10e  232700.0  3418.5  1100  379.8   0.35  0.22522  249.5   0.25   4.93   4.85 
The freestream (s8) total temperature (Tt) is 3865.92 K.
The freestream (s8) flight equivalent velocity (Ue) is 3138.63 m/s.
Freestream (s8) unit Reynolds number is 2851816.22 /m (related mu is 3.00e-05 Pa.s).
Post normal shock equilibrium (s10e) unit Reynolds number is 830543.02 /m (related mu is 1.03e-04 Pa.s).
Species in the freestream state (s8) at equilibrium (by moles):
{'N2': 0.79, 'O2': 0.21}
Species in the shock layer at equilibrium (s10e) (by moles):
{'N': 8.315e-05, 'N2': 0.726, 'N2O': 4.736e-06, 'O': 0.0929, 'O2': 0.126, 'NO': 0.0554, 'NO2': 2.958e-05}
This FacilityState does not have a reference gas state which is required to calculate enthalpy.
None will be returned.
This FacilityState does not have a reference gas state which is required to calculate the flight equivalent velocity.
None will be returned.
------------------------------------------------------------
Exporting facility states data to the json file HYPULSE_RST_M8_condition_builder_41.json.
------------------------------------------------------------
Cannot return the total enthalpy as PITOT3 failed to calculate it.
Will return None.
Total enthalpy could not be calculated, so the flight equivalent velocity could not be calculated either.
self.flight_equivalent_velocity will be set to None.
Cannot return the flight equivalent velocity as PITOT3 failed to calculate it.
Will return None.
This FacilityState does not have a reference gas state which is required to calculate enthalpy.
None will be returned.
This FacilityState does not have a reference gas state which is required to calculate the flight equivalent velocity.
None will be returned.
------------------------------------------------------------
Removing temporary files created during the running of the program.
------------------------------------------------------------
------------------------------------------------------------
Run finished successfully.
------------------------------------------------------------
