------------------------------------------------------------
Running PITOT3 version: 16-Dec-2023
------------------------------------------------------------
Let's get started, shall we:
Calculation mode is 'fully_theoretical'.
Chosen facility is 'HYPULSE_rst_Mach_8_to_10_nozzle_area_ratio_175'.
Facility type is 'reflected_shock_tunnel'.
------------------------------------------------------------
Setting up facility driver condition.
Chosen driver condition is 'HYPULSE_RST_M8_driver_condition'.
Driver gas model is CEAGas.
Driver gas composition is {'Ar': 0.6, 'O2': 0.133, 'H2': 0.267} (by moles) (gam = 1.41, R = 289.07 J/kg K).
Driver rupture conditions are p4 = 37.31 MPa, T4 = 3861.00 K, M_throat = 0.00.
------------------------------------------------------------
The configuration in the driven tube is as follows:
test_gas_file_name =  None
shock_tube_fill_state_name =  s1
Test gas is n2-o2-with-ions. Test gas gas model is CEAGas.
Shock tube fill pressure (p1) is 97701.00 Pa.
Shock tube fill temperature (T1) is 298.15 K.
Nozzle area ratio is 175.0.
------------------------------------------------------------
Facility_State(state s5: p = 29612640.63 Pa, T = 3522.49 K, rho = 2.90e+01 kg/m**3, gam = 1.20, R = 289.91 J/kg K, V = 0.00 m/s, M = 0.00)
species in s5 at equilibrium (by moles): 
{'N': 1.238e-05, 'N2': 0.749, 'N2O': 7.023e-05, 'O': 0.0124, 'O2': 0.167, 'NO': 0.0711, 'NO2': 4.668e-04}
The total enthalpy (Ht) at state s5 is 4.27 MJ/kg.
------------------------------------------------------------
Facility_State(state s5d: p = 31920850.12 Pa, T = 4627.71 K, rho = 2.39e+01 kg/m**3, gam = 1.40, R = 289.07 J/kg K, V = 0.00 m/s, M = 0.00)
species in s5d at equilibrium (by moles): 
{'Ar': 0.6, 'O2': 0.133, 'H2': 0.267}
The total enthalpy (Ht) at state s5d is 4.05 MJ/kg.
------------------------------------------------------------
Starting steady expansion through the nozzle using an area ratio of 175.0
Due to the fact that this is a reflected shock simulation, we must first expand to the throat condition (state 6).
M6 expected is 1.0 and M6 found is 1.0012.
Facility_State(state s6: p = 16539058.35 Pa, T = 3176.14 K, rho = 1.80e+01 kg/m**3, gam = 1.21, R = 289.09 J/kg K, V = 1062.64 m/s, M = 1.00)
species in s6 at equilibrium (by moles): 
{'N': 2.760e-06, 'N2': 0.761, 'N2O': 3.848e-05, 'O': 0.00659, 'O2': 0.179, 'NO': 0.053, 'NO2': 3.271e-04}
The total enthalpy (Ht) at state s6 is 4.27 MJ/kg.
Facility_State(state s8: p = 5274.49 Pa, T = 479.04 K, rho = 3.82e-02 kg/m**3, gam = 1.39, R = 288.20 J/kg K, V = 2860.12 m/s, M = 6.54)
species in s8 at equilibrium (by moles): 
{'N2': 0.79, 'O2': 0.21}
The total enthalpy (Ht) at state s8 is 4.27 MJ/kg.
------------------------------------------------------------
Starting frozen normal shock calculation over the test model.
Facility_State(state s10f: p = 260972.68 Pa, T = 4309.83 K, rho = 2.10e-01 kg/m**3, gam = 1.39, R = 288.20 J/kg K, V = 520.06 m/s, M = 0.40)
------------------------------------------------------------
Starting equilibrium normal shock calculation over the test model.
Facility_State(state s10e: p = 276590.00 Pa, T = 3222.89 K, rho = 2.90e-01 kg/m**3, gam = 1.12, R = 296.20 J/kg K, V = 377.13 m/s, M = 0.36)
species in s10e at equilibrium (by moles): 
{'N': 2.750e-05, 'N2': 0.743, 'N2O': 4.719e-06, 'O': 0.054, 'O2': 0.152, 'NO': 0.0507, 'NO2': 3.620e-05}
The total enthalpy (Ht) at state s10e is 4.27 MJ/kg.
------------------------------------------------------------
Test completed. Printing output now.
------------------------------------------------------------
PITOT3 Version 16-Dec-2023 doing a reflected_shock_tunnel calculation.
Calculation mode is 'fully_theoretical'.
Facility is 'HYPULSE_rst_Mach_8_to_10_nozzle_area_ratio_175'.
Driver condition is 'HYPULSE_RST_M8_driver_condition'. Driver gas model is CEAGas.
Driver gas composition is {'Ar': 0.6, 'O2': 0.133, 'H2': 0.267} (by moles) (gam = 1.41, R = 289.07 J/kg K).
Nozzle area ratio is 175.0.
Test gas (s1) is n2-o2-with-ions. Test gas gas model is CEAGas.
Test gas composition is {'N2': 0.79, 'O2': 0.21} (by moles) (gam = 1.40, R = 288.20 J/kg K)
vs1 = 2014.47 m/s, Ms1 = 5.81
state p         T       a     v       M     rho      pitot_p stgn_p Ht     h    
      Pa        K       m/s   m/s           kg/m^3   kPa     MPa    MJ/kg  MJ/kg
s4    3.731e+07 3861.0  1257  0.0     0.00  33.42900 37310   37.31  3.29   3.29 
s1    97701.0   298.15  347   0.0     0.00  1.13700  97.7    0.10   0.00   0.00 
s2    3.952e+06 1986.0  855   1682.8  1.97  6.90498  20469   29.07  3.39   1.97 
s3    3.952e+06 1956.8  907   1682.8  1.85  6.98650  20023   25.32  2.88   1.46 
s5    2.961e+07 3522.5  1116  0.0     0.00  28.99800 29613   29.61  4.27   4.27 
s5d   3.192e+07 4627.7  1371  0.0     0.00  23.86200 31921   31.92  4.05   4.05 
s6    1.654e+07 3176.1  1061  1062.6  1.00  18.01200 29618   29.62  4.27   3.71 
s8    5274.488  479.04  438   2860.1  6.54  3.82e-02 297.9   29.62  4.27   0.18 
s10f  260972.7  4309.8  1313  520.1   0.40  0.21011  290.5   0.29   -     -     
s10e  276590.0  3222.9  1060  377.1   0.36  0.28974  297.9   0.30   4.27   4.20 
The freestream (s8) total temperature (Tt) is 3522.50 K.
The freestream (s8) flight equivalent velocity (Ue) is 2923.90 m/s.
Freestream (s8) unit Reynolds number is 4160163.02 /m (related mu is 2.63e-05 Pa.s).
Post normal shock equilibrium (s10e) unit Reynolds number is 1116466.83 /m (related mu is 9.79e-05 Pa.s).
Species in the freestream state (s8) at equilibrium (by moles):
{'N2': 0.79, 'O2': 0.21}
Species in the shock layer at equilibrium (s10e) (by moles):
{'N': 2.750e-05, 'N2': 0.743, 'N2O': 4.719e-06, 'O': 0.054, 'O2': 0.152, 'NO': 0.0507, 'NO2': 3.620e-05}
This FacilityState does not have a reference gas state which is required to calculate enthalpy.
None will be returned.
This FacilityState does not have a reference gas state which is required to calculate the flight equivalent velocity.
None will be returned.
------------------------------------------------------------
Exporting facility states data to the json file HYPULSE_RST_M8_condition_builder_49.json.
------------------------------------------------------------
math domain error
Failed to calculate flight equivalent velocity.
self.flight_equivalent_velocity will be set to None.
Cannot return the flight equivalent velocity as PITOT3 failed to calculate it.
Will return None.
This FacilityState does not have a reference gas state which is required to calculate enthalpy.
None will be returned.
This FacilityState does not have a reference gas state which is required to calculate the flight equivalent velocity.
None will be returned.
------------------------------------------------------------
Removing temporary files created during the running of the program.
------------------------------------------------------------
------------------------------------------------------------
Run finished successfully.
------------------------------------------------------------
