------------------------------------------------------------
Running PITOT3 version: 16-Dec-2023
------------------------------------------------------------
Let's get started, shall we:
Calculation mode is 'fully_theoretical'.
Chosen facility is 'HYPULSE_rst_Mach_8_to_10_nozzle_area_ratio_175'.
Facility type is 'reflected_shock_tunnel'.
------------------------------------------------------------
Setting up facility driver condition.
Chosen driver condition is 'HYPULSE_RST_M8_driver_condition'.
Driver gas model is CEAGas.
Driver gas composition is {'Ar': 0.6, 'O2': 0.133, 'H2': 0.267} (by moles) (gam = 1.41, R = 289.07 J/kg K).
Driver rupture conditions are p4 = 37.31 MPa, T4 = 3861.00 K, M_throat = 0.00.
------------------------------------------------------------
The configuration in the driven tube is as follows:
test_gas_file_name =  None
shock_tube_fill_state_name =  s1
Test gas is n2-o2-with-ions. Test gas gas model is CEAGas.
Shock tube fill pressure (p1) is 36783.80 Pa.
Shock tube fill temperature (T1) is 298.15 K.
Nozzle area ratio is 175.0.
------------------------------------------------------------
Facility_State(state s5: p = 17398932.27 Pa, T = 4361.78 K, rho = 1.33e+01 kg/m**3, gam = 1.14, R = 299.02 J/kg K, V = 0.00 m/s, M = 0.00)
species in s5 at equilibrium (by moles): 
{'N': 3.803e-04, 'N2': 0.709, 'N2O': 8.175e-05, 'O': 0.0724, 'O2': 0.114, 'NO': 0.103, 'NO2': 3.123e-04, 'NO+': 1.639e-06}
The total enthalpy (Ht) at state s5 is 6.06 MJ/kg.
------------------------------------------------------------
Facility_State(state s5d: p = 27749403.63 Pa, T = 5199.14 K, rho = 1.85e+01 kg/m**3, gam = 1.40, R = 289.07 J/kg K, V = 0.00 m/s, M = 0.00)
species in s5d at equilibrium (by moles): 
{'Ar': 0.6, 'O2': 0.133, 'H2': 0.267}
The total enthalpy (Ht) at state s5d is 4.63 MJ/kg.
------------------------------------------------------------
Starting steady expansion through the nozzle using an area ratio of 175.0
Due to the fact that this is a reflected shock simulation, we must first expand to the throat condition (state 6).
M6 expected is 1.0 and M6 found is 0.9917.
M6 is just below 1.0 so it is being set to 1.0 so the code can continue.
The velocity has also been slightly adjusted from 1183.7905 m/s to 1193.7005 m/s.
Facility_State(state s6: p = 9905801.29 Pa, T = 4001.59 K, rho = 8.36e+00 kg/m**3, gam = 1.15, R = 296.24 J/kg K, V = 1193.70 m/s, M = 1.00)
species in s6 at equilibrium (by moles): 
{'N': 1.524e-04, 'N2': 0.723, 'N2O': 5.245e-05, 'O': 0.0544, 'O2': 0.132, 'NO': 0.0898, 'NO2': 2.477e-04}
The total enthalpy (Ht) at state s6 is 6.08 MJ/kg.
Facility_State(state s8: p = 3828.29 Pa, T = 778.78 K, rho = 1.71e-02 kg/m**3, gam = 1.35, R = 288.20 J/kg K, V = 3338.25 m/s, M = 6.06)
species in s8 at equilibrium (by moles): 
{'N2': 0.79, 'O2': 0.21, 'NO': 1.379e-06}
The total enthalpy (Ht) at state s8 is 6.08 MJ/kg.
------------------------------------------------------------
Starting frozen normal shock calculation over the test model.
Facility_State(state s10f: p = 160892.15 Pa, T = 5685.12 K, rho = 9.82e-02 kg/m**3, gam = 1.35, R = 288.20 J/kg K, V = 579.85 m/s, M = 0.39)
------------------------------------------------------------
Starting equilibrium normal shock calculation over the test model.
Facility_State(state s10e: p = 171990.00 Pa, T = 3692.62 K, rho = 1.48e-01 kg/m**3, gam = 1.09, R = 314.82 J/kg K, V = 384.87 m/s, M = 0.33)
species in s10e at equilibrium (by moles): 
{'N': 3.352e-04, 'N2': 0.696, 'N2O': 4.031e-06, 'O': 0.169, 'O2': 0.0804, 'NO': 0.0548, 'NO2': 1.761e-05}
The total enthalpy (Ht) at state s10e is 6.08 MJ/kg.
------------------------------------------------------------
Test completed. Printing output now.
------------------------------------------------------------
PITOT3 Version 16-Dec-2023 doing a reflected_shock_tunnel calculation.
Calculation mode is 'fully_theoretical'.
Facility is 'HYPULSE_rst_Mach_8_to_10_nozzle_area_ratio_175'.
Driver condition is 'HYPULSE_RST_M8_driver_condition'. Driver gas model is CEAGas.
Driver gas composition is {'Ar': 0.6, 'O2': 0.133, 'H2': 0.267} (by moles) (gam = 1.41, R = 289.07 J/kg K).
Nozzle area ratio is 175.0.
Test gas (s1) is n2-o2-with-ions. Test gas gas model is CEAGas.
Test gas composition is {'N2': 0.79, 'O2': 0.21} (by moles) (gam = 1.40, R = 288.20 J/kg K)
vs1 = 2405.36 m/s, Ms1 = 6.94
state p         T       a     v       M     rho      pitot_p stgn_p Ht     h    
      Pa        K       m/s   m/s           kg/m^3   kPa     MPa    MJ/kg  MJ/kg
s4    3.731e+07 3861.0  1257  0.0     0.00  33.42900 37310   37.31  3.29   3.29 
s1    36783.8   298.15  347   0.0     0.00  0.42809  36.8    0.04   0.00   0.00 
s2    2.143e+06 2594.7  965   2045.7  2.12  2.86326  12487   20.39  4.92   2.83 
s3    2.143e+06 1613.3  827   2045.7  2.47  4.59570  18593   35.75  3.24   1.15 
s5    1.740e+07 4361.8  1255  0.0     0.00  13.34000 17399   17.40  6.06   6.06 
s5d   2.775e+07 5199.1  1450  0.0     0.00  18.46400 27749   27.75  4.63   4.63 
s6    9.906e+06 4001.6  1194  1193.7  1.00  8.35640  17583   17.56  6.08   5.36 
s8    3828.294  778.78  551   3338.3  6.06  1.71e-02 183.2   17.56  6.08   0.50 
s10f  160892.2  5685.1  1490  579.8   0.39  9.82e-02 178.0   0.18   -     -     
s10e  171990.0  3692.6  1168  384.9   0.33  0.14795  183.2   0.18   6.08   6.00 
The freestream (s8) total temperature (Tt) is 4367.87 K.
The freestream (s8) flight equivalent velocity (Ue) is 3485.92 m/s.
Freestream (s8) unit Reynolds number is 1548559.98 /m (related mu is 3.68e-05 Pa.s).
Post normal shock equilibrium (s10e) unit Reynolds number is 513764.78 /m (related mu is 1.11e-04 Pa.s).
Species in the freestream state (s8) at equilibrium (by moles):
{'N2': 0.79, 'O2': 0.21, 'NO': 1.379e-06}
Species in the shock layer at equilibrium (s10e) (by moles):
{'N': 3.352e-04, 'N2': 0.696, 'N2O': 4.031e-06, 'O': 0.169, 'O2': 0.0804, 'NO': 0.0548, 'NO2': 1.761e-05}
This FacilityState does not have a reference gas state which is required to calculate enthalpy.
None will be returned.
This FacilityState does not have a reference gas state which is required to calculate the flight equivalent velocity.
None will be returned.
------------------------------------------------------------
Exporting facility states data to the json file HYPULSE_RST_M8_condition_builder_28.json.
------------------------------------------------------------
math domain error
Failed to calculate flight equivalent velocity.
self.flight_equivalent_velocity will be set to None.
Cannot return the flight equivalent velocity as PITOT3 failed to calculate it.
Will return None.
This FacilityState does not have a reference gas state which is required to calculate enthalpy.
None will be returned.
This FacilityState does not have a reference gas state which is required to calculate the flight equivalent velocity.
None will be returned.
------------------------------------------------------------
Removing temporary files created during the running of the program.
------------------------------------------------------------
------------------------------------------------------------
Run finished successfully.
------------------------------------------------------------
