------------------------------------------------------------
Running PITOT3 version: 16-Dec-2023
------------------------------------------------------------
Let's get started, shall we:
Calculation mode is 'fully_theoretical'.
Chosen facility is 'HYPULSE_rst_Mach_8_to_10_nozzle_area_ratio_175'.
Facility type is 'reflected_shock_tunnel'.
------------------------------------------------------------
Setting up facility driver condition.
Chosen driver condition is 'HYPULSE_RST_M8_driver_condition'.
Driver gas model is CEAGas.
Driver gas composition is {'Ar': 0.6, 'O2': 0.133, 'H2': 0.267} (by moles) (gam = 1.41, R = 289.07 J/kg K).
Driver rupture conditions are p4 = 37.31 MPa, T4 = 3861.00 K, M_throat = 0.00.
------------------------------------------------------------
The configuration in the driven tube is as follows:
test_gas_file_name =  None
shock_tube_fill_state_name =  s1
Test gas is n2-o2-with-ions. Test gas gas model is CEAGas.
Shock tube fill pressure (p1) is 55908.10 Pa.
Shock tube fill temperature (T1) is 298.15 K.
Nozzle area ratio is 175.0.
------------------------------------------------------------
Facility_State(state s5: p = 22050236.81 Pa, T = 4025.23 K, rho = 1.86e+01 kg/m**3, gam = 1.16, R = 293.90 J/kg K, V = 0.00 m/s, M = 0.00)
species in s5 at equilibrium (by moles): 
{'N': 1.116e-04, 'N2': 0.727, 'N2O': 8.222e-05, 'O': 0.0392, 'O2': 0.139, 'NO': 0.0939, 'NO2': 3.933e-04}
The total enthalpy (Ht) at state s5 is 5.26 MJ/kg.
------------------------------------------------------------
Facility_State(state s5d: p = 29682746.58 Pa, T = 4931.08 K, rho = 2.08e+01 kg/m**3, gam = 1.40, R = 289.07 J/kg K, V = 0.00 m/s, M = 0.00)
species in s5d at equilibrium (by moles): 
{'Ar': 0.6, 'O2': 0.133, 'H2': 0.267}
The total enthalpy (Ht) at state s5d is 4.36 MJ/kg.
------------------------------------------------------------
Starting steady expansion through the nozzle using an area ratio of 175.0
Due to the fact that this is a reflected shock simulation, we must first expand to the throat condition (state 6).
M6 expected is 1.0 and M6 found is 0.9955.
M6 is just below 1.0 so it is being set to 1.0 so the code can continue.
The velocity has also been slightly adjusted from 1133.3755 m/s to 1138.5005 m/s.
Facility_State(state s6: p = 12467765.01 Pa, T = 3672.08 K, rho = 1.16e+01 kg/m**3, gam = 1.17, R = 291.98 J/kg K, V = 1138.50 m/s, M = 1.00)
species in s6 at equilibrium (by moles): 
{'N': 3.720e-05, 'N2': 0.741, 'N2O': 4.988e-05, 'O': 0.0263, 'O2': 0.155, 'NO': 0.0773, 'NO2': 2.965e-04}
The total enthalpy (Ht) at state s6 is 5.27 MJ/kg.
Facility_State(state s8: p = 4412.61 Pa, T = 635.51 K, rho = 2.41e-02 kg/m**3, gam = 1.37, R = 288.20 J/kg K, V = 3136.75 m/s, M = 6.26)
species in s8 at equilibrium (by moles): 
{'N2': 0.79, 'O2': 0.21}
The total enthalpy (Ht) at state s8 is 5.27 MJ/kg.
------------------------------------------------------------
Starting frozen normal shock calculation over the test model.
Facility_State(state s10f: p = 199329.37 Pa, T = 5102.62 K, rho = 1.36e-01 kg/m**3, gam = 1.37, R = 288.20 J/kg K, V = 557.54 m/s, M = 0.39)
------------------------------------------------------------
Starting equilibrium normal shock calculation over the test model.
Facility_State(state s10e: p = 212680.00 Pa, T = 3506.65 K, rho = 1.98e-01 kg/m**3, gam = 1.09, R = 305.80 J/kg K, V = 381.06 m/s, M = 0.34)
species in s10e at equilibrium (by moles): 
{'N': 1.326e-04, 'N2': 0.716, 'N2O': 4.599e-06, 'O': 0.115, 'O2': 0.112, 'NO': 0.0563, 'NO2': 2.590e-05}
The total enthalpy (Ht) at state s10e is 5.27 MJ/kg.
------------------------------------------------------------
Test completed. Printing output now.
------------------------------------------------------------
PITOT3 Version 16-Dec-2023 doing a reflected_shock_tunnel calculation.
Calculation mode is 'fully_theoretical'.
Facility is 'HYPULSE_rst_Mach_8_to_10_nozzle_area_ratio_175'.
Driver condition is 'HYPULSE_RST_M8_driver_condition'. Driver gas model is CEAGas.
Driver gas composition is {'Ar': 0.6, 'O2': 0.133, 'H2': 0.267} (by moles) (gam = 1.41, R = 289.07 J/kg K).
Nozzle area ratio is 175.0.
Test gas (s1) is n2-o2-with-ions. Test gas gas model is CEAGas.
Test gas composition is {'N2': 0.79, 'O2': 0.21} (by moles) (gam = 1.40, R = 288.20 J/kg K)
vs1 = 2238.34 m/s, Ms1 = 6.46
state p         T       a     v       M     rho      pitot_p stgn_p Ht     h    
      Pa        K       m/s   m/s           kg/m^3   kPa     MPa    MJ/kg  MJ/kg
s4    3.731e+07 3861.0  1257  0.0     0.00  33.42900 37310   37.31  3.29   3.29 
s1    55908.1   298.15  347   0.0     0.00  0.65066  55.9    0.06   0.00   0.00 
s2    2.808e+06 2330.9  920   1889.9  2.05  4.17978  15579   23.87  4.23   2.44 
s3    2.808e+06 1757.6  862   1889.9  2.19  5.52730  19387   30.39  3.06   1.28 
s5    2.205e+07 4025.2  1196  0.0     0.00  18.63900 22050   22.05  5.26   5.26 
s5d   2.968e+07 4931.1  1413  0.0     0.00  20.82400 29683   29.68  4.36   4.36 
s6    1.247e+07 3672.1  1138  1138.5  1.00  11.62800 22155   22.16  5.27   4.62 
s8    4412.61   635.51  501   3136.8  6.26  2.41e-02 227.5   22.16  5.27   0.35 
s10f  199329.4  5102.6  1420  557.5   0.39  0.13555  221.2   0.22   -     -     
s10e  212680.0  3506.7  1120  381.1   0.34  0.19832  227.5   0.23   5.27   5.20 
The freestream (s8) total temperature (Tt) is 4028.39 K.
The freestream (s8) flight equivalent velocity (Ue) is 3245.97 m/s.
Freestream (s8) unit Reynolds number is 2362564.98 /m (related mu is 3.20e-05 Pa.s).
Post normal shock equilibrium (s10e) unit Reynolds number is 716746.29 /m (related mu is 1.05e-04 Pa.s).
Species in the freestream state (s8) at equilibrium (by moles):
{'N2': 0.79, 'O2': 0.21}
Species in the shock layer at equilibrium (s10e) (by moles):
{'N': 1.326e-04, 'N2': 0.716, 'N2O': 4.599e-06, 'O': 0.115, 'O2': 0.112, 'NO': 0.0563, 'NO2': 2.590e-05}
This FacilityState does not have a reference gas state which is required to calculate enthalpy.
None will be returned.
This FacilityState does not have a reference gas state which is required to calculate the flight equivalent velocity.
None will be returned.
------------------------------------------------------------
Exporting facility states data to the json file HYPULSE_RST_M8_condition_builder_37.json.
------------------------------------------------------------
math domain error
Failed to calculate flight equivalent velocity.
self.flight_equivalent_velocity will be set to None.
Cannot return the flight equivalent velocity as PITOT3 failed to calculate it.
Will return None.
This FacilityState does not have a reference gas state which is required to calculate enthalpy.
None will be returned.
This FacilityState does not have a reference gas state which is required to calculate the flight equivalent velocity.
None will be returned.
------------------------------------------------------------
Removing temporary files created during the running of the program.
------------------------------------------------------------
------------------------------------------------------------
Run finished successfully.
------------------------------------------------------------
