------------------------------------------------------------
Running PITOT3 version: 16-Dec-2023
------------------------------------------------------------
Let's get started, shall we:
Calculation mode is 'fully_theoretical'.
Chosen facility is 'HYPULSE_rst_Mach_8_to_10_nozzle_area_ratio_175'.
Facility type is 'reflected_shock_tunnel'.
------------------------------------------------------------
Setting up facility driver condition.
Chosen driver condition is 'HYPULSE_RST_M8_driver_condition'.
Driver gas model is CEAGas.
Driver gas composition is {'Ar': 0.6, 'O2': 0.133, 'H2': 0.267} (by moles) (gam = 1.41, R = 289.07 J/kg K).
Driver rupture conditions are p4 = 37.31 MPa, T4 = 3861.00 K, M_throat = 0.00.
------------------------------------------------------------
The configuration in the driven tube is as follows:
test_gas_file_name =  None
shock_tube_fill_state_name =  s1
Test gas is n2-o2-with-ions. Test gas gas model is CEAGas.
Shock tube fill pressure (p1) is 93260.33 Pa.
Shock tube fill temperature (T1) is 298.15 K.
Nozzle area ratio is 175.0.
------------------------------------------------------------
Facility_State(state s5: p = 28925851.78 Pa, T = 3566.32 K, rho = 2.80e+01 kg/m**3, gam = 1.20, R = 290.13 J/kg K, V = 0.00 m/s, M = 0.00)
species in s5 at equilibrium (by moles): 
{'N': 1.533e-05, 'N2': 0.748, 'N2O': 7.174e-05, 'O': 0.0139, 'O2': 0.165, 'NO': 0.0733, 'NO2': 4.629e-04}
The total enthalpy (Ht) at state s5 is 4.35 MJ/kg.
------------------------------------------------------------
Facility_State(state s5d: p = 31750732.63 Pa, T = 4650.56 K, rho = 2.36e+01 kg/m**3, gam = 1.40, R = 289.07 J/kg K, V = 0.00 m/s, M = 0.00)
species in s5d at equilibrium (by moles): 
{'Ar': 0.6, 'O2': 0.133, 'H2': 0.267}
The total enthalpy (Ht) at state s5d is 4.07 MJ/kg.
------------------------------------------------------------
Starting steady expansion through the nozzle using an area ratio of 175.0
Due to the fact that this is a reflected shock simulation, we must first expand to the throat condition (state 6).
M6 expected is 1.0 and M6 found is 1.0005.
Facility_State(state s6: p = 16172662.33 Pa, T = 3219.21 K, rho = 1.74e+01 kg/m**3, gam = 1.21, R = 289.23 J/kg K, V = 1068.62 m/s, M = 1.00)
species in s6 at equilibrium (by moles): 
{'N': 3.561e-06, 'N2': 0.759, 'N2O': 3.969e-05, 'O': 0.00756, 'O2': 0.178, 'NO': 0.0552, 'NO2': 3.264e-04}
The total enthalpy (Ht) at state s6 is 4.35 MJ/kg.
Facility_State(state s8: p = 5196.52 Pa, T = 490.63 K, rho = 3.68e-02 kg/m**3, gam = 1.39, R = 288.20 J/kg K, V = 2883.24 m/s, M = 6.51)
species in s8 at equilibrium (by moles): 
{'N2': 0.79, 'O2': 0.21}
The total enthalpy (Ht) at state s8 is 4.35 MJ/kg.
------------------------------------------------------------
Starting frozen normal shock calculation over the test model.
Facility_State(state s10f: p = 255229.70 Pa, T = 4376.06 K, rho = 2.02e-01 kg/m**3, gam = 1.39, R = 288.20 J/kg K, V = 523.59 m/s, M = 0.40)
------------------------------------------------------------
Starting equilibrium normal shock calculation over the test model.
Facility_State(state s10e: p = 270710.00 Pa, T = 3248.93 K, rho = 2.81e-01 kg/m**3, gam = 1.12, R = 296.86 J/kg K, V = 377.52 m/s, M = 0.35)
species in s10e at equilibrium (by moles): 
{'N': 3.208e-05, 'N2': 0.741, 'N2O': 4.744e-06, 'O': 0.0584, 'O2': 0.149, 'NO': 0.0515, 'NO2': 3.546e-05}
The total enthalpy (Ht) at state s10e is 4.35 MJ/kg.
------------------------------------------------------------
Test completed. Printing output now.
------------------------------------------------------------
PITOT3 Version 16-Dec-2023 doing a reflected_shock_tunnel calculation.
Calculation mode is 'fully_theoretical'.
Facility is 'HYPULSE_rst_Mach_8_to_10_nozzle_area_ratio_175'.
Driver condition is 'HYPULSE_RST_M8_driver_condition'. Driver gas model is CEAGas.
Driver gas composition is {'Ar': 0.6, 'O2': 0.133, 'H2': 0.267} (by moles) (gam = 1.41, R = 289.07 J/kg K).
Nozzle area ratio is 175.0.
Test gas (s1) is n2-o2-with-ions. Test gas gas model is CEAGas.
Test gas composition is {'N2': 0.79, 'O2': 0.21} (by moles) (gam = 1.40, R = 288.20 J/kg K)
vs1 = 2033.06 m/s, Ms1 = 5.86
state p         T       a     v       M     rho      pitot_p stgn_p Ht     h    
      Pa        K       m/s   m/s           kg/m^3   kPa     MPa    MJ/kg  MJ/kg
s4    3.731e+07 3861.0  1257  0.0     0.00  33.42900 37310   37.31  3.29   3.29 
s1    93260.33  298.15  347   0.0     0.00  1.08540  93.3    0.09   0.00   0.00 
s2    3.844e+06 2013.9  861   1699.9  1.98  6.62391  20031   28.62  3.46   2.01 
s3    3.844e+06 1940.0  903   1699.9  1.88  6.85530  19989   25.66  2.89   1.45 
s5    2.893e+07 3566.3  1123  0.0     0.00  27.95600 28926   28.93  4.35   4.35 
s5d   3.175e+07 4650.6  1374  0.0     0.00  23.61800 31751   31.75  4.07   4.07 
s6    1.617e+07 3219.2  1068  1068.6  1.00  17.36900 28923   28.92  4.35   3.78 
s8    5196.522  490.63  443   2883.2  6.51  3.68e-02 291.3   28.92  4.35   0.20 
s10f  255229.7  4376.1  1322  523.6   0.40  0.20238  284.1   0.28   -     -     
s10e  270710.0  3248.9  1065  377.5   0.35  0.28068  291.3   0.29   4.35   4.28 
The freestream (s8) total temperature (Tt) is 3566.32 K.
The freestream (s8) flight equivalent velocity (Ue) is 2950.59 m/s.
Freestream (s8) unit Reynolds number is 3966687.60 /m (related mu is 2.67e-05 Pa.s).
Post normal shock equilibrium (s10e) unit Reynolds number is 1075408.25 /m (related mu is 9.85e-05 Pa.s).
Species in the freestream state (s8) at equilibrium (by moles):
{'N2': 0.79, 'O2': 0.21}
Species in the shock layer at equilibrium (s10e) (by moles):
{'N': 3.208e-05, 'N2': 0.741, 'N2O': 4.744e-06, 'O': 0.0584, 'O2': 0.149, 'NO': 0.0515, 'NO2': 3.546e-05}
This FacilityState does not have a reference gas state which is required to calculate enthalpy.
None will be returned.
This FacilityState does not have a reference gas state which is required to calculate the flight equivalent velocity.
None will be returned.
------------------------------------------------------------
Exporting facility states data to the json file HYPULSE_RST_M8_condition_builder_48.json.
------------------------------------------------------------
math domain error
Failed to calculate flight equivalent velocity.
self.flight_equivalent_velocity will be set to None.
Cannot return the flight equivalent velocity as PITOT3 failed to calculate it.
Will return None.
This FacilityState does not have a reference gas state which is required to calculate enthalpy.
None will be returned.
This FacilityState does not have a reference gas state which is required to calculate the flight equivalent velocity.
None will be returned.
------------------------------------------------------------
Removing temporary files created during the running of the program.
------------------------------------------------------------
------------------------------------------------------------
Run finished successfully.
------------------------------------------------------------
