------------------------------------------------------------
Running PITOT3 version: 16-Dec-2023
------------------------------------------------------------
Let's get started, shall we:
Calculation mode is 'fully_theoretical'.
Chosen facility is 'HYPULSE_rst_Mach_8_to_10_nozzle_area_ratio_175'.
Facility type is 'reflected_shock_tunnel'.
------------------------------------------------------------
Setting up facility driver condition.
Chosen driver condition is 'HYPULSE_RST_M8_driver_condition'.
Driver gas model is CEAGas.
Driver gas composition is {'Ar': 0.6, 'O2': 0.133, 'H2': 0.267} (by moles) (gam = 1.41, R = 289.07 J/kg K).
Driver rupture conditions are p4 = 37.31 MPa, T4 = 3861.00 K, M_throat = 0.00.
------------------------------------------------------------
The configuration in the driven tube is as follows:
test_gas_file_name =  None
shock_tube_fill_state_name =  s1
Test gas is n2-o2-with-ions. Test gas gas model is CEAGas.
Shock tube fill pressure (p1) is 26560.88 Pa.
Shock tube fill temperature (T1) is 298.15 K.
Nozzle area ratio is 175.0.
------------------------------------------------------------
Facility_State(state s5: p = 14372595.06 Pa, T = 4602.02 K, rho = 1.03e+01 kg/m**3, gam = 1.14, R = 304.18 J/kg K, V = 0.00 m/s, M = 0.00)
species in s5 at equilibrium (by moles): 
{'N': 8.347e-04, 'N2': 0.695, 'N2O': 7.665e-05, 'O': 0.105, 'O2': 0.0938, 'NO': 0.105, 'NO2': 2.455e-04, 'NO+': 3.603e-06}
The total enthalpy (Ht) at state s5 is 6.72 MJ/kg.
------------------------------------------------------------
Facility_State(state s5d: p = 26126363.11 Pa, T = 5430.95 K, rho = 1.66e+01 kg/m**3, gam = 1.40, R = 289.07 J/kg K, V = 0.00 m/s, M = 0.00)
species in s5d at equilibrium (by moles): 
{'Ar': 0.6, 'O2': 0.133, 'H2': 0.267}
The total enthalpy (Ht) at state s5d is 4.86 MJ/kg.
------------------------------------------------------------
Starting steady expansion through the nozzle using an area ratio of 175.0
Due to the fact that this is a reflected shock simulation, we must first expand to the throat condition (state 6).
M6 expected is 1.0 and M6 found is 0.9890.
M6 is just below 1.0 so it is being set to 1.0 so the code can continue.
The velocity has also been slightly adjusted from 1222.7755 m/s to 1236.4005 m/s.
Facility_State(state s6: p = 8209591.47 Pa, T = 4230.85 K, rho = 6.45e+00 kg/m**3, gam = 1.13, R = 300.80 J/kg K, V = 1236.40 m/s, M = 1.00)
species in s6 at equilibrium (by moles): 
{'N': 3.656e-04, 'N2': 0.709, 'N2O': 5.087e-05, 'O': 0.0837, 'O2': 0.112, 'NO': 0.0947, 'NO2': 2.025e-04, 'NO+': 1.419e-06}
The total enthalpy (Ht) at state s6 is 6.74 MJ/kg.
Facility_State(state s8: p = 3412.59 Pa, T = 907.64 K, rho = 1.30e-02 kg/m**3, gam = 1.34, R = 288.20 J/kg K, V = 3489.76 m/s, M = 5.89)
species in s8 at equilibrium (by moles): 
{'N2': 0.79, 'O2': 0.21, 'NO': 1.023e-05}
The total enthalpy (Ht) at state s8 is 6.74 MJ/kg.
------------------------------------------------------------
Starting frozen normal shock calculation over the test model.
Facility_State(state s10f: p = 135181.22 Pa, T = 6135.24 K, rho = 7.65e-02 kg/m**3, gam = 1.34, R = 288.20 J/kg K, V = 595.50 m/s, M = 0.39)
------------------------------------------------------------
Starting equilibrium normal shock calculation over the test model.
Facility_State(state s10e: p = 144540.00 Pa, T = 3838.20 K, rho = 1.17e-01 kg/m**3, gam = 1.09, R = 322.47 J/kg K, V = 389.85 m/s, M = 0.32)
species in s10e at equilibrium (by moles): 
{'N': 6.580e-04, 'N2': 0.68, 'N2O': 3.423e-06, 'O': 0.212, 'O2': 0.0563, 'NO': 0.0507, 'NO2': 1.176e-05, 'NO+': 1.673e-06}
The total enthalpy (Ht) at state s10e is 6.74 MJ/kg.
------------------------------------------------------------
Test completed. Printing output now.
------------------------------------------------------------
PITOT3 Version 16-Dec-2023 doing a reflected_shock_tunnel calculation.
Calculation mode is 'fully_theoretical'.
Facility is 'HYPULSE_rst_Mach_8_to_10_nozzle_area_ratio_175'.
Driver condition is 'HYPULSE_RST_M8_driver_condition'. Driver gas model is CEAGas.
Driver gas composition is {'Ar': 0.6, 'O2': 0.133, 'H2': 0.267} (by moles) (gam = 1.41, R = 289.07 J/kg K).
Nozzle area ratio is 175.0.
Test gas (s1) is n2-o2-with-ions. Test gas gas model is CEAGas.
Test gas composition is {'N2': 0.79, 'O2': 0.21} (by moles) (gam = 1.40, R = 288.20 J/kg K)
vs1 = 2533.32 m/s, Ms1 = 7.31
state p         T       a     v       M     rho      pitot_p stgn_p Ht     h    
      Pa        K       m/s   m/s           kg/m^3   kPa     MPa    MJ/kg  MJ/kg
s4    3.731e+07 3861.0  1257  0.0     0.00  33.42900 37310   37.31  3.29   3.29 
s1    26560.88  298.15  347   0.0     0.00  0.30912  26.6    0.03   0.00   0.00 
s2    1.723e+06 2793.1  996   2166.5  2.17  2.13487  10431   17.99  5.49   3.14 
s3    1.723e+06 1504.8  800   2166.5  2.71  3.96140  17801   41.07  3.40   1.05 
s5    1.437e+07 4602.0  1301  0.0     0.00  10.26700 14373   14.37  6.72   6.72 
s5d   2.613e+07 5431.0  1480  0.0     0.00  16.64200 26126   26.13  4.86   4.86 
s6    8.210e+06 4230.9  1236  1236.4  1.00  6.45070  14546   14.55  6.74   5.97 
s8    3412.589  907.64  592   3489.8  5.89  1.30e-02 153.6   14.55  6.74   0.65 
s10f  135181.2  6135.2  1540  595.5   0.39  7.65e-02 149.3   0.15   -     -     
s10e  144540.0  3838.2  1210  389.9   0.32  0.11678  153.6   0.15   6.74   6.66 
The freestream (s8) total temperature (Tt) is 4610.44 K.
The freestream (s8) flight equivalent velocity (Ue) is 3670.68 m/s.
Freestream (s8) unit Reynolds number is 1115921.72 /m (related mu is 4.08e-05 Pa.s).
Post normal shock equilibrium (s10e) unit Reynolds number is 395340.17 /m (related mu is 1.15e-04 Pa.s).
Species in the freestream state (s8) at equilibrium (by moles):
{'N2': 0.79, 'O2': 0.21, 'NO': 1.023e-05}
Species in the shock layer at equilibrium (s10e) (by moles):
{'N': 6.580e-04, 'N2': 0.68, 'N2O': 3.423e-06, 'O': 0.212, 'O2': 0.0563, 'NO': 0.0507, 'NO2': 1.176e-05, 'NO+': 1.673e-06}
This FacilityState does not have a reference gas state which is required to calculate enthalpy.
None will be returned.
This FacilityState does not have a reference gas state which is required to calculate the flight equivalent velocity.
None will be returned.
------------------------------------------------------------
Exporting facility states data to the json file HYPULSE_RST_M8_condition_builder_21.json.
------------------------------------------------------------
Cannot return the total enthalpy as PITOT3 failed to calculate it.
Will return None.
Total enthalpy could not be calculated, so the flight equivalent velocity could not be calculated either.
self.flight_equivalent_velocity will be set to None.
Cannot return the flight equivalent velocity as PITOT3 failed to calculate it.
Will return None.
This FacilityState does not have a reference gas state which is required to calculate enthalpy.
None will be returned.
This FacilityState does not have a reference gas state which is required to calculate the flight equivalent velocity.
None will be returned.
------------------------------------------------------------
Removing temporary files created during the running of the program.
------------------------------------------------------------
------------------------------------------------------------
Run finished successfully.
------------------------------------------------------------
