------------------------------------------------------------
Running PITOT3 version: 16-Dec-2023
------------------------------------------------------------
Let's get started, shall we:
Calculation mode is 'fully_theoretical'.
Chosen facility is 'HYPULSE_rst_Mach_8_to_10_nozzle_area_ratio_175'.
Facility type is 'reflected_shock_tunnel'.
------------------------------------------------------------
Setting up facility driver condition.
Chosen driver condition is 'HYPULSE_RST_M8_driver_condition'.
Driver gas model is CEAGas.
Driver gas composition is {'Ar': 0.6, 'O2': 0.133, 'H2': 0.267} (by moles) (gam = 1.41, R = 289.07 J/kg K).
Driver rupture conditions are p4 = 37.31 MPa, T4 = 3861.00 K, M_throat = 0.00.
------------------------------------------------------------
The configuration in the driven tube is as follows:
test_gas_file_name =  None
shock_tube_fill_state_name =  s1
Test gas is n2-o2-with-ions. Test gas gas model is CEAGas.
Shock tube fill pressure (p1) is 24201.28 Pa.
Shock tube fill temperature (T1) is 298.15 K.
Nozzle area ratio is 175.0.
------------------------------------------------------------
Facility_State(state s5: p = 13597113.98 Pa, T = 4668.16 K, rho = 9.52e+00 kg/m**3, gam = 1.13, R = 305.82 J/kg K, V = 0.00 m/s, M = 0.00)
species in s5 at equilibrium (by moles): 
{'N': 0.00103, 'N2': 0.691, 'N2O': 7.461e-05, 'O': 0.115, 'O2': 0.0879, 'NO': 0.105, 'NO2': 2.269e-04, 'NO+': 4.407e-06}
The total enthalpy (Ht) at state s5 is 6.91 MJ/kg.
------------------------------------------------------------
Facility_State(state s5d: p = 25646969.13 Pa, T = 5500.84 K, rho = 1.61e+01 kg/m**3, gam = 1.40, R = 289.07 J/kg K, V = 0.00 m/s, M = 0.00)
species in s5d at equilibrium (by moles): 
{'Ar': 0.6, 'O2': 0.133, 'H2': 0.267}
The total enthalpy (Ht) at state s5d is 4.93 MJ/kg.
------------------------------------------------------------
Starting steady expansion through the nozzle using an area ratio of 175.0
Due to the fact that this is a reflected shock simulation, we must first expand to the throat condition (state 6).
M6 expected is 1.0 and M6 found is 0.9883.
M6 is just below 1.0 so it is being set to 1.0 so the code can continue.
The velocity has also been slightly adjusted from 1233.9449 m/s to 1248.6009 m/s.
Facility_State(state s6: p = 7771130.11 Pa, T = 4292.73 K, rho = 5.99e+00 kg/m**3, gam = 1.13, R = 302.29 J/kg K, V = 1248.60 m/s, M = 1.00)
species in s6 at equilibrium (by moles): 
{'N': 4.573e-04, 'N2': 0.705, 'N2O': 4.995e-05, 'O': 0.0931, 'O2': 0.106, 'NO': 0.0953, 'NO2': 1.893e-04, 'NO+': 1.779e-06}
The total enthalpy (Ht) at state s6 is 6.93 MJ/kg.
Facility_State(state s8: p = 3300.06 Pa, T = 947.54 K, rho = 1.21e-02 kg/m**3, gam = 1.34, R = 288.20 J/kg K, V = 3532.09 m/s, M = 5.84)
species in s8 at equilibrium (by moles): 
{'N2': 0.79, 'O2': 0.21, 'NO': 1.704e-05}
The total enthalpy (Ht) at state s8 is 6.93 MJ/kg.
------------------------------------------------------------
Starting frozen normal shock calculation over the test model.
Facility_State(state s10f: p = 128458.45 Pa, T = 6264.28 K, rho = 7.12e-02 kg/m**3, gam = 1.34, R = 288.20 J/kg K, V = 599.88 m/s, M = 0.39)
------------------------------------------------------------
Starting equilibrium normal shock calculation over the test model.
Facility_State(state s10e: p = 137350.00 Pa, T = 3882.29 K, rho = 1.09e-01 kg/m**3, gam = 1.10, R = 324.70 J/kg K, V = 391.77 m/s, M = 0.32)
species in s10e at equilibrium (by moles): 
{'N': 7.997e-04, 'N2': 0.676, 'N2O': 3.232e-06, 'O': 0.224, 'O2': 0.0498, 'NO': 0.0491, 'NO2': 1.025e-05, 'NO+': 2.005e-06}
The total enthalpy (Ht) at state s10e is 6.93 MJ/kg.
------------------------------------------------------------
Test completed. Printing output now.
------------------------------------------------------------
PITOT3 Version 16-Dec-2023 doing a reflected_shock_tunnel calculation.
Calculation mode is 'fully_theoretical'.
Facility is 'HYPULSE_rst_Mach_8_to_10_nozzle_area_ratio_175'.
Driver condition is 'HYPULSE_RST_M8_driver_condition'. Driver gas model is CEAGas.
Driver gas composition is {'Ar': 0.6, 'O2': 0.133, 'H2': 0.267} (by moles) (gam = 1.41, R = 289.07 J/kg K).
Nozzle area ratio is 175.0.
Test gas (s1) is n2-o2-with-ions. Test gas gas model is CEAGas.
Test gas composition is {'N2': 0.79, 'O2': 0.21} (by moles) (gam = 1.40, R = 288.20 J/kg K)
vs1 = 2569.47 m/s, Ms1 = 7.41
state p         T       a     v       M     rho      pitot_p stgn_p Ht     h    
      Pa        K       m/s   m/s           kg/m^3   kPa     MPa    MJ/kg  MJ/kg
s4    3.731e+07 3861.0  1257  0.0     0.00  33.42900 37310   37.31  3.29   3.29 
s1    24201.28  298.15  347   0.0     0.00  0.28166  24.2    0.02   0.00   0.00 
s2    1.617e+06 2847.5  1004  2200.9  2.19  1.96359  9899.3  17.35  5.66   3.23 
s3    1.617e+06 1474.4  792   2200.9  2.78  3.79380  17554   42.81  3.44   1.02 
s5    1.360e+07 4668.2  1314  0.0     0.00  9.52440  13597   13.60  6.91   6.91 
s5d   2.565e+07 5500.8  1490  0.0     0.00  16.12900 25647   25.65  4.93   4.93 
s6    7.771e+06 4292.7  1249  1248.6  1.00  5.98860  13769   13.77  6.93   6.15 
s8    3300.062  947.54  605   3532.1  5.84  1.21e-02 145.9   13.77  6.93   0.69 
s10f  128458.4  6264.3  1555  599.9   0.39  7.12e-02 141.7   0.14   -     -     
s10e  137350.0  3882.3  1223  391.8   0.32  0.10896  145.9   0.15   6.93   6.85 
The freestream (s8) total temperature (Tt) is 4677.23 K.
The freestream (s8) flight equivalent velocity (Ue) is 3723.13 m/s.
Freestream (s8) unit Reynolds number is 1016292.02 /m (related mu is 4.20e-05 Pa.s).
Post normal shock equilibrium (s10e) unit Reynolds number is 366523.11 /m (related mu is 1.16e-04 Pa.s).
Species in the freestream state (s8) at equilibrium (by moles):
{'N2': 0.79, 'O2': 0.21, 'NO': 1.704e-05}
Species in the shock layer at equilibrium (s10e) (by moles):
{'N': 7.997e-04, 'N2': 0.676, 'N2O': 3.232e-06, 'O': 0.224, 'O2': 0.0498, 'NO': 0.0491, 'NO2': 1.025e-05, 'NO+': 2.005e-06}
This FacilityState does not have a reference gas state which is required to calculate enthalpy.
None will be returned.
This FacilityState does not have a reference gas state which is required to calculate the flight equivalent velocity.
None will be returned.
------------------------------------------------------------
Exporting facility states data to the json file HYPULSE_RST_M8_condition_builder_19.json.
------------------------------------------------------------
math domain error
Failed to calculate flight equivalent velocity.
self.flight_equivalent_velocity will be set to None.
Cannot return the flight equivalent velocity as PITOT3 failed to calculate it.
Will return None.
This FacilityState does not have a reference gas state which is required to calculate enthalpy.
None will be returned.
This FacilityState does not have a reference gas state which is required to calculate the flight equivalent velocity.
None will be returned.
------------------------------------------------------------
Removing temporary files created during the running of the program.
------------------------------------------------------------
------------------------------------------------------------
Run finished successfully.
------------------------------------------------------------
