------------------------------------------------------------
Running PITOT3 version: 16-Dec-2023
------------------------------------------------------------
Let's get started, shall we:
Calculation mode is 'fully_theoretical'.
Chosen facility is 'HYPULSE_rst_Mach_8_to_10_nozzle_area_ratio_175'.
Facility type is 'reflected_shock_tunnel'.
------------------------------------------------------------
Setting up facility driver condition.
Chosen driver condition is 'HYPULSE_RST_M8_driver_condition'.
Driver gas model is CEAGas.
Driver gas composition is {'Ar': 0.6, 'O2': 0.133, 'H2': 0.267} (by moles) (gam = 1.41, R = 289.07 J/kg K).
Driver rupture conditions are p4 = 37.31 MPa, T4 = 3861.00 K, M_throat = 0.00.
------------------------------------------------------------
The configuration in the driven tube is as follows:
test_gas_file_name =  None
shock_tube_fill_state_name =  s1
Test gas is n2-o2-with-ions. Test gas gas model is CEAGas.
Shock tube fill pressure (p1) is 70548.02 Pa.
Shock tube fill temperature (T1) is 298.15 K.
Nozzle area ratio is 175.0.
------------------------------------------------------------
Facility_State(state s5: p = 25015304.72 Pa, T = 3822.78 K, rho = 2.24e+01 kg/m**3, gam = 1.18, R = 291.86 J/kg K, V = 0.00 m/s, M = 0.00)
species in s5 at equilibrium (by moles): 
{'N': 4.896e-05, 'N2': 0.737, 'N2O': 7.895e-05, 'O': 0.0256, 'O2': 0.151, 'NO': 0.0856, 'NO2': 4.304e-04}
The total enthalpy (Ht) at state s5 is 4.84 MJ/kg.
------------------------------------------------------------
Facility_State(state s5d: p = 30667166.04 Pa, T = 4797.15 K, rho = 2.21e+01 kg/m**3, gam = 1.40, R = 289.07 J/kg K, V = 0.00 m/s, M = 0.00)
species in s5d at equilibrium (by moles): 
{'Ar': 0.6, 'O2': 0.133, 'H2': 0.267}
The total enthalpy (Ht) at state s5d is 4.22 MJ/kg.
------------------------------------------------------------
Starting steady expansion through the nozzle using an area ratio of 175.0
Due to the fact that this is a reflected shock simulation, we must first expand to the throat condition (state 6).
M6 expected is 1.0 and M6 found is 0.9981.
M6 is just below 1.0 so it is being set to 1.0 so the code can continue.
The velocity has also been slightly adjusted from 1104.8982 m/s to 1107.0002 m/s.
Facility_State(state s6: p = 14075422.54 Pa, T = 3471.75 K, rho = 1.40e+01 kg/m**3, gam = 1.19, R = 290.43 J/kg K, V = 1107.00 m/s, M = 1.00)
species in s6 at equilibrium (by moles): 
{'N': 1.411e-05, 'N2': 0.75, 'N2O': 4.608e-05, 'O': 0.0158, 'O2': 0.166, 'NO': 0.0679, 'NO2': 3.150e-04}
The total enthalpy (Ht) at state s6 is 4.84 MJ/kg.
Facility_State(state s8: p = 4758.70 Pa, T = 565.69 K, rho = 2.92e-02 kg/m**3, gam = 1.38, R = 288.20 J/kg K, V = 3022.13 m/s, M = 6.38)
species in s8 at equilibrium (by moles): 
{'N2': 0.79, 'O2': 0.21}
The total enthalpy (Ht) at state s8 is 4.84 MJ/kg.
------------------------------------------------------------
Starting frozen normal shock calculation over the test model.
Facility_State(state s10f: p = 223437.00 Pa, T = 4773.58 K, rho = 1.62e-01 kg/m**3, gam = 1.38, R = 288.20 J/kg K, V = 543.14 m/s, M = 0.39)
------------------------------------------------------------
Starting equilibrium normal shock calculation over the test model.
Facility_State(state s10e: p = 237870.00 Pa, T = 3395.50 K, rho = 2.32e-01 kg/m**3, gam = 1.10, R = 301.40 J/kg K, V = 379.52 m/s, M = 0.35)
species in s10e at equilibrium (by moles): 
{'N': 7.341e-05, 'N2': 0.728, 'N2O': 4.756e-06, 'O': 0.0876, 'O2': 0.129, 'NO': 0.055, 'NO2': 3.048e-05}
The total enthalpy (Ht) at state s10e is 4.84 MJ/kg.
------------------------------------------------------------
Test completed. Printing output now.
------------------------------------------------------------
PITOT3 Version 16-Dec-2023 doing a reflected_shock_tunnel calculation.
Calculation mode is 'fully_theoretical'.
Facility is 'HYPULSE_rst_Mach_8_to_10_nozzle_area_ratio_175'.
Driver condition is 'HYPULSE_RST_M8_driver_condition'. Driver gas model is CEAGas.
Driver gas composition is {'Ar': 0.6, 'O2': 0.133, 'H2': 0.267} (by moles) (gam = 1.41, R = 289.07 J/kg K).
Nozzle area ratio is 175.0.
Test gas (s1) is n2-o2-with-ions. Test gas gas model is CEAGas.
Test gas composition is {'N2': 0.79, 'O2': 0.21} (by moles) (gam = 1.40, R = 288.20 J/kg K)
vs1 = 2145.01 m/s, Ms1 = 6.19
state p         T       a     v       M     rho      pitot_p stgn_p Ht     h    
      Pa        K       m/s   m/s           kg/m^3   kPa     MPa    MJ/kg  MJ/kg
s4    3.731e+07 3861.0  1257  0.0     0.00  33.42900 37310   37.31  3.29   3.29 
s1    70548.02  298.15  347   0.0     0.00  0.82104  70.5    0.07   0.00   0.00 
s2    3.247e+06 2185.1  894   1803.4  2.02  5.15520  17515   25.98  3.87   2.24 
s3    3.247e+06 1839.8  881   1803.4  2.05  6.10450  19713   28.02  2.98   1.35 
s5    2.502e+07 3822.8  1163  0.0     0.00  22.42100 25015   25.02  4.84   4.84 
s5d   3.067e+07 4797.2  1395  0.0     0.00  22.11500 30667   30.67  4.22   4.22 
s6    1.408e+07 3471.8  1107  1107.0  1.00  13.95900 25070   25.07  4.84   4.23 
s8    4758.697  565.69  474   3022.1  6.38  2.92e-02 255.1   25.07  4.84   0.27 
s10f  223437.0  4773.6  1377  543.1   0.39  0.16241  248.3   0.25   -     -     
s10e  237870.0  3395.5  1095  379.5   0.35  0.23243  255.1   0.26   4.84   4.77 
The freestream (s8) total temperature (Tt) is 3824.11 K.
The freestream (s8) flight equivalent velocity (Ue) is 3111.69 m/s.
Freestream (s8) unit Reynolds number is 2989151.65 /m (related mu is 2.95e-05 Pa.s).
Post normal shock equilibrium (s10e) unit Reynolds number is 861706.11 /m (related mu is 1.02e-04 Pa.s).
Species in the freestream state (s8) at equilibrium (by moles):
{'N2': 0.79, 'O2': 0.21}
Species in the shock layer at equilibrium (s10e) (by moles):
{'N': 7.341e-05, 'N2': 0.728, 'N2O': 4.756e-06, 'O': 0.0876, 'O2': 0.129, 'NO': 0.055, 'NO2': 3.048e-05}
This FacilityState does not have a reference gas state which is required to calculate enthalpy.
None will be returned.
This FacilityState does not have a reference gas state which is required to calculate the flight equivalent velocity.
None will be returned.
------------------------------------------------------------
Exporting facility states data to the json file HYPULSE_RST_M8_condition_builder_42.json.
------------------------------------------------------------
Cannot return the total enthalpy as PITOT3 failed to calculate it.
Will return None.
Total enthalpy could not be calculated, so the flight equivalent velocity could not be calculated either.
self.flight_equivalent_velocity will be set to None.
Cannot return the flight equivalent velocity as PITOT3 failed to calculate it.
Will return None.
This FacilityState does not have a reference gas state which is required to calculate enthalpy.
None will be returned.
This FacilityState does not have a reference gas state which is required to calculate the flight equivalent velocity.
None will be returned.
------------------------------------------------------------
Removing temporary files created during the running of the program.
------------------------------------------------------------
------------------------------------------------------------
Run finished successfully.
------------------------------------------------------------
