------------------------------------------------------------
Running PITOT3 version: 16-Dec-2023
------------------------------------------------------------
Let's get started, shall we:
Calculation mode is 'fully_theoretical'.
Chosen facility is 'HYPULSE_rst_Mach_8_to_10_nozzle_area_ratio_175'.
Facility type is 'reflected_shock_tunnel'.
------------------------------------------------------------
Setting up facility driver condition.
Chosen driver condition is 'HYPULSE_RST_M8_driver_condition'.
Driver gas model is CEAGas.
Driver gas composition is {'Ar': 0.6, 'O2': 0.133, 'H2': 0.267} (by moles) (gam = 1.41, R = 289.07 J/kg K).
Driver rupture conditions are p4 = 37.31 MPa, T4 = 3861.00 K, M_throat = 0.00.
------------------------------------------------------------
The configuration in the driven tube is as follows:
test_gas_file_name =  None
shock_tube_fill_state_name =  s1
Test gas is n2-o2-with-ions. Test gas gas model is CEAGas.
Shock tube fill pressure (p1) is 205651.23 Pa.
Shock tube fill temperature (T1) is 298.15 K.
Nozzle area ratio is 175.0.
------------------------------------------------------------
Facility_State(state s5: p = 41830910.84 Pa, T = 2804.33 K, rho = 5.17e+01 kg/m**3, gam = 1.24, R = 288.29 J/kg K, V = 0.00 m/s, M = 0.00)
species in s5 at equilibrium (by moles): 
{'N2': 0.772, 'N2O': 3.982e-05, 'O': 0.00118, 'O2': 0.191, 'NO': 0.035, 'NO2': 4.622e-04}
The total enthalpy (Ht) at state s5 is 3.12 MJ/kg.
------------------------------------------------------------
Facility_State(state s5d: p = 34218941.38 Pa, T = 4319.28 K, rho = 2.74e+01 kg/m**3, gam = 1.41, R = 289.07 J/kg K, V = 0.00 m/s, M = 0.00)
species in s5d at equilibrium (by moles): 
{'Ar': 0.6, 'O2': 0.133, 'H2': 0.267}
The total enthalpy (Ht) at state s5d is 3.74 MJ/kg.
------------------------------------------------------------
Starting steady expansion through the nozzle using an area ratio of 175.0
Due to the fact that this is a reflected shock simulation, we must first expand to the throat condition (state 6).
M6 expected is 1.0 and M6 found is 1.0053.
Facility_State(state s6: p = 23024119.25 Pa, T = 2489.64 K, rho = 3.21e+01 kg/m**3, gam = 1.25, R = 288.21 J/kg K, V = 954.13 m/s, M = 1.01)
species in s6 at equilibrium (by moles): 
{'N2': 0.779, 'N2O': 1.835e-05, 'O': 4.040e-04, 'O2': 0.199, 'NO': 0.0218, 'NO2': 2.920e-04}
The total enthalpy (Ht) at state s6 is 3.12 MJ/kg.
Facility_State(state s8: p = 6531.81 Pa, T = 322.58 K, rho = 7.03e-02 kg/m**3, gam = 1.40, R = 288.20 J/kg K, V = 2488.05 m/s, M = 6.90)
species in s8 at equilibrium (by moles): 
{'N2': 0.79, 'O2': 0.21}
The total enthalpy (Ht) at state s8 is 3.12 MJ/kg.
------------------------------------------------------------
Starting frozen normal shock calculation over the test model.
Facility_State(state s10f: p = 361696.24 Pa, T = 3276.15 K, rho = 3.83e-01 kg/m**3, gam = 1.40, R = 288.20 J/kg K, V = 456.33 m/s, M = 0.40)
------------------------------------------------------------
Starting equilibrium normal shock calculation over the test model.
Facility_State(state s10e: p = 377980.00 Pa, T = 2713.61 K, rho = 4.81e-01 kg/m**3, gam = 1.20, R = 289.42 J/kg K, V = 363.24 m/s, M = 0.37)
species in s10e at equilibrium (by moles): 
{'N2': 0.771, 'N2O': 3.291e-06, 'O': 0.00856, 'O2': 0.19, 'NO': 0.0305, 'NO2': 4.121e-05}
The total enthalpy (Ht) at state s10e is 3.12 MJ/kg.
------------------------------------------------------------
Test completed. Printing output now.
------------------------------------------------------------
PITOT3 Version 16-Dec-2023 doing a reflected_shock_tunnel calculation.
Calculation mode is 'fully_theoretical'.
Facility is 'HYPULSE_rst_Mach_8_to_10_nozzle_area_ratio_175'.
Driver condition is 'HYPULSE_RST_M8_driver_condition'. Driver gas model is CEAGas.
Driver gas composition is {'Ar': 0.6, 'O2': 0.133, 'H2': 0.267} (by moles) (gam = 1.41, R = 289.07 J/kg K).
Nozzle area ratio is 175.0.
Test gas (s1) is n2-o2-with-ions. Test gas gas model is CEAGas.
Test gas composition is {'N2': 0.79, 'O2': 0.21} (by moles) (gam = 1.40, R = 288.20 J/kg K)
vs1 = 1720.09 m/s, Ms1 = 4.96
state p         T       a     v       M     rho      pitot_p stgn_p Ht     h    
      Pa        K       m/s   m/s           kg/m^3   kPa     MPa    MJ/kg  MJ/kg
s4    3.731e+07 3861.0  1257  0.0     0.00  33.42900 37310   37.31  3.29   3.29 
s1    205651.2  298.15  347   0.0     0.00  2.39340  205.7   0.21   0.00   0.00 
s2    6.017e+06 1564.7  766   1411.5  1.84  13.34287 28035   36.27  2.43   1.43 
s3    6.017e+06 2229.8  966   1411.5  1.46  9.33440  20105   21.35  2.71   1.72 
s5    4.183e+07 2804.3  1003  0.0     0.00  51.74100 41831   41.83  3.12   3.12 
s5d   3.422e+07 4319.3  1326  0.0     0.00  27.40600 34219   34.22  3.74   3.74 
s6    2.302e+07 2489.6  949   954.1   1.01  32.08800 41829   41.83  3.12   2.66 
s8    6531.815  322.58  360   2488.1  6.90  7.03e-02 410.9   41.83  3.12   0.02 
s10f  361696.2  3276.1  1149  456.3   0.40  0.38308  403.2   0.40   -     -     
s10e  377980.0  2713.6  979   363.2   0.37  0.48126  410.9   0.41   3.12   3.05 
The freestream (s8) total temperature (Tt) is 2804.33 K.
The freestream (s8) flight equivalent velocity (Ue) is 2497.97 m/s.
Freestream (s8) unit Reynolds number is 8854872.76 /m (related mu is 1.97e-05 Pa.s).
Post normal shock equilibrium (s10e) unit Reynolds number is 2037208.93 /m (related mu is 8.58e-05 Pa.s).
Species in the freestream state (s8) at equilibrium (by moles):
{'N2': 0.79, 'O2': 0.21}
Species in the shock layer at equilibrium (s10e) (by moles):
{'N2': 0.771, 'N2O': 3.291e-06, 'O': 0.00856, 'O2': 0.19, 'NO': 0.0305, 'NO2': 4.121e-05}
This FacilityState does not have a reference gas state which is required to calculate enthalpy.
None will be returned.
This FacilityState does not have a reference gas state which is required to calculate the flight equivalent velocity.
None will be returned.
------------------------------------------------------------
Exporting facility states data to the json file HYPULSE_RST_M8_condition_builder_65.json.
------------------------------------------------------------
math domain error
Failed to calculate flight equivalent velocity.
self.flight_equivalent_velocity will be set to None.
Cannot return the flight equivalent velocity as PITOT3 failed to calculate it.
Will return None.
This FacilityState does not have a reference gas state which is required to calculate enthalpy.
None will be returned.
This FacilityState does not have a reference gas state which is required to calculate the flight equivalent velocity.
None will be returned.
------------------------------------------------------------
Removing temporary files created during the running of the program.
------------------------------------------------------------
------------------------------------------------------------
Run finished successfully.
------------------------------------------------------------
