------------------------------------------------------------
Running PITOT3 version: 16-Dec-2023
------------------------------------------------------------
Let's get started, shall we:
Calculation mode is 'fully_theoretical'.
Chosen facility is 'HYPULSE_rst_Mach_8_to_10_nozzle_area_ratio_175'.
Facility type is 'reflected_shock_tunnel'.
------------------------------------------------------------
Setting up facility driver condition.
Chosen driver condition is 'HYPULSE_RST_M8_driver_condition'.
Driver gas model is CEAGas.
Driver gas composition is {'Ar': 0.6, 'O2': 0.133, 'H2': 0.267} (by moles) (gam = 1.41, R = 289.07 J/kg K).
Driver rupture conditions are p4 = 37.31 MPa, T4 = 3861.00 K, M_throat = 0.00.
------------------------------------------------------------
The configuration in the driven tube is as follows:
test_gas_file_name =  None
shock_tube_fill_state_name =  s1
Test gas is n2-o2-with-ions. Test gas gas model is CEAGas.
Shock tube fill pressure (p1) is 77426.37 Pa.
Shock tube fill temperature (T1) is 298.15 K.
Nozzle area ratio is 175.0.
------------------------------------------------------------
Facility_State(state s5: p = 26277484.16 Pa, T = 3738.84 K, rho = 2.41e+01 kg/m**3, gam = 1.18, R = 291.20 J/kg K, V = 0.00 m/s, M = 0.00)
species in s5 at equilibrium (by moles): 
{'N': 3.401e-05, 'N2': 0.741, 'N2O': 7.693e-05, 'O': 0.0211, 'O2': 0.156, 'NO': 0.0817, 'NO2': 4.429e-04}
The total enthalpy (Ht) at state s5 is 4.67 MJ/kg.
------------------------------------------------------------
Facility_State(state s5d: p = 31039921.69 Pa, T = 4746.55 K, rho = 2.26e+01 kg/m**3, gam = 1.40, R = 289.07 J/kg K, V = 0.00 m/s, M = 0.00)
species in s5d at equilibrium (by moles): 
{'Ar': 0.6, 'O2': 0.133, 'H2': 0.267}
The total enthalpy (Ht) at state s5d is 4.17 MJ/kg.
------------------------------------------------------------
Starting steady expansion through the nozzle using an area ratio of 175.0
Due to the fact that this is a reflected shock simulation, we must first expand to the throat condition (state 6).
M6 expected is 1.0 and M6 found is 0.9990.
M6 is just below 1.0 so it is being set to 1.0 so the code can continue.
The velocity has also been slightly adjusted from 1093.1240 m/s to 1094.2010 m/s.
Facility_State(state s6: p = 14754796.96 Pa, T = 3388.81 K, rho = 1.50e+01 kg/m**3, gam = 1.20, R = 289.96 J/kg K, V = 1094.20 m/s, M = 1.00)
species in s6 at equilibrium (by moles): 
{'N': 9.166e-06, 'N2': 0.753, 'N2O': 4.414e-05, 'O': 0.0125, 'O2': 0.17, 'NO': 0.0638, 'NO2': 3.202e-04}
The total enthalpy (Ht) at state s6 is 4.68 MJ/kg.
Facility_State(state s8: p = 4901.91 Pa, T = 539.65 K, rho = 3.15e-02 kg/m**3, gam = 1.38, R = 288.20 J/kg K, V = 2975.94 m/s, M = 6.42)
species in s8 at equilibrium (by moles): 
{'N2': 0.79, 'O2': 0.21}
The total enthalpy (Ht) at state s8 is 4.68 MJ/kg.
------------------------------------------------------------
Starting frozen normal shock calculation over the test model.
Facility_State(state s10f: p = 233675.55 Pa, T = 4641.11 K, rho = 1.75e-01 kg/m**3, gam = 1.38, R = 288.20 J/kg K, V = 536.89 m/s, M = 0.40)
------------------------------------------------------------
Starting equilibrium normal shock calculation over the test model.
Facility_State(state s10e: p = 248500.00 Pa, T = 3348.47 K, rho = 2.48e-01 kg/m**3, gam = 1.11, R = 299.78 J/kg K, V = 378.91 m/s, M = 0.35)
species in s10e at equilibrium (by moles): 
{'N': 5.665e-05, 'N2': 0.732, 'N2O': 4.778e-06, 'O': 0.0773, 'O2': 0.136, 'NO': 0.0541, 'NO2': 3.223e-05}
The total enthalpy (Ht) at state s10e is 4.68 MJ/kg.
------------------------------------------------------------
Test completed. Printing output now.
------------------------------------------------------------
PITOT3 Version 16-Dec-2023 doing a reflected_shock_tunnel calculation.
Calculation mode is 'fully_theoretical'.
Facility is 'HYPULSE_rst_Mach_8_to_10_nozzle_area_ratio_175'.
Driver condition is 'HYPULSE_RST_M8_driver_condition'. Driver gas model is CEAGas.
Driver gas composition is {'Ar': 0.6, 'O2': 0.133, 'H2': 0.267} (by moles) (gam = 1.41, R = 289.07 J/kg K).
Nozzle area ratio is 175.0.
Test gas (s1) is n2-o2-with-ions. Test gas gas model is CEAGas.
Test gas composition is {'N2': 0.79, 'O2': 0.21} (by moles) (gam = 1.40, R = 288.20 J/kg K)
vs1 = 2107.68 m/s, Ms1 = 6.08
state p         T       a     v       M     rho      pitot_p stgn_p Ht     h    
      Pa        K       m/s   m/s           kg/m^3   kPa     MPa    MJ/kg  MJ/kg
s4    3.731e+07 3861.0  1257  0.0     0.00  33.42900 37310   37.31  3.29   3.29 
s1    77426.37  298.15  347   0.0     0.00  0.90109  77.4    0.08   0.00   0.00 
s2    3.437e+06 2127.5  883   1768.9  2.00  5.60530  18329   26.85  3.73   2.16 
s3    3.437e+06 1873.1  888   1768.8  1.99  6.34760  19821   27.17  2.95   1.38 
s5    2.628e+07 3738.8  1150  0.0     0.00  24.13600 26277   26.28  4.67   4.67 
s5d   3.104e+07 4746.6  1388  0.0     0.00  22.62200 31040   31.04  4.17   4.17 
s6    1.475e+07 3388.8  1094  1094.2  1.00  15.01600 26314   26.31  4.68   4.08 
s8    4901.91   539.65  464   2975.9  6.42  3.15e-02 266.8   26.31  4.68   0.25 
s10f  233675.5  4641.1  1359  536.9   0.40  0.17470  259.9   0.26   -     -     
s10e  248500.0  3348.5  1085  378.9   0.35  0.24755  266.8   0.27   4.68   4.60 
The freestream (s8) total temperature (Tt) is 3739.53 K.
The freestream (s8) flight equivalent velocity (Ue) is 3057.94 m/s.
Freestream (s8) unit Reynolds number is 3284607.29 /m (related mu is 2.86e-05 Pa.s).
Post normal shock equilibrium (s10e) unit Reynolds number is 927596.23 /m (related mu is 1.01e-04 Pa.s).
Species in the freestream state (s8) at equilibrium (by moles):
{'N2': 0.79, 'O2': 0.21}
Species in the shock layer at equilibrium (s10e) (by moles):
{'N': 5.665e-05, 'N2': 0.732, 'N2O': 4.778e-06, 'O': 0.0773, 'O2': 0.136, 'NO': 0.0541, 'NO2': 3.223e-05}
This FacilityState does not have a reference gas state which is required to calculate enthalpy.
None will be returned.
This FacilityState does not have a reference gas state which is required to calculate the flight equivalent velocity.
None will be returned.
------------------------------------------------------------
Exporting facility states data to the json file HYPULSE_RST_M8_condition_builder_44.json.
------------------------------------------------------------
Cannot return the total enthalpy as PITOT3 failed to calculate it.
Will return None.
Total enthalpy could not be calculated, so the flight equivalent velocity could not be calculated either.
self.flight_equivalent_velocity will be set to None.
Cannot return the flight equivalent velocity as PITOT3 failed to calculate it.
Will return None.
This FacilityState does not have a reference gas state which is required to calculate enthalpy.
None will be returned.
This FacilityState does not have a reference gas state which is required to calculate the flight equivalent velocity.
None will be returned.
------------------------------------------------------------
Removing temporary files created during the running of the program.
------------------------------------------------------------
------------------------------------------------------------
Run finished successfully.
------------------------------------------------------------
