------------------------------------------------------------
Running PITOT3 version: 16-Dec-2023
------------------------------------------------------------
Let's get started, shall we:
Calculation mode is 'fully_theoretical'.
Chosen facility is 'HYPULSE_rst_Mach_8_to_10_nozzle_area_ratio_175'.
Facility type is 'reflected_shock_tunnel'.
------------------------------------------------------------
Setting up facility driver condition.
Chosen driver condition is 'HYPULSE_RST_M8_driver_condition'.
Driver gas model is CEAGas.
Driver gas composition is {'Ar': 0.6, 'O2': 0.133, 'H2': 0.267} (by moles) (gam = 1.41, R = 289.07 J/kg K).
Driver rupture conditions are p4 = 37.31 MPa, T4 = 3861.00 K, M_throat = 0.00.
------------------------------------------------------------
The configuration in the driven tube is as follows:
test_gas_file_name =  None
shock_tube_fill_state_name =  s1
Test gas is n2-o2-with-ions. Test gas gas model is CEAGas.
Shock tube fill pressure (p1) is 10000.00 Pa.
Shock tube fill temperature (T1) is 298.15 K.
Nozzle area ratio is 175.0.
------------------------------------------------------------
Facility_State(state s5: p = 7913656.76 Pa, T = 5286.02 K, rho = 4.63e+00 kg/m**3, gam = 1.14, R = 323.47 J/kg K, V = 0.00 m/s, M = 0.00)
species in s5 at equilibrium (by moles): 
{'N': 0.00571, 'N2': 0.657, 'N2O': 4.867e-05, 'O': 0.212, 'O2': 0.0373, 'NO': 0.0869, 'O-': 3.706e-06, 'NO2': 8.219e-05, 'NO+': 2.177e-05}
The total enthalpy (Ht) at state s5 is 8.84 MJ/kg.
------------------------------------------------------------
Facility_State(state s5d: p = 20903714.73 Pa, T = 6236.84 K, rho = 1.16e+01 kg/m**3, gam = 1.39, R = 289.07 J/kg K, V = 0.00 m/s, M = 0.00)
species in s5d at equilibrium (by moles): 
{'Ar': 0.6, 'O2': 0.133, 'H2': 0.267}
The total enthalpy (Ht) at state s5d is 5.69 MJ/kg.
------------------------------------------------------------
Starting steady expansion through the nozzle using an area ratio of 175.0
Due to the fact that this is a reflected shock simulation, we must first expand to the throat condition (state 6).
M6 expected is 1.0 and M6 found is 0.9855.
M6 is just below 1.0 so it is being set to 1.0 so the code can continue.
The velocity has also been slightly adjusted from 1350.5777 m/s to 1370.5007 m/s.
Facility_State(state s6: p = 4513903.48 Pa, T = 4836.84 K, rho = 2.92e+00 kg/m**3, gam = 1.13, R = 319.14 J/kg K, V = 1370.50 m/s, M = 1.00)
species in s6 at equilibrium (by moles): 
{'N': 0.00271, 'N2': 0.669, 'N2O': 3.494e-05, 'O': 0.191, 'O2': 0.0512, 'NO': 0.0854, 'NO2': 7.802e-05, 'NO+': 9.877e-06}
The total enthalpy (Ht) at state s6 is 8.87 MJ/kg.
Facility_State(state s8: p = 2362.96 Pa, T = 1400.52 K, rho = 5.85e-03 kg/m**3, gam = 1.31, R = 288.20 J/kg K, V = 3908.02 m/s, M = 5.38)
species in s8 at equilibrium (by moles): 
{'N2': 0.79, 'O': 2.842e-06, 'O2': 0.21, 'NO': 7.268e-04, 'NO2': 8.321e-07}
The total enthalpy (Ht) at state s8 is 8.87 MJ/kg.
------------------------------------------------------------
Starting frozen normal shock calculation over the test model.
Facility_State(state s10f: p = 77149.77 Pa, T = 7478.89 K, rho = 3.58e-02 kg/m**3, gam = 1.31, R = 288.20 J/kg K, V = 639.18 m/s, M = 0.38)
------------------------------------------------------------
Starting equilibrium normal shock calculation over the test model.
Facility_State(state s10e: p = 81973.00 Pa, T = 4473.78 K, rho = 5.34e-02 kg/m**3, gam = 1.17, R = 343.11 J/kg K, V = 428.43 m/s, M = 0.31)
species in s10e at equilibrium (by moles): 
{'N': 0.0074, 'N2': 0.647, 'N2O': 1.364e-06, 'O': 0.313, 'O2': 0.00703, 'NO': 0.026, 'NO2': 1.298e-06, 'NO+': 1.385e-05}
The total enthalpy (Ht) at state s10e is 8.87 MJ/kg.
------------------------------------------------------------
Test completed. Printing output now.
------------------------------------------------------------
PITOT3 Version 16-Dec-2023 doing a reflected_shock_tunnel calculation.
Calculation mode is 'fully_theoretical'.
Facility is 'HYPULSE_rst_Mach_8_to_10_nozzle_area_ratio_175'.
Driver condition is 'HYPULSE_RST_M8_driver_condition'. Driver gas model is CEAGas.
Driver gas composition is {'Ar': 0.6, 'O2': 0.133, 'H2': 0.267} (by moles) (gam = 1.41, R = 289.07 J/kg K).
Nozzle area ratio is 175.0.
Test gas (s1) is n2-o2-with-ions. Test gas gas model is CEAGas.
Test gas composition is {'N2': 0.79, 'O2': 0.21} (by moles) (gam = 1.40, R = 288.20 J/kg K)
vs1 = 2899.82 m/s, Ms1 = 8.36
state p         T       a     v       M     rho      pitot_p stgn_p Ht     h    
      Pa        K       m/s   m/s           kg/m^3   kPa     MPa    MJ/kg  MJ/kg
s4    3.731e+07 3861.0  1257  0.0     0.00  33.42900 37310   37.31  3.29   3.29 
s1    10000.0   298.15  347   0.0     0.00  0.11638  10.0    0.01   0.00   0.00 
s2    861280.0  3279.7  1071  2522.5  2.36  0.89434  5885.9  12.18  7.31   4.13 
s3    861280.0  1202.6  718   2522.4  3.51  2.47750  14807   65.02  3.96   0.78 
s5    7.914e+06 5286.0  1449  0.0     0.00  4.62830  7913.7  7.91   8.84   8.84 
s5d   2.090e+07 6236.8  1583  0.0     0.00  11.59500 20904   20.90  5.69   5.69 
s6    4.514e+06 4836.8  1370  1370.5  1.00  2.92430  8039.3  8.04   8.87   7.93 
s8    2362.955  1400.5  727   3908.0  5.38  5.85e-03 87.0    8.04   8.87   1.23 
s10f  77149.77  7478.9  1679  639.2   0.38  3.58e-02 84.7    0.08   -     -     
s10e  81973.0   4473.8  1378  428.4   0.31  5.34e-02 87.0    0.09   8.87   8.77 
The freestream (s8) total temperature (Tt) is 5299.64 K.
The freestream (s8) flight equivalent velocity (Ue) is 4210.71 m/s.
Freestream (s8) unit Reynolds number is 419461.46 /m (related mu is 5.45e-05 Pa.s).
Post normal shock equilibrium (s10e) unit Reynolds number is 172815.97 /m (related mu is 1.32e-04 Pa.s).
Species in the freestream state (s8) at equilibrium (by moles):
{'N2': 0.79, 'O': 2.842e-06, 'O2': 0.21, 'NO': 7.268e-04, 'NO2': 8.321e-07}
Species in the shock layer at equilibrium (s10e) (by moles):
{'N': 0.0074, 'N2': 0.647, 'N2O': 1.364e-06, 'O': 0.313, 'O2': 0.00703, 'NO': 0.026, 'NO2': 1.298e-06, 'NO+': 1.385e-05}
This FacilityState does not have a reference gas state which is required to calculate enthalpy.
None will be returned.
This FacilityState does not have a reference gas state which is required to calculate the flight equivalent velocity.
None will be returned.
------------------------------------------------------------
Exporting facility states data to the json file HYPULSE_RST_M8_condition_builder_0.json.
------------------------------------------------------------
math domain error
Failed to calculate flight equivalent velocity.
self.flight_equivalent_velocity will be set to None.
Cannot return the flight equivalent velocity as PITOT3 failed to calculate it.
Will return None.
This FacilityState does not have a reference gas state which is required to calculate enthalpy.
None will be returned.
This FacilityState does not have a reference gas state which is required to calculate the flight equivalent velocity.
None will be returned.
------------------------------------------------------------
Removing temporary files created during the running of the program.
------------------------------------------------------------
------------------------------------------------------------
Run finished successfully.
------------------------------------------------------------
