------------------------------------------------------------
Running PITOT3 version: 16-Dec-2023
------------------------------------------------------------
Let's get started, shall we:
Calculation mode is 'fully_theoretical'.
Chosen facility is 'HYPULSE_rst_Mach_8_to_10_nozzle_area_ratio_175'.
Facility type is 'reflected_shock_tunnel'.
------------------------------------------------------------
Setting up facility driver condition.
Chosen driver condition is 'HYPULSE_RST_M8_driver_condition'.
Driver gas model is CEAGas.
Driver gas composition is {'Ar': 0.6, 'O2': 0.133, 'H2': 0.267} (by moles) (gam = 1.41, R = 289.07 J/kg K).
Driver rupture conditions are p4 = 37.31 MPa, T4 = 3861.00 K, M_throat = 0.00.
------------------------------------------------------------
The configuration in the driven tube is as follows:
test_gas_file_name =  None
shock_tube_fill_state_name =  s1
Test gas is n2-o2-with-ions. Test gas gas model is CEAGas.
Shock tube fill pressure (p1) is 259502.42 Pa.
Shock tube fill temperature (T1) is 298.15 K.
Nozzle area ratio is 175.0.
------------------------------------------------------------
Facility_State(state s5: p = 46006434.42 Pa, T = 2585.99 K, rho = 6.17e+01 kg/m**3, gam = 1.25, R = 288.19 J/kg K, V = 0.00 m/s, M = 0.00)
species in s5 at equilibrium (by moles): 
{'N2': 0.777, 'N2O': 3.039e-05, 'O': 4.510e-04, 'O2': 0.197, 'NO': 0.0256, 'NO2': 4.362e-04}
The total enthalpy (Ht) at state s5 is 2.80 MJ/kg.
------------------------------------------------------------
Facility_State(state s5d: p = 34769112.32 Pa, T = 4243.97 K, rho = 2.83e+01 kg/m**3, gam = 1.41, R = 289.07 J/kg K, V = 0.00 m/s, M = 0.00)
species in s5d at equilibrium (by moles): 
{'Ar': 0.6, 'O2': 0.133, 'H2': 0.267}
The total enthalpy (Ht) at state s5d is 3.67 MJ/kg.
------------------------------------------------------------
Starting steady expansion through the nozzle using an area ratio of 175.0
Due to the fact that this is a reflected shock simulation, we must first expand to the throat condition (state 6).
M6 expected is 1.0 and M6 found is 1.0056.
Facility_State(state s6: p = 25235952.30 Pa, T = 2286.37 K, rho = 3.83e+01 kg/m**3, gam = 1.26, R = 288.17 J/kg K, V = 917.78 m/s, M = 1.01)
species in s6 at equilibrium (by moles): 
{'N2': 0.782, 'N2O': 1.315e-05, 'O': 1.297e-04, 'O2': 0.202, 'NO': 0.0149, 'NO2': 2.666e-04}
The total enthalpy (Ht) at state s6 is 2.80 MJ/kg.
Facility_State(state s8: p = 6922.58 Pa, T = 283.97 K, rho = 8.46e-02 kg/m**3, gam = 1.40, R = 288.20 J/kg K, V = 2372.99 m/s, M = 7.01)
species in s8 at equilibrium (by moles): 
{'N2': 0.79, 'O2': 0.21}
The total enthalpy (Ht) at state s8 is 2.80 MJ/kg.
------------------------------------------------------------
Starting frozen normal shock calculation over the test model.
Facility_State(state s10f: p = 395965.01 Pa, T = 2976.18 K, rho = 4.62e-01 kg/m**3, gam = 1.40, R = 288.20 J/kg K, V = 434.81 m/s, M = 0.40)
------------------------------------------------------------
Starting equilibrium normal shock calculation over the test model.
Facility_State(state s10e: p = 412030.00 Pa, T = 2522.59 K, rho = 5.66e-01 kg/m**3, gam = 1.23, R = 288.70 J/kg K, V = 354.78 m/s, M = 0.37)
species in s10e at equilibrium (by moles): 
{'N2': 0.777, 'N2O': 2.581e-06, 'O': 0.00353, 'O2': 0.196, 'NO': 0.023, 'NO2': 3.950e-05}
The total enthalpy (Ht) at state s10e is 2.80 MJ/kg.
------------------------------------------------------------
Test completed. Printing output now.
------------------------------------------------------------
PITOT3 Version 16-Dec-2023 doing a reflected_shock_tunnel calculation.
Calculation mode is 'fully_theoretical'.
Facility is 'HYPULSE_rst_Mach_8_to_10_nozzle_area_ratio_175'.
Driver condition is 'HYPULSE_RST_M8_driver_condition'. Driver gas model is CEAGas.
Driver gas composition is {'Ar': 0.6, 'O2': 0.133, 'H2': 0.267} (by moles) (gam = 1.41, R = 289.07 J/kg K).
Nozzle area ratio is 175.0.
Test gas (s1) is n2-o2-with-ions. Test gas gas model is CEAGas.
Test gas composition is {'N2': 0.79, 'O2': 0.21} (by moles) (gam = 1.40, R = 288.20 J/kg K)
vs1 = 1630.30 m/s, Ms1 = 4.70
state p         T       a     v       M     rho      pitot_p stgn_p Ht     h    
      Pa        K       m/s   m/s           kg/m^3   kPa     MPa    MJ/kg  MJ/kg
s4    3.731e+07 3861.0  1257  0.0     0.00  33.42900 37310   37.31  3.29   3.29 
s1    259502.4  298.15  347   0.0     0.00  3.02010  259.5   0.26   0.00   0.00 
s2    6.802e+06 1445.2  738   1328.8  1.80  16.33263 30524   38.38  2.17   1.28 
s3    6.802e+06 2315.8  983   1328.8  1.35  10.16100 19984   20.62  2.68   1.80 
s5    4.601e+07 2586.0  966   0.0     0.00  61.73200 46006   46.01  2.80   2.80 
s5d   3.477e+07 4244.0  1315  0.0     0.00  28.34100 34769   34.77  3.67   3.67 
s6    2.524e+07 2286.4  913   917.8   1.01  38.30200 46003   46.00  2.80   2.38 
s8    6922.585  283.97  338   2373.0  7.01  8.46e-02 449.0   46.00  2.80   -0.01
s10f  395965.0  2976.2  1095  434.8   0.40  0.46164  441.3   0.44   -     -     
s10e  412030.0  2522.6  950   354.8   0.37  0.56577  449.0   0.45   2.80   2.74 
The freestream (s8) total temperature (Tt) is 2585.99 K.
The freestream (s8) flight equivalent velocity (Ue) is 2366.94 m/s.
Freestream (s8) unit Reynolds number is 11188153.65 /m (related mu is 1.79e-05 Pa.s).
Post normal shock equilibrium (s10e) unit Reynolds number is 2464082.99 /m (related mu is 8.15e-05 Pa.s).
Species in the freestream state (s8) at equilibrium (by moles):
{'N2': 0.79, 'O2': 0.21}
Species in the shock layer at equilibrium (s10e) (by moles):
{'N2': 0.777, 'N2O': 2.581e-06, 'O': 0.00353, 'O2': 0.196, 'NO': 0.023, 'NO2': 3.950e-05}
This FacilityState does not have a reference gas state which is required to calculate enthalpy.
None will be returned.
This FacilityState does not have a reference gas state which is required to calculate the flight equivalent velocity.
None will be returned.
------------------------------------------------------------
Exporting facility states data to the json file HYPULSE_RST_M8_condition_builder_70.json.
------------------------------------------------------------
math domain error
Failed to calculate flight equivalent velocity.
self.flight_equivalent_velocity will be set to None.
Cannot return the flight equivalent velocity as PITOT3 failed to calculate it.
Will return None.
This FacilityState does not have a reference gas state which is required to calculate enthalpy.
None will be returned.
This FacilityState does not have a reference gas state which is required to calculate the flight equivalent velocity.
None will be returned.
------------------------------------------------------------
Removing temporary files created during the running of the program.
------------------------------------------------------------
------------------------------------------------------------
Run finished successfully.
------------------------------------------------------------
