------------------------------------------------------------
Running PITOT3 version: 16-Dec-2023
------------------------------------------------------------
Let's get started, shall we:
Calculation mode is 'fully_theoretical'.
Chosen facility is 'HYPULSE_rst_Mach_8_to_10_nozzle_area_ratio_175'.
Facility type is 'reflected_shock_tunnel'.
------------------------------------------------------------
Setting up facility driver condition.
Chosen driver condition is 'HYPULSE_RST_M8_driver_condition'.
Driver gas model is CEAGas.
Driver gas composition is {'Ar': 0.6, 'O2': 0.133, 'H2': 0.267} (by moles) (gam = 1.41, R = 289.07 J/kg K).
Driver rupture conditions are p4 = 37.31 MPa, T4 = 3861.00 K, M_throat = 0.00.
------------------------------------------------------------
The configuration in the driven tube is as follows:
test_gas_file_name =  None
shock_tube_fill_state_name =  s1
Test gas is n2-o2-with-ions. Test gas gas model is CEAGas.
Shock tube fill pressure (p1) is 29150.53 Pa.
Shock tube fill temperature (T1) is 298.15 K.
Nozzle area ratio is 175.0.
------------------------------------------------------------
Facility_State(state s5: p = 15186639.39 Pa, T = 4534.94 K, rho = 1.11e+01 kg/m**3, gam = 1.14, R = 302.61 J/kg K, V = 0.00 m/s, M = 0.00)
species in s5 at equilibrium (by moles): 
{'N': 6.746e-04, 'N2': 0.699, 'N2O': 7.845e-05, 'O': 0.095, 'O2': 0.0996, 'NO': 0.105, 'NO2': 2.645e-04, 'NO+': 2.918e-06}
The total enthalpy (Ht) at state s5 is 6.53 MJ/kg.
------------------------------------------------------------
Facility_State(state s5d: p = 26598583.52 Pa, T = 5362.64 K, rho = 1.72e+01 kg/m**3, gam = 1.40, R = 289.07 J/kg K, V = 0.00 m/s, M = 0.00)
species in s5d at equilibrium (by moles): 
{'Ar': 0.6, 'O2': 0.133, 'H2': 0.267}
The total enthalpy (Ht) at state s5d is 4.79 MJ/kg.
------------------------------------------------------------
Starting steady expansion through the nozzle using an area ratio of 175.0
Due to the fact that this is a reflected shock simulation, we must first expand to the throat condition (state 6).
M6 expected is 1.0 and M6 found is 0.9895.
M6 is just below 1.0 so it is being set to 1.0 so the code can continue.
The velocity has also been slightly adjusted from 1211.3876 m/s to 1224.2006 m/s.
Facility_State(state s6: p = 8668182.29 Pa, T = 4167.63 K, rho = 6.95e+00 kg/m**3, gam = 1.14, R = 299.40 J/kg K, V = 1224.20 m/s, M = 1.00)
species in s6 at equilibrium (by moles): 
{'N': 2.894e-04, 'N2': 0.713, 'N2O': 5.161e-05, 'O': 0.0748, 'O2': 0.118, 'NO': 0.0937, 'NO2': 2.157e-04, 'NO+': 1.119e-06}
The total enthalpy (Ht) at state s6 is 6.55 MJ/kg.
Facility_State(state s8: p = 3527.95 Pa, T = 869.23 K, rho = 1.41e-02 kg/m**3, gam = 1.35, R = 288.20 J/kg K, V = 3447.06 m/s, M = 5.94)
species in s8 at equilibrium (by moles): 
{'N2': 0.79, 'O2': 0.21, 'NO': 5.991e-06}
The total enthalpy (Ht) at state s8 is 6.55 MJ/kg.
------------------------------------------------------------
Starting frozen normal shock calculation over the test model.
Facility_State(state s10f: p = 142170.57 Pa, T = 6006.81 K, rho = 8.21e-02 kg/m**3, gam = 1.35, R = 288.20 J/kg K, V = 591.11 m/s, M = 0.39)
------------------------------------------------------------
Starting equilibrium normal shock calculation over the test model.
Facility_State(state s10e: p = 152020.00 Pa, T = 3795.66 K, rho = 1.25e-01 kg/m**3, gam = 1.09, R = 320.26 J/kg K, V = 388.18 m/s, M = 0.32)
species in s10e at equilibrium (by moles): 
{'N': 5.428e-04, 'N2': 0.685, 'N2O': 3.607e-06, 'O': 0.2, 'O2': 0.063, 'NO': 0.0522, 'NO2': 1.335e-05, 'NO+': 1.396e-06}
The total enthalpy (Ht) at state s10e is 6.55 MJ/kg.
------------------------------------------------------------
Test completed. Printing output now.
------------------------------------------------------------
PITOT3 Version 16-Dec-2023 doing a reflected_shock_tunnel calculation.
Calculation mode is 'fully_theoretical'.
Facility is 'HYPULSE_rst_Mach_8_to_10_nozzle_area_ratio_175'.
Driver condition is 'HYPULSE_RST_M8_driver_condition'. Driver gas model is CEAGas.
Driver gas composition is {'Ar': 0.6, 'O2': 0.133, 'H2': 0.267} (by moles) (gam = 1.41, R = 289.07 J/kg K).
Nozzle area ratio is 175.0.
Test gas (s1) is n2-o2-with-ions. Test gas gas model is CEAGas.
Test gas composition is {'N2': 0.79, 'O2': 0.21} (by moles) (gam = 1.40, R = 288.20 J/kg K)
vs1 = 2496.99 m/s, Ms1 = 7.20
state p         T       a     v       M     rho      pitot_p stgn_p Ht     h    
      Pa        K       m/s   m/s           kg/m^3   kPa     MPa    MJ/kg  MJ/kg
s4    3.731e+07 3861.0  1257  0.0     0.00  33.42900 37310   37.31  3.29   3.29 
s1    29150.53  298.15  347   0.0     0.00  0.33926  29.2    0.03   0.00   0.00 
s2    1.835e+06 2737.6  988   2132.1  2.16  2.32132  10988   18.65  5.32   3.05 
s3    1.835e+06 1535.5  808   2132.1  2.64  4.13490  18040   39.44  3.35   1.08 
s5    1.519e+07 4534.9  1288  0.0     0.00  11.06600 15187   15.19  6.53   6.53 
s5d   2.660e+07 5362.6  1472  0.0     0.00  17.15800 26599   26.60  4.79   4.79 
s6    8.668e+06 4167.6  1224  1224.2  1.00  6.94690  15358   15.36  6.55   5.80 
s8    3527.95   869.23  581   3447.1  5.94  1.41e-02 161.7   15.36  6.55   0.60 
s10f  142170.6  6006.8  1526  591.1   0.39  8.21e-02 157.1   0.16   -     -     
s10e  152020.0  3795.7  1198  388.2   0.32  0.12506  161.7   0.16   6.55   6.47 
The freestream (s8) total temperature (Tt) is 4542.80 K.
The freestream (s8) flight equivalent velocity (Ue) is 3618.17 m/s.
Freestream (s8) unit Reynolds number is 1225234.00 /m (related mu is 3.96e-05 Pa.s).
Post normal shock equilibrium (s10e) unit Reynolds number is 426207.17 /m (related mu is 1.14e-04 Pa.s).
Species in the freestream state (s8) at equilibrium (by moles):
{'N2': 0.79, 'O2': 0.21, 'NO': 5.991e-06}
Species in the shock layer at equilibrium (s10e) (by moles):
{'N': 5.428e-04, 'N2': 0.685, 'N2O': 3.607e-06, 'O': 0.2, 'O2': 0.063, 'NO': 0.0522, 'NO2': 1.335e-05, 'NO+': 1.396e-06}
This FacilityState does not have a reference gas state which is required to calculate enthalpy.
None will be returned.
This FacilityState does not have a reference gas state which is required to calculate the flight equivalent velocity.
None will be returned.
------------------------------------------------------------
Exporting facility states data to the json file HYPULSE_RST_M8_condition_builder_23.json.
------------------------------------------------------------
Cannot return the total enthalpy as PITOT3 failed to calculate it.
Will return None.
Total enthalpy could not be calculated, so the flight equivalent velocity could not be calculated either.
self.flight_equivalent_velocity will be set to None.
Cannot return the flight equivalent velocity as PITOT3 failed to calculate it.
Will return None.
This FacilityState does not have a reference gas state which is required to calculate enthalpy.
None will be returned.
This FacilityState does not have a reference gas state which is required to calculate the flight equivalent velocity.
None will be returned.
------------------------------------------------------------
Removing temporary files created during the running of the program.
------------------------------------------------------------
------------------------------------------------------------
Run finished successfully.
------------------------------------------------------------
