------------------------------------------------------------
Running PITOT3 version: 16-Dec-2023
------------------------------------------------------------
Let's get started, shall we:
Calculation mode is 'fully_theoretical'.
Chosen facility is 'HYPULSE_rst_Mach_8_to_10_nozzle_area_ratio_175'.
Facility type is 'reflected_shock_tunnel'.
------------------------------------------------------------
Setting up facility driver condition.
Chosen driver condition is 'HYPULSE_RST_M8_driver_condition'.
Driver gas model is CEAGas.
Driver gas composition is {'Ar': 0.6, 'O2': 0.133, 'H2': 0.267} (by moles) (gam = 1.41, R = 289.07 J/kg K).
Driver rupture conditions are p4 = 37.31 MPa, T4 = 3861.00 K, M_throat = 0.00.
------------------------------------------------------------
The configuration in the driven tube is as follows:
test_gas_file_name =  None
shock_tube_fill_state_name =  s1
Test gas is n2-o2-with-ions. Test gas gas model is CEAGas.
Shock tube fill pressure (p1) is 19179.10 Pa.
Shock tube fill temperature (T1) is 298.15 K.
Nozzle area ratio is 175.0.
------------------------------------------------------------
Facility_State(state s5: p = 11821283.40 Pa, T = 4830.43 K, rho = 7.89e+00 kg/m**3, gam = 1.13, R = 310.16 J/kg K, V = 0.00 m/s, M = 0.00)
species in s5 at equilibrium (by moles): 
{'N': 0.00167, 'N2': 0.682, 'N2O': 6.869e-05, 'O': 0.14, 'O2': 0.0734, 'NO': 0.103, 'O-': 1.800e-06, 'NO2': 1.822e-04, 'NO+': 7.035e-06}
The total enthalpy (Ht) at state s5 is 7.40 MJ/kg.
------------------------------------------------------------
Facility_State(state s5d: p = 24426116.78 Pa, T = 5682.25 K, rho = 1.49e+01 kg/m**3, gam = 1.39, R = 289.07 J/kg K, V = 0.00 m/s, M = 0.00)
species in s5d at equilibrium (by moles): 
{'Ar': 0.6, 'O2': 0.133, 'H2': 0.267}
The total enthalpy (Ht) at state s5d is 5.12 MJ/kg.
------------------------------------------------------------
Starting steady expansion through the nozzle using an area ratio of 175.0
Due to the fact that this is a reflected shock simulation, we must first expand to the throat condition (state 6).
M6 expected is 1.0 and M6 found is 0.9872.
M6 is just below 1.0 so it is being set to 1.0 so the code can continue.
The velocity has also been slightly adjusted from 1263.2419 m/s to 1279.6009 m/s.
Facility_State(state s6: p = 6761263.55 Pa, T = 4441.30 K, rho = 4.97e+00 kg/m**3, gam = 1.13, R = 306.31 J/kg K, V = 1279.60 m/s, M = 1.00)
species in s6 at equilibrium (by moles): 
{'N': 7.678e-04, 'N2': 0.695, 'N2O': 4.689e-05, 'O': 0.118, 'O2': 0.0909, 'NO': 0.0953, 'NO2': 1.567e-04, 'NO+': 2.979e-06}
The total enthalpy (Ht) at state s6 is 7.42 MJ/kg.
Facility_State(state s8: p = 3031.12 Pa, T = 1053.29 K, rho = 9.99e-03 kg/m**3, gam = 1.33, R = 288.20 J/kg K, V = 3635.63 m/s, M = 5.72)
species in s8 at equilibrium (by moles): 
{'N2': 0.79, 'O2': 0.21, 'NO': 5.462e-05}
The total enthalpy (Ht) at state s8 is 7.42 MJ/kg.
------------------------------------------------------------
Starting frozen normal shock calculation over the test model.
Facility_State(state s10f: p = 112852.38 Pa, T = 6585.19 K, rho = 5.95e-02 kg/m**3, gam = 1.33, R = 288.20 J/kg K, V = 610.51 m/s, M = 0.38)
------------------------------------------------------------
Starting equilibrium normal shock calculation over the test model.
Facility_State(state s10e: p = 120570.00 Pa, T = 4001.96 K, rho = 9.12e-02 kg/m**3, gam = 1.11, R = 330.20 J/kg K, V = 397.88 m/s, M = 0.32)
species in s10e at equilibrium (by moles): 
{'N': 0.00133, 'N2': 0.667, 'N2O': 2.734e-06, 'O': 0.253, 'O2': 0.0346, 'NO': 0.0442, 'NO2': 6.891e-06, 'NO+': 3.177e-06}
The total enthalpy (Ht) at state s10e is 7.42 MJ/kg.
------------------------------------------------------------
Test completed. Printing output now.
------------------------------------------------------------
PITOT3 Version 16-Dec-2023 doing a reflected_shock_tunnel calculation.
Calculation mode is 'fully_theoretical'.
Facility is 'HYPULSE_rst_Mach_8_to_10_nozzle_area_ratio_175'.
Driver condition is 'HYPULSE_RST_M8_driver_condition'. Driver gas model is CEAGas.
Driver gas composition is {'Ar': 0.6, 'O2': 0.133, 'H2': 0.267} (by moles) (gam = 1.41, R = 289.07 J/kg K).
Nozzle area ratio is 175.0.
Test gas (s1) is n2-o2-with-ions. Test gas gas model is CEAGas.
Test gas composition is {'N2': 0.79, 'O2': 0.21} (by moles) (gam = 1.40, R = 288.20 J/kg K)
vs1 = 2658.75 m/s, Ms1 = 7.67
state p         T       a     v       M     rho      pitot_p stgn_p Ht     h    
      Pa        K       m/s   m/s           kg/m^3   kPa     MPa    MJ/kg  MJ/kg
s4    3.731e+07 3861.0  1257  0.0     0.00  33.42900 37310   37.31  3.29   3.29 
s1    19179.1   298.15  347   0.0     0.00  0.22321  19.2    0.02   0.00   0.00 
s2    1.376e+06 2977.0  1024  2286.5  2.23  1.59437  8666.0  15.85  6.08   3.47 
s3    1.376e+06 1399.9  773   2286.6  2.96  3.40050  16895   47.60  3.57   0.95 
s5    1.182e+07 4830.4  1349  0.0     0.00  7.89010  11821   11.82  7.40   7.40 
s5d   2.443e+07 5682.3  1513  0.0     0.00  14.87100 24426   24.43  5.12   5.12 
s6    6.761e+06 4441.3  1280  1279.6  1.00  4.97000  11988   11.99  7.42   6.60 
s8    3031.12   1053.3  635   3635.6  5.72  9.99e-03 128.0   11.99  7.42   0.81 
s10f  112852.4  6585.2  1589  610.5   0.38  5.95e-02 124.3   0.12   -     -     
s10e  120570.0  4002.0  1259  397.9   0.32  9.12e-02 128.0   0.13   7.42   7.34 
The freestream (s8) total temperature (Tt) is 4840.79 K.
The freestream (s8) flight equivalent velocity (Ue) is 3853.20 m/s.
Freestream (s8) unit Reynolds number is 804921.59 /m (related mu is 4.51e-05 Pa.s).
Post normal shock equilibrium (s10e) unit Reynolds number is 302731.60 /m (related mu is 1.20e-04 Pa.s).
Species in the freestream state (s8) at equilibrium (by moles):
{'N2': 0.79, 'O2': 0.21, 'NO': 5.462e-05}
Species in the shock layer at equilibrium (s10e) (by moles):
{'N': 0.00133, 'N2': 0.667, 'N2O': 2.734e-06, 'O': 0.253, 'O2': 0.0346, 'NO': 0.0442, 'NO2': 6.891e-06, 'NO+': 3.177e-06}
This FacilityState does not have a reference gas state which is required to calculate enthalpy.
None will be returned.
This FacilityState does not have a reference gas state which is required to calculate the flight equivalent velocity.
None will be returned.
------------------------------------------------------------
Exporting facility states data to the json file HYPULSE_RST_M8_condition_builder_14.json.
------------------------------------------------------------
Cannot return the total enthalpy as PITOT3 failed to calculate it.
Will return None.
Total enthalpy could not be calculated, so the flight equivalent velocity could not be calculated either.
self.flight_equivalent_velocity will be set to None.
Cannot return the flight equivalent velocity as PITOT3 failed to calculate it.
Will return None.
This FacilityState does not have a reference gas state which is required to calculate enthalpy.
None will be returned.
This FacilityState does not have a reference gas state which is required to calculate the flight equivalent velocity.
None will be returned.
------------------------------------------------------------
Removing temporary files created during the running of the program.
------------------------------------------------------------
------------------------------------------------------------
Run finished successfully.
------------------------------------------------------------
