------------------------------------------------------------
Running PITOT3 version: 16-Dec-2023
------------------------------------------------------------
Let's get started, shall we:
Calculation mode is 'fully_theoretical'.
Chosen facility is 'HYPULSE_rst_Mach_8_to_10_nozzle_area_ratio_175'.
Facility type is 'reflected_shock_tunnel'.
------------------------------------------------------------
Setting up facility driver condition.
Chosen driver condition is 'HYPULSE_RST_M8_driver_condition'.
Driver gas model is CEAGas.
Driver gas composition is {'Ar': 0.6, 'O2': 0.133, 'H2': 0.267} (by moles) (gam = 1.41, R = 289.07 J/kg K).
Driver rupture conditions are p4 = 37.31 MPa, T4 = 3861.00 K, M_throat = 0.00.
------------------------------------------------------------
The configuration in the driven tube is as follows:
test_gas_file_name =  None
shock_tube_fill_state_name =  s1
Test gas is n2-o2-with-ions. Test gas gas model is CEAGas.
Shock tube fill pressure (p1) is 40370.17 Pa.
Shock tube fill temperature (T1) is 298.15 K.
Nozzle area ratio is 175.0.
------------------------------------------------------------
Facility_State(state s5: p = 18356687.85 Pa, T = 4289.94 K, rho = 1.44e+01 kg/m**3, gam = 1.15, R = 297.72 J/kg K, V = 0.00 m/s, M = 0.00)
species in s5 at equilibrium (by moles): 
{'N': 2.966e-04, 'N2': 0.713, 'N2O': 8.251e-05, 'O': 0.0641, 'O2': 0.12, 'NO': 0.102, 'NO2': 3.312e-04, 'NO+': 1.272e-06}
The total enthalpy (Ht) at state s5 is 5.88 MJ/kg.
------------------------------------------------------------
Facility_State(state s5d: p = 28195611.58 Pa, T = 5136.66 K, rho = 1.90e+01 kg/m**3, gam = 1.40, R = 289.07 J/kg K, V = 0.00 m/s, M = 0.00)
species in s5d at equilibrium (by moles): 
{'Ar': 0.6, 'O2': 0.133, 'H2': 0.267}
The total enthalpy (Ht) at state s5d is 4.56 MJ/kg.
------------------------------------------------------------
Starting steady expansion through the nozzle using an area ratio of 175.0
Due to the fact that this is a reflected shock simulation, we must first expand to the throat condition (state 6).
M6 expected is 1.0 and M6 found is 0.9924.
M6 is just below 1.0 so it is being set to 1.0 so the code can continue.
The velocity has also been slightly adjusted from 1172.5187 m/s to 1181.5007 m/s.
Facility_State(state s6: p = 10437693.86 Pa, T = 3931.96 K, rho = 8.99e+00 kg/m**3, gam = 1.15, R = 295.13 J/kg K, V = 1181.50 m/s, M = 1.00)
species in s6 at equilibrium (by moles): 
{'N': 1.150e-04, 'N2': 0.727, 'N2O': 5.236e-05, 'O': 0.0472, 'O2': 0.137, 'NO': 0.0876, 'NO2': 2.598e-04}
The total enthalpy (Ht) at state s6 is 5.89 MJ/kg.
Facility_State(state s8: p = 3953.52 Pa, T = 744.90 K, rho = 1.84e-02 kg/m**3, gam = 1.36, R = 288.20 J/kg K, V = 3294.09 m/s, M = 6.10)
species in s8 at equilibrium (by moles): 
{'N2': 0.79, 'O2': 0.21}
The total enthalpy (Ht) at state s8 is 5.89 MJ/kg.
------------------------------------------------------------
Starting frozen normal shock calculation over the test model.
Facility_State(state s10f: p = 168895.83 Pa, T = 5556.14 K, rho = 1.05e-01 kg/m**3, gam = 1.36, R = 288.20 J/kg K, V = 575.14 m/s, M = 0.39)
------------------------------------------------------------
Starting equilibrium normal shock calculation over the test model.
Facility_State(state s10e: p = 180500.00 Pa, T = 3651.99 K, rho = 1.58e-01 kg/m**3, gam = 1.09, R = 312.73 J/kg K, V = 383.84 m/s, M = 0.33)
species in s10e at equilibrium (by moles): 
{'N': 2.754e-04, 'N2': 0.7, 'N2O': 4.182e-06, 'O': 0.157, 'O2': 0.0874, 'NO': 0.0555, 'NO2': 1.940e-05}
The total enthalpy (Ht) at state s10e is 5.89 MJ/kg.
------------------------------------------------------------
Test completed. Printing output now.
------------------------------------------------------------
PITOT3 Version 16-Dec-2023 doing a reflected_shock_tunnel calculation.
Calculation mode is 'fully_theoretical'.
Facility is 'HYPULSE_rst_Mach_8_to_10_nozzle_area_ratio_175'.
Driver condition is 'HYPULSE_RST_M8_driver_condition'. Driver gas model is CEAGas.
Driver gas composition is {'Ar': 0.6, 'O2': 0.133, 'H2': 0.267} (by moles) (gam = 1.41, R = 289.07 J/kg K).
Nozzle area ratio is 175.0.
Test gas (s1) is n2-o2-with-ions. Test gas gas model is CEAGas.
Test gas composition is {'N2': 0.79, 'O2': 0.21} (by moles) (gam = 1.40, R = 288.20 J/kg K)
vs1 = 2368.42 m/s, Ms1 = 6.83
state p         T       a     v       M     rho      pitot_p stgn_p Ht     h    
      Pa        K       m/s   m/s           kg/m^3   kPa     MPa    MJ/kg  MJ/kg
s4    3.731e+07 3861.0  1257  0.0     0.00  33.42900 37310   37.31  3.29   3.29 
s1    40370.17  298.15  347   0.0     0.00  0.46983  40.4    0.04   0.00   0.00 
s2    2.278e+06 2536.4  955   2011.1  2.11  3.11433  13132   21.13  4.76   2.74 
s3    2.278e+06 1645.0  835   2011.1  2.41  4.79110  18792   34.43  3.20   1.18 
s5    1.836e+07 4289.9  1242  0.0     0.00  14.37200 18357   18.36  5.88   5.88 
s5d   2.820e+07 5136.7  1441  0.0     0.00  18.98900 28196   28.20  4.56   4.56 
s6    1.044e+07 3932.0  1182  1181.5  1.00  8.99460  18506   18.51  5.89   5.19 
s8    3953.521  744.90  540   3294.1  6.10  1.84e-02 192.4   18.51  5.89   0.47 
s10f  168895.8  5556.1  1475  575.1   0.39  0.10548  187.0   0.19   -     -     
s10e  180500.0  3652.0  1157  383.8   0.33  0.15804  192.4   0.19   5.89   5.82 
The freestream (s8) total temperature (Tt) is 4295.44 K.
The freestream (s8) flight equivalent velocity (Ue) is 3432.84 m/s.
Freestream (s8) unit Reynolds number is 1700653.28 /m (related mu is 3.57e-05 Pa.s).
Post normal shock equilibrium (s10e) unit Reynolds number is 553352.21 /m (related mu is 1.10e-04 Pa.s).
Species in the freestream state (s8) at equilibrium (by moles):
{'N2': 0.79, 'O2': 0.21}
Species in the shock layer at equilibrium (s10e) (by moles):
{'N': 2.754e-04, 'N2': 0.7, 'N2O': 4.182e-06, 'O': 0.157, 'O2': 0.0874, 'NO': 0.0555, 'NO2': 1.940e-05}
This FacilityState does not have a reference gas state which is required to calculate enthalpy.
None will be returned.
This FacilityState does not have a reference gas state which is required to calculate the flight equivalent velocity.
None will be returned.
------------------------------------------------------------
Exporting facility states data to the json file HYPULSE_RST_M8_condition_builder_30.json.
------------------------------------------------------------
math domain error
Failed to calculate flight equivalent velocity.
self.flight_equivalent_velocity will be set to None.
Cannot return the flight equivalent velocity as PITOT3 failed to calculate it.
Will return None.
This FacilityState does not have a reference gas state which is required to calculate enthalpy.
None will be returned.
This FacilityState does not have a reference gas state which is required to calculate the flight equivalent velocity.
None will be returned.
------------------------------------------------------------
Removing temporary files created during the running of the program.
------------------------------------------------------------
------------------------------------------------------------
Run finished successfully.
------------------------------------------------------------
