------------------------------------------------------------
Running PITOT3 version: 16-Dec-2023
------------------------------------------------------------
Let's get started, shall we:
Calculation mode is 'fully_theoretical'.
Chosen facility is 'HYPULSE_rst_Mach_8_to_10_nozzle_area_ratio_175'.
Facility type is 'reflected_shock_tunnel'.
------------------------------------------------------------
Setting up facility driver condition.
Chosen driver condition is 'HYPULSE_RST_M8_driver_condition'.
Driver gas model is CEAGas.
Driver gas composition is {'Ar': 0.6, 'O2': 0.133, 'H2': 0.267} (by moles) (gam = 1.41, R = 289.07 J/kg K).
Driver rupture conditions are p4 = 37.31 MPa, T4 = 3861.00 K, M_throat = 0.00.
------------------------------------------------------------
The configuration in the driven tube is as follows:
test_gas_file_name =  None
shock_tube_fill_state_name =  s1
Test gas is n2-o2-with-ions. Test gas gas model is CEAGas.
Shock tube fill pressure (p1) is 11497.57 Pa.
Shock tube fill temperature (T1) is 298.15 K.
Nozzle area ratio is 175.0.
------------------------------------------------------------
Facility_State(state s5: p = 8634646.31 Pa, T = 5185.92 K, rho = 5.19e+00 kg/m**3, gam = 1.14, R = 320.57 J/kg K, V = 0.00 m/s, M = 0.00)
species in s5 at equilibrium (by moles): 
{'N': 0.00442, 'N2': 0.662, 'N2O': 5.313e-05, 'O': 0.198, 'O2': 0.0442, 'NO': 0.0913, 'O-': 3.274e-06, 'NO2': 9.994e-05, 'NO+': 1.735e-05}
The total enthalpy (Ht) at state s5 is 8.52 MJ/kg.
------------------------------------------------------------
Facility_State(state s5d: p = 21659485.94 Pa, T = 6111.77 K, rho = 1.23e+01 kg/m**3, gam = 1.39, R = 289.07 J/kg K, V = 0.00 m/s, M = 0.00)
species in s5d at equilibrium (by moles): 
{'Ar': 0.6, 'O2': 0.133, 'H2': 0.267}
The total enthalpy (Ht) at state s5d is 5.56 MJ/kg.
------------------------------------------------------------
Starting steady expansion through the nozzle using an area ratio of 175.0
Due to the fact that this is a reflected shock simulation, we must first expand to the throat condition (state 6).
M6 expected is 1.0 and M6 found is 0.9858.
M6 is just below 1.0 so it is being set to 1.0 so the code can continue.
The velocity has also been slightly adjusted from 1331.1574 m/s to 1350.3004 m/s.
Facility_State(state s6: p = 4930408.22 Pa, T = 4752.17 K, rho = 3.28e+00 kg/m**3, gam = 1.12, R = 316.26 J/kg K, V = 1350.30 m/s, M = 1.00)
species in s6 at equilibrium (by moles): 
{'N': 0.0021, 'N2': 0.674, 'N2O': 3.775e-05, 'O': 0.176, 'O2': 0.0592, 'NO': 0.0886, 'NO2': 9.273e-05, 'NO+': 7.799e-06}
The total enthalpy (Ht) at state s6 is 8.55 MJ/kg.
Facility_State(state s8: p = 2496.39 Pa, T = 1319.47 K, rho = 6.56e-03 kg/m**3, gam = 1.31, R = 288.20 J/kg K, V = 3851.87 m/s, M = 5.45)
species in s8 at equilibrium (by moles): 
{'N2': 0.79, 'O2': 0.21, 'NO': 4.487e-04, 'NO2': 7.145e-07}
The total enthalpy (Ht) at state s8 is 8.55 MJ/kg.
------------------------------------------------------------
Starting frozen normal shock calculation over the test model.
Facility_State(state s10f: p = 83879.79 Pa, T = 7291.03 K, rho = 3.99e-02 kg/m**3, gam = 1.31, R = 288.20 J/kg K, V = 633.46 m/s, M = 0.38)
------------------------------------------------------------
Starting equilibrium normal shock calculation over the test model.
Facility_State(state s10e: p = 89272.00 Pa, T = 4353.24 K, rho = 6.02e-02 kg/m**3, gam = 1.16, R = 340.83 J/kg K, V = 420.28 m/s, M = 0.31)
species in s10e at equilibrium (by moles): 
{'N': 0.00495, 'N2': 0.651, 'N2O': 1.628e-06, 'O': 0.304, 'O2': 0.0106, 'NO': 0.03, 'NO2': 1.986e-06, 'NO+': 9.900e-06}
The total enthalpy (Ht) at state s10e is 8.55 MJ/kg.
------------------------------------------------------------
Test completed. Printing output now.
------------------------------------------------------------
PITOT3 Version 16-Dec-2023 doing a reflected_shock_tunnel calculation.
Calculation mode is 'fully_theoretical'.
Facility is 'HYPULSE_rst_Mach_8_to_10_nozzle_area_ratio_175'.
Driver condition is 'HYPULSE_RST_M8_driver_condition'. Driver gas model is CEAGas.
Driver gas composition is {'Ar': 0.6, 'O2': 0.133, 'H2': 0.267} (by moles) (gam = 1.41, R = 289.07 J/kg K).
Nozzle area ratio is 175.0.
Test gas (s1) is n2-o2-with-ions. Test gas gas model is CEAGas.
Test gas composition is {'N2': 0.79, 'O2': 0.21} (by moles) (gam = 1.40, R = 288.20 J/kg K)
vs1 = 2849.28 m/s, Ms1 = 8.22
state p         T       a     v       M     rho      pitot_p stgn_p Ht     h    
      Pa        K       m/s   m/s           kg/m^3   kPa     MPa    MJ/kg  MJ/kg
s4    3.731e+07 3861.0  1257  0.0     0.00  33.42900 37310   37.31  3.29   3.29 
s1    11497.57  298.15  347   0.0     0.00  0.13381  11.5    0.01   0.00   0.00 
s2    954150.0  3222.7  1061  2472.5  2.33  1.01182  6407.0  12.91  7.04   3.99 
s3    954150.0  1243.4  730   2472.5  3.39  2.65460  15274   60.73  3.87   0.81 
s5    8.635e+06 5185.9  1427  0.0     0.00  5.19400  8634.6  8.63   8.52   8.52 
s5d   2.166e+07 6111.8  1568  0.0     0.00  12.26000 21659   21.66  5.56   5.56 
s6    4.930e+06 4752.2  1350  1350.3  1.00  3.28050  8770.0  8.77   8.55   7.64 
s8    2496.389  1319.5  707   3851.9  5.45  6.56e-03 94.7    8.77   8.55   1.13 
s10f  83879.79  7291.0  1661  633.5   0.38  3.99e-02 92.2    0.09   -     -     
s10e  89272.0   4353.2  1354  420.3   0.31  6.02e-02 94.7    0.09   8.55   8.46 
The freestream (s8) total temperature (Tt) is 5198.79 K.
The freestream (s8) flight equivalent velocity (Ue) is 4134.89 m/s.
Freestream (s8) unit Reynolds number is 482413.46 /m (related mu is 5.24e-05 Pa.s).
Post normal shock equilibrium (s10e) unit Reynolds number is 195494.00 /m (related mu is 1.29e-04 Pa.s).
Species in the freestream state (s8) at equilibrium (by moles):
{'N2': 0.79, 'O2': 0.21, 'NO': 4.487e-04, 'NO2': 7.145e-07}
Species in the shock layer at equilibrium (s10e) (by moles):
{'N': 0.00495, 'N2': 0.651, 'N2O': 1.628e-06, 'O': 0.304, 'O2': 0.0106, 'NO': 0.03, 'NO2': 1.986e-06, 'NO+': 9.900e-06}
This FacilityState does not have a reference gas state which is required to calculate enthalpy.
None will be returned.
This FacilityState does not have a reference gas state which is required to calculate the flight equivalent velocity.
None will be returned.
------------------------------------------------------------
Exporting facility states data to the json file HYPULSE_RST_M8_condition_builder_3.json.
------------------------------------------------------------
math domain error
Failed to calculate flight equivalent velocity.
self.flight_equivalent_velocity will be set to None.
Cannot return the flight equivalent velocity as PITOT3 failed to calculate it.
Will return None.
This FacilityState does not have a reference gas state which is required to calculate enthalpy.
None will be returned.
This FacilityState does not have a reference gas state which is required to calculate the flight equivalent velocity.
None will be returned.
------------------------------------------------------------
Removing temporary files created during the running of the program.
------------------------------------------------------------
------------------------------------------------------------
Run finished successfully.
------------------------------------------------------------
