------------------------------------------------------------
Running PITOT3 version: 16-Dec-2023
------------------------------------------------------------
Let's get started, shall we:
Calculation mode is 'fully_theoretical'.
Chosen facility is 'HYPULSE_rst_Mach_8_to_10_nozzle_area_ratio_175'.
Facility type is 'reflected_shock_tunnel'.
------------------------------------------------------------
Setting up facility driver condition.
Chosen driver condition is 'HYPULSE_RST_M8_driver_condition'.
Driver gas model is CEAGas.
Driver gas composition is {'Ar': 0.6, 'O2': 0.133, 'H2': 0.267} (by moles) (gam = 1.41, R = 289.07 J/kg K).
Driver rupture conditions are p4 = 37.31 MPa, T4 = 3861.00 K, M_throat = 0.00.
------------------------------------------------------------
The configuration in the driven tube is as follows:
test_gas_file_name =  None
shock_tube_fill_state_name =  s1
Test gas is n2-o2-with-ions. Test gas gas model is CEAGas.
Shock tube fill pressure (p1) is 20092.33 Pa.
Shock tube fill temperature (T1) is 298.15 K.
Nozzle area ratio is 175.0.
------------------------------------------------------------
Facility_State(state s5: p = 12159016.60 Pa, T = 4798.23 K, rho = 8.19e+00 kg/m**3, gam = 1.13, R = 309.27 J/kg K, V = 0.00 m/s, M = 0.00)
species in s5 at equilibrium (by moles): 
{'N': 0.00152, 'N2': 0.684, 'N2O': 6.995e-05, 'O': 0.135, 'O2': 0.0762, 'NO': 0.103, 'O-': 1.683e-06, 'NO2': 1.909e-04, 'NO+': 6.430e-06}
The total enthalpy (Ht) at state s5 is 7.30 MJ/kg.
------------------------------------------------------------
Facility_State(state s5d: p = 24672108.96 Pa, T = 5645.17 K, rho = 1.51e+01 kg/m**3, gam = 1.39, R = 289.07 J/kg K, V = 0.00 m/s, M = 0.00)
species in s5d at equilibrium (by moles): 
{'Ar': 0.6, 'O2': 0.133, 'H2': 0.267}
The total enthalpy (Ht) at state s5d is 5.08 MJ/kg.
------------------------------------------------------------
Starting steady expansion through the nozzle using an area ratio of 175.0
Due to the fact that this is a reflected shock simulation, we must first expand to the throat condition (state 6).
M6 expected is 1.0 and M6 found is 0.9872.
M6 is just below 1.0 so it is being set to 1.0 so the code can continue.
The velocity has also been slightly adjusted from 1257.0680 m/s to 1273.4000 m/s.
Facility_State(state s6: p = 6953931.53 Pa, T = 4412.27 K, rho = 5.16e+00 kg/m**3, gam = 1.13, R = 305.48 J/kg K, V = 1273.40 m/s, M = 1.00)
species in s6 at equilibrium (by moles): 
{'N': 6.952e-04, 'N2': 0.697, 'N2O': 4.758e-05, 'O': 0.113, 'O2': 0.0939, 'NO': 0.0955, 'NO2': 1.631e-04, 'NO+': 2.701e-06}
The total enthalpy (Ht) at state s6 is 7.32 MJ/kg.
Facility_State(state s8: p = 3083.96 Pa, T = 1031.51 K, rho = 1.04e-02 kg/m**3, gam = 1.33, R = 288.20 J/kg K, V = 3615.24 m/s, M = 5.75)
species in s8 at equilibrium (by moles): 
{'N2': 0.79, 'O2': 0.21, 'NO': 4.382e-05}
The total enthalpy (Ht) at state s8 is 7.32 MJ/kg.
------------------------------------------------------------
Starting frozen normal shock calculation over the test model.
Facility_State(state s10f: p = 115853.68 Pa, T = 6521.19 K, rho = 6.16e-02 kg/m**3, gam = 1.33, R = 288.20 J/kg K, V = 608.40 m/s, M = 0.38)
------------------------------------------------------------
Starting equilibrium normal shock calculation over the test model.
Facility_State(state s10e: p = 123800.00 Pa, T = 3976.75 K, rho = 9.46e-02 kg/m**3, gam = 1.11, R = 329.12 J/kg K, V = 396.50 m/s, M = 0.32)
species in s10e at equilibrium (by moles): 
{'N': 0.0012, 'N2': 0.669, 'N2O': 2.835e-06, 'O': 0.247, 'O2': 0.0375, 'NO': 0.0453, 'NO2': 7.513e-06, 'NO+': 2.894e-06}
The total enthalpy (Ht) at state s10e is 7.32 MJ/kg.
------------------------------------------------------------
Test completed. Printing output now.
------------------------------------------------------------
PITOT3 Version 16-Dec-2023 doing a reflected_shock_tunnel calculation.
Calculation mode is 'fully_theoretical'.
Facility is 'HYPULSE_rst_Mach_8_to_10_nozzle_area_ratio_175'.
Driver condition is 'HYPULSE_RST_M8_driver_condition'. Driver gas model is CEAGas.
Driver gas composition is {'Ar': 0.6, 'O2': 0.133, 'H2': 0.267} (by moles) (gam = 1.41, R = 289.07 J/kg K).
Nozzle area ratio is 175.0.
Test gas (s1) is n2-o2-with-ions. Test gas gas model is CEAGas.
Test gas composition is {'N2': 0.79, 'O2': 0.21} (by moles) (gam = 1.40, R = 288.20 J/kg K)
vs1 = 2641.01 m/s, Ms1 = 7.62
state p         T       a     v       M     rho      pitot_p stgn_p Ht     h    
      Pa        K       m/s   m/s           kg/m^3   kPa     MPa    MJ/kg  MJ/kg
s4    3.731e+07 3861.0  1257  0.0     0.00  33.42900 37310   37.31  3.29   3.29 
s1    20092.33  298.15  347   0.0     0.00  0.23384  20.1    0.02   0.00   0.00 
s2    1.422e+06 2951.9  1020  2269.4  2.22  1.66210  8899.5  16.14  5.99   3.42 
s3    1.422e+06 1414.7  777   2269.5  2.92  3.47630  17029   46.58  3.54   0.97 
s5    1.216e+07 4798.2  1342  0.0     0.00  8.19370  12159   12.16  7.30   7.30 
s5d   2.467e+07 5645.2  1508  0.0     0.00  15.11900 24672   24.67  5.08   5.08 
s6    6.954e+06 4412.3  1273  1273.4  1.00  5.15930  12328   12.33  7.32   6.51 
s8    3083.963  1031.5  629   3615.2  5.75  1.04e-02 131.4   12.33  7.32   0.79 
s10f  115853.7  6521.2  1582  608.4   0.38  6.16e-02 127.7   0.13   -     -     
s10e  123800.0  3976.7  1252  396.5   0.32  9.46e-02 131.4   0.13   7.32   7.25 
The freestream (s8) total temperature (Tt) is 4808.48 K.
The freestream (s8) flight equivalent velocity (Ue) is 3827.38 m/s.
Freestream (s8) unit Reynolds number is 843290.69 /m (related mu is 4.45e-05 Pa.s).
Post normal shock equilibrium (s10e) unit Reynolds number is 314635.15 /m (related mu is 1.19e-04 Pa.s).
Species in the freestream state (s8) at equilibrium (by moles):
{'N2': 0.79, 'O2': 0.21, 'NO': 4.382e-05}
Species in the shock layer at equilibrium (s10e) (by moles):
{'N': 0.0012, 'N2': 0.669, 'N2O': 2.835e-06, 'O': 0.247, 'O2': 0.0375, 'NO': 0.0453, 'NO2': 7.513e-06, 'NO+': 2.894e-06}
This FacilityState does not have a reference gas state which is required to calculate enthalpy.
None will be returned.
This FacilityState does not have a reference gas state which is required to calculate the flight equivalent velocity.
None will be returned.
------------------------------------------------------------
Exporting facility states data to the json file HYPULSE_RST_M8_condition_builder_15.json.
------------------------------------------------------------
math domain error
Failed to calculate flight equivalent velocity.
self.flight_equivalent_velocity will be set to None.
Cannot return the flight equivalent velocity as PITOT3 failed to calculate it.
Will return None.
This FacilityState does not have a reference gas state which is required to calculate enthalpy.
None will be returned.
This FacilityState does not have a reference gas state which is required to calculate the flight equivalent velocity.
None will be returned.
------------------------------------------------------------
Removing temporary files created during the running of the program.
------------------------------------------------------------
------------------------------------------------------------
Run finished successfully.
------------------------------------------------------------
