------------------------------------------------------------
Running PITOT3 version: 16-Dec-2023
------------------------------------------------------------
Let's get started, shall we:
Calculation mode is 'fully_theoretical'.
Chosen facility is 'HYPULSE_rst_Mach_8_to_10_nozzle_area_ratio_175'.
Facility type is 'reflected_shock_tunnel'.
------------------------------------------------------------
Setting up facility driver condition.
Chosen driver condition is 'HYPULSE_RST_M8_driver_condition'.
Driver gas model is CEAGas.
Driver gas composition is {'Ar': 0.6, 'O2': 0.133, 'H2': 0.267} (by moles) (gam = 1.41, R = 289.07 J/kg K).
Driver rupture conditions are p4 = 37.31 MPa, T4 = 3861.00 K, M_throat = 0.00.
------------------------------------------------------------
The configuration in the driven tube is as follows:
test_gas_file_name =  None
shock_tube_fill_state_name =  s1
Test gas is n2-o2-with-ions. Test gas gas model is CEAGas.
Shock tube fill pressure (p1) is 13219.41 Pa.
Shock tube fill temperature (T1) is 298.15 K.
Nozzle area ratio is 175.0.
------------------------------------------------------------
Facility_State(state s5: p = 9415163.24 Pa, T = 5087.74 K, rho = 5.83e+00 kg/m**3, gam = 1.13, R = 317.66 J/kg K, V = 0.00 m/s, M = 0.00)
species in s5 at equilibrium (by moles): 
{'N': 0.00342, 'N2': 0.667, 'N2O': 5.756e-05, 'O': 0.182, 'O2': 0.0516, 'NO': 0.0953, 'O-': 2.847e-06, 'NO2': 1.198e-04, 'NO+': 1.374e-05}
The total enthalpy (Ht) at state s5 is 8.21 MJ/kg.
------------------------------------------------------------
Facility_State(state s5d: p = 22417722.91 Pa, T = 5990.24 K, rho = 1.29e+01 kg/m**3, gam = 1.39, R = 289.07 J/kg K, V = 0.00 m/s, M = 0.00)
species in s5d at equilibrium (by moles): 
{'Ar': 0.6, 'O2': 0.133, 'H2': 0.267}
The total enthalpy (Ht) at state s5d is 5.43 MJ/kg.
------------------------------------------------------------
Starting steady expansion through the nozzle using an area ratio of 175.0
Due to the fact that this is a reflected shock simulation, we must first expand to the throat condition (state 6).
M6 expected is 1.0 and M6 found is 0.9858.
M6 is just below 1.0 so it is being set to 1.0 so the code can continue.
The velocity has also been slightly adjusted from 1311.7241 m/s to 1330.6001 m/s.
Facility_State(state s6: p = 5380718.54 Pa, T = 4668.34 K, rho = 3.68e+00 kg/m**3, gam = 1.12, R = 313.44 J/kg K, V = 1330.60 m/s, M = 1.00)
species in s6 at equilibrium (by moles): 
{'N': 0.00162, 'N2': 0.68, 'N2O': 4.046e-05, 'O': 0.16, 'O2': 0.0675, 'NO': 0.0913, 'NO2': 1.087e-04, 'NO+': 6.106e-06}
The total enthalpy (Ht) at state s6 is 8.24 MJ/kg.
Facility_State(state s8: p = 2635.16 Pa, T = 1242.22 K, rho = 7.36e-03 kg/m**3, gam = 1.32, R = 288.20 J/kg K, V = 3794.62 m/s, M = 5.53)
species in s8 at equilibrium (by moles): 
{'N2': 0.79, 'O2': 0.21, 'NO': 2.673e-04}
The total enthalpy (Ht) at state s8 is 8.24 MJ/kg.
------------------------------------------------------------
Starting frozen normal shock calculation over the test model.
Facility_State(state s10f: p = 91098.61 Pa, T = 7100.31 K, rho = 4.45e-02 kg/m**3, gam = 1.32, R = 288.20 J/kg K, V = 627.40 m/s, M = 0.38)
------------------------------------------------------------
Starting equilibrium normal shock calculation over the test model.
Facility_State(state s10e: p = 97093.00 Pa, T = 4242.51 K, rho = 6.77e-02 kg/m**3, gam = 1.15, R = 338.26 J/kg K, V = 412.84 m/s, M = 0.31)
species in s10e at equilibrium (by moles): 
{'N': 0.00335, 'N2': 0.654, 'N2O': 1.917e-06, 'O': 0.293, 'O2': 0.0155, 'NO': 0.0341, 'NO2': 2.946e-06, 'NO+': 7.120e-06}
The total enthalpy (Ht) at state s10e is 8.24 MJ/kg.
------------------------------------------------------------
Test completed. Printing output now.
------------------------------------------------------------
PITOT3 Version 16-Dec-2023 doing a reflected_shock_tunnel calculation.
Calculation mode is 'fully_theoretical'.
Facility is 'HYPULSE_rst_Mach_8_to_10_nozzle_area_ratio_175'.
Driver condition is 'HYPULSE_RST_M8_driver_condition'. Driver gas model is CEAGas.
Driver gas composition is {'Ar': 0.6, 'O2': 0.133, 'H2': 0.267} (by moles) (gam = 1.41, R = 289.07 J/kg K).
Nozzle area ratio is 175.0.
Test gas (s1) is n2-o2-with-ions. Test gas gas model is CEAGas.
Test gas composition is {'N2': 0.79, 'O2': 0.21} (by moles) (gam = 1.40, R = 288.20 J/kg K)
vs1 = 2798.13 m/s, Ms1 = 8.07
state p         T       a     v       M     rho      pitot_p stgn_p Ht     h    
      Pa        K       m/s   m/s           kg/m^3   kPa     MPa    MJ/kg  MJ/kg
s4    3.731e+07 3861.0  1257  0.0     0.00  33.42900 37310   37.31  3.29   3.29 
s1    13219.41  298.15  347   0.0     0.00  0.15385  13.2    0.01   0.00   0.00 
s2    1.056e+06 3161.3  1052  2422.2  2.30  1.14498  6964.2  13.67  6.78   3.84 
s3    1.056e+06 1285.0  742   2422.2  3.27  2.84260  15734   56.76  3.79   0.85 
s5    9.415e+06 5087.7  1405  0.0     0.00  5.82550  9415.2  9.42   8.21   8.21 
s5d   2.242e+07 5990.2  1553  0.0     0.00  12.94600 22418   22.42  5.43   5.43 
s6    5.381e+06 4668.3  1331  1330.6  1.00  3.67720  9560.7  9.56   8.24   7.35 
s8    2635.155  1242.2  687   3794.6  5.53  7.36e-03 103.0   9.56   8.24   1.04 
s10f  91098.61  7100.3  1642  627.4   0.38  4.45e-02 100.2   0.10   -     -     
s10e  97093.0   4242.5  1327  412.8   0.31  6.77e-02 103.0   0.10   8.24   8.15 
The freestream (s8) total temperature (Tt) is 5100.15 K.
The freestream (s8) flight equivalent velocity (Ue) is 4058.79 m/s.
Freestream (s8) unit Reynolds number is 554723.44 /m (related mu is 5.04e-05 Pa.s).
Post normal shock equilibrium (s10e) unit Reynolds number is 220836.77 /m (related mu is 1.26e-04 Pa.s).
Species in the freestream state (s8) at equilibrium (by moles):
{'N2': 0.79, 'O2': 0.21, 'NO': 2.673e-04}
Species in the shock layer at equilibrium (s10e) (by moles):
{'N': 0.00335, 'N2': 0.654, 'N2O': 1.917e-06, 'O': 0.293, 'O2': 0.0155, 'NO': 0.0341, 'NO2': 2.946e-06, 'NO+': 7.120e-06}
This FacilityState does not have a reference gas state which is required to calculate enthalpy.
None will be returned.
This FacilityState does not have a reference gas state which is required to calculate the flight equivalent velocity.
None will be returned.
------------------------------------------------------------
Exporting facility states data to the json file HYPULSE_RST_M8_condition_builder_6.json.
------------------------------------------------------------
Cannot return the total enthalpy as PITOT3 failed to calculate it.
Will return None.
Total enthalpy could not be calculated, so the flight equivalent velocity could not be calculated either.
self.flight_equivalent_velocity will be set to None.
Cannot return the flight equivalent velocity as PITOT3 failed to calculate it.
Will return None.
This FacilityState does not have a reference gas state which is required to calculate enthalpy.
None will be returned.
This FacilityState does not have a reference gas state which is required to calculate the flight equivalent velocity.
None will be returned.
------------------------------------------------------------
Removing temporary files created during the running of the program.
------------------------------------------------------------
------------------------------------------------------------
Run finished successfully.
------------------------------------------------------------
