------------------------------------------------------------
Running PITOT3 version: 16-Dec-2023
------------------------------------------------------------
Let's get started, shall we:
Calculation mode is 'fully_theoretical'.
Chosen facility is 'HYPULSE_rst_Mach_8_to_10_nozzle_area_ratio_175'.
Facility type is 'reflected_shock_tunnel'.
------------------------------------------------------------
Setting up facility driver condition.
Chosen driver condition is 'HYPULSE_RST_M8_driver_condition'.
Driver gas model is CEAGas.
Driver gas composition is {'Ar': 0.6, 'O2': 0.133, 'H2': 0.267} (by moles) (gam = 1.41, R = 289.07 J/kg K).
Driver rupture conditions are p4 = 37.31 MPa, T4 = 3861.00 K, M_throat = 0.00.
------------------------------------------------------------
The configuration in the driven tube is as follows:
test_gas_file_name =  None
shock_tube_fill_state_name =  s1
Test gas is n2-o2-with-ions. Test gas gas model is CEAGas.
Shock tube fill pressure (p1) is 44306.21 Pa.
Shock tube fill temperature (T1) is 298.15 K.
Nozzle area ratio is 175.0.
------------------------------------------------------------
Facility_State(state s5: p = 19357951.65 Pa, T = 4216.50 K, rho = 1.55e+01 kg/m**3, gam = 1.15, R = 296.52 J/kg K, V = 0.00 m/s, M = 0.00)
species in s5 at equilibrium (by moles): 
{'N': 2.285e-04, 'N2': 0.717, 'N2O': 8.291e-05, 'O': 0.0564, 'O2': 0.126, 'NO': 0.1, 'NO2': 3.498e-04, 'NO+': 9.729e-07}
The total enthalpy (Ht) at state s5 is 5.70 MJ/kg.
------------------------------------------------------------
Facility_State(state s5d: p = 28632740.57 Pa, T = 5075.83 K, rho = 1.95e+01 kg/m**3, gam = 1.40, R = 289.07 J/kg K, V = 0.00 m/s, M = 0.00)
species in s5d at equilibrium (by moles): 
{'Ar': 0.6, 'O2': 0.133, 'H2': 0.267}
The total enthalpy (Ht) at state s5d is 4.50 MJ/kg.
------------------------------------------------------------
Starting steady expansion through the nozzle using an area ratio of 175.0
Due to the fact that this is a reflected shock simulation, we must first expand to the throat condition (state 6).
M6 expected is 1.0 and M6 found is 0.9933.
M6 is just below 1.0 so it is being set to 1.0 so the code can continue.
The velocity has also been slightly adjusted from 1161.4474 m/s to 1169.3004 m/s.
Facility_State(state s6: p = 10991285.05 Pa, T = 3860.24 K, rho = 9.68e+00 kg/m**3, gam = 1.16, R = 294.11 J/kg K, V = 1169.30 m/s, M = 1.00)
species in s6 at equilibrium (by moles): 
{'N': 8.532e-05, 'N2': 0.731, 'N2O': 5.200e-05, 'O': 0.0405, 'O2': 0.143, 'NO': 0.0851, 'NO2': 2.713e-04}
The total enthalpy (Ht) at state s6 is 5.71 MJ/kg.
Facility_State(state s8: p = 4081.41 Pa, T = 712.18 K, rho = 1.99e-02 kg/m**3, gam = 1.36, R = 288.20 J/kg K, V = 3249.55 m/s, M = 6.15)
species in s8 at equilibrium (by moles): 
{'N2': 0.79, 'O2': 0.21}
The total enthalpy (Ht) at state s8 is 5.71 MJ/kg.
------------------------------------------------------------
Starting frozen normal shock calculation over the test model.
Facility_State(state s10f: p = 177205.77 Pa, T = 5427.12 K, rho = 1.13e-01 kg/m**3, gam = 1.36, R = 288.20 J/kg K, V = 570.34 m/s, M = 0.39)
------------------------------------------------------------
Starting equilibrium normal shock calculation over the test model.
Facility_State(state s10e: p = 189310.00 Pa, T = 3611.16 K, rho = 1.69e-01 kg/m**3, gam = 1.09, R = 310.67 J/kg K, V = 382.93 m/s, M = 0.33)
species in s10e at equilibrium (by moles): 
{'N': 2.253e-04, 'N2': 0.705, 'N2O': 4.321e-06, 'O': 0.145, 'O2': 0.0945, 'NO': 0.056, 'NO2': 2.124e-05}
The total enthalpy (Ht) at state s10e is 5.71 MJ/kg.
------------------------------------------------------------
Test completed. Printing output now.
------------------------------------------------------------
PITOT3 Version 16-Dec-2023 doing a reflected_shock_tunnel calculation.
Calculation mode is 'fully_theoretical'.
Facility is 'HYPULSE_rst_Mach_8_to_10_nozzle_area_ratio_175'.
Driver condition is 'HYPULSE_RST_M8_driver_condition'. Driver gas model is CEAGas.
Driver gas composition is {'Ar': 0.6, 'O2': 0.133, 'H2': 0.267} (by moles) (gam = 1.41, R = 289.07 J/kg K).
Nozzle area ratio is 175.0.
Test gas (s1) is n2-o2-with-ions. Test gas gas model is CEAGas.
Test gas composition is {'N2': 0.79, 'O2': 0.21} (by moles) (gam = 1.40, R = 288.20 J/kg K)
vs1 = 2331.37 m/s, Ms1 = 6.72
state p         T       a     v       M     rho      pitot_p stgn_p Ht     h    
      Pa        K       m/s   m/s           kg/m^3   kPa     MPa    MJ/kg  MJ/kg
s4    3.731e+07 3861.0  1257  0.0     0.00  33.42900 37310   37.31  3.29   3.29 
s1    44306.21  298.15  347   0.0     0.00  0.51564  44.3    0.04   0.00   0.00 
s2    2.420e+06 2477.8  946   1976.5  2.09  3.38753  13799   21.89  4.61   2.65 
s3    2.420e+06 1676.9  842   1976.5  2.35  4.99310  18978   33.18  3.16   1.21 
s5    1.936e+07 4216.5  1228  0.0     0.00  15.48300 19358   19.36  5.70   5.70 
s5d   2.863e+07 5075.8  1433  0.0     0.00  19.51400 28633   28.63  4.50   4.50 
s6    1.099e+07 3860.2  1169  1169.3  1.00  9.68090  21038   19.50  5.71   5.03 
s8    4081.413  712.18  529   3249.5  6.15  1.99e-02 202.1   19.50  5.71   0.43 
s10f  177205.8  5427.1  1459  570.3   0.39  0.11330  196.3   0.20   -     -     
s10e  189310.0  3611.2  1146  382.9   0.33  0.16874  202.1   0.20   5.71   5.64 
The freestream (s8) total temperature (Tt) is 4221.32 K.
The freestream (s8) flight equivalent velocity (Ue) is 3379.59 m/s.
Freestream (s8) unit Reynolds number is 1867981.16 /m (related mu is 3.46e-05 Pa.s).
Post normal shock equilibrium (s10e) unit Reynolds number is 595879.79 /m (related mu is 1.08e-04 Pa.s).
Species in the freestream state (s8) at equilibrium (by moles):
{'N2': 0.79, 'O2': 0.21}
Species in the shock layer at equilibrium (s10e) (by moles):
{'N': 2.253e-04, 'N2': 0.705, 'N2O': 4.321e-06, 'O': 0.145, 'O2': 0.0945, 'NO': 0.056, 'NO2': 2.124e-05}
This FacilityState does not have a reference gas state which is required to calculate enthalpy.
None will be returned.
This FacilityState does not have a reference gas state which is required to calculate the flight equivalent velocity.
None will be returned.
------------------------------------------------------------
Exporting facility states data to the json file HYPULSE_RST_M8_condition_builder_32.json.
------------------------------------------------------------
math domain error
Failed to calculate flight equivalent velocity.
self.flight_equivalent_velocity will be set to None.
Cannot return the flight equivalent velocity as PITOT3 failed to calculate it.
Will return None.
This FacilityState does not have a reference gas state which is required to calculate enthalpy.
None will be returned.
This FacilityState does not have a reference gas state which is required to calculate the flight equivalent velocity.
None will be returned.
------------------------------------------------------------
Removing temporary files created during the running of the program.
------------------------------------------------------------
------------------------------------------------------------
Run finished successfully.
------------------------------------------------------------
