------------------------------------------------------------
Running PITOT3 version: 16-Dec-2023
------------------------------------------------------------
Let's get started, shall we:
Calculation mode is 'fully_theoretical'.
Chosen facility is 'HYPULSE_rst_Mach_8_to_10_nozzle_area_ratio_175'.
Facility type is 'reflected_shock_tunnel'.
------------------------------------------------------------
Setting up facility driver condition.
Chosen driver condition is 'HYPULSE_RST_M8_driver_condition'.
Driver gas model is CEAGas.
Driver gas composition is {'Ar': 0.6, 'O2': 0.133, 'H2': 0.267} (by moles) (gam = 1.41, R = 289.07 J/kg K).
Driver rupture conditions are p4 = 37.31 MPa, T4 = 3861.00 K, M_throat = 0.00.
------------------------------------------------------------
The configuration in the driven tube is as follows:
test_gas_file_name =  None
shock_tube_fill_state_name =  s1
Test gas is n2-o2-with-ions. Test gas gas model is CEAGas.
Shock tube fill pressure (p1) is 30538.56 Pa.
Shock tube fill temperature (T1) is 298.15 K.
Nozzle area ratio is 175.0.
------------------------------------------------------------
Facility_State(state s5: p = 15609069.73 Pa, T = 4500.99 K, rho = 1.15e+01 kg/m**3, gam = 1.14, R = 301.85 J/kg K, V = 0.00 m/s, M = 0.00)
species in s5 at equilibrium (by moles): 
{'N': 6.045e-04, 'N2': 0.701, 'N2O': 7.926e-05, 'O': 0.0903, 'O2': 0.103, 'NO': 0.105, 'NO2': 2.740e-04, 'NO+': 2.615e-06}
The total enthalpy (Ht) at state s5 is 6.44 MJ/kg.
------------------------------------------------------------
Facility_State(state s5d: p = 26832951.30 Pa, T = 5329.16 K, rho = 1.74e+01 kg/m**3, gam = 1.40, R = 289.07 J/kg K, V = 0.00 m/s, M = 0.00)
species in s5d at equilibrium (by moles): 
{'Ar': 0.6, 'O2': 0.133, 'H2': 0.267}
The total enthalpy (Ht) at state s5d is 4.76 MJ/kg.
------------------------------------------------------------
Starting steady expansion through the nozzle using an area ratio of 175.0
Due to the fact that this is a reflected shock simulation, we must first expand to the throat condition (state 6).
M6 expected is 1.0 and M6 found is 0.9901.
M6 is just below 1.0 so it is being set to 1.0 so the code can continue.
The velocity has also been slightly adjusted from 1205.9602 m/s to 1218.0002 m/s.
Facility_State(state s6: p = 8905482.31 Pa, T = 4135.29 K, rho = 7.21e+00 kg/m**3, gam = 1.14, R = 298.72 J/kg K, V = 1218.00 m/s, M = 1.00)
species in s6 at equilibrium (by moles): 
{'N': 2.562e-04, 'N2': 0.715, 'N2O': 5.189e-05, 'O': 0.0705, 'O2': 0.121, 'NO': 0.0931, 'NO2': 2.222e-04, 'NO+': 9.877e-07}
The total enthalpy (Ht) at state s6 is 6.45 MJ/kg.
Facility_State(state s8: p = 3586.54 Pa, T = 850.46 K, rho = 1.46e-02 kg/m**3, gam = 1.35, R = 288.20 J/kg K, V = 3425.46 m/s, M = 5.96)
species in s8 at equilibrium (by moles): 
{'N2': 0.79, 'O2': 0.21, 'NO': 4.532e-06}
The total enthalpy (Ht) at state s8 is 6.45 MJ/kg.
------------------------------------------------------------
Starting frozen normal shock calculation over the test model.
Facility_State(state s10f: p = 145768.78 Pa, T = 5942.12 K, rho = 8.51e-02 kg/m**3, gam = 1.35, R = 288.20 J/kg K, V = 588.87 m/s, M = 0.39)
------------------------------------------------------------
Starting equilibrium normal shock calculation over the test model.
Facility_State(state s10e: p = 155860.00 Pa, T = 3774.68 K, rho = 1.29e-01 kg/m**3, gam = 1.09, R = 319.15 J/kg K, V = 387.43 m/s, M = 0.33)
species in s10e at equilibrium (by moles): 
{'N': 4.930e-04, 'N2': 0.687, 'N2O': 3.697e-06, 'O': 0.194, 'O2': 0.0664, 'NO': 0.0528, 'NO2': 1.417e-05, 'NO+': 1.275e-06}
The total enthalpy (Ht) at state s10e is 6.45 MJ/kg.
------------------------------------------------------------
Test completed. Printing output now.
------------------------------------------------------------
PITOT3 Version 16-Dec-2023 doing a reflected_shock_tunnel calculation.
Calculation mode is 'fully_theoretical'.
Facility is 'HYPULSE_rst_Mach_8_to_10_nozzle_area_ratio_175'.
Driver condition is 'HYPULSE_RST_M8_driver_condition'. Driver gas model is CEAGas.
Driver gas composition is {'Ar': 0.6, 'O2': 0.133, 'H2': 0.267} (by moles) (gam = 1.41, R = 289.07 J/kg K).
Nozzle area ratio is 175.0.
Test gas (s1) is n2-o2-with-ions. Test gas gas model is CEAGas.
Test gas composition is {'N2': 0.79, 'O2': 0.21} (by moles) (gam = 1.40, R = 288.20 J/kg K)
vs1 = 2478.76 m/s, Ms1 = 7.15
state p         T       a     v       M     rho      pitot_p stgn_p Ht     h    
      Pa        K       m/s   m/s           kg/m^3   kPa     MPa    MJ/kg  MJ/kg
s4    3.731e+07 3861.0  1257  0.0     0.00  33.42900 37310   37.31  3.29   3.29 
s1    30538.56  298.15  347   0.0     0.00  0.35541  30.5    0.03   0.00   0.00 
s2    1.894e+06 2709.4  983   2114.8  2.15  2.42072  11277   18.99  5.24   3.01 
s3    1.894e+06 1550.9  812   2114.8  2.61  4.22400  18160   38.66  3.33   1.09 
s5    1.561e+07 4501.0  1281  0.0     0.00  11.48900 15609   15.61  6.44   6.44 
s5d   2.683e+07 5329.2  1467  0.0     0.00  17.41800 26833   26.83  4.76   4.76 
s6    8.905e+06 4135.3  1218  1218.0  1.00  7.20920  15778   15.78  6.45   5.71 
s8    3586.537  850.46  575   3425.5  5.96  1.46e-02 165.9   15.78  6.45   0.58 
s10f  145768.8  5942.1  1519  588.9   0.39  8.51e-02 161.1   0.16   -     -     
s10e  155860.0  3774.7  1192  387.4   0.33  0.12938  165.9   0.17   6.45   6.38 
The freestream (s8) total temperature (Tt) is 4508.39 K.
The freestream (s8) flight equivalent velocity (Ue) is 3591.74 m/s.
Freestream (s8) unit Reynolds number is 1283997.35 /m (related mu is 3.90e-05 Pa.s).
Post normal shock equilibrium (s10e) unit Reynolds number is 442523.96 /m (related mu is 1.13e-04 Pa.s).
Species in the freestream state (s8) at equilibrium (by moles):
{'N2': 0.79, 'O2': 0.21, 'NO': 4.532e-06}
Species in the shock layer at equilibrium (s10e) (by moles):
{'N': 4.930e-04, 'N2': 0.687, 'N2O': 3.697e-06, 'O': 0.194, 'O2': 0.0664, 'NO': 0.0528, 'NO2': 1.417e-05, 'NO+': 1.275e-06}
This FacilityState does not have a reference gas state which is required to calculate enthalpy.
None will be returned.
This FacilityState does not have a reference gas state which is required to calculate the flight equivalent velocity.
None will be returned.
------------------------------------------------------------
Exporting facility states data to the json file HYPULSE_RST_M8_condition_builder_24.json.
------------------------------------------------------------
Cannot return the total enthalpy as PITOT3 failed to calculate it.
Will return None.
Total enthalpy could not be calculated, so the flight equivalent velocity could not be calculated either.
self.flight_equivalent_velocity will be set to None.
Cannot return the flight equivalent velocity as PITOT3 failed to calculate it.
Will return None.
This FacilityState does not have a reference gas state which is required to calculate enthalpy.
None will be returned.
This FacilityState does not have a reference gas state which is required to calculate the flight equivalent velocity.
None will be returned.
------------------------------------------------------------
Removing temporary files created during the running of the program.
------------------------------------------------------------
------------------------------------------------------------
Run finished successfully.
------------------------------------------------------------
