------------------------------------------------------------
Running PITOT3 version: 16-Dec-2023
------------------------------------------------------------
Let's get started, shall we:
Calculation mode is 'fully_theoretical'.
Chosen facility is 'HYPULSE_rst_Mach_8_to_10_nozzle_area_ratio_175'.
Facility type is 'reflected_shock_tunnel'.
------------------------------------------------------------
Setting up facility driver condition.
Chosen driver condition is 'HYPULSE_RST_M8_driver_condition'.
Driver gas model is CEAGas.
Driver gas composition is {'Ar': 0.6, 'O2': 0.133, 'H2': 0.267} (by moles) (gam = 1.41, R = 289.07 J/kg K).
Driver rupture conditions are p4 = 37.31 MPa, T4 = 3861.00 K, M_throat = 0.00.
------------------------------------------------------------
The configuration in the driven tube is as follows:
test_gas_file_name =  None
shock_tube_fill_state_name =  s1
Test gas is n2-o2-with-ions. Test gas gas model is CEAGas.
Shock tube fill pressure (p1) is 89021.51 Pa.
Shock tube fill temperature (T1) is 298.15 K.
Nozzle area ratio is 175.0.
------------------------------------------------------------
Facility_State(state s5: p = 28247185.77 Pa, T = 3609.99 K, rho = 2.69e+01 kg/m**3, gam = 1.19, R = 290.36 J/kg K, V = 0.00 m/s, M = 0.00)
species in s5 at equilibrium (by moles): 
{'N': 1.888e-05, 'N2': 0.746, 'N2O': 7.317e-05, 'O': 0.0155, 'O2': 0.162, 'NO': 0.0755, 'NO2': 4.586e-04}
The total enthalpy (Ht) at state s5 is 4.43 MJ/kg.
------------------------------------------------------------
Facility_State(state s5d: p = 31577954.74 Pa, T = 4673.95 K, rho = 2.34e+01 kg/m**3, gam = 1.40, R = 289.07 J/kg K, V = 0.00 m/s, M = 0.00)
species in s5d at equilibrium (by moles): 
{'Ar': 0.6, 'O2': 0.133, 'H2': 0.267}
The total enthalpy (Ht) at state s5d is 4.10 MJ/kg.
------------------------------------------------------------
Starting steady expansion through the nozzle using an area ratio of 175.0
Due to the fact that this is a reflected shock simulation, we must first expand to the throat condition (state 6).
M6 expected is 1.0 and M6 found is 1.0001.
Facility_State(state s6: p = 15810166.16 Pa, T = 3262.06 K, rho = 1.67e+01 kg/m**3, gam = 1.21, R = 289.39 J/kg K, V = 1074.77 m/s, M = 1.00)
species in s6 at equilibrium (by moles): 
{'N': 4.561e-06, 'N2': 0.758, 'N2O': 4.087e-05, 'O': 0.00863, 'O2': 0.176, 'NO': 0.0574, 'NO2': 3.254e-04}
The total enthalpy (Ht) at state s6 is 4.43 MJ/kg.
Facility_State(state s8: p = 5120.13 Pa, T = 502.49 K, rho = 3.54e-02 kg/m**3, gam = 1.38, R = 288.20 J/kg K, V = 2906.40 m/s, M = 6.49)
species in s8 at equilibrium (by moles): 
{'N2': 0.79, 'O2': 0.21}
The total enthalpy (Ht) at state s8 is 4.43 MJ/kg.
------------------------------------------------------------
Starting frozen normal shock calculation over the test model.
Facility_State(state s10f: p = 249622.53 Pa, T = 4442.22 K, rho = 1.95e-01 kg/m**3, gam = 1.38, R = 288.20 J/kg K, V = 527.02 m/s, M = 0.40)
------------------------------------------------------------
Starting equilibrium normal shock calculation over the test model.
Facility_State(state s10e: p = 264940.00 Pa, T = 3274.49 K, rho = 2.72e-01 kg/m**3, gam = 1.11, R = 297.55 J/kg K, V = 377.90 m/s, M = 0.35)
species in s10e at equilibrium (by moles): 
{'N': 3.723e-05, 'N2': 0.739, 'N2O': 4.762e-06, 'O': 0.0629, 'O2': 0.146, 'NO': 0.0523, 'NO2': 3.468e-05}
The total enthalpy (Ht) at state s10e is 4.43 MJ/kg.
------------------------------------------------------------
Test completed. Printing output now.
------------------------------------------------------------
PITOT3 Version 16-Dec-2023 doing a reflected_shock_tunnel calculation.
Calculation mode is 'fully_theoretical'.
Facility is 'HYPULSE_rst_Mach_8_to_10_nozzle_area_ratio_175'.
Driver condition is 'HYPULSE_RST_M8_driver_condition'. Driver gas model is CEAGas.
Driver gas composition is {'Ar': 0.6, 'O2': 0.133, 'H2': 0.267} (by moles) (gam = 1.41, R = 289.07 J/kg K).
Nozzle area ratio is 175.0.
Test gas (s1) is n2-o2-with-ions. Test gas gas model is CEAGas.
Test gas composition is {'N2': 0.79, 'O2': 0.21} (by moles) (gam = 1.40, R = 288.20 J/kg K)
vs1 = 2051.70 m/s, Ms1 = 5.92
state p         T       a     v       M     rho      pitot_p stgn_p Ht     h    
      Pa        K       m/s   m/s           kg/m^3   kPa     MPa    MJ/kg  MJ/kg
s4    3.731e+07 3861.0  1257  0.0     0.00  33.42900 37310   37.31  3.29   3.29 
s1    89021.51  298.15  347   0.0     0.00  1.03600  89.0    0.09   0.00   0.00 
s2    3.739e+06 2042.1  866   1717.1  1.98  6.35317  19594   28.17  3.52   2.05 
s3    3.739e+06 1923.2  900   1717.1  1.91  6.72560  19955   26.02  2.91   1.43 
s5    2.825e+07 3610.0  1130  0.0     0.00  26.94800 28247   28.25  4.43   4.43 
s5d   3.158e+07 4674.0  1377  0.0     0.00  23.37200 31578   31.58  4.10   4.10 
s6    1.581e+07 3262.1  1075  1074.8  1.00  16.74800 28246   28.24  4.43   3.85 
s8    5120.128  502.49  448   2906.4  6.49  3.54e-02 285.0   28.24  4.43   0.21 
s10f  249622.5  4442.2  1332  527.0   0.40  0.19498  277.8   0.28   -     -     
s10e  264940.0  3274.5  1070  377.9   0.35  0.27192  285.0   0.29   4.43   4.36 
The freestream (s8) total temperature (Tt) is 3609.98 K.
The freestream (s8) flight equivalent velocity (Ue) is 2977.35 m/s.
Freestream (s8) unit Reynolds number is 3782764.37 /m (related mu is 2.72e-05 Pa.s).
Post normal shock equilibrium (s10e) unit Reynolds number is 1036010.71 /m (related mu is 9.92e-05 Pa.s).
Species in the freestream state (s8) at equilibrium (by moles):
{'N2': 0.79, 'O2': 0.21}
Species in the shock layer at equilibrium (s10e) (by moles):
{'N': 3.723e-05, 'N2': 0.739, 'N2O': 4.762e-06, 'O': 0.0629, 'O2': 0.146, 'NO': 0.0523, 'NO2': 3.468e-05}
This FacilityState does not have a reference gas state which is required to calculate enthalpy.
None will be returned.
This FacilityState does not have a reference gas state which is required to calculate the flight equivalent velocity.
None will be returned.
------------------------------------------------------------
Exporting facility states data to the json file HYPULSE_RST_M8_condition_builder_47.json.
------------------------------------------------------------
math domain error
Failed to calculate flight equivalent velocity.
self.flight_equivalent_velocity will be set to None.
Cannot return the flight equivalent velocity as PITOT3 failed to calculate it.
Will return None.
This FacilityState does not have a reference gas state which is required to calculate enthalpy.
None will be returned.
This FacilityState does not have a reference gas state which is required to calculate the flight equivalent velocity.
None will be returned.
------------------------------------------------------------
Removing temporary files created during the running of the program.
------------------------------------------------------------
------------------------------------------------------------
Run finished successfully.
------------------------------------------------------------
