------------------------------------------------------------
Running PITOT3 version: 16-Dec-2023
------------------------------------------------------------
Let's get started, shall we:
Calculation mode is 'fully_theoretical'.
Chosen facility is 'HYPULSE_rst_Mach_8_to_10_nozzle_area_ratio_175'.
Facility type is 'reflected_shock_tunnel'.
------------------------------------------------------------
Setting up facility driver condition.
Chosen driver condition is 'HYPULSE_RST_M8_driver_condition'.
Driver gas model is CEAGas.
Driver gas composition is {'Ar': 0.6, 'O2': 0.133, 'H2': 0.267} (by moles) (gam = 1.41, R = 289.07 J/kg K).
Driver rupture conditions are p4 = 37.31 MPa, T4 = 3861.00 K, M_throat = 0.00.
------------------------------------------------------------
The configuration in the driven tube is as follows:
test_gas_file_name =  None
shock_tube_fill_state_name =  s1
Test gas is n2-o2-with-ions. Test gas gas model is CEAGas.
Shock tube fill pressure (p1) is 15922.83 Pa.
Shock tube fill temperature (T1) is 298.15 K.
Nozzle area ratio is 175.0.
------------------------------------------------------------
Facility_State(state s5: p = 10555904.25 Pa, T = 4958.75 K, rho = 6.78e+00 kg/m**3, gam = 1.13, R = 313.85 J/kg K, V = 0.00 m/s, M = 0.00)
species in s5 at equilibrium (by moles): 
{'N': 0.0024, 'N2': 0.674, 'N2O': 6.330e-05, 'O': 0.161, 'O2': 0.0622, 'NO': 0.0996, 'O-': 2.302e-06, 'NO2': 1.494e-04, 'NO+': 9.928e-06}
The total enthalpy (Ht) at state s5 is 7.80 MJ/kg.
------------------------------------------------------------
Facility_State(state s5d: p = 23431084.50 Pa, T = 5833.98 K, rho = 1.39e+01 kg/m**3, gam = 1.39, R = 289.07 J/kg K, V = 0.00 m/s, M = 0.00)
species in s5d at equilibrium (by moles): 
{'Ar': 0.6, 'O2': 0.133, 'H2': 0.267}
The total enthalpy (Ht) at state s5d is 5.27 MJ/kg.
------------------------------------------------------------
Starting steady expansion through the nozzle using an area ratio of 175.0
Due to the fact that this is a reflected shock simulation, we must first expand to the throat condition (state 6).
M6 expected is 1.0 and M6 found is 0.9863.
M6 is just below 1.0 so it is being set to 1.0 so the code can continue.
The velocity has also been slightly adjusted from 1286.8644 m/s to 1304.8004 m/s.
Facility_State(state s6: p = 6036876.05 Pa, T = 4555.97 K, rho = 4.28e+00 kg/m**3, gam = 1.12, R = 309.78 J/kg K, V = 1304.80 m/s, M = 1.00)
species in s6 at equilibrium (by moles): 
{'N': 0.00113, 'N2': 0.687, 'N2O': 4.387e-05, 'O': 0.138, 'O2': 0.0791, 'NO': 0.0939, 'NO2': 1.319e-04, 'NO+': 4.324e-06}
The total enthalpy (Ht) at state s6 is 7.83 MJ/kg.
Facility_State(state s8: p = 2828.17 Pa, T = 1144.70 K, rho = 8.57e-03 kg/m**3, gam = 1.32, R = 288.20 J/kg K, V = 3716.23 m/s, M = 5.62)
species in s8 at equilibrium (by moles): 
{'N2': 0.79, 'O2': 0.21, 'NO': 1.257e-04}
The total enthalpy (Ht) at state s8 is 7.83 MJ/kg.
------------------------------------------------------------
Starting frozen normal shock calculation over the test model.
Facility_State(state s10f: p = 101500.36 Pa, T = 6843.36 K, rho = 5.15e-02 kg/m**3, gam = 1.32, R = 288.20 J/kg K, V = 619.04 m/s, M = 0.38)
------------------------------------------------------------
Starting equilibrium normal shock calculation over the test model.
Facility_State(state s10e: p = 108340.00 Pa, T = 4112.88 K, rho = 7.88e-02 kg/m**3, gam = 1.13, R = 334.41 J/kg K, V = 404.45 m/s, M = 0.31)
species in s10e at equilibrium (by moles): 
{'N': 0.00207, 'N2': 0.66, 'N2O': 2.323e-06, 'O': 0.274, 'O2': 0.0241, 'NO': 0.0394, 'NO2': 4.675e-06, 'NO+': 4.691e-06}
The total enthalpy (Ht) at state s10e is 7.83 MJ/kg.
------------------------------------------------------------
Test completed. Printing output now.
------------------------------------------------------------
PITOT3 Version 16-Dec-2023 doing a reflected_shock_tunnel calculation.
Calculation mode is 'fully_theoretical'.
Facility is 'HYPULSE_rst_Mach_8_to_10_nozzle_area_ratio_175'.
Driver condition is 'HYPULSE_RST_M8_driver_condition'. Driver gas model is CEAGas.
Driver gas composition is {'Ar': 0.6, 'O2': 0.133, 'H2': 0.267} (by moles) (gam = 1.41, R = 289.07 J/kg K).
Nozzle area ratio is 175.0.
Test gas (s1) is n2-o2-with-ions. Test gas gas model is CEAGas.
Test gas composition is {'N2': 0.79, 'O2': 0.21} (by moles) (gam = 1.40, R = 288.20 J/kg K)
vs1 = 2728.97 m/s, Ms1 = 7.87
state p         T       a     v       M     rho      pitot_p stgn_p Ht     h    
      Pa        K       m/s   m/s           kg/m^3   kPa     MPa    MJ/kg  MJ/kg
s4    3.731e+07 3861.0  1257  0.0     0.00  33.42900 37310   37.31  3.29   3.29 
s1    15922.83  298.15  347   0.0     0.00  0.18531  15.9    0.02   0.00   0.00 
s2    1.207e+06 3072.9  1038  2354.6  2.27  1.35074  7776.6  14.73  6.43   3.65 
s3    1.207e+06 1341.8  757   2354.6  3.11  3.11110  16326   51.93  3.67   0.90 
s5    1.056e+07 4958.7  1377  0.0     0.00  6.78260  10556   10.56  7.80   7.80 
s5d   2.343e+07 5834.0  1533  0.0     0.00  13.89400 23431   23.43  5.27   5.27 
s6    6.037e+06 4556.0  1305  1304.8  1.00  4.27730  10713   10.71  7.83   6.98 
s8    2828.175  1144.7  661   3716.2  5.62  8.57e-03 115.0   10.71  7.83   0.92 
s10f  101500.4  6843.4  1616  619.0   0.38  5.15e-02 111.7   0.11   -     -     
s10e  108340.0  4112.9  1292  404.4   0.31  7.88e-02 115.0   0.11   7.83   7.74 
The freestream (s8) total temperature (Tt) is 4970.26 K.
The freestream (s8) flight equivalent velocity (Ue) is 3956.45 m/s.
Freestream (s8) unit Reynolds number is 668153.39 /m (related mu is 4.77e-05 Pa.s).
Post normal shock equilibrium (s10e) unit Reynolds number is 258994.31 /m (related mu is 1.23e-04 Pa.s).
Species in the freestream state (s8) at equilibrium (by moles):
{'N2': 0.79, 'O2': 0.21, 'NO': 1.257e-04}
Species in the shock layer at equilibrium (s10e) (by moles):
{'N': 0.00207, 'N2': 0.66, 'N2O': 2.323e-06, 'O': 0.274, 'O2': 0.0241, 'NO': 0.0394, 'NO2': 4.675e-06, 'NO+': 4.691e-06}
This FacilityState does not have a reference gas state which is required to calculate enthalpy.
None will be returned.
This FacilityState does not have a reference gas state which is required to calculate the flight equivalent velocity.
None will be returned.
------------------------------------------------------------
Exporting facility states data to the json file HYPULSE_RST_M8_condition_builder_10.json.
------------------------------------------------------------
math domain error
Failed to calculate flight equivalent velocity.
self.flight_equivalent_velocity will be set to None.
Cannot return the flight equivalent velocity as PITOT3 failed to calculate it.
Will return None.
This FacilityState does not have a reference gas state which is required to calculate enthalpy.
None will be returned.
This FacilityState does not have a reference gas state which is required to calculate the flight equivalent velocity.
None will be returned.
------------------------------------------------------------
Removing temporary files created during the running of the program.
------------------------------------------------------------
------------------------------------------------------------
Run finished successfully.
------------------------------------------------------------
