------------------------------------------------------------
Running PITOT3 version: 16-Dec-2023
------------------------------------------------------------
Let's get started, shall we:
Calculation mode is 'fully_theoretical'.
Chosen facility is 'HYPULSE_rst_Mach_8_to_10_nozzle_area_ratio_175'.
Facility type is 'reflected_shock_tunnel'.
------------------------------------------------------------
Setting up facility driver condition.
Chosen driver condition is 'HYPULSE_RST_M8_driver_condition'.
Driver gas model is CEAGas.
Driver gas composition is {'Ar': 0.6, 'O2': 0.133, 'H2': 0.267} (by moles) (gam = 1.41, R = 289.07 J/kg K).
Driver rupture conditions are p4 = 37.31 MPa, T4 = 3861.00 K, M_throat = 0.00.
------------------------------------------------------------
The configuration in the driven tube is as follows:
test_gas_file_name =  None
shock_tube_fill_state_name =  s1
Test gas is n2-o2-with-ions. Test gas gas model is CEAGas.
Shock tube fill pressure (p1) is 327454.92 Pa.
Shock tube fill temperature (T1) is 298.15 K.
Nozzle area ratio is 175.0.
------------------------------------------------------------
Facility_State(state s5: p = 50260567.49 Pa, T = 2375.55 K, rho = 7.34e+01 kg/m**3, gam = 1.26, R = 288.16 J/kg K, V = 0.00 m/s, M = 0.00)
species in s5 at equilibrium (by moles): 
{'N2': 0.781, 'N2O': 2.209e-05, 'O': 1.518e-04, 'O2': 0.201, 'NO': 0.0178, 'NO2': 4.009e-04}
The total enthalpy (Ht) at state s5 is 2.50 MJ/kg.
------------------------------------------------------------
Facility_State(state s5d: p = 35245827.73 Pa, T = 4177.92 K, rho = 2.92e+01 kg/m**3, gam = 1.41, R = 289.07 J/kg K, V = 0.00 m/s, M = 0.00)
species in s5d at equilibrium (by moles): 
{'Ar': 0.6, 'O2': 0.133, 'H2': 0.267}
The total enthalpy (Ht) at state s5d is 3.60 MJ/kg.
------------------------------------------------------------
Starting steady expansion through the nozzle using an area ratio of 175.0
Due to the fact that this is a reflected shock simulation, we must first expand to the throat condition (state 6).
M6 expected is 1.0 and M6 found is 1.0059.
Facility_State(state s6: p = 27483273.04 Pa, T = 2091.90 K, rho = 4.56e+01 kg/m**3, gam = 1.27, R = 288.17 J/kg K, V = 881.16 m/s, M = 1.01)
species in s6 at equilibrium (by moles): 
{'N2': 0.785, 'N2O': 8.925e-06, 'O': 3.585e-05, 'O2': 0.205, 'NO': 0.00962, 'NO2': 2.366e-04}
The total enthalpy (Ht) at state s6 is 2.50 MJ/kg.
Facility_State(state s8: p = 7305.08 Pa, T = 249.66 K, rho = 1.02e-01 kg/m**3, gam = 1.40, R = 288.20 J/kg K, V = 2259.41 m/s, M = 7.12)
species in s8 at equilibrium (by moles): 
{'N2': 0.79, 'O2': 0.21}
The total enthalpy (Ht) at state s8 is 2.50 MJ/kg.
------------------------------------------------------------
Starting frozen normal shock calculation over the test model.
Facility_State(state s10f: p = 430796.29 Pa, T = 2693.04 K, rho = 5.55e-01 kg/m**3, gam = 1.40, R = 288.20 J/kg K, V = 413.28 m/s, M = 0.40)
------------------------------------------------------------
Starting equilibrium normal shock calculation over the test model.
Facility_State(state s10e: p = 446570.00 Pa, T = 2326.13 K, rho = 6.66e-01 kg/m**3, gam = 1.25, R = 288.37 J/kg K, V = 344.57 m/s, M = 0.38)
species in s10e at equilibrium (by moles): 
{'N2': 0.781, 'N2O': 1.891e-06, 'O': 0.00122, 'O2': 0.201, 'NO': 0.0161, 'NO2': 3.643e-05}
The total enthalpy (Ht) at state s10e is 2.50 MJ/kg.
------------------------------------------------------------
Test completed. Printing output now.
------------------------------------------------------------
PITOT3 Version 16-Dec-2023 doing a reflected_shock_tunnel calculation.
Calculation mode is 'fully_theoretical'.
Facility is 'HYPULSE_rst_Mach_8_to_10_nozzle_area_ratio_175'.
Driver condition is 'HYPULSE_RST_M8_driver_condition'. Driver gas model is CEAGas.
Driver gas composition is {'Ar': 0.6, 'O2': 0.133, 'H2': 0.267} (by moles) (gam = 1.41, R = 289.07 J/kg K).
Nozzle area ratio is 175.0.
Test gas (s1) is n2-o2-with-ions. Test gas gas model is CEAGas.
Test gas composition is {'N2': 0.79, 'O2': 0.21} (by moles) (gam = 1.40, R = 288.20 J/kg K)
vs1 = 1542.01 m/s, Ms1 = 4.45
state p         T       a     v       M     rho      pitot_p stgn_p Ht     h    
      Pa        K       m/s   m/s           kg/m^3   kPa     MPa    MJ/kg  MJ/kg
s4    3.731e+07 3861.0  1257  0.0     0.00  33.42900 37310   37.31  3.29   3.29 
s1    327454.9  298.15  347   0.0     0.00  3.81090  327.5   0.33   0.00   0.00 
s2    7.658e+06 1332.1  710   1247.4  1.76  19.94772 32994   40.34  1.92   1.15 
s3    7.658e+06 2401.6  1001  1247.4  1.25  11.03100 19842   20.09  2.66   1.88 
s5    5.026e+07 2375.6  929   0.0     0.00  73.42400 50261   50.26  2.50   2.50 
s5d   3.525e+07 4177.9  1305  0.0     0.00  29.18400 35246   35.25  3.60   3.60 
s6    2.748e+07 2091.9  876   881.2   1.01  45.59200 50266   50.26  2.50   2.12 
s8    7305.075  249.66  317   2259.4  7.12  0.10153  487.5   50.27  2.50   -0.05
s10f  430796.3  2693.0  1042  413.3   0.40  0.55506  480.1   0.48   -     -     
s10e  446570.0  2326.1  918   344.6   0.38  0.66575  487.5   0.49   2.50   2.44 
The freestream (s8) total temperature (Tt) is 2375.55 K.
The freestream (s8) flight equivalent velocity (Ue) is 2237.62 m/s.
Freestream (s8) unit Reynolds number is 14117685.21 /m (related mu is 1.62e-05 Pa.s).
Post normal shock equilibrium (s10e) unit Reynolds number is 2980320.73 /m (related mu is 7.70e-05 Pa.s).
Species in the freestream state (s8) at equilibrium (by moles):
{'N2': 0.79, 'O2': 0.21}
Species in the shock layer at equilibrium (s10e) (by moles):
{'N2': 0.781, 'N2O': 1.891e-06, 'O': 0.00122, 'O2': 0.201, 'NO': 0.0161, 'NO2': 3.643e-05}
This FacilityState does not have a reference gas state which is required to calculate enthalpy.
None will be returned.
This FacilityState does not have a reference gas state which is required to calculate the flight equivalent velocity.
None will be returned.
------------------------------------------------------------
Exporting facility states data to the json file HYPULSE_RST_M8_condition_builder_75.json.
------------------------------------------------------------
Cannot return the total enthalpy as PITOT3 failed to calculate it.
Will return None.
Total enthalpy could not be calculated, so the flight equivalent velocity could not be calculated either.
self.flight_equivalent_velocity will be set to None.
Cannot return the flight equivalent velocity as PITOT3 failed to calculate it.
Will return None.
This FacilityState does not have a reference gas state which is required to calculate enthalpy.
None will be returned.
This FacilityState does not have a reference gas state which is required to calculate the flight equivalent velocity.
None will be returned.
------------------------------------------------------------
Removing temporary files created during the running of the program.
------------------------------------------------------------
------------------------------------------------------------
Run finished successfully.
------------------------------------------------------------
